# JMH version: 1.21
# VM version: JDK 1.8.0_265, OpenJDK 64-Bit Server VM, 25.265-b01
# VM invoker: /usr/lib/jvm/java-8-openjdk-amd64/jre/bin/java
# VM options: <none>
# Warmup: <none>
# Measurement: 1 iterations, single-shot each
# Timeout: 10 min per iteration
# Threads: 1 thread
# Benchmark mode: Single shot invocation time
# Benchmark: org.apache.poi.benchmark.suite.BuildBenchmarks.benchmarkCompileAll

# Run progress: 0,00% complete, ETA 00:00:00
# Fork: N/A, test runs in the host VM
# *** WARNING: Non-forked runs may silently omit JVM options, mess up profilers, disable compiler hints, etc. ***
# *** WARNING: Use non-forked runs only for debugging purposes, not for actual performance runs. ***
Iteration   1: 150542,523 ms/op


# JMH version: 1.21
# VM version: JDK 1.8.0_265, OpenJDK 64-Bit Server VM, 25.265-b01
# VM invoker: /usr/lib/jvm/java-8-openjdk-amd64/jre/bin/java
# VM options: <none>
# Warmup: <none>
# Measurement: 1 iterations, single-shot each
# Timeout: 10 min per iteration
# Threads: 1 thread
# Benchmark mode: Single shot invocation time
# Benchmark: org.apache.poi.benchmark.suite.SSPerformanceBenchmarks.benchmarkHSSFPerformance

# Run progress: 10,00% complete, ETA 00:23:47
# Fork: N/A, test runs in the host VM
# *** WARNING: Non-forked runs may silently omit JVM options, mess up profilers, disable compiler hints, etc. ***
# *** WARNING: Use non-forked runs only for debugging purposes, not for actual performance runs. ***
Iteration   1: 3490,001 ms/op


# JMH version: 1.21
# VM version: JDK 1.8.0_265, OpenJDK 64-Bit Server VM, 25.265-b01
# VM invoker: /usr/lib/jvm/java-8-openjdk-amd64/jre/bin/java
# VM options: <none>
# Warmup: <none>
# Measurement: 1 iterations, single-shot each
# Timeout: 10 min per iteration
# Threads: 1 thread
# Benchmark mode: Single shot invocation time
# Benchmark: org.apache.poi.benchmark.suite.SSPerformanceBenchmarks.benchmarkSXSSFPerformance

# Run progress: 20,00% complete, ETA 00:11:16
# Fork: N/A, test runs in the host VM
# *** WARNING: Non-forked runs may silently omit JVM options, mess up profilers, disable compiler hints, etc. ***
# *** WARNING: Use non-forked runs only for debugging purposes, not for actual performance runs. ***
Iteration   1: 5275,387 ms/op


# JMH version: 1.21
# VM version: JDK 1.8.0_265, OpenJDK 64-Bit Server VM, 25.265-b01
# VM invoker: /usr/lib/jvm/java-8-openjdk-amd64/jre/bin/java
# VM options: <none>
# Warmup: <none>
# Measurement: 1 iterations, single-shot each
# Timeout: 10 min per iteration
# Threads: 1 thread
# Benchmark mode: Single shot invocation time
# Benchmark: org.apache.poi.benchmark.suite.SSPerformanceBenchmarks.benchmarkXSSFPerformance

# Run progress: 30,00% complete, ETA 00:07:02
# Fork: N/A, test runs in the host VM
# *** WARNING: Non-forked runs may silently omit JVM options, mess up profilers, disable compiler hints, etc. ***
# *** WARNING: Use non-forked runs only for debugging purposes, not for actual performance runs. ***
Iteration   1: 9139,627 ms/op


# JMH version: 1.21
# VM version: JDK 1.8.0_265, OpenJDK 64-Bit Server VM, 25.265-b01
# VM invoker: /usr/lib/jvm/java-8-openjdk-amd64/jre/bin/java
# VM options: <none>
# Warmup: <none>
# Measurement: 1 iterations, single-shot each
# Timeout: 10 min per iteration
# Threads: 1 thread
# Benchmark mode: Single shot invocation time
# Benchmark: org.apache.poi.benchmark.suite.TestBenchmarks.benchmarkTestExcelant

# Run progress: 40,00% complete, ETA 00:04:55
# Fork: N/A, test runs in the host VM
# *** WARNING: Non-forked runs may silently omit JVM options, mess up profilers, disable compiler hints, etc. ***
# *** WARNING: Use non-forked runs only for debugging purposes, not for actual performance runs. ***
Iteration   1: <failure>

java.io.IOException: Log-Tail: [    [junit] Tests run: 17, Failures: 0, Errors: 0, Skipped: 0, Time elapsed: 0.144 sec,     [junit] Running org.apache.poi.xssf.TestWorkbookProtection,     [junit] Tests run: 8, Failures: 0, Errors: 0, Skipped: 0, Time elapsed: 0.74 sec,     [junit] Running org.apache.poi.xssf.TestXSSFCloneSheet,     [junit] Tests run: 8, Failures: 0, Errors: 0, Skipped: 0, Time elapsed: 0.154 sec,     [junit] Running org.apache.poi.xssf.TestXSSFOffset,     [junit] Tests run: 1, Failures: 0, Errors: 0, Skipped: 0, Time elapsed: 0.006 sec,     [junit] Running org.apache.poi.xssf.binary.TestXSSFBSharedStringsTable,     [junit] Tests run: 1, Failures: 0, Errors: 0, Skipped: 0, Time elapsed: 0.056 sec,     [junit] Running org.apache.poi.xssf.binary.TestXSSFBSheetHyperlinkManager,     [junit] Tests run: 1, Failures: 0, Errors: 0, Skipped: 0, Time elapsed: 0.008 sec,     [junit] Running org.apache.poi.xssf.eventusermodel.TestReadOnlySharedStringsTable,     [junit] Tests run: 4, Failures: 0, Errors: 0, Skipped: 0, Time elapsed: 0.04 sec,     [junit] Running org.apache.poi.xssf.eventusermodel.TestXSSFBReader,     [junit] Tests run: 4, Failures: 0, Errors: 0, Skipped: 0, Time elapsed: 0.029 sec,     [junit] Running org.apache.poi.xssf.eventusermodel.TestXSSFReader,     [junit] Tests run: 14, Failures: 0, Errors: 0, Skipped: 1, Time elapsed: 0.233 sec,     [junit] Running org.apache.poi.xssf.extractor.TestXSSFBEventBasedExcelExtractor,     [junit] Tests run: 4, Failures: 0, Errors: 0, Skipped: 0, Time elapsed: 0.116 sec,     [junit] Running org.apache.poi.xssf.extractor.TestXSSFEventBasedExcelExtractor,     [junit] Tests run: 12, Failures: 0, Errors: 0, Skipped: 0, Time elapsed: 0.379 sec,     [junit] Running org.apache.poi.xssf.extractor.TestXSSFEventBasedExcelExtractorUsingFactory,     [junit] Tests run: 12, Failures: 0, Errors: 0, Skipped: 0, Time elapsed: 0.269 sec,     [junit] Running org.apache.poi.xssf.extractor.TestXSSFExcelExtractor,     [junit] Tests run: 8, Failures: 0, Errors: 0, Skipped: 0, Time elapsed: 0.376 sec,     [junit] Running org.apache.poi.xssf.extractor.TestXSSFExcelExtractorUsingFactory,     [junit] Tests run: 8, Failures: 0, Errors: 0, Skipped: 0, Time elapsed: 0.292 sec,     [junit] Running org.apache.poi.xssf.extractor.TestXSSFExportToXML,     [junit] Tests run: 18, Failures: 0, Errors: 0, Skipped: 1, Time elapsed: 0.64 sec,     [junit] Running org.apache.poi.xssf.extractor.TestXSSFImportFromXML,     [junit] Tests run: 5, Failures: 0, Errors: 0, Skipped: 0, Time elapsed: 4.143 sec,     [junit] Running org.apache.poi.xssf.io.TestLoadSaveXSSF,     [junit] Tests run: 3, Failures: 0, Errors: 0, Skipped: 0, Time elapsed: 0.073 sec,     [junit] Running org.apache.poi.xssf.model.TestCalculationChain,     [junit] Tests run: 1, Failures: 0, Errors: 0, Skipped: 0, Time elapsed: 0.193 sec,     [junit] Running org.apache.poi.xssf.model.TestCommentsTable,     [junit] Tests run: 7, Failures: 0, Errors: 0, Skipped: 0, Time elapsed: 0.083 sec,     [junit] Running org.apache.poi.xssf.model.TestExternalLinksTable,     [junit] Tests run: 4, Failures: 0, Errors: 0, Skipped: 0, Time elapsed: 0.1 sec,     [junit] Running org.apache.poi.xssf.model.TestMapInfo,     [junit] Tests run: 1, Failures: 0, Errors: 0, Skipped: 0, Time elapsed: 0.007 sec,     [junit] Running org.apache.poi.xssf.model.TestSharedStringsTable,     [junit] Tests run: 4, Failures: 0, Errors: 0, Skipped: 0, Time elapsed: 0.055 sec,     [junit] Running org.apache.poi.xssf.model.TestStylesTable,     [junit] Tests run: 13, Failures: 0, Errors: 0, Skipped: 0, Time elapsed: 0.198 sec,     [junit] Running org.apache.poi.xssf.model.TestThemesTable,     [junit] Tests run: 3, Failures: 0, Errors: 0, Skipped: 0, Time elapsed: 0.092 sec,     [junit] Running org.apache.poi.xssf.streaming.TestAutoSizeColumnTracker,     [junit] Tests run: 8, Failures: 0, Errors: 0, Skipped: 0, Time elapsed: 0.03 sec,     [junit] Running org.apache.poi.xssf.streaming.TestDeferredSXSSFWorkbook,     [junit] Tests run: 31, Failures: 0, Errors: 0, Skipped: 3, Time elapsed: 0.499 sec,     [junit] Running org.apache.poi.xssf.streaming.TestOutlining,     [junit] Tests run: 6, Failures: 0, Errors: 0, Skipped: 0, Time elapsed: 0.022 sec,     [junit] Running org.apache.poi.xssf.streaming.TestSXSSFCell,     [junit] Tests run: 60, Failures: 0, Errors: 0, Skipped: 4, Time elapsed: 1.929 sec,     [junit] Running org.apache.poi.xssf.streaming.TestSXSSFDataValidation,     [junit] Tests run: 2, Failures: 0, Errors: 0, Skipped: 0, Time elapsed: 0.12 sec,     [junit] Running org.apache.poi.xssf.streaming.TestSXSSFEvaluationSheet,     [junit] Tests run: 1, Failures: 0, Errors: 0, Skipped: 0, Time elapsed: 0.003 sec,     [junit] Running org.apache.poi.xssf.streaming.TestSXSSFFormulaEvaluation,     [junit] Tests run: 29, Failures: 0, Errors: 0, Skipped: 1, Time elapsed: 0.994 sec,     [junit] Running org.apache.poi.xssf.streaming.TestSXSSFHyperlink,     [junit] Tests run: 2, Failures: 0, Errors: 0, Skipped: 0, Time elapsed: 0.016 sec,     [junit] Running org.apache.poi.xssf.streaming.TestSXSSFRow,     [junit] Tests run: 14, Failures: 0, Errors: 0, Skipped: 2, Time elapsed: 0.118 sec,     [junit] Running org.apache.poi.xssf.streaming.TestSXSSFSheet,     [junit] Tests run: 50, Failures: 0, Errors: 0, Skipped: 0, Time elapsed: 0.523 sec,     [junit] Running org.apache.poi.xssf.streaming.TestSXSSFSheetAutoSizeColumn,     [junit] Tests run: 26, Failures: 0, Errors: 0, Skipped: 0, Time elapsed: 0.165 sec,     [junit] Running org.apache.poi.xssf.streaming.TestSXSSFUnicodeSurrogates,     [junit] Tests run: 1, Failures: 0, Errors: 0, Skipped: 0, Time elapsed: 0.016 sec,     [junit] Running org.apache.poi.xssf.streaming.TestSXSSFWorkbook,     [junit] Tests run: 37, Failures: 0, Errors: 0, Skipped: 4, Time elapsed: 0.638 sec,     [junit] Running org.apache.poi.xssf.streaming.TestSXSSFWorkbookWithCustomZipEntrySource,     [junit] Tests run: 3, Failures: 0, Errors: 0, Skipped: 0, Time elapsed: 0.055 sec,     [junit] Running org.apache.poi.xssf.streaming.TestSheetDataWriter,     [junit] Tests run: 3, Failures: 0, Errors: 0, Skipped: 0, Time elapsed: 0.003 sec,     [junit] Running org.apache.poi.xssf.usermodel.TestFormulaEvaluatorOnXSSF,     [junit] Tests run: 369, Failures: 0, Errors: 0, Skipped: 90, Time elapsed: 0.614 sec,     [junit] Running org.apache.poi.xssf.usermodel.TestMatrixFormulasFromXMLSpreadsheet,     [junit] Tests run: 34, Failures: 0, Errors: 0, Skipped: 0, Time elapsed: 0.166 sec,     [junit] Running org.apache.poi.xssf.usermodel.TestMissingWorkbookOnXSSF,     [junit] Tests run: 3, Failures: 0, Errors: 0, Skipped: 0, Time elapsed: 0.052 sec,     [junit] Running org.apache.poi.xssf.usermodel.TestMultiSheetFormulaEvaluatorOnXSSF,     [junit] Tests run: 2, Failures: 0, Errors: 0, Skipped: 0, Time elapsed: 0.006 sec,     [junit] Running org.apache.poi.xssf.usermodel.TestSXSSFBugs,     [junit] Tests run: 43, Failures: 0, Errors: 0, Skipped: 9, Time elapsed: 4.218 sec,     [junit] Running org.apache.poi.xssf.usermodel.TestSheetHiding,     [junit] Tests run: 5, Failures: 0, Errors: 0, Skipped: 0, Time elapsed: 0.077 sec,     [junit] Running org.apache.poi.xssf.usermodel.TestTableStyles,     [junit] Tests run: 2, Failures: 0, Errors: 0, Skipped: 0, Time elapsed: 0.313 sec,     [junit] Running org.apache.poi.xssf.usermodel.TestXSSFBugs,     [junit] Tests run: 157, Failures: 0, Errors: 1, Skipped: 8, Time elapsed: 12.684 sec, , BUILD FAILED, /opt/poi-benchmark/sources/build.xml:1570: The following error occurred while executing this line:, /opt/poi-benchmark/sources/build.xml:1538: The following error occurred while executing this line:, /opt/poi-benchmark/sources/build.xml:1166: Tests failed, , Total time: 2 minutes 32 seconds]
	at org.apache.poi.benchmark.suite.BaseBenchmark.runAntTarget(BaseBenchmark.java:203)
	at org.apache.poi.benchmark.suite.BaseBenchmark.testExcelant(BaseBenchmark.java:186)
	at org.apache.poi.benchmark.suite.TestBenchmarks.benchmarkTestExcelant(TestBenchmarks.java:38)
	at org.apache.poi.benchmark.suite.generated.TestBenchmarks_benchmarkTestExcelant_jmhTest.benchmarkTestExcelant_ss_jmhStub(TestBenchmarks_benchmarkTestExcelant_jmhTest.java:320)
	at org.apache.poi.benchmark.suite.generated.TestBenchmarks_benchmarkTestExcelant_jmhTest.benchmarkTestExcelant_SingleShotTime(TestBenchmarks_benchmarkTestExcelant_jmhTest.java:299)
	at sun.reflect.NativeMethodAccessorImpl.invoke0(Native Method)
	at sun.reflect.NativeMethodAccessorImpl.invoke(NativeMethodAccessorImpl.java:62)
	at sun.reflect.DelegatingMethodAccessorImpl.invoke(DelegatingMethodAccessorImpl.java:43)
	at java.lang.reflect.Method.invoke(Method.java:498)
	at org.openjdk.jmh.runner.BenchmarkHandler$BenchmarkTask.call(BenchmarkHandler.java:453)
	at org.openjdk.jmh.runner.BenchmarkHandler$BenchmarkTask.call(BenchmarkHandler.java:437)
	at java.util.concurrent.FutureTask.run(FutureTask.java:266)
	at java.util.concurrent.Executors$RunnableAdapter.call(Executors.java:511)
	at java.util.concurrent.FutureTask.run(FutureTask.java:266)
	at java.util.concurrent.ThreadPoolExecutor.runWorker(ThreadPoolExecutor.java:1149)
	at java.util.concurrent.ThreadPoolExecutor$Worker.run(ThreadPoolExecutor.java:624)
	at java.lang.Thread.run(Thread.java:748)
Caused by: org.apache.commons.exec.ExecuteException: While executing (sources); [ant, test-excelant] (Exit value: 1. Caused by org.apache.commons.exec.ExecuteException: Process exited with an error: 1 (Exit value: 1))
	at org.dstadler.commons.exec.ExecutionHelper.execute(ExecutionHelper.java:152)
	at org.dstadler.commons.exec.ExecutionHelper.getCommandResultIntoStream(ExecutionHelper.java:126)
	at org.apache.poi.benchmark.suite.BaseBenchmark.runAntTarget(BaseBenchmark.java:199)
	... 16 more
Caused by: org.apache.commons.exec.ExecuteException: Process exited with an error: 1 (Exit value: 1)
	at org.apache.commons.exec.DefaultExecutor.executeInternal(DefaultExecutor.java:404)
	at org.apache.commons.exec.DefaultExecutor.execute(DefaultExecutor.java:166)
	at org.dstadler.commons.exec.ExecutionHelper.execute(ExecutionHelper.java:147)
	... 18 more


# JMH version: 1.21
# VM version: JDK 1.8.0_265, OpenJDK 64-Bit Server VM, 25.265-b01
# VM invoker: /usr/lib/jvm/java-8-openjdk-amd64/jre/bin/java
# VM options: <none>
# Warmup: <none>
# Measurement: 1 iterations, single-shot each
# Timeout: 3 hr per iteration
# Threads: 1 thread
# Benchmark mode: Single shot invocation time
# Benchmark: org.apache.poi.benchmark.suite.TestBenchmarks.benchmarkTestIntegration

# Run progress: 50,00% complete, ETA 00:05:59
# Fork: N/A, test runs in the host VM
# *** WARNING: Non-forked runs may silently omit JVM options, mess up profilers, disable compiler hints, etc. ***
# *** WARNING: Use non-forked runs only for debugging purposes, not for actual performance runs. ***
Iteration   1: 617753,323 ms/op


# JMH version: 1.21
# VM version: JDK 1.8.0_265, OpenJDK 64-Bit Server VM, 25.265-b01
# VM invoker: /usr/lib/jvm/java-8-openjdk-amd64/jre/bin/java
# VM options: <none>
# Warmup: <none>
# Measurement: 1 iterations, single-shot each
# Timeout: 10 min per iteration
# Threads: 1 thread
# Benchmark mode: Single shot invocation time
# Benchmark: org.apache.poi.benchmark.suite.TestBenchmarks.benchmarkTestMain

# Run progress: 60,00% complete, ETA 00:10:55
# Fork: N/A, test runs in the host VM
# *** WARNING: Non-forked runs may silently omit JVM options, mess up profilers, disable compiler hints, etc. ***
# *** WARNING: Use non-forked runs only for debugging purposes, not for actual performance runs. ***
Iteration   1: 197972,322 ms/op


# JMH version: 1.21
# VM version: JDK 1.8.0_265, OpenJDK 64-Bit Server VM, 25.265-b01
# VM invoker: /usr/lib/jvm/java-8-openjdk-amd64/jre/bin/java
# VM options: <none>
# Warmup: <none>
# Measurement: 1 iterations, single-shot each
# Timeout: 10 min per iteration
# Threads: 1 thread
# Benchmark mode: Single shot invocation time
# Benchmark: org.apache.poi.benchmark.suite.TestBenchmarks.benchmarkTestOOXML

# Run progress: 70,00% complete, ETA 00:08:29
# Fork: N/A, test runs in the host VM
# *** WARNING: Non-forked runs may silently omit JVM options, mess up profilers, disable compiler hints, etc. ***
# *** WARNING: Use non-forked runs only for debugging purposes, not for actual performance runs. ***
Iteration   1: <failure>

java.io.IOException: Log-Tail: [    [junit] Tests run: 17, Failures: 0, Errors: 0, Skipped: 0, Time elapsed: 0.285 sec,     [junit] Running org.apache.poi.xssf.TestWorkbookProtection,     [junit] Tests run: 8, Failures: 0, Errors: 0, Skipped: 0, Time elapsed: 0.648 sec,     [junit] Running org.apache.poi.xssf.TestXSSFCloneSheet,     [junit] Tests run: 8, Failures: 0, Errors: 0, Skipped: 0, Time elapsed: 0.146 sec,     [junit] Running org.apache.poi.xssf.TestXSSFOffset,     [junit] Tests run: 1, Failures: 0, Errors: 0, Skipped: 0, Time elapsed: 0.006 sec,     [junit] Running org.apache.poi.xssf.binary.TestXSSFBSharedStringsTable,     [junit] Tests run: 1, Failures: 0, Errors: 0, Skipped: 0, Time elapsed: 0.02 sec,     [junit] Running org.apache.poi.xssf.binary.TestXSSFBSheetHyperlinkManager,     [junit] Tests run: 1, Failures: 0, Errors: 0, Skipped: 0, Time elapsed: 0.006 sec,     [junit] Running org.apache.poi.xssf.eventusermodel.TestReadOnlySharedStringsTable,     [junit] Tests run: 4, Failures: 0, Errors: 0, Skipped: 0, Time elapsed: 0.128 sec,     [junit] Running org.apache.poi.xssf.eventusermodel.TestXSSFBReader,     [junit] Tests run: 4, Failures: 0, Errors: 0, Skipped: 0, Time elapsed: 0.067 sec,     [junit] Running org.apache.poi.xssf.eventusermodel.TestXSSFReader,     [junit] Tests run: 14, Failures: 0, Errors: 0, Skipped: 1, Time elapsed: 0.282 sec,     [junit] Running org.apache.poi.xssf.extractor.TestXSSFBEventBasedExcelExtractor,     [junit] Tests run: 4, Failures: 0, Errors: 0, Skipped: 0, Time elapsed: 0.06 sec,     [junit] Running org.apache.poi.xssf.extractor.TestXSSFEventBasedExcelExtractor,     [junit] Tests run: 12, Failures: 0, Errors: 0, Skipped: 0, Time elapsed: 0.31 sec,     [junit] Running org.apache.poi.xssf.extractor.TestXSSFEventBasedExcelExtractorUsingFactory,     [junit] Tests run: 12, Failures: 0, Errors: 0, Skipped: 0, Time elapsed: 0.221 sec,     [junit] Running org.apache.poi.xssf.extractor.TestXSSFExcelExtractor,     [junit] Tests run: 8, Failures: 0, Errors: 0, Skipped: 0, Time elapsed: 0.311 sec,     [junit] Running org.apache.poi.xssf.extractor.TestXSSFExcelExtractorUsingFactory,     [junit] Tests run: 8, Failures: 0, Errors: 0, Skipped: 0, Time elapsed: 0.287 sec,     [junit] Running org.apache.poi.xssf.extractor.TestXSSFExportToXML,     [junit] Tests run: 18, Failures: 0, Errors: 0, Skipped: 1, Time elapsed: 0.38 sec,     [junit] Running org.apache.poi.xssf.extractor.TestXSSFImportFromXML,     [junit] Tests run: 5, Failures: 0, Errors: 0, Skipped: 0, Time elapsed: 4.056 sec,     [junit] Running org.apache.poi.xssf.io.TestLoadSaveXSSF,     [junit] Tests run: 3, Failures: 0, Errors: 0, Skipped: 0, Time elapsed: 0.037 sec,     [junit] Running org.apache.poi.xssf.model.TestCalculationChain,     [junit] Tests run: 1, Failures: 0, Errors: 0, Skipped: 0, Time elapsed: 0.17 sec,     [junit] Running org.apache.poi.xssf.model.TestCommentsTable,     [junit] Tests run: 7, Failures: 0, Errors: 0, Skipped: 0, Time elapsed: 0.092 sec,     [junit] Running org.apache.poi.xssf.model.TestExternalLinksTable,     [junit] Tests run: 4, Failures: 0, Errors: 0, Skipped: 0, Time elapsed: 0.078 sec,     [junit] Running org.apache.poi.xssf.model.TestMapInfo,     [junit] Tests run: 1, Failures: 0, Errors: 0, Skipped: 0, Time elapsed: 0.012 sec,     [junit] Running org.apache.poi.xssf.model.TestSharedStringsTable,     [junit] Tests run: 4, Failures: 0, Errors: 0, Skipped: 0, Time elapsed: 0.094 sec,     [junit] Running org.apache.poi.xssf.model.TestStylesTable,     [junit] Tests run: 13, Failures: 0, Errors: 0, Skipped: 0, Time elapsed: 0.316 sec,     [junit] Running org.apache.poi.xssf.model.TestThemesTable,     [junit] Tests run: 3, Failures: 0, Errors: 0, Skipped: 0, Time elapsed: 0.088 sec,     [junit] Running org.apache.poi.xssf.streaming.TestAutoSizeColumnTracker,     [junit] Tests run: 8, Failures: 0, Errors: 0, Skipped: 0, Time elapsed: 0.141 sec,     [junit] Running org.apache.poi.xssf.streaming.TestDeferredSXSSFWorkbook,     [junit] Tests run: 31, Failures: 0, Errors: 0, Skipped: 3, Time elapsed: 0.675 sec,     [junit] Running org.apache.poi.xssf.streaming.TestOutlining,     [junit] Tests run: 6, Failures: 0, Errors: 0, Skipped: 0, Time elapsed: 0.033 sec,     [junit] Running org.apache.poi.xssf.streaming.TestSXSSFCell,     [junit] Tests run: 60, Failures: 0, Errors: 0, Skipped: 4, Time elapsed: 1.629 sec,     [junit] Running org.apache.poi.xssf.streaming.TestSXSSFDataValidation,     [junit] Tests run: 2, Failures: 0, Errors: 0, Skipped: 0, Time elapsed: 0.115 sec,     [junit] Running org.apache.poi.xssf.streaming.TestSXSSFEvaluationSheet,     [junit] Tests run: 1, Failures: 0, Errors: 0, Skipped: 0, Time elapsed: 0.005 sec,     [junit] Running org.apache.poi.xssf.streaming.TestSXSSFFormulaEvaluation,     [junit] Tests run: 29, Failures: 0, Errors: 0, Skipped: 1, Time elapsed: 0.858 sec,     [junit] Running org.apache.poi.xssf.streaming.TestSXSSFHyperlink,     [junit] Tests run: 2, Failures: 0, Errors: 0, Skipped: 0, Time elapsed: 0.017 sec,     [junit] Running org.apache.poi.xssf.streaming.TestSXSSFRow,     [junit] Tests run: 14, Failures: 0, Errors: 0, Skipped: 2, Time elapsed: 0.287 sec,     [junit] Running org.apache.poi.xssf.streaming.TestSXSSFSheet,     [junit] Tests run: 50, Failures: 0, Errors: 0, Skipped: 0, Time elapsed: 0.707 sec,     [junit] Running org.apache.poi.xssf.streaming.TestSXSSFSheetAutoSizeColumn,     [junit] Tests run: 26, Failures: 0, Errors: 0, Skipped: 0, Time elapsed: 0.25 sec,     [junit] Running org.apache.poi.xssf.streaming.TestSXSSFUnicodeSurrogates,     [junit] Tests run: 1, Failures: 0, Errors: 0, Skipped: 0, Time elapsed: 0.051 sec,     [junit] Running org.apache.poi.xssf.streaming.TestSXSSFWorkbook,     [junit] Tests run: 37, Failures: 0, Errors: 0, Skipped: 4, Time elapsed: 1.062 sec,     [junit] Running org.apache.poi.xssf.streaming.TestSXSSFWorkbookWithCustomZipEntrySource,     [junit] Tests run: 3, Failures: 0, Errors: 0, Skipped: 0, Time elapsed: 0.062 sec,     [junit] Running org.apache.poi.xssf.streaming.TestSheetDataWriter,     [junit] Tests run: 3, Failures: 0, Errors: 0, Skipped: 0, Time elapsed: 0.002 sec,     [junit] Running org.apache.poi.xssf.usermodel.TestFormulaEvaluatorOnXSSF,     [junit] Tests run: 369, Failures: 0, Errors: 0, Skipped: 90, Time elapsed: 0.437 sec,     [junit] Running org.apache.poi.xssf.usermodel.TestMatrixFormulasFromXMLSpreadsheet,     [junit] Tests run: 34, Failures: 0, Errors: 0, Skipped: 0, Time elapsed: 0.154 sec,     [junit] Running org.apache.poi.xssf.usermodel.TestMissingWorkbookOnXSSF,     [junit] Tests run: 3, Failures: 0, Errors: 0, Skipped: 0, Time elapsed: 0.022 sec,     [junit] Running org.apache.poi.xssf.usermodel.TestMultiSheetFormulaEvaluatorOnXSSF,     [junit] Tests run: 2, Failures: 0, Errors: 0, Skipped: 0, Time elapsed: 0.005 sec,     [junit] Running org.apache.poi.xssf.usermodel.TestSXSSFBugs,     [junit] Tests run: 43, Failures: 0, Errors: 0, Skipped: 9, Time elapsed: 4.321 sec,     [junit] Running org.apache.poi.xssf.usermodel.TestSheetHiding,     [junit] Tests run: 5, Failures: 0, Errors: 0, Skipped: 0, Time elapsed: 0.091 sec,     [junit] Running org.apache.poi.xssf.usermodel.TestTableStyles,     [junit] Tests run: 2, Failures: 0, Errors: 0, Skipped: 0, Time elapsed: 0.285 sec,     [junit] Running org.apache.poi.xssf.usermodel.TestXSSFBugs,     [junit] Tests run: 157, Failures: 0, Errors: 1, Skipped: 8, Time elapsed: 12.443 sec, , BUILD FAILED, /opt/poi-benchmark/sources/build.xml:1570: The following error occurred while executing this line:, /opt/poi-benchmark/sources/build.xml:1538: The following error occurred while executing this line:, /opt/poi-benchmark/sources/build.xml:1166: Tests failed, , Total time: 2 minutes 22 seconds]
	at org.apache.poi.benchmark.suite.BaseBenchmark.runAntTarget(BaseBenchmark.java:203)
	at org.apache.poi.benchmark.suite.BaseBenchmark.testOOXML(BaseBenchmark.java:169)
	at org.apache.poi.benchmark.suite.TestBenchmarks.benchmarkTestOOXML(TestBenchmarks.java:28)
	at org.apache.poi.benchmark.suite.generated.TestBenchmarks_benchmarkTestOOXML_jmhTest.benchmarkTestOOXML_ss_jmhStub(TestBenchmarks_benchmarkTestOOXML_jmhTest.java:320)
	at org.apache.poi.benchmark.suite.generated.TestBenchmarks_benchmarkTestOOXML_jmhTest.benchmarkTestOOXML_SingleShotTime(TestBenchmarks_benchmarkTestOOXML_jmhTest.java:299)
	at sun.reflect.NativeMethodAccessorImpl.invoke0(Native Method)
	at sun.reflect.NativeMethodAccessorImpl.invoke(NativeMethodAccessorImpl.java:62)
	at sun.reflect.DelegatingMethodAccessorImpl.invoke(DelegatingMethodAccessorImpl.java:43)
	at java.lang.reflect.Method.invoke(Method.java:498)
	at org.openjdk.jmh.runner.BenchmarkHandler$BenchmarkTask.call(BenchmarkHandler.java:453)
	at org.openjdk.jmh.runner.BenchmarkHandler$BenchmarkTask.call(BenchmarkHandler.java:437)
	at java.util.concurrent.FutureTask.run(FutureTask.java:266)
	at java.util.concurrent.Executors$RunnableAdapter.call(Executors.java:511)
	at java.util.concurrent.FutureTask.run(FutureTask.java:266)
	at java.util.concurrent.ThreadPoolExecutor.runWorker(ThreadPoolExecutor.java:1149)
	at java.util.concurrent.ThreadPoolExecutor$Worker.run(ThreadPoolExecutor.java:624)
	at java.lang.Thread.run(Thread.java:748)
Caused by: org.apache.commons.exec.ExecuteException: While executing (sources); [ant, test-ooxml] (Exit value: 1. Caused by org.apache.commons.exec.ExecuteException: Process exited with an error: 1 (Exit value: 1))
	at org.dstadler.commons.exec.ExecutionHelper.execute(ExecutionHelper.java:152)
	at org.dstadler.commons.exec.ExecutionHelper.getCommandResultIntoStream(ExecutionHelper.java:126)
	at org.apache.poi.benchmark.suite.BaseBenchmark.runAntTarget(BaseBenchmark.java:199)
	... 16 more
Caused by: org.apache.commons.exec.ExecuteException: Process exited with an error: 1 (Exit value: 1)
	at org.apache.commons.exec.DefaultExecutor.executeInternal(DefaultExecutor.java:404)
	at org.apache.commons.exec.DefaultExecutor.execute(DefaultExecutor.java:166)
	at org.dstadler.commons.exec.ExecutionHelper.execute(ExecutionHelper.java:147)
	... 18 more


# JMH version: 1.21
# VM version: JDK 1.8.0_265, OpenJDK 64-Bit Server VM, 25.265-b01
# VM invoker: /usr/lib/jvm/java-8-openjdk-amd64/jre/bin/java
# VM options: <none>
# Warmup: <none>
# Measurement: 1 iterations, single-shot each
# Timeout: 10 min per iteration
# Threads: 1 thread
# Benchmark mode: Single shot invocation time
# Benchmark: org.apache.poi.benchmark.suite.TestBenchmarks.benchmarkTestOOXMLLite

# Run progress: 80,00% complete, ETA 00:05:35
# Fork: N/A, test runs in the host VM
# *** WARNING: Non-forked runs may silently omit JVM options, mess up profilers, disable compiler hints, etc. ***
# *** WARNING: Use non-forked runs only for debugging purposes, not for actual performance runs. ***
Iteration   1: <failure>

java.io.IOException: Log-Tail: [    [junit] Tests run: 17, Failures: 0, Errors: 0, Skipped: 0, Time elapsed: 0.126 sec,     [junit] Running org.apache.poi.xssf.TestWorkbookProtection,     [junit] Tests run: 8, Failures: 0, Errors: 0, Skipped: 0, Time elapsed: 0.748 sec,     [junit] Running org.apache.poi.xssf.TestXSSFCloneSheet,     [junit] Tests run: 8, Failures: 0, Errors: 0, Skipped: 0, Time elapsed: 0.213 sec,     [junit] Running org.apache.poi.xssf.TestXSSFOffset,     [junit] Tests run: 1, Failures: 0, Errors: 0, Skipped: 0, Time elapsed: 0.005 sec,     [junit] Running org.apache.poi.xssf.binary.TestXSSFBSharedStringsTable,     [junit] Tests run: 1, Failures: 0, Errors: 0, Skipped: 0, Time elapsed: 0.003 sec,     [junit] Running org.apache.poi.xssf.binary.TestXSSFBSheetHyperlinkManager,     [junit] Tests run: 1, Failures: 0, Errors: 0, Skipped: 0, Time elapsed: 0.006 sec,     [junit] Running org.apache.poi.xssf.eventusermodel.TestReadOnlySharedStringsTable,     [junit] Tests run: 4, Failures: 0, Errors: 0, Skipped: 0, Time elapsed: 0.059 sec,     [junit] Running org.apache.poi.xssf.eventusermodel.TestXSSFBReader,     [junit] Tests run: 4, Failures: 0, Errors: 0, Skipped: 0, Time elapsed: 0.032 sec,     [junit] Running org.apache.poi.xssf.eventusermodel.TestXSSFReader,     [junit] Tests run: 14, Failures: 0, Errors: 0, Skipped: 1, Time elapsed: 0.152 sec,     [junit] Running org.apache.poi.xssf.extractor.TestXSSFBEventBasedExcelExtractor,     [junit] Tests run: 4, Failures: 0, Errors: 0, Skipped: 0, Time elapsed: 0.163 sec,     [junit] Running org.apache.poi.xssf.extractor.TestXSSFEventBasedExcelExtractor,     [junit] Tests run: 12, Failures: 0, Errors: 0, Skipped: 0, Time elapsed: 0.209 sec,     [junit] Running org.apache.poi.xssf.extractor.TestXSSFEventBasedExcelExtractorUsingFactory,     [junit] Tests run: 12, Failures: 0, Errors: 0, Skipped: 0, Time elapsed: 0.247 sec,     [junit] Running org.apache.poi.xssf.extractor.TestXSSFExcelExtractor,     [junit] Tests run: 8, Failures: 0, Errors: 0, Skipped: 0, Time elapsed: 0.316 sec,     [junit] Running org.apache.poi.xssf.extractor.TestXSSFExcelExtractorUsingFactory,     [junit] Tests run: 8, Failures: 0, Errors: 0, Skipped: 0, Time elapsed: 0.361 sec,     [junit] Running org.apache.poi.xssf.extractor.TestXSSFExportToXML,     [junit] Tests run: 18, Failures: 0, Errors: 0, Skipped: 1, Time elapsed: 0.459 sec,     [junit] Running org.apache.poi.xssf.extractor.TestXSSFImportFromXML,     [junit] Tests run: 5, Failures: 0, Errors: 0, Skipped: 0, Time elapsed: 4.229 sec,     [junit] Running org.apache.poi.xssf.io.TestLoadSaveXSSF,     [junit] Tests run: 3, Failures: 0, Errors: 0, Skipped: 0, Time elapsed: 0.084 sec,     [junit] Running org.apache.poi.xssf.model.TestCalculationChain,     [junit] Tests run: 1, Failures: 0, Errors: 0, Skipped: 0, Time elapsed: 0.162 sec,     [junit] Running org.apache.poi.xssf.model.TestCommentsTable,     [junit] Tests run: 7, Failures: 0, Errors: 0, Skipped: 0, Time elapsed: 0.153 sec,     [junit] Running org.apache.poi.xssf.model.TestExternalLinksTable,     [junit] Tests run: 4, Failures: 0, Errors: 0, Skipped: 0, Time elapsed: 0.106 sec,     [junit] Running org.apache.poi.xssf.model.TestMapInfo,     [junit] Tests run: 1, Failures: 0, Errors: 0, Skipped: 0, Time elapsed: 0.033 sec,     [junit] Running org.apache.poi.xssf.model.TestSharedStringsTable,     [junit] Tests run: 4, Failures: 0, Errors: 0, Skipped: 0, Time elapsed: 0.095 sec,     [junit] Running org.apache.poi.xssf.model.TestStylesTable,     [junit] Tests run: 13, Failures: 0, Errors: 0, Skipped: 0, Time elapsed: 0.283 sec,     [junit] Running org.apache.poi.xssf.model.TestThemesTable,     [junit] Tests run: 3, Failures: 0, Errors: 0, Skipped: 0, Time elapsed: 0.076 sec,     [junit] Running org.apache.poi.xssf.streaming.TestAutoSizeColumnTracker,     [junit] Tests run: 8, Failures: 0, Errors: 0, Skipped: 0, Time elapsed: 0.098 sec,     [junit] Running org.apache.poi.xssf.streaming.TestDeferredSXSSFWorkbook,     [junit] Tests run: 31, Failures: 0, Errors: 0, Skipped: 3, Time elapsed: 1.181 sec,     [junit] Running org.apache.poi.xssf.streaming.TestOutlining,     [junit] Tests run: 6, Failures: 0, Errors: 0, Skipped: 0, Time elapsed: 0.439 sec,     [junit] Running org.apache.poi.xssf.streaming.TestSXSSFCell,     [junit] Tests run: 60, Failures: 0, Errors: 0, Skipped: 4, Time elapsed: 1.534 sec,     [junit] Running org.apache.poi.xssf.streaming.TestSXSSFDataValidation,     [junit] Tests run: 2, Failures: 0, Errors: 0, Skipped: 0, Time elapsed: 0.116 sec,     [junit] Running org.apache.poi.xssf.streaming.TestSXSSFEvaluationSheet,     [junit] Tests run: 1, Failures: 0, Errors: 0, Skipped: 0, Time elapsed: 0.003 sec,     [junit] Running org.apache.poi.xssf.streaming.TestSXSSFFormulaEvaluation,     [junit] Tests run: 29, Failures: 0, Errors: 0, Skipped: 1, Time elapsed: 0.825 sec,     [junit] Running org.apache.poi.xssf.streaming.TestSXSSFHyperlink,     [junit] Tests run: 2, Failures: 0, Errors: 0, Skipped: 0, Time elapsed: 0.016 sec,     [junit] Running org.apache.poi.xssf.streaming.TestSXSSFRow,     [junit] Tests run: 14, Failures: 0, Errors: 0, Skipped: 2, Time elapsed: 0.202 sec,     [junit] Running org.apache.poi.xssf.streaming.TestSXSSFSheet,     [junit] Tests run: 50, Failures: 0, Errors: 0, Skipped: 0, Time elapsed: 0.844 sec,     [junit] Running org.apache.poi.xssf.streaming.TestSXSSFSheetAutoSizeColumn,     [junit] Tests run: 26, Failures: 0, Errors: 0, Skipped: 0, Time elapsed: 0.237 sec,     [junit] Running org.apache.poi.xssf.streaming.TestSXSSFUnicodeSurrogates,     [junit] Tests run: 1, Failures: 0, Errors: 0, Skipped: 0, Time elapsed: 0.017 sec,     [junit] Running org.apache.poi.xssf.streaming.TestSXSSFWorkbook,     [junit] Tests run: 37, Failures: 0, Errors: 0, Skipped: 4, Time elapsed: 1.024 sec,     [junit] Running org.apache.poi.xssf.streaming.TestSXSSFWorkbookWithCustomZipEntrySource,     [junit] Tests run: 3, Failures: 0, Errors: 0, Skipped: 0, Time elapsed: 0.059 sec,     [junit] Running org.apache.poi.xssf.streaming.TestSheetDataWriter,     [junit] Tests run: 3, Failures: 0, Errors: 0, Skipped: 0, Time elapsed: 0.055 sec,     [junit] Running org.apache.poi.xssf.usermodel.TestFormulaEvaluatorOnXSSF,     [junit] Tests run: 369, Failures: 0, Errors: 0, Skipped: 90, Time elapsed: 1.404 sec,     [junit] Running org.apache.poi.xssf.usermodel.TestMatrixFormulasFromXMLSpreadsheet,     [junit] Tests run: 34, Failures: 0, Errors: 0, Skipped: 0, Time elapsed: 0.365 sec,     [junit] Running org.apache.poi.xssf.usermodel.TestMissingWorkbookOnXSSF,     [junit] Tests run: 3, Failures: 0, Errors: 0, Skipped: 0, Time elapsed: 0.033 sec,     [junit] Running org.apache.poi.xssf.usermodel.TestMultiSheetFormulaEvaluatorOnXSSF,     [junit] Tests run: 2, Failures: 0, Errors: 0, Skipped: 0, Time elapsed: 0.002 sec,     [junit] Running org.apache.poi.xssf.usermodel.TestSXSSFBugs,     [junit] Tests run: 43, Failures: 0, Errors: 0, Skipped: 9, Time elapsed: 4.134 sec,     [junit] Running org.apache.poi.xssf.usermodel.TestSheetHiding,     [junit] Tests run: 5, Failures: 0, Errors: 0, Skipped: 0, Time elapsed: 0.11 sec,     [junit] Running org.apache.poi.xssf.usermodel.TestTableStyles,     [junit] Tests run: 2, Failures: 0, Errors: 0, Skipped: 0, Time elapsed: 0.278 sec,     [junit] Running org.apache.poi.xssf.usermodel.TestXSSFBugs,     [junit] Tests run: 157, Failures: 0, Errors: 1, Skipped: 8, Time elapsed: 12.965 sec, , BUILD FAILED, /opt/poi-benchmark/sources/build.xml:1570: The following error occurred while executing this line:, /opt/poi-benchmark/sources/build.xml:1538: The following error occurred while executing this line:, /opt/poi-benchmark/sources/build.xml:1166: Tests failed, , Total time: 2 minutes 24 seconds]
	at org.apache.poi.benchmark.suite.BaseBenchmark.runAntTarget(BaseBenchmark.java:203)
	at org.apache.poi.benchmark.suite.BaseBenchmark.testOOXMLLite(BaseBenchmark.java:182)
	at org.apache.poi.benchmark.suite.TestBenchmarks.benchmarkTestOOXMLLite(TestBenchmarks.java:33)
	at org.apache.poi.benchmark.suite.generated.TestBenchmarks_benchmarkTestOOXMLLite_jmhTest.benchmarkTestOOXMLLite_ss_jmhStub(TestBenchmarks_benchmarkTestOOXMLLite_jmhTest.java:320)
	at org.apache.poi.benchmark.suite.generated.TestBenchmarks_benchmarkTestOOXMLLite_jmhTest.benchmarkTestOOXMLLite_SingleShotTime(TestBenchmarks_benchmarkTestOOXMLLite_jmhTest.java:299)
	at sun.reflect.NativeMethodAccessorImpl.invoke0(Native Method)
	at sun.reflect.NativeMethodAccessorImpl.invoke(NativeMethodAccessorImpl.java:62)
	at sun.reflect.DelegatingMethodAccessorImpl.invoke(DelegatingMethodAccessorImpl.java:43)
	at java.lang.reflect.Method.invoke(Method.java:498)
	at org.openjdk.jmh.runner.BenchmarkHandler$BenchmarkTask.call(BenchmarkHandler.java:453)
	at org.openjdk.jmh.runner.BenchmarkHandler$BenchmarkTask.call(BenchmarkHandler.java:437)
	at java.util.concurrent.FutureTask.run(FutureTask.java:266)
	at java.util.concurrent.Executors$RunnableAdapter.call(Executors.java:511)
	at java.util.concurrent.FutureTask.run(FutureTask.java:266)
	at java.util.concurrent.ThreadPoolExecutor.runWorker(ThreadPoolExecutor.java:1149)
	at java.util.concurrent.ThreadPoolExecutor$Worker.run(ThreadPoolExecutor.java:624)
	at java.lang.Thread.run(Thread.java:748)
Caused by: org.apache.commons.exec.ExecuteException: While executing (sources); [ant, test-ooxml-lite] (Exit value: 1. Caused by org.apache.commons.exec.ExecuteException: Process exited with an error: 1 (Exit value: 1))
	at org.dstadler.commons.exec.ExecutionHelper.execute(ExecutionHelper.java:152)
	at org.dstadler.commons.exec.ExecutionHelper.getCommandResultIntoStream(ExecutionHelper.java:126)
	at org.apache.poi.benchmark.suite.BaseBenchmark.runAntTarget(BaseBenchmark.java:199)
	... 16 more
Caused by: org.apache.commons.exec.ExecuteException: Process exited with an error: 1 (Exit value: 1)
	at org.apache.commons.exec.DefaultExecutor.executeInternal(DefaultExecutor.java:404)
	at org.apache.commons.exec.DefaultExecutor.execute(DefaultExecutor.java:166)
	at org.dstadler.commons.exec.ExecutionHelper.execute(ExecutionHelper.java:147)
	... 18 more


# JMH version: 1.21
# VM version: JDK 1.8.0_265, OpenJDK 64-Bit Server VM, 25.265-b01
# VM invoker: /usr/lib/jvm/java-8-openjdk-amd64/jre/bin/java
# VM options: <none>
# Warmup: <none>
# Measurement: 1 iterations, single-shot each
# Timeout: 10 min per iteration
# Threads: 1 thread
# Benchmark mode: Single shot invocation time
# Benchmark: org.apache.poi.benchmark.suite.TestBenchmarks.benchmarkTestScratchpad

# Run progress: 90,00% complete, ETA 00:02:46
# Fork: N/A, test runs in the host VM
# *** WARNING: Non-forked runs may silently omit JVM options, mess up profilers, disable compiler hints, etc. ***
# *** WARNING: Use non-forked runs only for debugging purposes, not for actual performance runs. ***
Iteration   1: 42579,639 ms/op


# Run complete. Total time: 00:25:44

REMEMBER: The numbers below are just data. To gain reusable insights, you need to follow up on
why the numbers are the way they are. Use profilers (see -prof, -lprof), design factorial
experiments, perform baseline and negative tests that provide experimental control, make sure
the benchmarking environment is safe on JVM/OS/HW level, ask for reviews from the domain experts.
Do not assume the numbers tell you what you want them to tell.

Benchmark                                          Mode  Cnt       Score   Error  Units
BuildBenchmarks.benchmarkCompileAll                  ss       150542,523          ms/op
SSPerformanceBenchmarks.benchmarkHSSFPerformance     ss         3490,001          ms/op
SSPerformanceBenchmarks.benchmarkSXSSFPerformance    ss         5275,387          ms/op
SSPerformanceBenchmarks.benchmarkXSSFPerformance     ss         9139,627          ms/op
TestBenchmarks.benchmarkTestIntegration              ss       617753,323          ms/op
TestBenchmarks.benchmarkTestMain                     ss       197972,322          ms/op
TestBenchmarks.benchmarkTestScratchpad               ss        42579,639          ms/op

Benchmark result is saved to /opt/poi-benchmark/build/reports/jmh/results.json
