# JMH version: 1.27
# VM version: JDK 11.0.9.1, OpenJDK 64-Bit Server VM, 11.0.9.1+1-Ubuntu-0ubuntu1.20.04
# VM invoker: /usr/lib/jvm/java-11-openjdk-amd64/bin/java
# VM options: -Xmx8m -agentpath:/opt/dynatrace/oneagent/agent/bin/1.207.203.20201222-142205/linux-x86-64/liboneagentloader.so=loglevelcon=none,***REMOVED***,***REMOVED***,datastorage=/var/lib/dynatrace/oneagent/datastorage,logdir=/var/log/dynatrace/oneagent,server={*https://sg-eu-west-1-52-214-31-22-acceptancee2e-euwest.sprint.ruxitlabs.com/communication;https://sg-eu-west-1-54-77-175-7-acceptancee2e-euwest.sprint.ruxitlabs.com/communication}{https://fzu35583.sprint.dynatracelabs.com:443/communication}
# JMH blackhole mode: full blackhole + dont-inline hint
# Warmup: <none>
# Measurement: 1 iterations, single-shot each
# Timeout: 10 min per iteration
# Threads: 1 thread
# Benchmark mode: Single shot invocation time
# Benchmark: org.apache.poi.benchmark.suite.BuildBenchmarks.benchmarkCompileAll

# Run progress: 0.00% complete, ETA 00:00:00
# Fork: N/A, test runs in the host VM
# *** WARNING: Non-forked runs may silently omit JVM options, mess up profilers, disable compiler hints, etc. ***
# *** WARNING: Use non-forked runs only for debugging purposes, not for actual performance runs. ***
Iteration   1: <failure>

java.io.IOException: Log-Tail: [init:,     [mkdir] Created dir: /opt/poi-benchmark/sources/build/classes,     [mkdir] Created dir: /opt/poi-benchmark/sources/build/test-classes,     [mkdir] Created dir: /opt/poi-benchmark/sources/build/test-results,     [mkdir] Created dir: /opt/poi-benchmark/sources/build/scratchpad-classes,     [mkdir] Created dir: /opt/poi-benchmark/sources/build/scratchpad-test-classes,     [mkdir] Created dir: /opt/poi-benchmark/sources/build/scratchpad-test-results,     [mkdir] Created dir: /opt/poi-benchmark/sources/build/geometry-java,     [mkdir] Created dir: /opt/poi-benchmark/sources/build/ooxml-classes,     [mkdir] Created dir: /opt/poi-benchmark/sources/build/ooxml-test-classes,     [mkdir] Created dir: /opt/poi-benchmark/sources/build/ooxml-test-results,     [mkdir] Created dir: /opt/poi-benchmark/sources/build/excelant-classes,     [mkdir] Created dir: /opt/poi-benchmark/sources/build/excelant-test-classes,     [mkdir] Created dir: /opt/poi-benchmark/sources/build/excelant-test-results,     [mkdir] Created dir: /opt/poi-benchmark/sources/build/examples-classes,     [mkdir] Created dir: /opt/poi-benchmark/sources/build/integration-test-classes,     [mkdir] Created dir: /opt/poi-benchmark/sources/build/integration-test-results,     [mkdir] Created dir: /opt/poi-benchmark/sources/build/dist,     [mkdir] Created dir: /opt/poi-benchmark/sources/build/site,      [echo] Using Ant: Apache Ant(TM) version 1.10.7 compiled on October 24 2019 from /usr/share/ant, Ant detected Java 11 (may be different than actual Java sometimes...),      [echo] Using Java: 11.0.9.1/11.0.9.1+1-Ubuntu-0ubuntu1.20.04/11.0.9.1+1-Ubuntu-0ubuntu1.20.04/OpenJDK 64-Bit Server VM from Ubuntu on Linux: 4.4.0,      [echo] Building Apache POI version 5.0.0-SNAPSHOT and RC: RC1, -version-java-check:, compile-version:,      [copy] Copying 1 file to /opt/poi-benchmark/sources/build/classes/org/apache/poi,     [javac] Compiling 1 source file to /opt/poi-benchmark/sources/build/classes,     [javac] warning: [options] bootstrap class path not set in conjunction with -source 8,     [javac] 1 warning,    [delete] Deleting: /opt/poi-benchmark/sources/build/classes/org/apache/poi/Version.java, compile-main:,     [javac] Compiling 1177 source files to /opt/poi-benchmark/sources/build/classes,     [javac] Ignoring source, target and bootclasspath as release has been set,     [javac] Note: Some input files use or override a deprecated API.,     [javac] Note: Recompile with -Xlint:deprecation for details.,     [javac] Note: Some input files use unchecked or unsafe operations.,     [javac] Note: Recompile with -Xlint:unchecked for details.,     [javac] Creating empty /opt/poi-benchmark/sources/build/classes/org/apache/poi/ddf/package-info.class,     [javac] Creating empty /opt/poi-benchmark/sources/build/classes/org/apache/poi/hssf/package-info.class,     [javac] Creating empty /opt/poi-benchmark/sources/build/classes/org/apache/poi/poifs/dev/package-info.class,     [javac] Creating empty /opt/poi-benchmark/sources/build/classes/org/apache/poi/util/package-info.class,     [javac] Creating empty /opt/poi-benchmark/sources/build/classes/org/apache/poi/poifs/common/package-info.class,     [javac] Creating empty /opt/poi-benchmark/sources/build/classes/org/apache/poi/hssf/record/package-info.class,     [javac] Creating empty /opt/poi-benchmark/sources/build/classes/org/apache/poi/poifs/package-info.class,     [javac] Creating empty /opt/poi-benchmark/sources/build/classes/org/apache/poi/poifs/crypt/package-info.class,     [javac] Creating empty /opt/poi-benchmark/sources/build/classes/org/apache/poi/hpsf/wellknown/package-info.class,     [javac] Creating empty /opt/poi-benchmark/sources/build/classes/org/apache/poi/hssf/dev/package-info.class,     [javac] Creating empty /opt/poi-benchmark/sources/build/classes/org/apache/poi/ss/formula/package-info.class,     [javac] Creating empty /opt/poi-benchmark/sources/build/classes/org/apache/poi/hpsf/package-info.class,     [javac] Creating empty /opt/poi-benchmark/sources/build/classes/org/apache/poi/poifs/property/package-info.class,     [javac] Creating empty /opt/poi-benchmark/sources/build/classes/org/apache/poi/poifs/filesystem/package-info.class,     [javac] Creating empty /opt/poi-benchmark/sources/build/classes/org/apache/poi/ss/formula/ptg/package-info.class,     [javac] Creating empty /opt/poi-benchmark/sources/build/classes/org/apache/poi/poifs/storage/package-info.class,     [javac] Creating empty /opt/poi-benchmark/sources/build/classes/org/apache/poi/hssf/eventusermodel/package-info.class,     [javac] Creating empty /opt/poi-benchmark/sources/build/classes/org/apache/poi/hssf/record/aggregates/package-info.class,     [javac] Creating empty /opt/poi-benchmark/sources/build/classes/org/apache/poi/ss/format/package-info.class,     [javac] Creating empty /opt/poi-benchmark/sources/build/classes/org/apache/poi/hssf/model/package-info.class,     [javac] Creating empty /opt/poi-benchmark/sources/build/classes/org/apache/poi/hssf/usermodel/package-info.class,     [javac] Creating empty /opt/poi-benchmark/sources/build/classes/org/apache/poi/hssf/util/package-info.class,     [javac] Creating empty /opt/poi-benchmark/sources/build/classes/org/apache/poi/poifs/eventfilesystem/package-info.class,     [javac] Compiling 1 source file to /opt/poi-benchmark/sources/src/multimodule/poi/java9,     [mkdir] Created dir: /opt/poi-benchmark/sources/build/dist/maven/poi,       [jar] Building jar: /opt/poi-benchmark/sources/build/dist/maven/poi/poi-5.0.0-SNAPSHOT.jar,     [javac] Compiling 523 source files to /opt/poi-benchmark/sources/build/test-classes,     [javac] Ignoring source, target and bootclasspath as release has been set,     [javac] Note: Some input files use or override a deprecated API.,     [javac] Note: Recompile with -Xlint:deprecation for details.,     [javac] Note: /opt/poi-benchmark/sources/src/testcases/org/apache/poi/sl/usermodel/BaseTestSlideShow.java uses unchecked or unsafe operations.,     [javac] Note: Recompile with -Xlint:unchecked for details.,       [jar] Building jar: /opt/poi-benchmark/sources/build/dist/maven/poi-tests/poi-5.0.0-SNAPSHOT-tests.jar,       [jar] Building jar: /opt/poi-benchmark/sources/build/dist/maven/poi/poi-5.0.0-SNAPSHOT-sources.jar, compile-scratchpad:,     [javac] Compiling 515 source files to /opt/poi-benchmark/sources/build/scratchpad-classes,     [javac] Ignoring source, target and bootclasspath as release has been set,     [javac] Note: Some input files use or override a deprecated API.,     [javac] Note: Recompile with -Xlint:deprecation for details.,     [javac] Note: Some input files use unchecked or unsafe operations.,     [javac] Note: Recompile with -Xlint:unchecked for details.,     [mkdir] Created dir: /opt/poi-benchmark/sources/build/dist/maven/poi-scratchpad,       [jar] Building jar: /opt/poi-benchmark/sources/build/dist/maven/poi-scratchpad/poi-scratchpad-5.0.0-SNAPSHOT.jar,     [javac] Compiling 197 source files to /opt/poi-benchmark/sources/build/scratchpad-test-classes,     [javac] Ignoring source, target and bootclasspath as release has been set,     [javac] Note: Some input files use or override a deprecated API.,     [javac] Note: Recompile with -Xlint:deprecation for details.,       [jar] Building jar: /opt/poi-benchmark/sources/build/dist/maven/poi-scratchpad-tests/poi-scratchpad-5.0.0-SNAPSHOT-tests.jar,       [jar] Building jar: /opt/poi-benchmark/sources/build/dist/maven/poi-scratchpad/poi-scratchpad-5.0.0-SNAPSHOT-sources.jar, check-compiled-ooxml-xsds:, compile-ooxml-xsds:,     [mkdir] Created dir: /opt/poi-benchmark/sources/build/xmlbean-xsds,      [copy] Copying 8 files to /opt/poi-benchmark/sources/build/xmlbean-xsds,      [copy] Copying 28 resources to /opt/poi-benchmark/sources/build/xmlbean-xsds,     [mkdir] Created dir: /opt/poi-benchmark/sources/build/xmlbean-sources,     [mkdir] Created dir: /opt/poi-benchmark/sources/build/xmlbean-classes,   [xmlbean] SchemaCompiler  Metadata LOAD:org/apache/xmlbeans/metadata GEN:org/apache/poi/schemas/ooxml,   [xmlbean] Time to build schema type system: 2.969 seconds,   [xmlbean] Time to generate code: 6.479 seconds,     [javac] Compiling 5064 source files to /opt/poi-benchmark/sources/build/xmlbean-classes,     [javac] Ignoring source, target and bootclasspath as release has been set, BUILD FAILED, /opt/poi-benchmark/sources/build.xml:886: Compile failed; see the compiler error output for details., Total time: 5 minutes 0 seconds]
	at org.apache.poi.benchmark.suite.BaseBenchmark.runAntTarget(BaseBenchmark.java:206)
	at org.apache.poi.benchmark.suite.BaseBenchmark.compileAll(BaseBenchmark.java:160)
	at org.apache.poi.benchmark.suite.BuildBenchmarks.benchmarkCompileAll(BuildBenchmarks.java:16)
	at org.apache.poi.benchmark.suite.jmh_generated.BuildBenchmarks_benchmarkCompileAll_jmhTest.benchmarkCompileAll_ss_jmhStub(BuildBenchmarks_benchmarkCompileAll_jmhTest.java:320)
	at org.apache.poi.benchmark.suite.jmh_generated.BuildBenchmarks_benchmarkCompileAll_jmhTest.benchmarkCompileAll_SingleShotTime(BuildBenchmarks_benchmarkCompileAll_jmhTest.java:299)
	at java.base/jdk.internal.reflect.NativeMethodAccessorImpl.invoke0(Native Method)
	at java.base/jdk.internal.reflect.NativeMethodAccessorImpl.invoke(NativeMethodAccessorImpl.java:62)
	at java.base/jdk.internal.reflect.DelegatingMethodAccessorImpl.invoke(DelegatingMethodAccessorImpl.java:43)
	at java.base/java.lang.reflect.Method.invoke(Method.java:566)
	at org.openjdk.jmh.runner.BenchmarkHandler$BenchmarkTask.call(BenchmarkHandler.java:453)
	at org.openjdk.jmh.runner.BenchmarkHandler$BenchmarkTask.call(BenchmarkHandler.java:437)
	at java.base/java.util.concurrent.FutureTask.run(FutureTask.java:264)
	at java.base/java.util.concurrent.Executors$RunnableAdapter.call(Executors.java:515)
	at java.base/java.util.concurrent.FutureTask.run(FutureTask.java:264)
	at java.base/java.util.concurrent.ThreadPoolExecutor.runWorker(ThreadPoolExecutor.java:1128)
	at java.base/java.util.concurrent.ThreadPoolExecutor$Worker.run(ThreadPoolExecutor.java:628)
	at java.base/java.lang.Thread.run(Thread.java:834)
Caused by: org.apache.commons.exec.ExecuteException: While executing (sources); [ant, compile] (Exit value: 1. Caused by org.apache.commons.exec.ExecuteException: Process exited with an error: 1 (Exit value: 1))
	at org.dstadler.commons.exec.ExecutionHelper.execute(ExecutionHelper.java:153)
	at org.dstadler.commons.exec.ExecutionHelper.getCommandResultIntoStream(ExecutionHelper.java:127)
	at org.apache.poi.benchmark.suite.BaseBenchmark.runAntTarget(BaseBenchmark.java:202)
	... 16 more
Caused by: org.apache.commons.exec.ExecuteException: Process exited with an error: 1 (Exit value: 1)
	at org.apache.commons.exec.DefaultExecutor.executeInternal(DefaultExecutor.java:404)
	at org.apache.commons.exec.DefaultExecutor.execute(DefaultExecutor.java:166)
	at org.dstadler.commons.exec.ExecutionHelper.execute(ExecutionHelper.java:148)
	... 18 more


# JMH version: 1.27
# VM version: JDK 11.0.9.1, OpenJDK 64-Bit Server VM, 11.0.9.1+1-Ubuntu-0ubuntu1.20.04
# VM invoker: /usr/lib/jvm/java-11-openjdk-amd64/bin/java
# VM options: -Xmx8m -agentpath:/opt/dynatrace/oneagent/agent/bin/1.207.203.20201222-142205/linux-x86-64/liboneagentloader.so=loglevelcon=none,***REMOVED***,***REMOVED***,datastorage=/var/lib/dynatrace/oneagent/datastorage,logdir=/var/log/dynatrace/oneagent,server={*https://sg-eu-west-1-52-214-31-22-acceptancee2e-euwest.sprint.ruxitlabs.com/communication;https://sg-eu-west-1-54-77-175-7-acceptancee2e-euwest.sprint.ruxitlabs.com/communication}{https://fzu35583.sprint.dynatracelabs.com:443/communication}
# JMH blackhole mode: full blackhole + dont-inline hint
# Warmup: <none>
# Measurement: 1 iterations, single-shot each
# Timeout: 10 min per iteration
# Threads: 1 thread
# Benchmark mode: Single shot invocation time
# Benchmark: org.apache.poi.benchmark.suite.SSPerformanceBenchmarks.benchmarkHSSFPerformance

# Run progress: 10.00% complete, ETA 00:49:11
# Fork: N/A, test runs in the host VM
# *** WARNING: Non-forked runs may silently omit JVM options, mess up profilers, disable compiler hints, etc. ***
# *** WARNING: Use non-forked runs only for debugging purposes, not for actual performance runs. ***
Iteration   1: 3441.917 ms/op


# JMH version: 1.27
# VM version: JDK 11.0.9.1, OpenJDK 64-Bit Server VM, 11.0.9.1+1-Ubuntu-0ubuntu1.20.04
# VM invoker: /usr/lib/jvm/java-11-openjdk-amd64/bin/java
# VM options: -Xmx8m -agentpath:/opt/dynatrace/oneagent/agent/bin/1.207.203.20201222-142205/linux-x86-64/liboneagentloader.so=loglevelcon=none,***REMOVED***,***REMOVED***,datastorage=/var/lib/dynatrace/oneagent/datastorage,logdir=/var/log/dynatrace/oneagent,server={*https://sg-eu-west-1-52-214-31-22-acceptancee2e-euwest.sprint.ruxitlabs.com/communication;https://sg-eu-west-1-54-77-175-7-acceptancee2e-euwest.sprint.ruxitlabs.com/communication}{https://fzu35583.sprint.dynatracelabs.com:443/communication}
# JMH blackhole mode: full blackhole + dont-inline hint
# Warmup: <none>
# Measurement: 1 iterations, single-shot each
# Timeout: 10 min per iteration
# Threads: 1 thread
# Benchmark mode: Single shot invocation time
# Benchmark: org.apache.poi.benchmark.suite.SSPerformanceBenchmarks.benchmarkSXSSFPerformance

# Run progress: 20.00% complete, ETA 00:30:03
# Fork: N/A, test runs in the host VM
# *** WARNING: Non-forked runs may silently omit JVM options, mess up profilers, disable compiler hints, etc. ***
# *** WARNING: Use non-forked runs only for debugging purposes, not for actual performance runs. ***
Iteration   1: 6981.373 ms/op


# JMH version: 1.27
# VM version: JDK 11.0.9.1, OpenJDK 64-Bit Server VM, 11.0.9.1+1-Ubuntu-0ubuntu1.20.04
# VM invoker: /usr/lib/jvm/java-11-openjdk-amd64/bin/java
# VM options: -Xmx8m -agentpath:/opt/dynatrace/oneagent/agent/bin/1.207.203.20201222-142205/linux-x86-64/liboneagentloader.so=loglevelcon=none,***REMOVED***,***REMOVED***,datastorage=/var/lib/dynatrace/oneagent/datastorage,logdir=/var/log/dynatrace/oneagent,server={*https://sg-eu-west-1-52-214-31-22-acceptancee2e-euwest.sprint.ruxitlabs.com/communication;https://sg-eu-west-1-54-77-175-7-acceptancee2e-euwest.sprint.ruxitlabs.com/communication}{https://fzu35583.sprint.dynatracelabs.com:443/communication}
# JMH blackhole mode: full blackhole + dont-inline hint
# Warmup: <none>
# Measurement: 1 iterations, single-shot each
# Timeout: 10 min per iteration
# Threads: 1 thread
# Benchmark mode: Single shot invocation time
# Benchmark: org.apache.poi.benchmark.suite.SSPerformanceBenchmarks.benchmarkXSSFPerformance

# Run progress: 30.00% complete, ETA 00:18:05
# Fork: N/A, test runs in the host VM
# *** WARNING: Non-forked runs may silently omit JVM options, mess up profilers, disable compiler hints, etc. ***
# *** WARNING: Use non-forked runs only for debugging purposes, not for actual performance runs. ***
Iteration   1: 8812.168 ms/op


# JMH version: 1.27
# VM version: JDK 11.0.9.1, OpenJDK 64-Bit Server VM, 11.0.9.1+1-Ubuntu-0ubuntu1.20.04
# VM invoker: /usr/lib/jvm/java-11-openjdk-amd64/bin/java
# VM options: -Xmx8m -agentpath:/opt/dynatrace/oneagent/agent/bin/1.207.203.20201222-142205/linux-x86-64/liboneagentloader.so=loglevelcon=none,***REMOVED***,***REMOVED***,datastorage=/var/lib/dynatrace/oneagent/datastorage,logdir=/var/log/dynatrace/oneagent,server={*https://sg-eu-west-1-52-214-31-22-acceptancee2e-euwest.sprint.ruxitlabs.com/communication;https://sg-eu-west-1-54-77-175-7-acceptancee2e-euwest.sprint.ruxitlabs.com/communication}{https://fzu35583.sprint.dynatracelabs.com:443/communication}
# JMH blackhole mode: full blackhole + dont-inline hint
# Warmup: <none>
# Measurement: 1 iterations, single-shot each
# Timeout: 10 min per iteration
# Threads: 1 thread
# Benchmark mode: Single shot invocation time
# Benchmark: org.apache.poi.benchmark.suite.TestBenchmarks.benchmarkTestExcelant

# Run progress: 40.00% complete, ETA 00:12:03
# Fork: N/A, test runs in the host VM
# *** WARNING: Non-forked runs may silently omit JVM options, mess up profilers, disable compiler hints, etc. ***
# *** WARNING: Use non-forked runs only for debugging purposes, not for actual performance runs. ***
Iteration   1: <failure>

java.io.IOException: Log-Tail: [Buildfile: /opt/poi-benchmark/sources/build.xml, check-jars:, fetch-jars:, check-ooxml-jars:, fetch-ooxml-jars:, init:,      [echo] Using Ant: Apache Ant(TM) version 1.10.7 compiled on October 24 2019 from /usr/share/ant, Ant detected Java 11 (may be different than actual Java sometimes...),      [echo] Using Java: 11.0.9.1/11.0.9.1+1-Ubuntu-0ubuntu1.20.04/11.0.9.1+1-Ubuntu-0ubuntu1.20.04/OpenJDK 64-Bit Server VM from Ubuntu on Linux: 4.4.0,      [echo] Building Apache POI version 5.0.0-SNAPSHOT and RC: RC1, -version-java-check:, compile-version:, compile-main:, compile-scratchpad:, check-compiled-ooxml-xsds:, compile-ooxml-xsds:, compile-ooxml:, compile-excelant:, -test-ooxml-check:, jacocotask:,      [echo] Coverage reporting: ${coverage.enabled}, test-ooxml:,     [javac] Compiling 1 source file to /opt/poi-benchmark/sources/build/poi-ant-contrib,     [javac] /opt/poi-benchmark/sources/src/excelant/poi-ant-contrib/Junit5Progress.java:35: error: unmappable character (0xE2) for encoding US-ASCII,     [javac]  * @see <a href="https://www.selikoff.net/2018/07/28/ant-and-junit-5-outputting-test-duration-and-failure-to-the-log/">ant and junit 5 ??? outputting test duration and failure to the log</a>,     [javac]                                                                                                                                        ^,     [javac] /opt/poi-benchmark/sources/src/excelant/poi-ant-contrib/Junit5Progress.java:35: error: unmappable character (0x80) for encoding US-ASCII,     [javac]  * @see <a href="https://www.selikoff.net/2018/07/28/ant-and-junit-5-outputting-test-duration-and-failure-to-the-log/">ant and junit 5 ??? outputting test duration and failure to the log</a>,     [javac]                                                                                                                                         ^,     [javac] /opt/poi-benchmark/sources/src/excelant/poi-ant-contrib/Junit5Progress.java:35: error: unmappable character (0x93) for encoding US-ASCII,     [javac]  * @see <a href="https://www.selikoff.net/2018/07/28/ant-and-junit-5-outputting-test-duration-and-failure-to-the-log/">ant and junit 5 ??? outputting test duration and failure to the log</a>,     [javac]                                                                                                                                          ^,     [javac] 3 errors, BUILD FAILED, /opt/poi-benchmark/sources/build.xml:1659: The following error occurred while executing this line:, /opt/poi-benchmark/sources/build.xml:1632: The following error occurred while executing this line:, /opt/poi-benchmark/sources/build.xml:1219: Compile failed; see the compiler error output for details., Total time: 4 seconds]
	at org.apache.poi.benchmark.suite.BaseBenchmark.runAntTarget(BaseBenchmark.java:206)
	at org.apache.poi.benchmark.suite.BaseBenchmark.testExcelant(BaseBenchmark.java:189)
	at org.apache.poi.benchmark.suite.TestBenchmarks.benchmarkTestExcelant(TestBenchmarks.java:38)
	at org.apache.poi.benchmark.suite.jmh_generated.TestBenchmarks_benchmarkTestExcelant_jmhTest.benchmarkTestExcelant_ss_jmhStub(TestBenchmarks_benchmarkTestExcelant_jmhTest.java:320)
	at org.apache.poi.benchmark.suite.jmh_generated.TestBenchmarks_benchmarkTestExcelant_jmhTest.benchmarkTestExcelant_SingleShotTime(TestBenchmarks_benchmarkTestExcelant_jmhTest.java:299)
	at java.base/jdk.internal.reflect.NativeMethodAccessorImpl.invoke0(Native Method)
	at java.base/jdk.internal.reflect.NativeMethodAccessorImpl.invoke(NativeMethodAccessorImpl.java:62)
	at java.base/jdk.internal.reflect.DelegatingMethodAccessorImpl.invoke(DelegatingMethodAccessorImpl.java:43)
	at java.base/java.lang.reflect.Method.invoke(Method.java:566)
	at org.openjdk.jmh.runner.BenchmarkHandler$BenchmarkTask.call(BenchmarkHandler.java:453)
	at org.openjdk.jmh.runner.BenchmarkHandler$BenchmarkTask.call(BenchmarkHandler.java:437)
	at java.base/java.util.concurrent.FutureTask.run(FutureTask.java:264)
	at java.base/java.util.concurrent.Executors$RunnableAdapter.call(Executors.java:515)
	at java.base/java.util.concurrent.FutureTask.run(FutureTask.java:264)
	at java.base/java.util.concurrent.ThreadPoolExecutor.runWorker(ThreadPoolExecutor.java:1128)
	at java.base/java.util.concurrent.ThreadPoolExecutor$Worker.run(ThreadPoolExecutor.java:628)
	at java.base/java.lang.Thread.run(Thread.java:834)
Caused by: org.apache.commons.exec.ExecuteException: While executing (sources); [ant, test-excelant] (Exit value: 1. Caused by org.apache.commons.exec.ExecuteException: Process exited with an error: 1 (Exit value: 1))
	at org.dstadler.commons.exec.ExecutionHelper.execute(ExecutionHelper.java:153)
	at org.dstadler.commons.exec.ExecutionHelper.getCommandResultIntoStream(ExecutionHelper.java:127)
	at org.apache.poi.benchmark.suite.BaseBenchmark.runAntTarget(BaseBenchmark.java:202)
	... 16 more
Caused by: org.apache.commons.exec.ExecuteException: Process exited with an error: 1 (Exit value: 1)
	at org.apache.commons.exec.DefaultExecutor.executeInternal(DefaultExecutor.java:404)
	at org.apache.commons.exec.DefaultExecutor.execute(DefaultExecutor.java:166)
	at org.dstadler.commons.exec.ExecutionHelper.execute(ExecutionHelper.java:148)
	... 18 more


# JMH version: 1.27
# VM version: JDK 11.0.9.1, OpenJDK 64-Bit Server VM, 11.0.9.1+1-Ubuntu-0ubuntu1.20.04
# VM invoker: /usr/lib/jvm/java-11-openjdk-amd64/bin/java
# VM options: -Xmx8m -agentpath:/opt/dynatrace/oneagent/agent/bin/1.207.203.20201222-142205/linux-x86-64/liboneagentloader.so=loglevelcon=none,***REMOVED***,***REMOVED***,datastorage=/var/lib/dynatrace/oneagent/datastorage,logdir=/var/log/dynatrace/oneagent,server={*https://sg-eu-west-1-52-214-31-22-acceptancee2e-euwest.sprint.ruxitlabs.com/communication;https://sg-eu-west-1-54-77-175-7-acceptancee2e-euwest.sprint.ruxitlabs.com/communication}{https://fzu35583.sprint.dynatracelabs.com:443/communication}
# JMH blackhole mode: full blackhole + dont-inline hint
# Warmup: <none>
# Measurement: 1 iterations, single-shot each
# Timeout: 3 hr per iteration
# Threads: 1 thread
# Benchmark mode: Single shot invocation time
# Benchmark: org.apache.poi.benchmark.suite.TestBenchmarks.benchmarkTestIntegration

# Run progress: 50.00% complete, ETA 00:08:15
# Fork: N/A, test runs in the host VM
# *** WARNING: Non-forked runs may silently omit JVM options, mess up profilers, disable compiler hints, etc. ***
# *** WARNING: Use non-forked runs only for debugging purposes, not for actual performance runs. ***
Iteration   1: <failure>

java.io.IOException: Log-Tail: [Buildfile: /opt/poi-benchmark/sources/build.xml, check-jars:, fetch-jars:, check-ooxml-jars:, fetch-ooxml-jars:, init:,      [echo] Using Ant: Apache Ant(TM) version 1.10.7 compiled on October 24 2019 from /usr/share/ant, Ant detected Java 11 (may be different than actual Java sometimes...),      [echo] Using Java: 11.0.9.1/11.0.9.1+1-Ubuntu-0ubuntu1.20.04/11.0.9.1+1-Ubuntu-0ubuntu1.20.04/OpenJDK 64-Bit Server VM from Ubuntu on Linux: 4.4.0,      [echo] Building Apache POI version 5.0.0-SNAPSHOT and RC: RC1, -version-java-check:, compile-version:, compile-main:, compile-scratchpad:, check-compiled-ooxml-xsds:, compile-ooxml-xsds:, compile-ooxml:, compile-examples:, compile-integration:,     [javac] Compiling 26 source files to /opt/poi-benchmark/sources/build/integration-test-classes,     [javac] Ignoring source, target and bootclasspath as release has been set,     [mkdir] Created dir: /opt/poi-benchmark/sources/build/integration-test-classes/META-INF/versions/9,     [javac] Compiling 1 source file to /opt/poi-benchmark/sources/build/integration-test-classes/META-INF/versions/9,       [jar] Building jar: /opt/poi-benchmark/sources/build/dist/maven/poi-integration/poi-integration-5.0.0-SNAPSHOT.jar, -test-integration-check:, jacocotask:,      [echo] Coverage reporting: ${coverage.enabled}, test-integration:,     [javac] Compiling 1 source file to /opt/poi-benchmark/sources/build/poi-ant-contrib,     [javac] /opt/poi-benchmark/sources/src/excelant/poi-ant-contrib/Junit5Progress.java:35: error: unmappable character (0xE2) for encoding US-ASCII,     [javac]  * @see <a href="https://www.selikoff.net/2018/07/28/ant-and-junit-5-outputting-test-duration-and-failure-to-the-log/">ant and junit 5 ??? outputting test duration and failure to the log</a>,     [javac]                                                                                                                                        ^,     [javac] /opt/poi-benchmark/sources/src/excelant/poi-ant-contrib/Junit5Progress.java:35: error: unmappable character (0x80) for encoding US-ASCII,     [javac]  * @see <a href="https://www.selikoff.net/2018/07/28/ant-and-junit-5-outputting-test-duration-and-failure-to-the-log/">ant and junit 5 ??? outputting test duration and failure to the log</a>,     [javac]                                                                                                                                         ^,     [javac] /opt/poi-benchmark/sources/src/excelant/poi-ant-contrib/Junit5Progress.java:35: error: unmappable character (0x93) for encoding US-ASCII,     [javac]  * @see <a href="https://www.selikoff.net/2018/07/28/ant-and-junit-5-outputting-test-duration-and-failure-to-the-log/">ant and junit 5 ??? outputting test duration and failure to the log</a>,     [javac]                                                                                                                                          ^,     [javac] 3 errors, BUILD FAILED, /opt/poi-benchmark/sources/build.xml:1695: The following error occurred while executing this line:, /opt/poi-benchmark/sources/build.xml:1219: Compile failed; see the compiler error output for details., Total time: 8 seconds]
	at org.apache.poi.benchmark.suite.BaseBenchmark.runAntTarget(BaseBenchmark.java:206)
	at org.apache.poi.benchmark.suite.BaseBenchmark.testIntegration(BaseBenchmark.java:193)
	at org.apache.poi.benchmark.suite.TestBenchmarks.benchmarkTestIntegration(TestBenchmarks.java:45)
	at org.apache.poi.benchmark.suite.jmh_generated.TestBenchmarks_benchmarkTestIntegration_jmhTest.benchmarkTestIntegration_ss_jmhStub(TestBenchmarks_benchmarkTestIntegration_jmhTest.java:320)
	at org.apache.poi.benchmark.suite.jmh_generated.TestBenchmarks_benchmarkTestIntegration_jmhTest.benchmarkTestIntegration_SingleShotTime(TestBenchmarks_benchmarkTestIntegration_jmhTest.java:299)
	at java.base/jdk.internal.reflect.NativeMethodAccessorImpl.invoke0(Native Method)
	at java.base/jdk.internal.reflect.NativeMethodAccessorImpl.invoke(NativeMethodAccessorImpl.java:62)
	at java.base/jdk.internal.reflect.DelegatingMethodAccessorImpl.invoke(DelegatingMethodAccessorImpl.java:43)
	at java.base/java.lang.reflect.Method.invoke(Method.java:566)
	at org.openjdk.jmh.runner.BenchmarkHandler$BenchmarkTask.call(BenchmarkHandler.java:453)
	at org.openjdk.jmh.runner.BenchmarkHandler$BenchmarkTask.call(BenchmarkHandler.java:437)
	at java.base/java.util.concurrent.FutureTask.run(FutureTask.java:264)
	at java.base/java.util.concurrent.Executors$RunnableAdapter.call(Executors.java:515)
	at java.base/java.util.concurrent.FutureTask.run(FutureTask.java:264)
	at java.base/java.util.concurrent.ThreadPoolExecutor.runWorker(ThreadPoolExecutor.java:1128)
	at java.base/java.util.concurrent.ThreadPoolExecutor$Worker.run(ThreadPoolExecutor.java:628)
	at java.base/java.lang.Thread.run(Thread.java:834)
Caused by: org.apache.commons.exec.ExecuteException: While executing (sources); [ant, test-integration] (Exit value: 1. Caused by org.apache.commons.exec.ExecuteException: Process exited with an error: 1 (Exit value: 1))
	at org.dstadler.commons.exec.ExecutionHelper.execute(ExecutionHelper.java:153)
	at org.dstadler.commons.exec.ExecutionHelper.getCommandResultIntoStream(ExecutionHelper.java:127)
	at org.apache.poi.benchmark.suite.BaseBenchmark.runAntTarget(BaseBenchmark.java:202)
	... 16 more
Caused by: org.apache.commons.exec.ExecuteException: Process exited with an error: 1 (Exit value: 1)
	at org.apache.commons.exec.DefaultExecutor.executeInternal(DefaultExecutor.java:404)
	at org.apache.commons.exec.DefaultExecutor.execute(DefaultExecutor.java:166)
	at org.dstadler.commons.exec.ExecutionHelper.execute(ExecutionHelper.java:148)
	... 18 more


# JMH version: 1.27
# VM version: JDK 11.0.9.1, OpenJDK 64-Bit Server VM, 11.0.9.1+1-Ubuntu-0ubuntu1.20.04
# VM invoker: /usr/lib/jvm/java-11-openjdk-amd64/bin/java
# VM options: -Xmx8m -agentpath:/opt/dynatrace/oneagent/agent/bin/1.207.203.20201222-142205/linux-x86-64/liboneagentloader.so=loglevelcon=none,***REMOVED***,***REMOVED***,datastorage=/var/lib/dynatrace/oneagent/datastorage,logdir=/var/log/dynatrace/oneagent,server={*https://sg-eu-west-1-52-214-31-22-acceptancee2e-euwest.sprint.ruxitlabs.com/communication;https://sg-eu-west-1-54-77-175-7-acceptancee2e-euwest.sprint.ruxitlabs.com/communication}{https://fzu35583.sprint.dynatracelabs.com:443/communication}
# JMH blackhole mode: full blackhole + dont-inline hint
# Warmup: <none>
# Measurement: 1 iterations, single-shot each
# Timeout: 10 min per iteration
# Threads: 1 thread
# Benchmark mode: Single shot invocation time
# Benchmark: org.apache.poi.benchmark.suite.TestBenchmarks.benchmarkTestMain

# Run progress: 60.00% complete, ETA 00:05:42
# Fork: N/A, test runs in the host VM
# *** WARNING: Non-forked runs may silently omit JVM options, mess up profilers, disable compiler hints, etc. ***
# *** WARNING: Use non-forked runs only for debugging purposes, not for actual performance runs. ***
Iteration   1: <failure>

java.io.IOException: Log-Tail: [Buildfile: /opt/poi-benchmark/sources/build.xml, check-jars:, fetch-jars:, check-ooxml-jars:, fetch-ooxml-jars:, init:,      [echo] Using Ant: Apache Ant(TM) version 1.10.7 compiled on October 24 2019 from /usr/share/ant, Ant detected Java 11 (may be different than actual Java sometimes...),      [echo] Using Java: 11.0.9.1/11.0.9.1+1-Ubuntu-0ubuntu1.20.04/11.0.9.1+1-Ubuntu-0ubuntu1.20.04/OpenJDK 64-Bit Server VM from Ubuntu on Linux: 4.4.0,      [echo] Building Apache POI version 5.0.0-SNAPSHOT and RC: RC1, -version-java-check:, compile-version:, compile-main:, -test-main-check:, jacocotask:,      [echo] Coverage reporting: ${coverage.enabled}, test-main:,     [javac] Compiling 1 source file to /opt/poi-benchmark/sources/build/poi-ant-contrib,     [javac] /opt/poi-benchmark/sources/src/excelant/poi-ant-contrib/Junit5Progress.java:35: error: unmappable character (0xE2) for encoding US-ASCII,     [javac]  * @see <a href="https://www.selikoff.net/2018/07/28/ant-and-junit-5-outputting-test-duration-and-failure-to-the-log/">ant and junit 5 ??? outputting test duration and failure to the log</a>,     [javac]                                                                                                                                        ^,     [javac] /opt/poi-benchmark/sources/src/excelant/poi-ant-contrib/Junit5Progress.java:35: error: unmappable character (0x80) for encoding US-ASCII,     [javac]  * @see <a href="https://www.selikoff.net/2018/07/28/ant-and-junit-5-outputting-test-duration-and-failure-to-the-log/">ant and junit 5 ??? outputting test duration and failure to the log</a>,     [javac]                                                                                                                                         ^,     [javac] /opt/poi-benchmark/sources/src/excelant/poi-ant-contrib/Junit5Progress.java:35: error: unmappable character (0x93) for encoding US-ASCII,     [javac]  * @see <a href="https://www.selikoff.net/2018/07/28/ant-and-junit-5-outputting-test-duration-and-failure-to-the-log/">ant and junit 5 ??? outputting test duration and failure to the log</a>,     [javac]                                                                                                                                          ^,     [javac] 3 errors, BUILD FAILED, /opt/poi-benchmark/sources/build.xml:1547: The following error occurred while executing this line:, /opt/poi-benchmark/sources/build.xml:1219: Compile failed; see the compiler error output for details., Total time: 3 seconds]
	at org.apache.poi.benchmark.suite.BaseBenchmark.runAntTarget(BaseBenchmark.java:206)
	at org.apache.poi.benchmark.suite.BaseBenchmark.testMain(BaseBenchmark.java:164)
	at org.apache.poi.benchmark.suite.TestBenchmarks.benchmarkTestMain(TestBenchmarks.java:18)
	at org.apache.poi.benchmark.suite.jmh_generated.TestBenchmarks_benchmarkTestMain_jmhTest.benchmarkTestMain_ss_jmhStub(TestBenchmarks_benchmarkTestMain_jmhTest.java:320)
	at org.apache.poi.benchmark.suite.jmh_generated.TestBenchmarks_benchmarkTestMain_jmhTest.benchmarkTestMain_SingleShotTime(TestBenchmarks_benchmarkTestMain_jmhTest.java:299)
	at java.base/jdk.internal.reflect.NativeMethodAccessorImpl.invoke0(Native Method)
	at java.base/jdk.internal.reflect.NativeMethodAccessorImpl.invoke(NativeMethodAccessorImpl.java:62)
	at java.base/jdk.internal.reflect.DelegatingMethodAccessorImpl.invoke(DelegatingMethodAccessorImpl.java:43)
	at java.base/java.lang.reflect.Method.invoke(Method.java:566)
	at org.openjdk.jmh.runner.BenchmarkHandler$BenchmarkTask.call(BenchmarkHandler.java:453)
	at org.openjdk.jmh.runner.BenchmarkHandler$BenchmarkTask.call(BenchmarkHandler.java:437)
	at java.base/java.util.concurrent.FutureTask.run(FutureTask.java:264)
	at java.base/java.util.concurrent.Executors$RunnableAdapter.call(Executors.java:515)
	at java.base/java.util.concurrent.FutureTask.run(FutureTask.java:264)
	at java.base/java.util.concurrent.ThreadPoolExecutor.runWorker(ThreadPoolExecutor.java:1128)
	at java.base/java.util.concurrent.ThreadPoolExecutor$Worker.run(ThreadPoolExecutor.java:628)
	at java.base/java.lang.Thread.run(Thread.java:834)
Caused by: org.apache.commons.exec.ExecuteException: While executing (sources); [ant, test-main] (Exit value: 1. Caused by org.apache.commons.exec.ExecuteException: Process exited with an error: 1 (Exit value: 1))
	at org.dstadler.commons.exec.ExecutionHelper.execute(ExecutionHelper.java:153)
	at org.dstadler.commons.exec.ExecutionHelper.getCommandResultIntoStream(ExecutionHelper.java:127)
	at org.apache.poi.benchmark.suite.BaseBenchmark.runAntTarget(BaseBenchmark.java:202)
	... 16 more
Caused by: org.apache.commons.exec.ExecuteException: Process exited with an error: 1 (Exit value: 1)
	at org.apache.commons.exec.DefaultExecutor.executeInternal(DefaultExecutor.java:404)
	at org.apache.commons.exec.DefaultExecutor.execute(DefaultExecutor.java:166)
	at org.dstadler.commons.exec.ExecutionHelper.execute(ExecutionHelper.java:148)
	... 18 more


# JMH version: 1.27
# VM version: JDK 11.0.9.1, OpenJDK 64-Bit Server VM, 11.0.9.1+1-Ubuntu-0ubuntu1.20.04
# VM invoker: /usr/lib/jvm/java-11-openjdk-amd64/bin/java
# VM options: -Xmx8m -agentpath:/opt/dynatrace/oneagent/agent/bin/1.207.203.20201222-142205/linux-x86-64/liboneagentloader.so=loglevelcon=none,***REMOVED***,***REMOVED***,datastorage=/var/lib/dynatrace/oneagent/datastorage,logdir=/var/log/dynatrace/oneagent,server={*https://sg-eu-west-1-52-214-31-22-acceptancee2e-euwest.sprint.ruxitlabs.com/communication;https://sg-eu-west-1-54-77-175-7-acceptancee2e-euwest.sprint.ruxitlabs.com/communication}{https://fzu35583.sprint.dynatracelabs.com:443/communication}
# JMH blackhole mode: full blackhole + dont-inline hint
# Warmup: <none>
# Measurement: 1 iterations, single-shot each
# Timeout: 10 min per iteration
# Threads: 1 thread
# Benchmark mode: Single shot invocation time
# Benchmark: org.apache.poi.benchmark.suite.TestBenchmarks.benchmarkTestOOXML

# Run progress: 70.00% complete, ETA 00:03:46
# Fork: N/A, test runs in the host VM
# *** WARNING: Non-forked runs may silently omit JVM options, mess up profilers, disable compiler hints, etc. ***
# *** WARNING: Use non-forked runs only for debugging purposes, not for actual performance runs. ***
Iteration   1: <failure>

java.io.IOException: Log-Tail: [Buildfile: /opt/poi-benchmark/sources/build.xml, check-jars:, fetch-jars:, check-ooxml-jars:, fetch-ooxml-jars:, init:,      [echo] Using Ant: Apache Ant(TM) version 1.10.7 compiled on October 24 2019 from /usr/share/ant, Ant detected Java 11 (may be different than actual Java sometimes...),      [echo] Using Java: 11.0.9.1/11.0.9.1+1-Ubuntu-0ubuntu1.20.04/11.0.9.1+1-Ubuntu-0ubuntu1.20.04/OpenJDK 64-Bit Server VM from Ubuntu on Linux: 4.4.0,      [echo] Building Apache POI version 5.0.0-SNAPSHOT and RC: RC1, -version-java-check:, compile-version:, compile-main:, compile-scratchpad:, check-compiled-ooxml-xsds:, compile-ooxml-xsds:, compile-ooxml:, -test-ooxml-check:, jacocotask:,      [echo] Coverage reporting: ${coverage.enabled}, test-ooxml:,     [javac] Compiling 1 source file to /opt/poi-benchmark/sources/build/poi-ant-contrib,     [javac] /opt/poi-benchmark/sources/src/excelant/poi-ant-contrib/Junit5Progress.java:35: error: unmappable character (0xE2) for encoding US-ASCII,     [javac]  * @see <a href="https://www.selikoff.net/2018/07/28/ant-and-junit-5-outputting-test-duration-and-failure-to-the-log/">ant and junit 5 ??? outputting test duration and failure to the log</a>,     [javac]                                                                                                                                        ^,     [javac] /opt/poi-benchmark/sources/src/excelant/poi-ant-contrib/Junit5Progress.java:35: error: unmappable character (0x80) for encoding US-ASCII,     [javac]  * @see <a href="https://www.selikoff.net/2018/07/28/ant-and-junit-5-outputting-test-duration-and-failure-to-the-log/">ant and junit 5 ??? outputting test duration and failure to the log</a>,     [javac]                                                                                                                                         ^,     [javac] /opt/poi-benchmark/sources/src/excelant/poi-ant-contrib/Junit5Progress.java:35: error: unmappable character (0x93) for encoding US-ASCII,     [javac]  * @see <a href="https://www.selikoff.net/2018/07/28/ant-and-junit-5-outputting-test-duration-and-failure-to-the-log/">ant and junit 5 ??? outputting test duration and failure to the log</a>,     [javac]                                                                                                                                          ^,     [javac] 3 errors, BUILD FAILED, /opt/poi-benchmark/sources/build.xml:1659: The following error occurred while executing this line:, /opt/poi-benchmark/sources/build.xml:1632: The following error occurred while executing this line:, /opt/poi-benchmark/sources/build.xml:1219: Compile failed; see the compiler error output for details., Total time: 3 seconds]
	at org.apache.poi.benchmark.suite.BaseBenchmark.runAntTarget(BaseBenchmark.java:206)
	at org.apache.poi.benchmark.suite.BaseBenchmark.testOOXML(BaseBenchmark.java:172)
	at org.apache.poi.benchmark.suite.TestBenchmarks.benchmarkTestOOXML(TestBenchmarks.java:28)
	at org.apache.poi.benchmark.suite.jmh_generated.TestBenchmarks_benchmarkTestOOXML_jmhTest.benchmarkTestOOXML_ss_jmhStub(TestBenchmarks_benchmarkTestOOXML_jmhTest.java:320)
	at org.apache.poi.benchmark.suite.jmh_generated.TestBenchmarks_benchmarkTestOOXML_jmhTest.benchmarkTestOOXML_SingleShotTime(TestBenchmarks_benchmarkTestOOXML_jmhTest.java:299)
	at java.base/jdk.internal.reflect.NativeMethodAccessorImpl.invoke0(Native Method)
	at java.base/jdk.internal.reflect.NativeMethodAccessorImpl.invoke(NativeMethodAccessorImpl.java:62)
	at java.base/jdk.internal.reflect.DelegatingMethodAccessorImpl.invoke(DelegatingMethodAccessorImpl.java:43)
	at java.base/java.lang.reflect.Method.invoke(Method.java:566)
	at org.openjdk.jmh.runner.BenchmarkHandler$BenchmarkTask.call(BenchmarkHandler.java:453)
	at org.openjdk.jmh.runner.BenchmarkHandler$BenchmarkTask.call(BenchmarkHandler.java:437)
	at java.base/java.util.concurrent.FutureTask.run(FutureTask.java:264)
	at java.base/java.util.concurrent.Executors$RunnableAdapter.call(Executors.java:515)
	at java.base/java.util.concurrent.FutureTask.run(FutureTask.java:264)
	at java.base/java.util.concurrent.ThreadPoolExecutor.runWorker(ThreadPoolExecutor.java:1128)
	at java.base/java.util.concurrent.ThreadPoolExecutor$Worker.run(ThreadPoolExecutor.java:628)
	at java.base/java.lang.Thread.run(Thread.java:834)
Caused by: org.apache.commons.exec.ExecuteException: While executing (sources); [ant, test-ooxml] (Exit value: 1. Caused by org.apache.commons.exec.ExecuteException: Process exited with an error: 1 (Exit value: 1))
	at org.dstadler.commons.exec.ExecutionHelper.execute(ExecutionHelper.java:153)
	at org.dstadler.commons.exec.ExecutionHelper.getCommandResultIntoStream(ExecutionHelper.java:127)
	at org.apache.poi.benchmark.suite.BaseBenchmark.runAntTarget(BaseBenchmark.java:202)
	... 16 more
Caused by: org.apache.commons.exec.ExecuteException: Process exited with an error: 1 (Exit value: 1)
	at org.apache.commons.exec.DefaultExecutor.executeInternal(DefaultExecutor.java:404)
	at org.apache.commons.exec.DefaultExecutor.execute(DefaultExecutor.java:166)
	at org.dstadler.commons.exec.ExecutionHelper.execute(ExecutionHelper.java:148)
	... 18 more


# JMH version: 1.27
# VM version: JDK 11.0.9.1, OpenJDK 64-Bit Server VM, 11.0.9.1+1-Ubuntu-0ubuntu1.20.04
# VM invoker: /usr/lib/jvm/java-11-openjdk-amd64/bin/java
# VM options: -Xmx8m -agentpath:/opt/dynatrace/oneagent/agent/bin/1.207.203.20201222-142205/linux-x86-64/liboneagentloader.so=loglevelcon=none,***REMOVED***,***REMOVED***,datastorage=/var/lib/dynatrace/oneagent/datastorage,logdir=/var/log/dynatrace/oneagent,server={*https://sg-eu-west-1-52-214-31-22-acceptancee2e-euwest.sprint.ruxitlabs.com/communication;https://sg-eu-west-1-54-77-175-7-acceptancee2e-euwest.sprint.ruxitlabs.com/communication}{https://fzu35583.sprint.dynatracelabs.com:443/communication}
# JMH blackhole mode: full blackhole + dont-inline hint
# Warmup: <none>
# Measurement: 1 iterations, single-shot each
# Timeout: 10 min per iteration
# Threads: 1 thread
# Benchmark mode: Single shot invocation time
# Benchmark: org.apache.poi.benchmark.suite.TestBenchmarks.benchmarkTestOOXMLLite

# Run progress: 80.00% complete, ETA 00:02:15
# Fork: N/A, test runs in the host VM
# *** WARNING: Non-forked runs may silently omit JVM options, mess up profilers, disable compiler hints, etc. ***
# *** WARNING: Use non-forked runs only for debugging purposes, not for actual performance runs. ***
Iteration   1: <failure>

java.io.IOException: Log-Tail: [Buildfile: /opt/poi-benchmark/sources/build.xml, jacocotask:,      [echo] Coverage reporting: ${coverage.enabled}, check-jars:, fetch-jars:, check-ooxml-jars:, fetch-ooxml-jars:, init:,      [echo] Using Ant: Apache Ant(TM) version 1.10.7 compiled on October 24 2019 from /usr/share/ant, Ant detected Java 11 (may be different than actual Java sometimes...),      [echo] Using Java: 11.0.9.1/11.0.9.1+1-Ubuntu-0ubuntu1.20.04/11.0.9.1+1-Ubuntu-0ubuntu1.20.04/OpenJDK 64-Bit Server VM from Ubuntu on Linux: 4.4.0,      [echo] Building Apache POI version 5.0.0-SNAPSHOT and RC: RC1, -version-java-check:, compile-version:, compile-main:, compile-scratchpad:, check-compiled-ooxml-xsds:, compile-ooxml-xsds:, compile-ooxml:, -test-ooxml-check:, test-ooxml:,     [javac] Compiling 1 source file to /opt/poi-benchmark/sources/build/poi-ant-contrib,     [javac] /opt/poi-benchmark/sources/src/excelant/poi-ant-contrib/Junit5Progress.java:35: error: unmappable character (0xE2) for encoding US-ASCII,     [javac]  * @see <a href="https://www.selikoff.net/2018/07/28/ant-and-junit-5-outputting-test-duration-and-failure-to-the-log/">ant and junit 5 ??? outputting test duration and failure to the log</a>,     [javac]                                                                                                                                        ^,     [javac] /opt/poi-benchmark/sources/src/excelant/poi-ant-contrib/Junit5Progress.java:35: error: unmappable character (0x80) for encoding US-ASCII,     [javac]  * @see <a href="https://www.selikoff.net/2018/07/28/ant-and-junit-5-outputting-test-duration-and-failure-to-the-log/">ant and junit 5 ??? outputting test duration and failure to the log</a>,     [javac]                                                                                                                                         ^,     [javac] /opt/poi-benchmark/sources/src/excelant/poi-ant-contrib/Junit5Progress.java:35: error: unmappable character (0x93) for encoding US-ASCII,     [javac]  * @see <a href="https://www.selikoff.net/2018/07/28/ant-and-junit-5-outputting-test-duration-and-failure-to-the-log/">ant and junit 5 ??? outputting test duration and failure to the log</a>,     [javac]                                                                                                                                          ^,     [javac] 3 errors, BUILD FAILED, /opt/poi-benchmark/sources/build.xml:1659: The following error occurred while executing this line:, /opt/poi-benchmark/sources/build.xml:1632: The following error occurred while executing this line:, /opt/poi-benchmark/sources/build.xml:1219: Compile failed; see the compiler error output for details., Total time: 4 seconds]
	at org.apache.poi.benchmark.suite.BaseBenchmark.runAntTarget(BaseBenchmark.java:206)
	at org.apache.poi.benchmark.suite.BaseBenchmark.testOOXMLLite(BaseBenchmark.java:185)
	at org.apache.poi.benchmark.suite.TestBenchmarks.benchmarkTestOOXMLLite(TestBenchmarks.java:33)
	at org.apache.poi.benchmark.suite.jmh_generated.TestBenchmarks_benchmarkTestOOXMLLite_jmhTest.benchmarkTestOOXMLLite_ss_jmhStub(TestBenchmarks_benchmarkTestOOXMLLite_jmhTest.java:320)
	at org.apache.poi.benchmark.suite.jmh_generated.TestBenchmarks_benchmarkTestOOXMLLite_jmhTest.benchmarkTestOOXMLLite_SingleShotTime(TestBenchmarks_benchmarkTestOOXMLLite_jmhTest.java:299)
	at java.base/jdk.internal.reflect.NativeMethodAccessorImpl.invoke0(Native Method)
	at java.base/jdk.internal.reflect.NativeMethodAccessorImpl.invoke(NativeMethodAccessorImpl.java:62)
	at java.base/jdk.internal.reflect.DelegatingMethodAccessorImpl.invoke(DelegatingMethodAccessorImpl.java:43)
	at java.base/java.lang.reflect.Method.invoke(Method.java:566)
	at org.openjdk.jmh.runner.BenchmarkHandler$BenchmarkTask.call(BenchmarkHandler.java:453)
	at org.openjdk.jmh.runner.BenchmarkHandler$BenchmarkTask.call(BenchmarkHandler.java:437)
	at java.base/java.util.concurrent.FutureTask.run(FutureTask.java:264)
	at java.base/java.util.concurrent.Executors$RunnableAdapter.call(Executors.java:515)
	at java.base/java.util.concurrent.FutureTask.run(FutureTask.java:264)
	at java.base/java.util.concurrent.ThreadPoolExecutor.runWorker(ThreadPoolExecutor.java:1128)
	at java.base/java.util.concurrent.ThreadPoolExecutor$Worker.run(ThreadPoolExecutor.java:628)
	at java.base/java.lang.Thread.run(Thread.java:834)
Caused by: org.apache.commons.exec.ExecuteException: While executing (sources); [ant, test-ooxml-lite] (Exit value: 1. Caused by org.apache.commons.exec.ExecuteException: Process exited with an error: 1 (Exit value: 1))
	at org.dstadler.commons.exec.ExecutionHelper.execute(ExecutionHelper.java:153)
	at org.dstadler.commons.exec.ExecutionHelper.getCommandResultIntoStream(ExecutionHelper.java:127)
	at org.apache.poi.benchmark.suite.BaseBenchmark.runAntTarget(BaseBenchmark.java:202)
	... 16 more
Caused by: org.apache.commons.exec.ExecuteException: Process exited with an error: 1 (Exit value: 1)
	at org.apache.commons.exec.DefaultExecutor.executeInternal(DefaultExecutor.java:404)
	at org.apache.commons.exec.DefaultExecutor.execute(DefaultExecutor.java:166)
	at org.dstadler.commons.exec.ExecutionHelper.execute(ExecutionHelper.java:148)
	... 18 more


# JMH version: 1.27
# VM version: JDK 11.0.9.1, OpenJDK 64-Bit Server VM, 11.0.9.1+1-Ubuntu-0ubuntu1.20.04
# VM invoker: /usr/lib/jvm/java-11-openjdk-amd64/bin/java
# VM options: -Xmx8m -agentpath:/opt/dynatrace/oneagent/agent/bin/1.207.203.20201222-142205/linux-x86-64/liboneagentloader.so=loglevelcon=none,***REMOVED***,***REMOVED***,datastorage=/var/lib/dynatrace/oneagent/datastorage,logdir=/var/log/dynatrace/oneagent,server={*https://sg-eu-west-1-52-214-31-22-acceptancee2e-euwest.sprint.ruxitlabs.com/communication;https://sg-eu-west-1-54-77-175-7-acceptancee2e-euwest.sprint.ruxitlabs.com/communication}{https://fzu35583.sprint.dynatracelabs.com:443/communication}
# JMH blackhole mode: full blackhole + dont-inline hint
# Warmup: <none>
# Measurement: 1 iterations, single-shot each
# Timeout: 10 min per iteration
# Threads: 1 thread
# Benchmark mode: Single shot invocation time
# Benchmark: org.apache.poi.benchmark.suite.TestBenchmarks.benchmarkTestScratchpad

# Run progress: 90.00% complete, ETA 00:01:01
# Fork: N/A, test runs in the host VM
# *** WARNING: Non-forked runs may silently omit JVM options, mess up profilers, disable compiler hints, etc. ***
# *** WARNING: Use non-forked runs only for debugging purposes, not for actual performance runs. ***
Iteration   1: <failure>

java.io.IOException: Log-Tail: [Buildfile: /opt/poi-benchmark/sources/build.xml, jacocotask:,      [echo] Coverage reporting: ${coverage.enabled}, check-jars:, fetch-jars:, check-ooxml-jars:, fetch-ooxml-jars:, init:,      [echo] Using Ant: Apache Ant(TM) version 1.10.7 compiled on October 24 2019 from /usr/share/ant, Ant detected Java 11 (may be different than actual Java sometimes...),      [echo] Using Java: 11.0.9.1/11.0.9.1+1-Ubuntu-0ubuntu1.20.04/11.0.9.1+1-Ubuntu-0ubuntu1.20.04/OpenJDK 64-Bit Server VM from Ubuntu on Linux: 4.4.0,      [echo] Building Apache POI version 5.0.0-SNAPSHOT and RC: RC1, -version-java-check:, compile-version:, compile-main:, compile-scratchpad:, -test-scratchpad-check:, test-scratchpad-download-resources:, test-scratchpad:,     [javac] Compiling 1 source file to /opt/poi-benchmark/sources/build/poi-ant-contrib,     [javac] /opt/poi-benchmark/sources/src/excelant/poi-ant-contrib/Junit5Progress.java:35: error: unmappable character (0xE2) for encoding US-ASCII,     [javac]  * @see <a href="https://www.selikoff.net/2018/07/28/ant-and-junit-5-outputting-test-duration-and-failure-to-the-log/">ant and junit 5 ??? outputting test duration and failure to the log</a>,     [javac]                                                                                                                                        ^,     [javac] /opt/poi-benchmark/sources/src/excelant/poi-ant-contrib/Junit5Progress.java:35: error: unmappable character (0x80) for encoding US-ASCII,     [javac]  * @see <a href="https://www.selikoff.net/2018/07/28/ant-and-junit-5-outputting-test-duration-and-failure-to-the-log/">ant and junit 5 ??? outputting test duration and failure to the log</a>,     [javac]                                                                                                                                         ^,     [javac] /opt/poi-benchmark/sources/src/excelant/poi-ant-contrib/Junit5Progress.java:35: error: unmappable character (0x93) for encoding US-ASCII,     [javac]  * @see <a href="https://www.selikoff.net/2018/07/28/ant-and-junit-5-outputting-test-duration-and-failure-to-the-log/">ant and junit 5 ??? outputting test duration and failure to the log</a>,     [javac]                                                                                                                                          ^,     [javac] 3 errors, BUILD FAILED, /opt/poi-benchmark/sources/build.xml:1603: The following error occurred while executing this line:, /opt/poi-benchmark/sources/build.xml:1219: Compile failed; see the compiler error output for details., Total time: 3 seconds]
	at org.apache.poi.benchmark.suite.BaseBenchmark.runAntTarget(BaseBenchmark.java:206)
	at org.apache.poi.benchmark.suite.BaseBenchmark.testScratchpad(BaseBenchmark.java:168)
	at org.apache.poi.benchmark.suite.TestBenchmarks.benchmarkTestScratchpad(TestBenchmarks.java:23)
	at org.apache.poi.benchmark.suite.jmh_generated.TestBenchmarks_benchmarkTestScratchpad_jmhTest.benchmarkTestScratchpad_ss_jmhStub(TestBenchmarks_benchmarkTestScratchpad_jmhTest.java:320)
	at org.apache.poi.benchmark.suite.jmh_generated.TestBenchmarks_benchmarkTestScratchpad_jmhTest.benchmarkTestScratchpad_SingleShotTime(TestBenchmarks_benchmarkTestScratchpad_jmhTest.java:299)
	at java.base/jdk.internal.reflect.NativeMethodAccessorImpl.invoke0(Native Method)
	at java.base/jdk.internal.reflect.NativeMethodAccessorImpl.invoke(NativeMethodAccessorImpl.java:62)
	at java.base/jdk.internal.reflect.DelegatingMethodAccessorImpl.invoke(DelegatingMethodAccessorImpl.java:43)
	at java.base/java.lang.reflect.Method.invoke(Method.java:566)
	at org.openjdk.jmh.runner.BenchmarkHandler$BenchmarkTask.call(BenchmarkHandler.java:453)
	at org.openjdk.jmh.runner.BenchmarkHandler$BenchmarkTask.call(BenchmarkHandler.java:437)
	at java.base/java.util.concurrent.FutureTask.run(FutureTask.java:264)
	at java.base/java.util.concurrent.Executors$RunnableAdapter.call(Executors.java:515)
	at java.base/java.util.concurrent.FutureTask.run(FutureTask.java:264)
	at java.base/java.util.concurrent.ThreadPoolExecutor.runWorker(ThreadPoolExecutor.java:1128)
	at java.base/java.util.concurrent.ThreadPoolExecutor$Worker.run(ThreadPoolExecutor.java:628)
	at java.base/java.lang.Thread.run(Thread.java:834)
Caused by: org.apache.commons.exec.ExecuteException: While executing (sources); [ant, test-scratchpad] (Exit value: 1. Caused by org.apache.commons.exec.ExecuteException: Process exited with an error: 1 (Exit value: 1))
	at org.dstadler.commons.exec.ExecutionHelper.execute(ExecutionHelper.java:153)
	at org.dstadler.commons.exec.ExecutionHelper.getCommandResultIntoStream(ExecutionHelper.java:127)
	at org.apache.poi.benchmark.suite.BaseBenchmark.runAntTarget(BaseBenchmark.java:202)
	... 16 more
Caused by: org.apache.commons.exec.ExecuteException: Process exited with an error: 1 (Exit value: 1)
	at org.apache.commons.exec.DefaultExecutor.executeInternal(DefaultExecutor.java:404)
	at org.apache.commons.exec.DefaultExecutor.execute(DefaultExecutor.java:166)
	at org.dstadler.commons.exec.ExecutionHelper.execute(ExecutionHelper.java:148)
	... 18 more


# Run complete. Total time: 00:09:27

REMEMBER: The numbers below are just data. To gain reusable insights, you need to follow up on
why the numbers are the way they are. Use profilers (see -prof, -lprof), design factorial
experiments, perform baseline and negative tests that provide experimental control, make sure
the benchmarking environment is safe on JVM/OS/HW level, ask for reviews from the domain experts.
Do not assume the numbers tell you what you want them to tell.

Benchmark                                          Mode  Cnt     Score   Error  Units
SSPerformanceBenchmarks.benchmarkHSSFPerformance     ss       3441.917          ms/op
SSPerformanceBenchmarks.benchmarkSXSSFPerformance    ss       6981.373          ms/op
SSPerformanceBenchmarks.benchmarkXSSFPerformance     ss       8812.168          ms/op

Benchmark result is saved to build/reports/jmh/results.json
