# JMH version: 1.33
# VM version: JDK 11.0.11, OpenJDK 64-Bit Server VM, 11.0.11+9-Ubuntu-0ubuntu2.20.04
# VM invoker: /usr/lib/jvm/java-11-openjdk-amd64/bin/java
# VM options: -Xmx8m -agentpath:/opt/dynatrace/oneagent/agent/bin/1.225.124.20210910-091412/linux-x86-64/liboneagentloader.so=loglevelcon=none,datastorage=/var/lib/dynatrace/oneagent/datastorage,logdir=/var/log/dynatrace/oneagent
# Blackhole mode: full + dont-inline hint (default, use -Djmh.blackhole.autoDetect=true to auto-detect)
# Warmup: <none>
# Measurement: 1 iterations, single-shot each
# Timeout: 10 min per iteration
# Threads: 1 thread
# Benchmark mode: Single shot invocation time
# Benchmark: org.apache.poi.benchmark.suite.BuildBenchmarks.benchmarkCompileAll

# Run progress: 0.00% complete, ETA 00:00:00
# Fork: N/A, test runs in the host VM
# *** WARNING: Non-forked runs may silently omit JVM options, mess up profilers, disable compiler hints, etc. ***
# *** WARNING: Use non-forked runs only for debugging purposes, not for actual performance runs. ***
Iteration   1: <failure>

java.io.IOException: Log-Tail: [        return _uBook.getNameAt(namePtg.getIndex()).getNameName();,                      ^, /opt/poi-benchmark/sources/poi-ooxml/src/main/java/org/apache/poi/xssf/usermodel/BaseXSSFEvaluationWorkbook.java:346: warning: [deprecation] getNameAt(int) in XSSFWorkbook has been deprecated,         return new Name(_uBook.getNameAt(ix), ix, this);,                               ^, /opt/poi-benchmark/sources/poi-ooxml/src/main/java/org/apache/poi/xssf/usermodel/BaseXSSFFormulaEvaluator.java:85: warning: [deprecation] setCellType(CellType) in Cell has been deprecated,             cell.setCellType(cellType);,                 ^, /opt/poi-benchmark/sources/poi-ooxml/src/main/java/org/apache/poi/poifs/crypt/dsig/SignaturePart.java:202: warning: [unchecked] getPrefixes(String) in SignaturePart.XPathNSContext implements getPrefixes(String) in NamespaceContext,         public Iterator getPrefixes(String val) {,                         ^,   return type requires unchecked conversion from Iterator to Iterator<String>, /opt/poi-benchmark/sources/poi-ooxml/src/main/java/org/apache/poi/poifs/crypt/dsig/services/RelationshipTransformService.java:102: warning: [deprecation] Provider(String,double,String) in Provider has been deprecated,             super(NAME, 1d, NAME);,             ^, 9 warnings, > Task :poi-ooxml:compileJava9, > Task :poi-ooxml:cacheJava9 UP-TO-DATE, > Task :poi-ooxml:processResources, > Task :poi-ooxml:classes, > Task :poi-ooxml:jar, > Task :poi-scratchpad:compileJava, > Task :poi-scratchpad:compileJava/opt/poi-benchmark/sources/poi-scratchpad/src/main/java/org/apache/poi/hwpf/model/BytePropertyNode.java:35: warning: [unchecked] unchecked method invocation: constructor <init> in class PropertyNode is applied to given types,         super(other);,              ^,   required: PropertyNode<T>,   found: BytePropertyNode,   where T is a type-variable:,     T extends PropertyNode<T> declared in class PropertyNode, /opt/poi-benchmark/sources/poi-scratchpad/src/main/java/org/apache/poi/hwpf/model/BytePropertyNode.java:35: warning: [unchecked] unchecked conversion,         super(other);,               ^,   required: PropertyNode<T>,   found:    BytePropertyNode,   where T is a type-variable:,     T extends PropertyNode<T> declared in class PropertyNode, /opt/poi-benchmark/sources/poi-scratchpad/src/main/java/org/apache/poi/hwpf/usermodel/Table.java:89: warning: [deprecation] TYPE_TABLE in Range has been deprecated,         return TYPE_TABLE;,                ^, /opt/poi-benchmark/sources/poi-scratchpad/src/main/java/org/apache/poi/hwpf/usermodel/Section.java:238: warning: [deprecation] TYPE_SECTION in Range has been deprecated,         return TYPE_SECTION;,                ^, /opt/poi-benchmark/sources/poi-scratchpad/src/main/java/org/apache/poi/hwpf/usermodel/HWPFList.java:208: warning: [deprecation] getCharacterStyle(int) in StyleSheet has been deprecated,         CharacterProperties base = _styleSheet.getCharacterStyle( styleIndex );,                                               ^, /opt/poi-benchmark/sources/poi-scratchpad/src/main/java/org/apache/poi/hwpf/usermodel/HWPFList.java:226: warning: [deprecation] getParagraphStyle(int) in StyleSheet has been deprecated,         ParagraphProperties base = _styleSheet.getParagraphStyle( styleIndex );,                                               ^, /opt/poi-benchmark/sources/poi-scratchpad/src/main/java/org/apache/poi/hwpf/model/ListFormatOverrideLevel.java:44: warning: [deprecation] ListLevel(byte[],int) in ListLevel has been deprecated,             _lvl = new ListLevel( buf, offset );,                    ^, /opt/poi-benchmark/sources/poi-scratchpad/src/main/java/org/apache/poi/hwpf/HWPFDocument.java:315: warning: [deprecation] PicturesTable(HWPFDocument,byte[],byte[],FSPATable,OfficeArtContent) in PicturesTable has been deprecated,         _pictures = new PicturesTable(this, _dataStream, _mainStream, _fspaMain, officeArtContent);,                     ^, /opt/poi-benchmark/sources/poi-scratchpad/src/main/java/org/apache/poi/hwpf/HWPFOldDocument.java:133: warning: [deprecation] OldSectionTable(byte[],int,int,int,TextPieceTable) in OldSectionTable has been deprecated,         _st = new OldSectionTable(,               ^, /opt/poi-benchmark/sources/poi-scratchpad/src/main/java/org/apache/poi/hwpf/model/SinglentonTextPiece.java:39: warning: [deprecation] characterLength() in TextPiece has been deprecated,     public int characterLength(),                ^, 10 warnings, > Task :poi-scratchpad:compileJava9, > Task :poi-scratchpad:cacheJava9 UP-TO-DATE, > Task :poi-scratchpad:processResources, > Task :poi-scratchpad:classes, > Task :poi-scratchpad:jar, The message received from the daemon indicates that the daemon has disappeared., Build request sent: Build{id=feef7b6b-bbf1-485f-ac5c-7193e1f918b5, currentDir=/opt/poi-benchmark/sources}, Attempting to read last messages from the daemon log..., Daemon pid: 1369220,   log file: /home/preis/.gradle/daemon/7.2/daemon-1369220.out.log, ----- Last  20 lines from daemon log file - daemon-1369220.out.log -----,                ^, /opt/poi-benchmark/sources/poi-scratchpad/src/main/java/org/apache/poi/hwpf/usermodel/HWPFList.java:208: warning: [deprecation] getCharacterStyle(int) in StyleSheet has been deprecated,         CharacterProperties base = _styleSheet.getCharacterStyle( styleIndex );,                                               ^, /opt/poi-benchmark/sources/poi-scratchpad/src/main/java/org/apache/poi/hwpf/usermodel/HWPFList.java:226: warning: [deprecation] getParagraphStyle(int) in StyleSheet has been deprecated,         ParagraphProperties base = _styleSheet.getParagraphStyle( styleIndex );,                                               ^, /opt/poi-benchmark/sources/poi-scratchpad/src/main/java/org/apache/poi/hwpf/model/ListFormatOverrideLevel.java:44: warning: [deprecation] ListLevel(byte[],int) in ListLevel has been deprecated,             _lvl = new ListLevel( buf, offset );,                    ^, /opt/poi-benchmark/sources/poi-scratchpad/src/main/java/org/apache/poi/hwpf/HWPFDocument.java:315: warning: [deprecation] PicturesTable(HWPFDocument,byte[],byte[],FSPATable,OfficeArtContent) in PicturesTable has been deprecated,         _pictures = new PicturesTable(this, _dataStream, _mainStream, _fspaMain, officeArtContent);,                     ^, /opt/poi-benchmark/sources/poi-scratchpad/src/main/java/org/apache/poi/hwpf/HWPFOldDocument.java:133: warning: [deprecation] OldSectionTable(byte[],int,int,int,TextPieceTable) in OldSectionTable has been deprecated,         _st = new OldSectionTable(,               ^, /opt/poi-benchmark/sources/poi-scratchpad/src/main/java/org/apache/poi/hwpf/model/SinglentonTextPiece.java:39: warning: [deprecation] characterLength() in TextPiece has been deprecated,     public int characterLength(),                ^, 10 warnings, ----- End of the daemon log -----, FAILURE: Build failed with an exception., * What went wrong:, Gradle build daemon disappeared unexpectedly (it may have been killed or may have crashed), * Try:, Run with --stacktrace option to get the stack trace. Run with --info or --debug option to get more log output. Run with --scan to get full insights., * Get more help at https://help.gradle.org, > Task :poi-examples:compileJava]
	at org.apache.poi.benchmark.suite.BaseBenchmark.runGradleTarget(BaseBenchmark.java:198)
	at org.apache.poi.benchmark.suite.BaseBenchmark.compileAll(BaseBenchmark.java:150)
	at org.apache.poi.benchmark.suite.BuildBenchmarks.benchmarkCompileAll(BuildBenchmarks.java:16)
	at org.apache.poi.benchmark.suite.jmh_generated.BuildBenchmarks_benchmarkCompileAll_jmhTest.benchmarkCompileAll_ss_jmhStub(BuildBenchmarks_benchmarkCompileAll_jmhTest.java:320)
	at org.apache.poi.benchmark.suite.jmh_generated.BuildBenchmarks_benchmarkCompileAll_jmhTest.benchmarkCompileAll_SingleShotTime(BuildBenchmarks_benchmarkCompileAll_jmhTest.java:299)
	at java.base/jdk.internal.reflect.NativeMethodAccessorImpl.invoke0(Native Method)
	at java.base/jdk.internal.reflect.NativeMethodAccessorImpl.invoke(NativeMethodAccessorImpl.java:62)
	at java.base/jdk.internal.reflect.DelegatingMethodAccessorImpl.invoke(DelegatingMethodAccessorImpl.java:43)
	at java.base/java.lang.reflect.Method.invoke(Method.java:566)
	at org.openjdk.jmh.runner.BenchmarkHandler$BenchmarkTask.call(BenchmarkHandler.java:475)
	at org.openjdk.jmh.runner.BenchmarkHandler$BenchmarkTask.call(BenchmarkHandler.java:458)
	at java.base/java.util.concurrent.FutureTask.run(FutureTask.java:264)
	at java.base/java.util.concurrent.Executors$RunnableAdapter.call(Executors.java:515)
	at java.base/java.util.concurrent.FutureTask.run(FutureTask.java:264)
	at java.base/java.util.concurrent.ThreadPoolExecutor.runWorker(ThreadPoolExecutor.java:1128)
	at java.base/java.util.concurrent.ThreadPoolExecutor$Worker.run(ThreadPoolExecutor.java:628)
	at java.base/java.lang.Thread.run(Thread.java:829)
Caused by: org.apache.commons.exec.ExecuteException: While executing (sources); [bash, ./gradlew, compileJava] (Exit value: 1. Caused by org.apache.commons.exec.ExecuteException: Process exited with an error: 1 (Exit value: 1))
	at org.dstadler.commons.exec.ExecutionHelper.execute(ExecutionHelper.java:153)
	at org.dstadler.commons.exec.ExecutionHelper.getCommandResultIntoStream(ExecutionHelper.java:127)
	at org.apache.poi.benchmark.suite.BaseBenchmark.runGradleTarget(BaseBenchmark.java:194)
	... 16 more
Caused by: org.apache.commons.exec.ExecuteException: Process exited with an error: 1 (Exit value: 1)
	at org.apache.commons.exec.DefaultExecutor.executeInternal(DefaultExecutor.java:404)
	at org.apache.commons.exec.DefaultExecutor.execute(DefaultExecutor.java:166)
	at org.dstadler.commons.exec.ExecutionHelper.execute(ExecutionHelper.java:148)
	... 18 more


# JMH version: 1.33
# VM version: JDK 11.0.11, OpenJDK 64-Bit Server VM, 11.0.11+9-Ubuntu-0ubuntu2.20.04
# VM invoker: /usr/lib/jvm/java-11-openjdk-amd64/bin/java
# VM options: -Xmx8m -agentpath:/opt/dynatrace/oneagent/agent/bin/1.225.124.20210910-091412/linux-x86-64/liboneagentloader.so=loglevelcon=none,datastorage=/var/lib/dynatrace/oneagent/datastorage,logdir=/var/log/dynatrace/oneagent
# Blackhole mode: full + dont-inline hint (default, use -Djmh.blackhole.autoDetect=true to auto-detect)
# Warmup: <none>
# Measurement: 1 iterations, single-shot each
# Timeout: 10 min per iteration
# Threads: 1 thread
# Benchmark mode: Single shot invocation time
# Benchmark: org.apache.poi.benchmark.suite.SSPerformanceBenchmarks.benchmarkHSSFPerformance

# Run progress: 10.00% complete, ETA 00:37:16
# Fork: N/A, test runs in the host VM
# *** WARNING: Non-forked runs may silently omit JVM options, mess up profilers, disable compiler hints, etc. ***
# *** WARNING: Use non-forked runs only for debugging purposes, not for actual performance runs. ***
Iteration   1: (benchmark timed out, interrupted 3 times) <failure>

java.io.IOException: Log-Tail: [    _cHPBinTable.writeTo(fileSys, 0, fakeTPT);,                 ^, 15 warnings, > Task :poi-scratchpad:compileTest9, > Task :poi-scratchpad:cacheTest9 UP-TO-DATE, > Task :poi-scratchpad:processTestResources NO-SOURCE, > Task :poi-scratchpad:testClasses, > Task :poi-scratchpad:testJar, > Task :poi-ooxml:compileTestJava, /opt/poi-benchmark/sources/poi-ooxml/src/test/java/org/apache/poi/xddf/usermodel/chart/TestXDDFChartRemoveSeries.java:129: warning: [deprecation] getSeries() in XDDFChartData has been deprecated,         assertThrows(UnsupportedOperationException.class, () -> chartData.getSeries().remove(0));,                                                                          ^, /opt/poi-benchmark/sources/poi-ooxml/src/test/java/org/apache/poi/xwpf/usermodel/TestXWPFRun.java:203: warning: [deprecation] getFontSize() in XWPFRun has been deprecated,         assertEquals(7, run.getFontSize());,                            ^, /opt/poi-benchmark/sources/poi-ooxml/src/test/java/org/apache/poi/xwpf/usermodel/TestXWPFRun.java:211: warning: [deprecation] getFontSize() in XWPFRun has been deprecated,         assertEquals(25, run.getFontSize());,                             ^, /opt/poi-benchmark/sources/poi-ooxml/src/test/java/org/apache/poi/xwpf/usermodel/TestXWPFRun.java:589: warning: [deprecation] getFontSize() in XWPFRun has been deprecated,             assertEquals(-1, run.getFontSize());,                                 ^, /opt/poi-benchmark/sources/poi-ooxml/src/test/java/org/apache/poi/xwpf/usermodel/TestXWPFRun.java:592: warning: [deprecation] getFontSize() in XWPFRun has been deprecated,             assertEquals(10, run.getFontSize());,                                 ^, /opt/poi-benchmark/sources/poi-ooxml/src/test/java/org/apache/poi/xwpf/usermodel/TestXWPFRun.java:595: warning: [deprecation] getFontSize() in XWPFRun has been deprecated,             assertEquals(Short.MAX_VALUE - 1, run.getFontSize());,                                                  ^, /opt/poi-benchmark/sources/poi-ooxml/src/test/java/org/apache/poi/xwpf/usermodel/TestXWPFRun.java:598: warning: [deprecation] getFontSize() in XWPFRun has been deprecated,             assertEquals(Short.MAX_VALUE, run.getFontSize());,                                              ^, /opt/poi-benchmark/sources/poi-ooxml/src/test/java/org/apache/poi/xwpf/usermodel/TestXWPFRun.java:601: warning: [deprecation] getFontSize() in XWPFRun has been deprecated,             assertEquals(Short.MAX_VALUE + 1, run.getFontSize());,                                                  ^, /opt/poi-benchmark/sources/poi-ooxml/src/test/java/org/apache/poi/xwpf/usermodel/TestXWPFRun.java:604: warning: [deprecation] getFontSize() in XWPFRun has been deprecated,             assertEquals(Integer.MAX_VALUE - 1, run.getFontSize());,                                                    ^, /opt/poi-benchmark/sources/poi-ooxml/src/test/java/org/apache/poi/xwpf/usermodel/TestXWPFRun.java:607: warning: [deprecation] getFontSize() in XWPFRun has been deprecated,             assertEquals(Integer.MAX_VALUE, run.getFontSize());,                                                ^, /opt/poi-benchmark/sources/poi-ooxml/src/test/java/org/apache/poi/xwpf/usermodel/TestXWPFRun.java:610: warning: [deprecation] getFontSize() in XWPFRun has been deprecated,             assertEquals(-1, run.getFontSize());,                                 ^, /opt/poi-benchmark/sources/poi-ooxml/src/test/java/org/apache/poi/xwpf/usermodel/TestXWPFRun.java:658: warning: [deprecation] getFontSize() in XWPFRun has been deprecated,             assertEquals(10, run.getFontSize());,                                 ^, 12 warnings, > Task :poi-ooxml:compileTest9, > Task :poi-ooxml:cacheTest9 UP-TO-DATE, > Task :poi-ooxml:processTestResources NO-SOURCE, > Task :poi-ooxml:testClasses, > Task :poi-ooxml:testJar, > Task :poi-integration:compileTestJava, /opt/poi-benchmark/sources/poi-integration/src/test/java/org/apache/poi/stress/FileHandlerKnown.java:48: warning: [deprecation] newInstance() in Class has been deprecated,             return (FileHandler)Class.forName("org.apache.poi.stress." + n + "FileHandler").newInstance();,                                                                                            ^,   where T is a type-variable:,     T extends Object declared in class Class, 1 warning, > Task :poi-integration:compileTest9, > Task :poi-integration:cacheTest9 UP-TO-DATE, > Task :poi-integration:processTestResources, > Task :poi-integration:testClasses, > Task :poi-integration:testJar, > Task :poi-excelant:compileJava9, > Task :poi-excelant:cacheJava9 UP-TO-DATE, > Task :poi-excelant:processResources, > Task :poi-excelant:classes, > Task :poi-excelant:jar, > Task :poi-excelant:javadoc, > Task :poi-excelant:javadocJar, > Task :poi-excelant:sourcesJar, > Task :poi-excelant:assemble, > Task :poi-excelant:forbiddenApisMain UP-TO-DATE, > Task :poi-excelant:compileTestJava, > Task :poi-excelant:compileTest9, > Task :poi-excelant:cacheTest9 UP-TO-DATE, > Task :poi-excelant:processTestResources, > Task :poi-excelant:testClasses, > Task :poi-excelant:forbiddenApisTest UP-TO-DATE, > Task :poi-excelant:forbiddenApis UP-TO-DATE, > Task :poi-excelant:testJar, > Task :poi-excelant:spotbugsMain, 4 SpotBugs violations were found. See the report at: file:///opt/poi-benchmark/sources/poi-excelant/build/reports/spotbugs/main.xml, > Task :poi-excelant:spotbugsTest, 4 SpotBugs violations were found. See the report at: file:///opt/poi-benchmark/sources/poi-excelant/build/reports/spotbugs/test.xml, > Task :poi-excelant:test, > Task :poi-excelant:check, > Task :poi-excelant:build, > Task :poi-integration:jar, > Task :poi-integration:javadoc SKIPPED, > Task :poi-integration:javadocJar SKIPPED, > Task :poi-integration:sourcesJar SKIPPED, > Task :poi-integration:assemble, > Task :poi-integration:forbiddenApisMain NO-SOURCE, > Task :poi-integration:forbiddenApisTest UP-TO-DATE, > Task :poi-integration:forbiddenApis UP-TO-DATE, > Task :poi-integration:spotbugsMain NO-SOURCE, > Task :poi-integration:spotbugsTest, 7 SpotBugs violations were found. See the report at: file:///opt/poi-benchmark/sources/poi-integration/build/reports/spotbugs/test.xml, > Task :poi-integration:test]
	at org.apache.poi.benchmark.suite.BaseBenchmark.runGradleTarget(BaseBenchmark.java:198)
	at org.apache.poi.benchmark.suite.BaseBenchmark.compileAll(BaseBenchmark.java:150)
	at org.apache.poi.benchmark.suite.SSPerformanceBenchmarks.setUp(SSPerformanceBenchmarks.java:12)
	at org.apache.poi.benchmark.suite.jmh_generated.SSPerformanceBenchmarks_benchmarkHSSFPerformance_jmhTest._jmh_tryInit_f_ssperformancebenchmarks0_0(SSPerformanceBenchmarks_benchmarkHSSFPerformance_jmhTest.java:335)
	at org.apache.poi.benchmark.suite.jmh_generated.SSPerformanceBenchmarks_benchmarkHSSFPerformance_jmhTest.benchmarkHSSFPerformance_SingleShotTime(SSPerformanceBenchmarks_benchmarkHSSFPerformance_jmhTest.java:291)
	at java.base/jdk.internal.reflect.NativeMethodAccessorImpl.invoke0(Native Method)
	at java.base/jdk.internal.reflect.NativeMethodAccessorImpl.invoke(NativeMethodAccessorImpl.java:62)
	at java.base/jdk.internal.reflect.DelegatingMethodAccessorImpl.invoke(DelegatingMethodAccessorImpl.java:43)
	at java.base/java.lang.reflect.Method.invoke(Method.java:566)
	at org.openjdk.jmh.runner.BenchmarkHandler$BenchmarkTask.call(BenchmarkHandler.java:475)
	at org.openjdk.jmh.runner.BenchmarkHandler$BenchmarkTask.call(BenchmarkHandler.java:458)
	at java.base/java.util.concurrent.FutureTask.run(FutureTask.java:264)
	at java.base/java.util.concurrent.Executors$RunnableAdapter.call(Executors.java:515)
	at java.base/java.util.concurrent.FutureTask.run(FutureTask.java:264)
	at java.base/java.util.concurrent.ThreadPoolExecutor.runWorker(ThreadPoolExecutor.java:1128)
	at java.base/java.util.concurrent.ThreadPoolExecutor$Worker.run(ThreadPoolExecutor.java:628)
	at java.base/java.lang.Thread.run(Thread.java:829)
Caused by: org.apache.commons.exec.ExecuteException: While executing (sources); [bash, ./gradlew, compileJava] (Exit value: -559038737. Caused by org.apache.commons.exec.ExecuteException: Process exited with an error: -559038737 (Exit value: -559038737))
	at org.dstadler.commons.exec.ExecutionHelper.execute(ExecutionHelper.java:153)
	at org.dstadler.commons.exec.ExecutionHelper.getCommandResultIntoStream(ExecutionHelper.java:127)
	at org.apache.poi.benchmark.suite.BaseBenchmark.runGradleTarget(BaseBenchmark.java:194)
	... 16 more
Caused by: org.apache.commons.exec.ExecuteException: Process exited with an error: -559038737 (Exit value: -559038737)
	at org.apache.commons.exec.DefaultExecutor.executeInternal(DefaultExecutor.java:404)
	at org.apache.commons.exec.DefaultExecutor.execute(DefaultExecutor.java:166)
	at org.dstadler.commons.exec.ExecutionHelper.execute(ExecutionHelper.java:148)
	... 18 more


# JMH version: 1.33
# VM version: JDK 11.0.11, OpenJDK 64-Bit Server VM, 11.0.11+9-Ubuntu-0ubuntu2.20.04
# VM invoker: /usr/lib/jvm/java-11-openjdk-amd64/bin/java
# VM options: -Xmx8m -agentpath:/opt/dynatrace/oneagent/agent/bin/1.225.124.20210910-091412/linux-x86-64/liboneagentloader.so=loglevelcon=none,datastorage=/var/lib/dynatrace/oneagent/datastorage,logdir=/var/log/dynatrace/oneagent
# Blackhole mode: full + dont-inline hint (default, use -Djmh.blackhole.autoDetect=true to auto-detect)
# Warmup: <none>
# Measurement: 1 iterations, single-shot each
# Timeout: 10 min per iteration
# Threads: 1 thread
# Benchmark mode: Single shot invocation time
# Benchmark: org.apache.poi.benchmark.suite.SSPerformanceBenchmarks.benchmarkSXSSFPerformance

# Run progress: 20.00% complete, ETA 00:56:35
# Fork: N/A, test runs in the host VM
# *** WARNING: Non-forked runs may silently omit JVM options, mess up profilers, disable compiler hints, etc. ***
# *** WARNING: Use non-forked runs only for debugging purposes, not for actual performance runs. ***
Iteration   1: (benchmark timed out, interrupted 3 times) <failure>

java.io.IOException: Log-Tail: [> Task :poi-ooxml-full:sourceJar UP-TO-DATE, > Task :poi-ooxml-full:jar UP-TO-DATE, > Task :poi-ooxml:compileJava UP-TO-DATE, > Task :poi-ooxml:compileJava9 UP-TO-DATE, > Task :poi-ooxml:cacheJava9 UP-TO-DATE, > Task :poi-ooxml:processResources UP-TO-DATE, > Task :poi-ooxml:classes UP-TO-DATE, > Task :poi-ooxml:jar UP-TO-DATE, > Task :poi-scratchpad:compileJava UP-TO-DATE, > Task :poi-scratchpad:compileJava9 UP-TO-DATE, > Task :poi-scratchpad:cacheJava9 UP-TO-DATE, > Task :poi-scratchpad:processResources UP-TO-DATE, > Task :poi-scratchpad:classes UP-TO-DATE, > Task :poi-scratchpad:jar UP-TO-DATE, > Task :poi-examples:compileJava UP-TO-DATE, > Task :poi-excelant:compileJava UP-TO-DATE, > Task :poi-integration:compileJava NO-SOURCE, > Task :poi-examples:compileJava9 UP-TO-DATE, > Task :poi-examples:cacheJava9 UP-TO-DATE, > Task :poi-examples:processResources NO-SOURCE, > Task :poi-examples:classes UP-TO-DATE, > Task :poi-examples:jar UP-TO-DATE, > Task :poi:compileTestJava UP-TO-DATE, > Task :poi:compileTest9 UP-TO-DATE, > Task :poi:cacheTest9 UP-TO-DATE, > Task :poi:processTestResources UP-TO-DATE, > Task :poi:testClasses UP-TO-DATE, > Task :poi:testJar UP-TO-DATE, > Task :poi-integration:processResources NO-SOURCE, > Task :poi-integration:classes UP-TO-DATE, > Task :poi-ooxml-lite-agent:compileJava UP-TO-DATE, > Task :poi-ooxml-lite-agent:compileJava9 UP-TO-DATE, > Task :poi-ooxml-lite-agent:cacheJava9 UP-TO-DATE, > Task :poi-ooxml-lite-agent:processResources NO-SOURCE, > Task :poi-ooxml-lite-agent:classes UP-TO-DATE, > Task :poi-ooxml-lite-agent:jar UP-TO-DATE, > Task :poi-scratchpad:compileTestJava UP-TO-DATE, > Task :poi-scratchpad:compileTest9 UP-TO-DATE, > Task :poi-scratchpad:cacheTest9 UP-TO-DATE, > Task :poi-scratchpad:processTestResources NO-SOURCE, > Task :poi-scratchpad:testClasses UP-TO-DATE, > Task :poi-scratchpad:testJar UP-TO-DATE, > Task :poi-ooxml:compileTestJava UP-TO-DATE, > Task :poi-ooxml:compileTest9 UP-TO-DATE, > Task :poi-ooxml:cacheTest9 UP-TO-DATE, > Task :poi-ooxml:processTestResources NO-SOURCE, > Task :poi-ooxml:testClasses UP-TO-DATE, > Task :poi-ooxml:testJar UP-TO-DATE, > Task :poi-integration:compileTestJava UP-TO-DATE, > Task :poi-integration:compileTest9 UP-TO-DATE, > Task :poi-integration:cacheTest9 UP-TO-DATE, > Task :poi-integration:processTestResources UP-TO-DATE, > Task :poi-integration:testClasses UP-TO-DATE, > Task :poi-integration:testJar UP-TO-DATE, > Task :poi-excelant:compileJava9 UP-TO-DATE, > Task :poi-excelant:cacheJava9 UP-TO-DATE, > Task :poi-excelant:processResources UP-TO-DATE, > Task :poi-excelant:classes UP-TO-DATE, > Task :poi-excelant:jar UP-TO-DATE, > Task :poi-excelant:javadoc UP-TO-DATE, > Task :poi-excelant:javadocJar UP-TO-DATE, > Task :poi-excelant:sourcesJar UP-TO-DATE, > Task :poi-excelant:assemble UP-TO-DATE, > Task :poi-excelant:forbiddenApisMain UP-TO-DATE, > Task :poi-excelant:compileTestJava UP-TO-DATE, > Task :poi-excelant:compileTest9 UP-TO-DATE, > Task :poi-excelant:cacheTest9 UP-TO-DATE, > Task :poi-excelant:processTestResources UP-TO-DATE, > Task :poi-excelant:testClasses UP-TO-DATE, > Task :poi-excelant:forbiddenApisTest UP-TO-DATE, > Task :poi-excelant:forbiddenApis UP-TO-DATE, > Task :poi-excelant:spotbugsMain UP-TO-DATE, > Task :poi-excelant:spotbugsTest UP-TO-DATE, > Task :poi-excelant:testJar UP-TO-DATE, > Task :poi-excelant:test UP-TO-DATE, > Task :poi-excelant:check UP-TO-DATE, > Task :poi-excelant:build UP-TO-DATE, > Task :poi-integration:jar UP-TO-DATE, > Task :poi-integration:javadoc SKIPPED, > Task :poi-integration:javadocJar SKIPPED, > Task :poi-integration:sourcesJar SKIPPED, > Task :poi-integration:assemble UP-TO-DATE, > Task :poi-integration:forbiddenApisMain NO-SOURCE, > Task :poi-integration:forbiddenApisTest UP-TO-DATE, > Task :poi-integration:forbiddenApis UP-TO-DATE, > Task :poi-integration:spotbugsMain NO-SOURCE, > Task :poi-integration:spotbugsTest UP-TO-DATE, > Task :poi-integration:test, > Task :poi-integration:check, > Task :poi-integration:build, > Task :poi-ooxml:javadoc, > Task :poi-ooxml:javadocJar, > Task :poi-ooxml:sourcesJar, > Task :poi-ooxml:assemble, > Task :poi-ooxml:forbiddenApisMain UP-TO-DATE, > Task :poi-ooxml:forbiddenApisTest UP-TO-DATE, > Task :poi-ooxml:forbiddenApis UP-TO-DATE, > Task :poi-ooxml:spotbugsTest UP-TO-DATE, > Task :poi-ooxml:spotbugsMain, > Task :poi-ooxml:test]
	at org.apache.poi.benchmark.suite.BaseBenchmark.runGradleTarget(BaseBenchmark.java:198)
	at org.apache.poi.benchmark.suite.BaseBenchmark.compileAll(BaseBenchmark.java:150)
	at org.apache.poi.benchmark.suite.SSPerformanceBenchmarks.setUp(SSPerformanceBenchmarks.java:12)
	at org.apache.poi.benchmark.suite.jmh_generated.SSPerformanceBenchmarks_benchmarkSXSSFPerformance_jmhTest._jmh_tryInit_f_ssperformancebenchmarks0_0(SSPerformanceBenchmarks_benchmarkSXSSFPerformance_jmhTest.java:335)
	at org.apache.poi.benchmark.suite.jmh_generated.SSPerformanceBenchmarks_benchmarkSXSSFPerformance_jmhTest.benchmarkSXSSFPerformance_SingleShotTime(SSPerformanceBenchmarks_benchmarkSXSSFPerformance_jmhTest.java:291)
	at java.base/jdk.internal.reflect.NativeMethodAccessorImpl.invoke0(Native Method)
	at java.base/jdk.internal.reflect.NativeMethodAccessorImpl.invoke(NativeMethodAccessorImpl.java:62)
	at java.base/jdk.internal.reflect.DelegatingMethodAccessorImpl.invoke(DelegatingMethodAccessorImpl.java:43)
	at java.base/java.lang.reflect.Method.invoke(Method.java:566)
	at org.openjdk.jmh.runner.BenchmarkHandler$BenchmarkTask.call(BenchmarkHandler.java:475)
	at org.openjdk.jmh.runner.BenchmarkHandler$BenchmarkTask.call(BenchmarkHandler.java:458)
	at java.base/java.util.concurrent.FutureTask.run(FutureTask.java:264)
	at java.base/java.util.concurrent.Executors$RunnableAdapter.call(Executors.java:515)
	at java.base/java.util.concurrent.FutureTask.run(FutureTask.java:264)
	at java.base/java.util.concurrent.ThreadPoolExecutor.runWorker(ThreadPoolExecutor.java:1128)
	at java.base/java.util.concurrent.ThreadPoolExecutor$Worker.run(ThreadPoolExecutor.java:628)
	at java.base/java.lang.Thread.run(Thread.java:829)
Caused by: org.apache.commons.exec.ExecuteException: While executing (sources); [bash, ./gradlew, compileJava] (Exit value: -559038737. Caused by org.apache.commons.exec.ExecuteException: Process exited with an error: -559038737 (Exit value: -559038737))
	at org.dstadler.commons.exec.ExecutionHelper.execute(ExecutionHelper.java:153)
	at org.dstadler.commons.exec.ExecutionHelper.getCommandResultIntoStream(ExecutionHelper.java:127)
	at org.apache.poi.benchmark.suite.BaseBenchmark.runGradleTarget(BaseBenchmark.java:194)
	... 16 more
Caused by: org.apache.commons.exec.ExecuteException: Process exited with an error: -559038737 (Exit value: -559038737)
	at org.apache.commons.exec.DefaultExecutor.executeInternal(DefaultExecutor.java:404)
	at org.apache.commons.exec.DefaultExecutor.execute(DefaultExecutor.java:166)
	at org.dstadler.commons.exec.ExecutionHelper.execute(ExecutionHelper.java:148)
	... 18 more


# JMH version: 1.33
# VM version: JDK 11.0.11, OpenJDK 64-Bit Server VM, 11.0.11+9-Ubuntu-0ubuntu2.20.04
# VM invoker: /usr/lib/jvm/java-11-openjdk-amd64/bin/java
# VM options: -Xmx8m -agentpath:/opt/dynatrace/oneagent/agent/bin/1.225.124.20210910-091412/linux-x86-64/liboneagentloader.so=loglevelcon=none,datastorage=/var/lib/dynatrace/oneagent/datastorage,logdir=/var/log/dynatrace/oneagent
# Blackhole mode: full + dont-inline hint (default, use -Djmh.blackhole.autoDetect=true to auto-detect)
# Warmup: <none>
# Measurement: 1 iterations, single-shot each
# Timeout: 10 min per iteration
# Threads: 1 thread
# Benchmark mode: Single shot invocation time
# Benchmark: org.apache.poi.benchmark.suite.SSPerformanceBenchmarks.benchmarkXSSFPerformance

# Run progress: 30.00% complete, ETA 00:56:20
# Fork: N/A, test runs in the host VM
# *** WARNING: Non-forked runs may silently omit JVM options, mess up profilers, disable compiler hints, etc. ***
# *** WARNING: Use non-forked runs only for debugging purposes, not for actual performance runs. ***
Iteration   1: <failure>

java.io.IOException: Log-Tail: [Error: Could not find or load main class org.apache.poi.examples.ss.SSPerformanceTest, Caused by: java.lang.ClassNotFoundException: org.apache.poi.examples.ss.SSPerformanceTest]
	at org.apache.poi.benchmark.suite.BaseBenchmark.runPOIApplication(BaseBenchmark.java:254)
	at org.apache.poi.benchmark.suite.SSPerformanceBenchmarks.benchmarkXSSFPerformance(SSPerformanceBenchmarks.java:22)
	at org.apache.poi.benchmark.suite.jmh_generated.SSPerformanceBenchmarks_benchmarkXSSFPerformance_jmhTest.benchmarkXSSFPerformance_ss_jmhStub(SSPerformanceBenchmarks_benchmarkXSSFPerformance_jmhTest.java:320)
	at org.apache.poi.benchmark.suite.jmh_generated.SSPerformanceBenchmarks_benchmarkXSSFPerformance_jmhTest.benchmarkXSSFPerformance_SingleShotTime(SSPerformanceBenchmarks_benchmarkXSSFPerformance_jmhTest.java:299)
	at java.base/jdk.internal.reflect.NativeMethodAccessorImpl.invoke0(Native Method)
	at java.base/jdk.internal.reflect.NativeMethodAccessorImpl.invoke(NativeMethodAccessorImpl.java:62)
	at java.base/jdk.internal.reflect.DelegatingMethodAccessorImpl.invoke(DelegatingMethodAccessorImpl.java:43)
	at java.base/java.lang.reflect.Method.invoke(Method.java:566)
	at org.openjdk.jmh.runner.BenchmarkHandler$BenchmarkTask.call(BenchmarkHandler.java:475)
	at org.openjdk.jmh.runner.BenchmarkHandler$BenchmarkTask.call(BenchmarkHandler.java:458)
	at java.base/java.util.concurrent.FutureTask.run(FutureTask.java:264)
	at java.base/java.util.concurrent.Executors$RunnableAdapter.call(Executors.java:515)
	at java.base/java.util.concurrent.FutureTask.run(FutureTask.java:264)
	at java.base/java.util.concurrent.ThreadPoolExecutor.runWorker(ThreadPoolExecutor.java:1128)
	at java.base/java.util.concurrent.ThreadPoolExecutor$Worker.run(ThreadPoolExecutor.java:628)
	at java.base/java.lang.Thread.run(Thread.java:829)
Caused by: org.apache.commons.exec.ExecuteException: While executing (sources); [java, -cp, /opt/poi-benchmark/sources/lib/excelant/ant-launcher-1.10.9.jar:/opt/poi-benchmark/sources/lib/excelant/ant-1.10.9.jar:/opt/poi-benchmark/sources/lib/main/log4j-api-2.14.0.jar:/opt/poi-benchmark/sources/lib/main/commons-math3-3.6.1.jar:/opt/poi-benchmark/sources/lib/main/SparseBitSet-1.2.jar:/opt/poi-benchmark/sources/lib/main/commons-codec-1.15.jar:/opt/poi-benchmark/sources/lib/main/commons-io-2.11.0.jar:/opt/poi-benchmark/sources/lib/main/commons-collections4-4.4.jar:/opt/poi-benchmark/sources/lib/main-tests/jmh-core-1.27.jar:/opt/poi-benchmark/sources/lib/main-tests/junit-jupiter-engine-5.7.1.jar:/opt/poi-benchmark/sources/lib/main-tests/objenesis-3.1.jar:/opt/poi-benchmark/sources/lib/main-tests/junit-platform-launcher-1.7.1.jar:/opt/poi-benchmark/sources/lib/main-tests/mockito-core-3.6.28.jar:/opt/poi-benchmark/sources/lib/main-tests/apiguardian-api-1.1.0.jar:/opt/poi-benchmark/sources/lib/main-tests/byte-buddy-1.10.19.jar:/opt/poi-benchmark/sources/lib/main-tests/junit-platform-engine-1.7.1.jar:/opt/poi-benchmark/sources/lib/main-tests/xmlunit-core-2.8.2.jar:/opt/poi-benchmark/sources/lib/main-tests/junit-jupiter-api-5.7.1.jar:/opt/poi-benchmark/sources/lib/main-tests/hamcrest-2.2.jar:/opt/poi-benchmark/sources/lib/main-tests/byte-buddy-agent-1.10.19.jar:/opt/poi-benchmark/sources/lib/main-tests/log4j-core-2.14.0.jar:/opt/poi-benchmark/sources/lib/main-tests/commons-logging-1.2.jar:/opt/poi-benchmark/sources/lib/main-tests/junit-jupiter-params-5.7.1.jar:/opt/poi-benchmark/sources/lib/main-tests/junit-platform-commons-1.7.1.jar:/opt/poi-benchmark/sources/lib/main-tests/jmh-generator-annprocess-1.27.jar:/opt/poi-benchmark/sources/lib/main-tests/opentest4j-1.2.0.jar:/opt/poi-benchmark/sources/lib/ooxml/commons-compress-1.21.jar:/opt/poi-benchmark/sources/lib/ooxml/xmlbeans-5.0.0.jar:/opt/poi-benchmark/sources/lib/ooxml/curvesapi-1.06.jar:/opt/poi-benchmark/sources/lib/ooxml-provided/xml-apis-ext-1.3.04.jar:/opt/poi-benchmark/sources/lib/ooxml-provided/bcutil-jdk15on-1.69.jar:/opt/poi-benchmark/sources/lib/ooxml-provided/fontbox-2.0.24.jar:/opt/poi-benchmark/sources/lib/ooxml-provided/pdfbox-2.0.24.jar:/opt/poi-benchmark/sources/lib/ooxml-provided/bcprov-jdk15on-1.69.jar:/opt/poi-benchmark/sources/lib/ooxml-provided/xmlgraphics-commons-2.4.jar:/opt/poi-benchmark/sources/lib/ooxml-provided/xmlsec-2.2.2.jar:/opt/poi-benchmark/sources/lib/ooxml-provided/graphics2d-0.32.jar:/opt/poi-benchmark/sources/lib/ooxml-provided/bcpkix-jdk15on-1.69.jar:/opt/poi-benchmark/sources/lib/ooxml-tests/slf4j-api-1.7.32.jar:/opt/poi-benchmark/sources/lib/ooxml-tests/log4j-1.2.17.jar:/opt/poi-benchmark/sources/lib/ooxml-tests/ooxml-lite-agent.jar:/opt/poi-benchmark/sources/lib/ooxml-tests/javassist-3.27.0-GA.jar:/opt/poi-benchmark/sources/lib/ooxml-tests/guava-30.1-jre.jar:/opt/poi-benchmark/sources/lib/ooxml-tests/reflections-0.9.12.jar:/opt/poi-benchmark/sources/lib/util/asm-tree-9.0.jar:/opt/poi-benchmark/sources/lib/util/jacocoagent.jar:/opt/poi-benchmark/sources/lib/util/forbiddenapis-3.1.jar:/opt/poi-benchmark/sources/lib/util/asm-commons-9.0.jar:/opt/poi-benchmark/sources/lib/util/org.jacoco.core-0.8.6.202009150832.jar:/opt/poi-benchmark/sources/lib/util/org.jacoco.report-0.8.6.202009150832.jar:/opt/poi-benchmark/sources/lib/util/org.jacoco.agent-0.8.6.202009150832.jar:/opt/poi-benchmark/sources/lib/util/asm-9.0.jar:/opt/poi-benchmark/sources/lib/util/jacocoant.jar:/opt/poi-benchmark/sources/lib/util/org.jacoco.ant-0.8.6.202009150832.jar:/opt/poi-benchmark/sources/lib/util/jacococli.jar:/opt/poi-benchmark/sources/lib/util/apache-rat-0.13.jar:/opt/poi-benchmark/sources/poi/build/classes:/opt/poi-benchmark/sources/poi/build/classes/ant/java:/opt/poi-benchmark/sources/poi-examples/build/classes:/opt/poi-benchmark/sources/poi-examples/build/classes/ant/java:/opt/poi-benchmark/sources/poi-excelant/build/classes:/opt/poi-benchmark/sources/poi-excelant/build/classes/ant/java:/opt/poi-benchmark/sources/poi-integration/build/classes:/opt/poi-benchmark/sources/poi-integration/build/classes/ant/java:/opt/poi-benchmark/sources/poi-ooxml/build/classes:/opt/poi-benchmark/sources/poi-ooxml/build/classes/ant/java:/opt/poi-benchmark/sources/poi-ooxml-full/build/classes:/opt/poi-benchmark/sources/poi-ooxml-full/build/classes/ant/java:/opt/poi-benchmark/sources/poi-scratchpad/build/classes:/opt/poi-benchmark/sources/poi-scratchpad/build/classes/ant/java, org.apache.poi.examples.ss.SSPerformanceTest, XSSF, 30000, 20, 0] (Exit value: 1. Caused by org.apache.commons.exec.ExecuteException: Process exited with an error: 1 (Exit value: 1))
	at org.dstadler.commons.exec.ExecutionHelper.execute(ExecutionHelper.java:153)
	at org.dstadler.commons.exec.ExecutionHelper.getCommandResultIntoStream(ExecutionHelper.java:127)
	at org.apache.poi.benchmark.suite.BaseBenchmark.runPOIApplication(BaseBenchmark.java:250)
	... 15 more
Caused by: org.apache.commons.exec.ExecuteException: Process exited with an error: 1 (Exit value: 1)
	at org.apache.commons.exec.DefaultExecutor.executeInternal(DefaultExecutor.java:404)
	at org.apache.commons.exec.DefaultExecutor.execute(DefaultExecutor.java:166)
	at org.dstadler.commons.exec.ExecutionHelper.execute(ExecutionHelper.java:148)
	... 17 more


# JMH version: 1.33
# VM version: JDK 11.0.11, OpenJDK 64-Bit Server VM, 11.0.11+9-Ubuntu-0ubuntu2.20.04
# VM invoker: /usr/lib/jvm/java-11-openjdk-amd64/bin/java
# VM options: -Xmx8m -agentpath:/opt/dynatrace/oneagent/agent/bin/1.225.124.20210910-091412/linux-x86-64/liboneagentloader.so=loglevelcon=none,datastorage=/var/lib/dynatrace/oneagent/datastorage,logdir=/var/log/dynatrace/oneagent
# Blackhole mode: full + dont-inline hint (default, use -Djmh.blackhole.autoDetect=true to auto-detect)
# Warmup: <none>
# Measurement: 1 iterations, single-shot each
# Timeout: 10 min per iteration
# Threads: 1 thread
# Benchmark mode: Single shot invocation time
# Benchmark: org.apache.poi.benchmark.suite.TestBenchmarks.benchmarkTestExcelant

# Run progress: 40.00% complete, ETA 00:44:22
# Fork: N/A, test runs in the host VM
# *** WARNING: Non-forked runs may silently omit JVM options, mess up profilers, disable compiler hints, etc. ***
# *** WARNING: Use non-forked runs only for debugging purposes, not for actual performance runs. ***
Iteration   1: 3562.520 ms/op


# JMH version: 1.33
# VM version: JDK 11.0.11, OpenJDK 64-Bit Server VM, 11.0.11+9-Ubuntu-0ubuntu2.20.04
# VM invoker: /usr/lib/jvm/java-11-openjdk-amd64/bin/java
# VM options: -Xmx8m -agentpath:/opt/dynatrace/oneagent/agent/bin/1.225.124.20210910-091412/linux-x86-64/liboneagentloader.so=loglevelcon=none,datastorage=/var/lib/dynatrace/oneagent/datastorage,logdir=/var/log/dynatrace/oneagent
# Blackhole mode: full + dont-inline hint (default, use -Djmh.blackhole.autoDetect=true to auto-detect)
# Warmup: <none>
# Measurement: 1 iterations, single-shot each
# Timeout: 3 hr per iteration
# Threads: 1 thread
# Benchmark mode: Single shot invocation time
# Benchmark: org.apache.poi.benchmark.suite.TestBenchmarks.benchmarkTestIntegration

# Run progress: 50.00% complete, ETA 00:31:28
# Fork: N/A, test runs in the host VM
# *** WARNING: Non-forked runs may silently omit JVM options, mess up profilers, disable compiler hints, etc. ***
# *** WARNING: Use non-forked runs only for debugging purposes, not for actual performance runs. ***
Iteration   1: <failure>

java.io.IOException: Log-Tail: [> Task :poi-ooxml:processTestResources NO-SOURCE, > Task :poi-ooxml:testClasses UP-TO-DATE, > Task :poi-ooxml:testJar UP-TO-DATE, > Task :poi-examples:compileTestJava UP-TO-DATE, > Task :poi-excelant:compileJava UP-TO-DATE, > Task :poi-excelant:compileJava9 UP-TO-DATE, > Task :poi-excelant:cacheJava9 UP-TO-DATE, > Task :poi-excelant:processResources UP-TO-DATE, > Task :poi-excelant:classes UP-TO-DATE, > Task :poi-excelant:compileTestJava UP-TO-DATE, > Task :poi-examples:jar UP-TO-DATE, > Task :poi-integration:compileJava NO-SOURCE, > Task :poi-integration:processResources NO-SOURCE, > Task :poi-integration:classes UP-TO-DATE, > Task :poi-integration:compileTestJava UP-TO-DATE, > Task :poi-ooxml-full:compileTestJava NO-SOURCE, > Task :poi-integration:compileTest9 UP-TO-DATE, > Task :poi-integration:cacheTest9 UP-TO-DATE, > Task :poi-integration:processTestResources UP-TO-DATE, > Task :poi-integration:testClasses UP-TO-DATE, > Task :poi-integration:testJar UP-TO-DATE, > Task :poi-excelant:jar UP-TO-DATE, > Task :poi-excelant:javadoc UP-TO-DATE, > Task :poi-excelant:javadocJar UP-TO-DATE, > Task :poi-excelant:sourcesJar UP-TO-DATE, > Task :poi-excelant:assemble UP-TO-DATE, > Task :poi-excelant:forbiddenApisMain UP-TO-DATE, > Task :poi-excelant:compileTest9 UP-TO-DATE, > Task :poi-excelant:cacheTest9 UP-TO-DATE, > Task :poi-excelant:processTestResources UP-TO-DATE, > Task :poi-excelant:testClasses UP-TO-DATE, > Task :poi-excelant:forbiddenApisTest UP-TO-DATE, > Task :poi-excelant:forbiddenApis UP-TO-DATE, > Task :poi-excelant:spotbugsMain UP-TO-DATE, > Task :poi-excelant:spotbugsTest UP-TO-DATE, > Task :poi-excelant:testJar UP-TO-DATE, > Task :poi-excelant:test UP-TO-DATE, > Task :poi-excelant:check UP-TO-DATE, > Task :poi-excelant:build UP-TO-DATE, > Task :poi-integration:jar UP-TO-DATE, > Task :poi-integration:javadoc SKIPPED, > Task :poi-integration:javadocJar SKIPPED, > Task :poi-integration:sourcesJar SKIPPED, > Task :poi-integration:assemble UP-TO-DATE, > Task :poi-integration:forbiddenApisMain NO-SOURCE, > Task :poi-integration:forbiddenApisTest UP-TO-DATE, > Task :poi-integration:forbiddenApis UP-TO-DATE, > Task :poi-integration:spotbugsMain NO-SOURCE, > Task :poi-integration:spotbugsTest UP-TO-DATE, > Task :poi-integration:test UP-TO-DATE, > Task :poi-integration:check UP-TO-DATE, > Task :poi-integration:build UP-TO-DATE, > Task :poi-ooxml:javadoc UP-TO-DATE, > Task :poi-ooxml:javadocJar UP-TO-DATE, > Task :poi-ooxml:sourcesJar UP-TO-DATE, > Task :poi-ooxml:assemble UP-TO-DATE, > Task :poi-ooxml:forbiddenApisMain UP-TO-DATE, > Task :poi-ooxml:forbiddenApisTest UP-TO-DATE, > Task :poi-ooxml:forbiddenApis UP-TO-DATE, > Task :poi-ooxml:spotbugsMain UP-TO-DATE, > Task :poi-ooxml:spotbugsTest UP-TO-DATE, > Task :poi-ooxml:test UP-TO-DATE, > Task :poi-ooxml:check UP-TO-DATE, > Task :poi-ooxml:build UP-TO-DATE, > Task :poi-ooxml-lite:generateModuleInfo UP-TO-DATE, > Task :poi-ooxml-lite:compileOoxmlLite, > Task :poi-ooxml-lite:compileJava, The message received from the daemon indicates that the daemon has disappeared., Build request sent: Build{id=d12f14c4-8f4c-4d8b-8588-e6f97aea3b18, currentDir=/opt/poi-benchmark/sources}, Attempting to read last messages from the daemon log..., Daemon pid: 1370175,   log file: /home/preis/.gradle/daemon/7.2/daemon-1370175.out.log, ----- Last  20 lines from daemon log file - daemon-1370175.out.log -----, 2021-09-12T01:33:57.475+0200 [DEBUG] [org.gradle.launcher.daemon.server.DefaultDaemonConnection] thread 604: Received non-IO message from client: Build{id=d12f14c4-8f4c-4d8b-8588-e6f97aea3b18, currentDir=/opt/poi-benchmark/sources}, 2021-09-12T01:33:57.475+0200 [INFO] [org.gradle.launcher.daemon.server.DefaultIncomingConnectionHandler] Received command: Build{id=d12f14c4-8f4c-4d8b-8588-e6f97aea3b18, currentDir=/opt/poi-benchmark/sources}., 2021-09-12T01:33:57.475+0200 [DEBUG] [org.gradle.launcher.daemon.server.DefaultIncomingConnectionHandler] Starting executing command: Build{id=d12f14c4-8f4c-4d8b-8588-e6f97aea3b18, currentDir=/opt/poi-benchmark/sources} with connection: socket connection from /127.0.0.1:37521 to /127.0.0.1:56400., 2021-09-12T01:33:57.481+0200 [DEBUG] [org.gradle.launcher.daemon.server.DaemonStateCoordinator] Command execution: started DaemonCommandExecution[command = Build{id=d12f14c4-8f4c-4d8b-8588-e6f97aea3b18, currentDir=/opt/poi-benchmark/sources}, connection = DefaultDaemonConnection: socket connection from /127.0.0.1:37521 to /127.0.0.1:56400] after 0.0 minutes of idle, 2021-09-12T01:33:57.481+0200 [INFO] [org.gradle.launcher.daemon.server.DaemonRegistryUpdater] Marking the daemon as busy, address: [1ed08ff0-ad93-432d-af08-e8fe9b85707f port:37521, addresses:[localhost/127.0.0.1]], 2021-09-12T01:33:57.481+0200 [DEBUG] [org.gradle.launcher.daemon.registry.PersistentDaemonRegistry] Marking busy by address: [1ed08ff0-ad93-432d-af08-e8fe9b85707f port:37521, addresses:[localhost/127.0.0.1]], 2021-09-12T01:33:57.481+0200 [DEBUG] [org.gradle.cache.internal.DefaultFileLockManager] Waiting to acquire exclusive lock on daemon addresses registry., 2021-09-12T01:33:57.481+0200 [DEBUG] [org.gradle.cache.internal.DefaultFileLockManager] Lock acquired on daemon addresses registry., 2021-09-12T01:33:57.484+0200 [DEBUG] [org.gradle.cache.internal.DefaultFileLockManager] Releasing lock on daemon addresses registry., 2021-09-12T01:33:57.484+0200 [DEBUG] [org.gradle.launcher.daemon.server.DaemonStateCoordinator] resetting idle timer, 2021-09-12T01:33:57.484+0200 [DEBUG] [org.gradle.launcher.daemon.server.DaemonStateCoordinator] daemon is running. Sleeping until state changes., 2021-09-12T01:33:57.484+0200 [INFO] [org.gradle.launcher.daemon.server.exec.StartBuildOrRespondWithBusy] Daemon is about to start building Build{id=d12f14c4-8f4c-4d8b-8588-e6f97aea3b18, currentDir=/opt/poi-benchmark/sources}. Dispatching build started information..., 2021-09-12T01:33:57.486+0200 [DEBUG] [org.gradle.launcher.daemon.server.SynchronizedDispatchConnection] thread 28: dispatching org.gradle.launcher.daemon.protocol.BuildStarted@4f2b005b, 2021-09-12T01:33:57.487+0200 [DEBUG] [org.gradle.launcher.daemon.server.exec.EstablishBuildEnvironment] Configuring env variables: [OLDPWD, PWD, SHLVL], 2021-09-12T01:33:57.487+0200 [DEBUG] [org.gradle.launcher.daemon.server.exec.LogToClient] About to start relaying all logs to the client via the connection., 2021-09-12T01:33:57.487+0200 [INFO] [org.gradle.launcher.daemon.server.exec.LogToClient] The client will now receive all logging from the daemon (pid: 1370175). The daemon log file: /home/preis/.gradle/daemon/7.2/daemon-1370175.out.log, 2021-09-12T01:33:57.487+0200 [INFO] [org.gradle.launcher.daemon.server.exec.LogAndCheckHealth] Starting 9th build in daemon [uptime: 28 mins 19.702 secs, performance: 100%], 2021-09-12T01:33:57.488+0200 [DEBUG] [org.gradle.launcher.daemon.server.exec.ExecuteBuild] The daemon has started executing the build., 2021-09-12T01:33:57.488+0200 [DEBUG] [org.gradle.launcher.daemon.server.exec.ExecuteBuild] Executing build with daemon context: DefaultDaemonContext[uid=f3d83af3-9603-4028-92e9-7f3c741ba062,javaHome=/usr/lib/jvm/java-11-openjdk-amd64,daemonRegistryDir=/home/preis/.gradle/daemon,pid=1370175,idleTimeout=10800000,priority=NORMAL,daemonOpts=--add-opens,java.base/java.util=ALL-UNNAMED,--add-opens,java.base/java.lang=ALL-UNNAMED,--add-opens,java.base/java.lang.invoke=ALL-UNNAMED,--add-opens,java.base/java.util=ALL-UNNAMED,--add-opens,java.prefs/java.util.prefs=ALL-UNNAMED,--add-opens,java.prefs/java.util.prefs=ALL-UNNAMED,--add-opens,java.base/java.nio.charset=ALL-UNNAMED,--add-opens,java.base/java.net=ALL-UNNAMED,--add-opens,java.base/java.util.concurrent.atomic=ALL-UNNAMED,-Xmx4096m,-Dfile.encoding=US-ASCII,-Duser.country=US,-Duser.language=en,-Duser.variant], Trying to override old definition of datatype junit, ----- End of the daemon log -----, FAILURE: Build failed with an exception., * What went wrong:, Gradle build daemon disappeared unexpectedly (it may have been killed or may have crashed), * Try:, Run with --stacktrace option to get the stack trace. Run with --info or --debug option to get more log output. Run with --scan to get full insights., * Get more help at https://help.gradle.org]
	at org.apache.poi.benchmark.suite.BaseBenchmark.runGradleTarget(BaseBenchmark.java:198)
	at org.apache.poi.benchmark.suite.BaseBenchmark.compileAll(BaseBenchmark.java:151)
	at org.apache.poi.benchmark.suite.TestBenchmarks.setUp(TestBenchmarks.java:13)
	at org.apache.poi.benchmark.suite.jmh_generated.TestBenchmarks_benchmarkTestIntegration_jmhTest._jmh_tryInit_f_testbenchmarks0_0(TestBenchmarks_benchmarkTestIntegration_jmhTest.java:335)
	at org.apache.poi.benchmark.suite.jmh_generated.TestBenchmarks_benchmarkTestIntegration_jmhTest.benchmarkTestIntegration_SingleShotTime(TestBenchmarks_benchmarkTestIntegration_jmhTest.java:291)
	at java.base/jdk.internal.reflect.NativeMethodAccessorImpl.invoke0(Native Method)
	at java.base/jdk.internal.reflect.NativeMethodAccessorImpl.invoke(NativeMethodAccessorImpl.java:62)
	at java.base/jdk.internal.reflect.DelegatingMethodAccessorImpl.invoke(DelegatingMethodAccessorImpl.java:43)
	at java.base/java.lang.reflect.Method.invoke(Method.java:566)
	at org.openjdk.jmh.runner.BenchmarkHandler$BenchmarkTask.call(BenchmarkHandler.java:475)
	at org.openjdk.jmh.runner.BenchmarkHandler$BenchmarkTask.call(BenchmarkHandler.java:458)
	at java.base/java.util.concurrent.FutureTask.run(FutureTask.java:264)
	at java.base/java.util.concurrent.Executors$RunnableAdapter.call(Executors.java:515)
	at java.base/java.util.concurrent.FutureTask.run(FutureTask.java:264)
	at java.base/java.util.concurrent.ThreadPoolExecutor.runWorker(ThreadPoolExecutor.java:1128)
	at java.base/java.util.concurrent.ThreadPoolExecutor$Worker.run(ThreadPoolExecutor.java:628)
	at java.base/java.lang.Thread.run(Thread.java:829)
Caused by: org.apache.commons.exec.ExecuteException: While executing (sources); [bash, ./gradlew, compileTestJava] (Exit value: 1. Caused by org.apache.commons.exec.ExecuteException: Process exited with an error: 1 (Exit value: 1))
	at org.dstadler.commons.exec.ExecutionHelper.execute(ExecutionHelper.java:153)
	at org.dstadler.commons.exec.ExecutionHelper.getCommandResultIntoStream(ExecutionHelper.java:127)
	at org.apache.poi.benchmark.suite.BaseBenchmark.runGradleTarget(BaseBenchmark.java:194)
	... 16 more
Caused by: org.apache.commons.exec.ExecuteException: Process exited with an error: 1 (Exit value: 1)
	at org.apache.commons.exec.DefaultExecutor.executeInternal(DefaultExecutor.java:404)
	at org.apache.commons.exec.DefaultExecutor.execute(DefaultExecutor.java:166)
	at org.dstadler.commons.exec.ExecutionHelper.execute(ExecutionHelper.java:148)
	... 18 more


# JMH version: 1.33
# VM version: JDK 11.0.11, OpenJDK 64-Bit Server VM, 11.0.11+9-Ubuntu-0ubuntu2.20.04
# VM invoker: /usr/lib/jvm/java-11-openjdk-amd64/bin/java
# VM options: -Xmx8m -agentpath:/opt/dynatrace/oneagent/agent/bin/1.225.124.20210910-091412/linux-x86-64/liboneagentloader.so=loglevelcon=none,datastorage=/var/lib/dynatrace/oneagent/datastorage,logdir=/var/log/dynatrace/oneagent
# Blackhole mode: full + dont-inline hint (default, use -Djmh.blackhole.autoDetect=true to auto-detect)
# Warmup: <none>
# Measurement: 1 iterations, single-shot each
# Timeout: 10 min per iteration
# Threads: 1 thread
# Benchmark mode: Single shot invocation time
# Benchmark: org.apache.poi.benchmark.suite.TestBenchmarks.benchmarkTestMain

# Run progress: 60.00% complete, ETA 00:22:15
# Fork: N/A, test runs in the host VM
# *** WARNING: Non-forked runs may silently omit JVM options, mess up profilers, disable compiler hints, etc. ***
# *** WARNING: Use non-forked runs only for debugging purposes, not for actual performance runs. ***
Iteration   1: <failure>

java.io.IOException: Log-Tail: [> Configure project :, Trying to override old definition of datatype junit, > Task :poi:compileJava UP-TO-DATE, > Task :poi:compileJava9 UP-TO-DATE, > Task :poi:cacheJava9 UP-TO-DATE, > Task :poi:processResources UP-TO-DATE, > Task :poi:classes UP-TO-DATE, > Task :poi:forbiddenApisMain, > Task :poi:compileTestJava UP-TO-DATE, > Task :poi:compileTest9 UP-TO-DATE, > Task :poi:cacheTest9 UP-TO-DATE, > Task :poi:processTestResources UP-TO-DATE, > Task :poi:testClasses UP-TO-DATE, > Task :poi:forbiddenApisTest, > Task :poi:forbiddenApis, > Task :poi:testJar UP-TO-DATE, > Task :poi:test, WARNING: Unknown module: org.junit.platform.commons specified to --add-exports, WARNING: Unknown module: org.junit.platform.commons specified to --add-exports, > Task :poi:spotbugsMain, > Task :poi:spotbugsTest, > Task :poi:test FAILED, > Task :poi:spotbugsMain FAILED, > Task :poi:spotbugsTest FAILED, FAILURE: Build completed with 3 failures., 1: Task failed with an exception., -----------, * What went wrong:, Execution failed for task ':poi:test'., > Process 'Gradle Test Executor 4' finished with non-zero exit value 137,   This problem might be caused by incorrect test process configuration.,   Please refer to the test execution section in the User Manual at https://docs.gradle.org/7.2/userguide/java_testing.html#sec:test_execution, * Try:, Run with --stacktrace option to get the stack trace. Run with --info or --debug option to get more log output. Run with --scan to get full insights., ==============================================================================, 2: Task failed with an exception., -----------, * What went wrong:, Execution failed for task ':poi:spotbugsMain'., > A failure occurred while executing com.github.spotbugs.snom.internal.SpotBugsRunnerForWorker$SpotBugsExecutor,    > Failed to run Gradle Worker Daemon,       > Process 'Gradle Worker Daemon 2' finished with non-zero exit value 137, * Try:, Run with --stacktrace option to get the stack trace. Run with --info or --debug option to get more log output. Run with --scan to get full insights., ==============================================================================, 3: Task failed with an exception., -----------, * What went wrong:, Execution failed for task ':poi:spotbugsTest'., > A failure occurred while executing com.github.spotbugs.snom.internal.SpotBugsRunnerForWorker$SpotBugsExecutor,    > Failed to run Gradle Worker Daemon,       > Process 'Gradle Worker Daemon 3' finished with non-zero exit value 137, * Try:, Run with --stacktrace option to get the stack trace. Run with --info or --debug option to get more log output. Run with --scan to get full insights., ==============================================================================, * Get more help at https://help.gradle.org, BUILD FAILED in 4m 5s, 14 actionable tasks: 5 executed, 9 up-to-date]
	at org.apache.poi.benchmark.suite.BaseBenchmark.runGradleTarget(BaseBenchmark.java:198)
	at org.apache.poi.benchmark.suite.BaseBenchmark.testMain(BaseBenchmark.java:155)
	at org.apache.poi.benchmark.suite.TestBenchmarks.benchmarkTestMain(TestBenchmarks.java:18)
	at org.apache.poi.benchmark.suite.jmh_generated.TestBenchmarks_benchmarkTestMain_jmhTest.benchmarkTestMain_ss_jmhStub(TestBenchmarks_benchmarkTestMain_jmhTest.java:320)
	at org.apache.poi.benchmark.suite.jmh_generated.TestBenchmarks_benchmarkTestMain_jmhTest.benchmarkTestMain_SingleShotTime(TestBenchmarks_benchmarkTestMain_jmhTest.java:299)
	at java.base/jdk.internal.reflect.NativeMethodAccessorImpl.invoke0(Native Method)
	at java.base/jdk.internal.reflect.NativeMethodAccessorImpl.invoke(NativeMethodAccessorImpl.java:62)
	at java.base/jdk.internal.reflect.DelegatingMethodAccessorImpl.invoke(DelegatingMethodAccessorImpl.java:43)
	at java.base/java.lang.reflect.Method.invoke(Method.java:566)
	at org.openjdk.jmh.runner.BenchmarkHandler$BenchmarkTask.call(BenchmarkHandler.java:475)
	at org.openjdk.jmh.runner.BenchmarkHandler$BenchmarkTask.call(BenchmarkHandler.java:458)
	at java.base/java.util.concurrent.FutureTask.run(FutureTask.java:264)
	at java.base/java.util.concurrent.Executors$RunnableAdapter.call(Executors.java:515)
	at java.base/java.util.concurrent.FutureTask.run(FutureTask.java:264)
	at java.base/java.util.concurrent.ThreadPoolExecutor.runWorker(ThreadPoolExecutor.java:1128)
	at java.base/java.util.concurrent.ThreadPoolExecutor$Worker.run(ThreadPoolExecutor.java:628)
	at java.base/java.lang.Thread.run(Thread.java:829)
Caused by: org.apache.commons.exec.ExecuteException: While executing (sources); [bash, ./gradlew, :poi:check] (Exit value: 1. Caused by org.apache.commons.exec.ExecuteException: Process exited with an error: 1 (Exit value: 1))
	at org.dstadler.commons.exec.ExecutionHelper.execute(ExecutionHelper.java:153)
	at org.dstadler.commons.exec.ExecutionHelper.getCommandResultIntoStream(ExecutionHelper.java:127)
	at org.apache.poi.benchmark.suite.BaseBenchmark.runGradleTarget(BaseBenchmark.java:194)
	... 16 more
Caused by: org.apache.commons.exec.ExecuteException: Process exited with an error: 1 (Exit value: 1)
	at org.apache.commons.exec.DefaultExecutor.executeInternal(DefaultExecutor.java:404)
	at org.apache.commons.exec.DefaultExecutor.execute(DefaultExecutor.java:166)
	at org.dstadler.commons.exec.ExecutionHelper.execute(ExecutionHelper.java:148)
	... 18 more


# JMH version: 1.33
# VM version: JDK 11.0.11, OpenJDK 64-Bit Server VM, 11.0.11+9-Ubuntu-0ubuntu2.20.04
# VM invoker: /usr/lib/jvm/java-11-openjdk-amd64/bin/java
# VM options: -Xmx8m -agentpath:/opt/dynatrace/oneagent/agent/bin/1.225.124.20210910-091412/linux-x86-64/liboneagentloader.so=loglevelcon=none,datastorage=/var/lib/dynatrace/oneagent/datastorage,logdir=/var/log/dynatrace/oneagent
# Blackhole mode: full + dont-inline hint (default, use -Djmh.blackhole.autoDetect=true to auto-detect)
# Warmup: <none>
# Measurement: 1 iterations, single-shot each
# Timeout: 10 min per iteration
# Threads: 1 thread
# Benchmark mode: Single shot invocation time
# Benchmark: org.apache.poi.benchmark.suite.TestBenchmarks.benchmarkTestOOXML

# Run progress: 70.00% complete, ETA 00:17:20
# Fork: N/A, test runs in the host VM
# *** WARNING: Non-forked runs may silently omit JVM options, mess up profilers, disable compiler hints, etc. ***
# *** WARNING: Use non-forked runs only for debugging purposes, not for actual performance runs. ***
Iteration   1: 4694.783 ms/op


# JMH version: 1.33
# VM version: JDK 11.0.11, OpenJDK 64-Bit Server VM, 11.0.11+9-Ubuntu-0ubuntu2.20.04
# VM invoker: /usr/lib/jvm/java-11-openjdk-amd64/bin/java
# VM options: -Xmx8m -agentpath:/opt/dynatrace/oneagent/agent/bin/1.225.124.20210910-091412/linux-x86-64/liboneagentloader.so=loglevelcon=none,datastorage=/var/lib/dynatrace/oneagent/datastorage,logdir=/var/log/dynatrace/oneagent
# Blackhole mode: full + dont-inline hint (default, use -Djmh.blackhole.autoDetect=true to auto-detect)
# Warmup: <none>
# Measurement: 1 iterations, single-shot each
# Timeout: 10 min per iteration
# Threads: 1 thread
# Benchmark mode: Single shot invocation time
# Benchmark: org.apache.poi.benchmark.suite.TestBenchmarks.benchmarkTestOOXMLLite

# Run progress: 80.00% complete, ETA 00:10:34
# Fork: N/A, test runs in the host VM
# *** WARNING: Non-forked runs may silently omit JVM options, mess up profilers, disable compiler hints, etc. ***
# *** WARNING: Use non-forked runs only for debugging purposes, not for actual performance runs. ***
Iteration   1: <failure>

java.io.IOException: Log-Tail: [> Task :poi-ooxml:testClasses UP-TO-DATE, > Task :poi-ooxml:testJar UP-TO-DATE, > Task :poi-examples:compileTestJava UP-TO-DATE, > Task :poi-excelant:compileJava UP-TO-DATE, > Task :poi-excelant:compileJava9 UP-TO-DATE, > Task :poi-excelant:cacheJava9 UP-TO-DATE, > Task :poi-excelant:processResources UP-TO-DATE, > Task :poi-excelant:classes UP-TO-DATE, > Task :poi-excelant:compileTestJava UP-TO-DATE, > Task :poi-examples:jar UP-TO-DATE, > Task :poi-integration:compileJava NO-SOURCE, > Task :poi-integration:processResources NO-SOURCE, > Task :poi-integration:classes UP-TO-DATE, > Task :poi-integration:compileTestJava UP-TO-DATE, > Task :poi-ooxml-full:compileTestJava NO-SOURCE, > Task :poi-integration:compileTest9 UP-TO-DATE, > Task :poi-integration:cacheTest9 UP-TO-DATE, > Task :poi-integration:processTestResources UP-TO-DATE, > Task :poi-integration:testClasses UP-TO-DATE, > Task :poi-integration:testJar UP-TO-DATE, > Task :poi-excelant:jar UP-TO-DATE, > Task :poi-excelant:javadoc UP-TO-DATE, > Task :poi-excelant:javadocJar UP-TO-DATE, > Task :poi-excelant:sourcesJar UP-TO-DATE, > Task :poi-excelant:assemble UP-TO-DATE, > Task :poi-excelant:forbiddenApisMain UP-TO-DATE, > Task :poi-excelant:compileTest9 UP-TO-DATE, > Task :poi-excelant:cacheTest9 UP-TO-DATE, > Task :poi-excelant:processTestResources UP-TO-DATE, > Task :poi-excelant:testClasses UP-TO-DATE, > Task :poi-excelant:forbiddenApisTest UP-TO-DATE, > Task :poi-excelant:forbiddenApis UP-TO-DATE, > Task :poi-excelant:spotbugsMain UP-TO-DATE, > Task :poi-excelant:spotbugsTest UP-TO-DATE, > Task :poi-excelant:testJar UP-TO-DATE, > Task :poi-excelant:test UP-TO-DATE, > Task :poi-excelant:check UP-TO-DATE, > Task :poi-excelant:build UP-TO-DATE, > Task :poi-integration:jar UP-TO-DATE, > Task :poi-integration:javadoc SKIPPED, > Task :poi-integration:javadocJar SKIPPED, > Task :poi-integration:sourcesJar SKIPPED, > Task :poi-integration:assemble UP-TO-DATE, > Task :poi-integration:forbiddenApisMain NO-SOURCE, > Task :poi-integration:forbiddenApisTest UP-TO-DATE, > Task :poi-integration:forbiddenApis UP-TO-DATE, > Task :poi-integration:spotbugsMain NO-SOURCE, > Task :poi-integration:spotbugsTest UP-TO-DATE, > Task :poi-integration:test UP-TO-DATE, > Task :poi-integration:check UP-TO-DATE, > Task :poi-integration:build UP-TO-DATE, > Task :poi-ooxml:javadoc UP-TO-DATE, > Task :poi-ooxml:javadocJar UP-TO-DATE, > Task :poi-ooxml:sourcesJar UP-TO-DATE, > Task :poi-ooxml:assemble UP-TO-DATE, > Task :poi-ooxml:forbiddenApisMain UP-TO-DATE, > Task :poi-ooxml:forbiddenApisTest UP-TO-DATE, > Task :poi-ooxml:forbiddenApis UP-TO-DATE, > Task :poi-ooxml:spotbugsMain UP-TO-DATE, > Task :poi-ooxml:spotbugsTest UP-TO-DATE, > Task :poi-ooxml:test UP-TO-DATE, > Task :poi-ooxml:check UP-TO-DATE, > Task :poi-ooxml:build UP-TO-DATE, > Task :poi-ooxml-lite:generateModuleInfo UP-TO-DATE, > Task :poi-ooxml-lite:compileOoxmlLite, The message received from the daemon indicates that the daemon has disappeared., Build request sent: Build{id=3530b052-cd77-45b8-b78e-dd58415e49eb, currentDir=/opt/poi-benchmark/sources}, Attempting to read last messages from the daemon log..., Daemon pid: 1377292,   log file: /home/preis/.gradle/daemon/7.2/daemon-1377292.out.log, ----- Last  20 lines from daemon log file - daemon-1377292.out.log -----, 2021-09-12T01:44:52.926+0200 [DEBUG] [org.gradle.launcher.daemon.server.DefaultDaemonConnection] thread 499: Received non-IO message from client: Build{id=3530b052-cd77-45b8-b78e-dd58415e49eb, currentDir=/opt/poi-benchmark/sources}, 2021-09-12T01:44:52.927+0200 [INFO] [org.gradle.launcher.daemon.server.DefaultIncomingConnectionHandler] Received command: Build{id=3530b052-cd77-45b8-b78e-dd58415e49eb, currentDir=/opt/poi-benchmark/sources}., 2021-09-12T01:44:52.927+0200 [DEBUG] [org.gradle.launcher.daemon.server.DefaultIncomingConnectionHandler] Starting executing command: Build{id=3530b052-cd77-45b8-b78e-dd58415e49eb, currentDir=/opt/poi-benchmark/sources} with connection: socket connection from /127.0.0.1:44131 to /127.0.0.1:60872., 2021-09-12T01:44:52.933+0200 [DEBUG] [org.gradle.launcher.daemon.server.DaemonStateCoordinator] Command execution: started DaemonCommandExecution[command = Build{id=3530b052-cd77-45b8-b78e-dd58415e49eb, currentDir=/opt/poi-benchmark/sources}, connection = DefaultDaemonConnection: socket connection from /127.0.0.1:44131 to /127.0.0.1:60872] after 0.0 minutes of idle, 2021-09-12T01:44:52.933+0200 [INFO] [org.gradle.launcher.daemon.server.DaemonRegistryUpdater] Marking the daemon as busy, address: [fa3404f7-51df-4de1-96f7-eefc8e792093 port:44131, addresses:[localhost/127.0.0.1]], 2021-09-12T01:44:52.934+0200 [DEBUG] [org.gradle.launcher.daemon.registry.PersistentDaemonRegistry] Marking busy by address: [fa3404f7-51df-4de1-96f7-eefc8e792093 port:44131, addresses:[localhost/127.0.0.1]], 2021-09-12T01:44:52.934+0200 [DEBUG] [org.gradle.cache.internal.DefaultFileLockManager] Waiting to acquire exclusive lock on daemon addresses registry., 2021-09-12T01:44:52.934+0200 [DEBUG] [org.gradle.cache.internal.DefaultFileLockManager] Lock acquired on daemon addresses registry., 2021-09-12T01:44:52.934+0200 [DEBUG] [org.gradle.cache.internal.DefaultFileLockManager] Releasing lock on daemon addresses registry., 2021-09-12T01:44:52.934+0200 [DEBUG] [org.gradle.launcher.daemon.server.DaemonStateCoordinator] resetting idle timer, 2021-09-12T01:44:52.938+0200 [DEBUG] [org.gradle.launcher.daemon.server.DaemonStateCoordinator] daemon is running. Sleeping until state changes., 2021-09-12T01:44:52.938+0200 [INFO] [org.gradle.launcher.daemon.server.exec.StartBuildOrRespondWithBusy] Daemon is about to start building Build{id=3530b052-cd77-45b8-b78e-dd58415e49eb, currentDir=/opt/poi-benchmark/sources}. Dispatching build started information..., 2021-09-12T01:44:52.938+0200 [DEBUG] [org.gradle.launcher.daemon.server.SynchronizedDispatchConnection] thread 28: dispatching org.gradle.launcher.daemon.protocol.BuildStarted@27e19465, 2021-09-12T01:44:52.938+0200 [DEBUG] [org.gradle.launcher.daemon.server.exec.EstablishBuildEnvironment] Configuring env variables: [OLDPWD, PWD, SHLVL], 2021-09-12T01:44:52.938+0200 [DEBUG] [org.gradle.launcher.daemon.server.exec.LogToClient] About to start relaying all logs to the client via the connection., 2021-09-12T01:44:52.938+0200 [INFO] [org.gradle.launcher.daemon.server.exec.LogToClient] The client will now receive all logging from the daemon (pid: 1377292). The daemon log file: /home/preis/.gradle/daemon/7.2/daemon-1377292.out.log, 2021-09-12T01:44:52.940+0200 [INFO] [org.gradle.launcher.daemon.server.exec.LogAndCheckHealth] Starting 8th build in daemon [uptime: 10 mins 0.46 secs, performance: 98%], 2021-09-12T01:44:52.940+0200 [DEBUG] [org.gradle.launcher.daemon.server.exec.ExecuteBuild] The daemon has started executing the build., 2021-09-12T01:44:52.941+0200 [DEBUG] [org.gradle.launcher.daemon.server.exec.ExecuteBuild] Executing build with daemon context: DefaultDaemonContext[uid=c70bc90b-0367-4473-94b1-790a0aa8b89b,javaHome=/usr/lib/jvm/java-11-openjdk-amd64,daemonRegistryDir=/home/preis/.gradle/daemon,pid=1377292,idleTimeout=10800000,priority=NORMAL,daemonOpts=--add-opens,java.base/java.util=ALL-UNNAMED,--add-opens,java.base/java.lang=ALL-UNNAMED,--add-opens,java.base/java.lang.invoke=ALL-UNNAMED,--add-opens,java.base/java.util=ALL-UNNAMED,--add-opens,java.prefs/java.util.prefs=ALL-UNNAMED,--add-opens,java.prefs/java.util.prefs=ALL-UNNAMED,--add-opens,java.base/java.nio.charset=ALL-UNNAMED,--add-opens,java.base/java.net=ALL-UNNAMED,--add-opens,java.base/java.util.concurrent.atomic=ALL-UNNAMED,-Xmx4096m,-Dfile.encoding=US-ASCII,-Duser.country=US,-Duser.language=en,-Duser.variant], Trying to override old definition of datatype junit, ----- End of the daemon log -----, JVM crash log found: file:///opt/poi-benchmark/sources/hs_err_pid1377292.log, FAILURE: Build failed with an exception., * What went wrong:, Gradle build daemon disappeared unexpectedly (it may have been killed or may have crashed), * Try:, Run with --stacktrace option to get the stack trace. Run with --info or --debug option to get more log output. Run with --scan to get full insights., * Get more help at https://help.gradle.org, > Task :poi-ooxml-lite:compileJava]
	at org.apache.poi.benchmark.suite.BaseBenchmark.runGradleTarget(BaseBenchmark.java:198)
	at org.apache.poi.benchmark.suite.BaseBenchmark.compileAll(BaseBenchmark.java:151)
	at org.apache.poi.benchmark.suite.TestBenchmarks.setUp(TestBenchmarks.java:13)
	at org.apache.poi.benchmark.suite.jmh_generated.TestBenchmarks_benchmarkTestOOXMLLite_jmhTest._jmh_tryInit_f_testbenchmarks0_0(TestBenchmarks_benchmarkTestOOXMLLite_jmhTest.java:335)
	at org.apache.poi.benchmark.suite.jmh_generated.TestBenchmarks_benchmarkTestOOXMLLite_jmhTest.benchmarkTestOOXMLLite_SingleShotTime(TestBenchmarks_benchmarkTestOOXMLLite_jmhTest.java:291)
	at java.base/jdk.internal.reflect.NativeMethodAccessorImpl.invoke0(Native Method)
	at java.base/jdk.internal.reflect.NativeMethodAccessorImpl.invoke(NativeMethodAccessorImpl.java:62)
	at java.base/jdk.internal.reflect.DelegatingMethodAccessorImpl.invoke(DelegatingMethodAccessorImpl.java:43)
	at java.base/java.lang.reflect.Method.invoke(Method.java:566)
	at org.openjdk.jmh.runner.BenchmarkHandler$BenchmarkTask.call(BenchmarkHandler.java:475)
	at org.openjdk.jmh.runner.BenchmarkHandler$BenchmarkTask.call(BenchmarkHandler.java:458)
	at java.base/java.util.concurrent.FutureTask.run(FutureTask.java:264)
	at java.base/java.util.concurrent.Executors$RunnableAdapter.call(Executors.java:515)
	at java.base/java.util.concurrent.FutureTask.run(FutureTask.java:264)
	at java.base/java.util.concurrent.ThreadPoolExecutor.runWorker(ThreadPoolExecutor.java:1128)
	at java.base/java.util.concurrent.ThreadPoolExecutor$Worker.run(ThreadPoolExecutor.java:628)
	at java.base/java.lang.Thread.run(Thread.java:829)
Caused by: org.apache.commons.exec.ExecuteException: While executing (sources); [bash, ./gradlew, compileTestJava] (Exit value: 1. Caused by org.apache.commons.exec.ExecuteException: Process exited with an error: 1 (Exit value: 1))
	at org.dstadler.commons.exec.ExecutionHelper.execute(ExecutionHelper.java:153)
	at org.dstadler.commons.exec.ExecutionHelper.getCommandResultIntoStream(ExecutionHelper.java:127)
	at org.apache.poi.benchmark.suite.BaseBenchmark.runGradleTarget(BaseBenchmark.java:194)
	... 16 more
Caused by: org.apache.commons.exec.ExecuteException: Process exited with an error: 1 (Exit value: 1)
	at org.apache.commons.exec.DefaultExecutor.executeInternal(DefaultExecutor.java:404)
	at org.apache.commons.exec.DefaultExecutor.execute(DefaultExecutor.java:166)
	at org.dstadler.commons.exec.ExecutionHelper.execute(ExecutionHelper.java:148)
	... 18 more


# JMH version: 1.33
# VM version: JDK 11.0.11, OpenJDK 64-Bit Server VM, 11.0.11+9-Ubuntu-0ubuntu2.20.04
# VM invoker: /usr/lib/jvm/java-11-openjdk-amd64/bin/java
# VM options: -Xmx8m -agentpath:/opt/dynatrace/oneagent/agent/bin/1.225.124.20210910-091412/linux-x86-64/liboneagentloader.so=loglevelcon=none,datastorage=/var/lib/dynatrace/oneagent/datastorage,logdir=/var/log/dynatrace/oneagent
# Blackhole mode: full + dont-inline hint (default, use -Djmh.blackhole.autoDetect=true to auto-detect)
# Warmup: <none>
# Measurement: 1 iterations, single-shot each
# Timeout: 10 min per iteration
# Threads: 1 thread
# Benchmark mode: Single shot invocation time
# Benchmark: org.apache.poi.benchmark.suite.TestBenchmarks.benchmarkTestScratchpad

# Run progress: 90.00% complete, ETA 00:04:53
# Fork: N/A, test runs in the host VM
# *** WARNING: Non-forked runs may silently omit JVM options, mess up profilers, disable compiler hints, etc. ***
# *** WARNING: Use non-forked runs only for debugging purposes, not for actual performance runs. ***
Iteration   1: <failure>

java.io.IOException: Log-Tail: [> Configure project :, Trying to override old definition of datatype junit, > Task :poi:compileJava UP-TO-DATE, > Task :poi:compileJava9 UP-TO-DATE, > Task :poi:cacheJava9 UP-TO-DATE, > Task :poi:processResources UP-TO-DATE, > Task :poi:classes UP-TO-DATE, > Task :poi:jar UP-TO-DATE, > Task :poi-scratchpad:compileJava UP-TO-DATE, > Task :poi-scratchpad:compileJava9 UP-TO-DATE, > Task :poi-scratchpad:cacheJava9 UP-TO-DATE, > Task :poi-scratchpad:processResources UP-TO-DATE, > Task :poi-scratchpad:classes UP-TO-DATE, > Task :poi-scratchpad:forbiddenApisMain, > Task :poi:compileTestJava UP-TO-DATE, > Task :poi:compileTest9 UP-TO-DATE, > Task :poi:cacheTest9 UP-TO-DATE, > Task :poi:processTestResources UP-TO-DATE, > Task :poi:testClasses UP-TO-DATE, > Task :poi:testJar UP-TO-DATE, > Task :poi-scratchpad:compileTestJava UP-TO-DATE, > Task :poi-scratchpad:compileTest9 UP-TO-DATE, > Task :poi-scratchpad:cacheTest9 UP-TO-DATE, > Task :poi-scratchpad:processTestResources NO-SOURCE, > Task :poi-scratchpad:testClasses UP-TO-DATE, > Task :poi-scratchpad:forbiddenApisTest, > Task :poi-scratchpad:forbiddenApis, > Task :poi-scratchpad:testJar UP-TO-DATE, > Task :poi-scratchpad:spotbugsMain, > Task :poi-scratchpad:spotbugsTest, > Task :poi-scratchpad:test, > Task :poi-scratchpad:spotbugsTest FAILED, > Task :poi-scratchpad:spotbugsMain FAILED, 23 actionable tasks: 5 executed, 18 up-to-date, 23 actionable tasks: 5 executed, 18 up-to-date, FAILURE: Build completed with 2 failures., 1: Task failed with an exception., -----------, * What went wrong:, Execution failed for task ':poi-scratchpad:spotbugsTest'., > A failure occurred while executing com.github.spotbugs.snom.internal.SpotBugsRunnerForWorker$SpotBugsExecutor,    > Failed to run Gradle Worker Daemon,       > Process 'Gradle Worker Daemon 2' finished with non-zero exit value 137, * Try:, Run with --stacktrace option to get the stack trace. Run with --info or --debug option to get more log output. Run with --scan to get full insights., ==============================================================================, 2: Task failed with an exception., -----------, * What went wrong:, Execution failed for task ':poi-scratchpad:spotbugsMain'., > A failure occurred while executing com.github.spotbugs.snom.internal.SpotBugsRunnerForWorker$SpotBugsExecutor,    > Failed to run Gradle Worker Daemon,       > Process 'Gradle Worker Daemon 1' finished with non-zero exit value 137, * Try:, Run with --stacktrace option to get the stack trace. Run with --info or --debug option to get more log output. Run with --scan to get full insights., ==============================================================================, * Get more help at https://help.gradle.org, BUILD FAILED in 2m 57s]
	at org.apache.poi.benchmark.suite.BaseBenchmark.runGradleTarget(BaseBenchmark.java:198)
	at org.apache.poi.benchmark.suite.BaseBenchmark.testScratchpad(BaseBenchmark.java:159)
	at org.apache.poi.benchmark.suite.TestBenchmarks.benchmarkTestScratchpad(TestBenchmarks.java:23)
	at org.apache.poi.benchmark.suite.jmh_generated.TestBenchmarks_benchmarkTestScratchpad_jmhTest.benchmarkTestScratchpad_ss_jmhStub(TestBenchmarks_benchmarkTestScratchpad_jmhTest.java:320)
	at org.apache.poi.benchmark.suite.jmh_generated.TestBenchmarks_benchmarkTestScratchpad_jmhTest.benchmarkTestScratchpad_SingleShotTime(TestBenchmarks_benchmarkTestScratchpad_jmhTest.java:299)
	at java.base/jdk.internal.reflect.NativeMethodAccessorImpl.invoke0(Native Method)
	at java.base/jdk.internal.reflect.NativeMethodAccessorImpl.invoke(NativeMethodAccessorImpl.java:62)
	at java.base/jdk.internal.reflect.DelegatingMethodAccessorImpl.invoke(DelegatingMethodAccessorImpl.java:43)
	at java.base/java.lang.reflect.Method.invoke(Method.java:566)
	at org.openjdk.jmh.runner.BenchmarkHandler$BenchmarkTask.call(BenchmarkHandler.java:475)
	at org.openjdk.jmh.runner.BenchmarkHandler$BenchmarkTask.call(BenchmarkHandler.java:458)
	at java.base/java.util.concurrent.FutureTask.run(FutureTask.java:264)
	at java.base/java.util.concurrent.Executors$RunnableAdapter.call(Executors.java:515)
	at java.base/java.util.concurrent.FutureTask.run(FutureTask.java:264)
	at java.base/java.util.concurrent.ThreadPoolExecutor.runWorker(ThreadPoolExecutor.java:1128)
	at java.base/java.util.concurrent.ThreadPoolExecutor$Worker.run(ThreadPoolExecutor.java:628)
	at java.base/java.lang.Thread.run(Thread.java:829)
Caused by: org.apache.commons.exec.ExecuteException: While executing (sources); [bash, ./gradlew, :poi-scratchpad:check] (Exit value: 1. Caused by org.apache.commons.exec.ExecuteException: Process exited with an error: 1 (Exit value: 1))
	at org.dstadler.commons.exec.ExecutionHelper.execute(ExecutionHelper.java:153)
	at org.dstadler.commons.exec.ExecutionHelper.getCommandResultIntoStream(ExecutionHelper.java:127)
	at org.apache.poi.benchmark.suite.BaseBenchmark.runGradleTarget(BaseBenchmark.java:194)
	... 16 more
Caused by: org.apache.commons.exec.ExecuteException: Process exited with an error: 1 (Exit value: 1)
	at org.apache.commons.exec.DefaultExecutor.executeInternal(DefaultExecutor.java:404)
	at org.apache.commons.exec.DefaultExecutor.execute(DefaultExecutor.java:166)
	at org.dstadler.commons.exec.ExecutionHelper.execute(ExecutionHelper.java:148)
	... 18 more


# Run complete. Total time: 00:49:13

REMEMBER: The numbers below are just data. To gain reusable insights, you need to follow up on
why the numbers are the way they are. Use profilers (see -prof, -lprof), design factorial
experiments, perform baseline and negative tests that provide experimental control, make sure
the benchmarking environment is safe on JVM/OS/HW level, ask for reviews from the domain experts.
Do not assume the numbers tell you what you want them to tell.

Benchmark                             Mode  Cnt     Score   Error  Units
TestBenchmarks.benchmarkTestExcelant    ss       3562.520          ms/op
TestBenchmarks.benchmarkTestOOXML       ss       4694.783          ms/op

Benchmark result is saved to build/reports/jmh/results.json
