# JMH version: 1.33
# VM version: JDK 11.0.11, OpenJDK 64-Bit Server VM, 11.0.11+9-Ubuntu-0ubuntu2.20.04
# VM invoker: /usr/lib/jvm/java-11-openjdk-amd64/bin/java
# VM options: -Xmx8m -agentpath:/opt/dynatrace/oneagent/agent/bin/1.227.116.20211005-151037/linux-x86-64/liboneagentloader.so=loglevelcon=none,datastorage=/var/lib/dynatrace/oneagent/datastorage,logdir=/var/log/dynatrace/oneagent
# Blackhole mode: full + dont-inline hint (default, use -Djmh.blackhole.autoDetect=true to auto-detect)
# Warmup: <none>
# Measurement: 1 iterations, single-shot each
# Timeout: 10 min per iteration
# Threads: 1 thread
# Benchmark mode: Single shot invocation time
# Benchmark: org.apache.poi.benchmark.suite.BuildBenchmarks.benchmarkCompileAll

# Run progress: 0.00% complete, ETA 00:00:00
# Fork: N/A, test runs in the host VM
# *** WARNING: Non-forked runs may silently omit JVM options, mess up profilers, disable compiler hints, etc. ***
# *** WARNING: Use non-forked runs only for debugging purposes, not for actual performance runs. ***
Iteration   1: <failure>

java.io.IOException: Log-Tail: [12 warnings, > Task :poi-ooxml:compileTest9, > Task :poi-ooxml:cacheTest9 UP-TO-DATE, > Task :poi-ooxml:processTestResources, > Task :poi-ooxml:testClasses, > Task :poi-ooxml:testJar, > Task :poi-integration:compileTestJava, > Task :poi-integration:compileTest9, > Task :poi-integration:cacheTest9 UP-TO-DATE, > Task :poi-integration:processTestResources, > Task :poi-integration:testClasses, > Task :poi-integration:testJar, > Task :poi-excelant:compileJava9, > Task :poi-excelant:cacheJava9 UP-TO-DATE, > Task :poi-excelant:processResources, > Task :poi-excelant:classes, > Task :poi-excelant:jar, > Task :poi-excelant:javadoc, > Task :poi-excelant:javadocJar, > Task :poi-excelant:sourcesJar, > Task :poi-excelant:assemble, > Task :poi-excelant:forbiddenApisMain, > Task :poi-excelant:compileTestJava, > Task :poi-excelant:compileTest9, > Task :poi-excelant:cacheTest9 UP-TO-DATE, > Task :poi-excelant:processTestResources, > Task :poi-excelant:testClasses, > Task :poi-excelant:forbiddenApisTest, > Task :poi-excelant:forbiddenApis, > Task :poi-excelant:testJar, > Task :poi-excelant:test, SLF4J: Defaulting to no-operation (NOP) logger implementation, SLF4J: See http://www.slf4j.org/codes.html#StaticLoggerBinder for further details., > Task :poi-excelant:spotbugsMain, > Task :poi-excelant:spotbugsTest, Unexpected exception thrown., > Task :poi-excelant:test FAILED, #, # There is insufficient memory for the Java Runtime Environment to continue., # Native memory allocation (mmap) failed to map 221249536 bytes for committing reserved memory., # An error report file with more information is saved as:, # /opt/poi-benchmark/sources/poi-excelant/hs_err_pid3889279.log, org.gradle.internal.remote.internal.MessageIOException: Could not write '/127.0.0.1:41098'., 	at org.gradle.internal.remote.internal.inet.SocketConnection.flush(SocketConnection.java:140), 	at org.gradle.internal.remote.internal.hub.MessageHub$ConnectionDispatch.run(MessageHub.java:333), 	at org.gradle.internal.concurrent.ExecutorPolicy$CatchAndRecordFailures.onExecute(ExecutorPolicy.java:64), 	at org.gradle.internal.concurrent.ManagedExecutorImpl$1.run(ManagedExecutorImpl.java:48), 	at java.base/java.util.concurrent.ThreadPoolExecutor.runWorker(ThreadPoolExecutor.java:1128), 	at java.base/java.util.concurrent.ThreadPoolExecutor$Worker.run(ThreadPoolExecutor.java:628), 	at org.gradle.internal.concurrent.ThreadFactoryImpl$ManagedThreadRunnable.run(ThreadFactoryImpl.java:61), 	at java.base/java.lang.Thread.run(Thread.java:829), Caused by: java.io.IOException: Broken pipe, 	at java.base/sun.nio.ch.FileDispatcherImpl.write0(Native Method), 	at java.base/sun.nio.ch.SocketDispatcher.write(SocketDispatcher.java:47), 	at java.base/sun.nio.ch.IOUtil.writeFromNativeBuffer(IOUtil.java:113), 	at java.base/sun.nio.ch.IOUtil.write(IOUtil.java:58), 	at java.base/sun.nio.ch.IOUtil.write(IOUtil.java:50), 	at java.base/sun.nio.ch.SocketChannelImpl.write(SocketChannelImpl.java:462), 	at org.gradle.internal.remote.internal.inet.SocketConnection$SocketOutputStream.writeWithNonBlockingRetry(SocketConnection.java:279), 	at org.gradle.internal.remote.internal.inet.SocketConnection$SocketOutputStream.writeBufferToChannel(SocketConnection.java:267), 	at org.gradle.internal.remote.internal.inet.SocketConnection$SocketOutputStream.flush(SocketConnection.java:261), 	at org.gradle.internal.remote.internal.inet.SocketConnection.flush(SocketConnection.java:138), 	... 7 more, OpenJDK 64-Bit Server VM warning: INFO: os::commit_memory(0x00000000aeb00000, 221249536, 0) failed; error='Not enough space' (errno=12), > Task :poi-excelant:spotbugsMain FAILED, > Task :poi-excelant:spotbugsTest FAILED, FAILURE: Build completed with 3 failures., 1: Task failed with an exception., -----------, * What went wrong:, Execution failed for task ':poi-excelant:test'., > Process 'Gradle Test Executor 3' finished with non-zero exit value 1,   This problem might be caused by incorrect test process configuration.,   Please refer to the test execution section in the User Manual at https://docs.gradle.org/7.2/userguide/java_testing.html#sec:test_execution, * Try:, Run with --stacktrace option to get the stack trace. Run with --info or --debug option to get more log output. Run with --scan to get full insights., 69 actionable tasks: 57 executed, 12 up-to-date, ==============================================================================, 2: Task failed with an exception., -----------, * What went wrong:, Execution failed for task ':poi-excelant:spotbugsMain'., > A failure occurred while executing com.github.spotbugs.snom.internal.SpotBugsRunnerForWorker$SpotBugsExecutor,    > Failed to run Gradle Worker Daemon,       > Process 'Gradle Worker Daemon 1' finished with non-zero exit value 137, * Try:, Run with --stacktrace option to get the stack trace. Run with --info or --debug option to get more log output. Run with --scan to get full insights., ==============================================================================, 3: Task failed with an exception., -----------, * What went wrong:, Execution failed for task ':poi-excelant:spotbugsTest'., > A failure occurred while executing com.github.spotbugs.snom.internal.SpotBugsRunnerForWorker$SpotBugsExecutor,    > Failed to run Gradle Worker Daemon,       > Process 'Gradle Worker Daemon 2' finished with non-zero exit value 137, * Try:, Run with --stacktrace option to get the stack trace. Run with --info or --debug option to get more log output. Run with --scan to get full insights., ==============================================================================, * Get more help at https://help.gradle.org, BUILD FAILED in 4m 46s]
	at org.apache.poi.benchmark.suite.BaseBenchmark.runGradleTarget(BaseBenchmark.java:198)
	at org.apache.poi.benchmark.suite.BaseBenchmark.compileAll(BaseBenchmark.java:150)
	at org.apache.poi.benchmark.suite.BuildBenchmarks.benchmarkCompileAll(BuildBenchmarks.java:16)
	at org.apache.poi.benchmark.suite.jmh_generated.BuildBenchmarks_benchmarkCompileAll_jmhTest.benchmarkCompileAll_ss_jmhStub(BuildBenchmarks_benchmarkCompileAll_jmhTest.java:320)
	at org.apache.poi.benchmark.suite.jmh_generated.BuildBenchmarks_benchmarkCompileAll_jmhTest.benchmarkCompileAll_SingleShotTime(BuildBenchmarks_benchmarkCompileAll_jmhTest.java:299)
	at java.base/jdk.internal.reflect.NativeMethodAccessorImpl.invoke0(Native Method)
	at java.base/jdk.internal.reflect.NativeMethodAccessorImpl.invoke(NativeMethodAccessorImpl.java:62)
	at java.base/jdk.internal.reflect.DelegatingMethodAccessorImpl.invoke(DelegatingMethodAccessorImpl.java:43)
	at java.base/java.lang.reflect.Method.invoke(Method.java:566)
	at org.openjdk.jmh.runner.BenchmarkHandler$BenchmarkTask.call(BenchmarkHandler.java:475)
	at org.openjdk.jmh.runner.BenchmarkHandler$BenchmarkTask.call(BenchmarkHandler.java:458)
	at java.base/java.util.concurrent.FutureTask.run(FutureTask.java:264)
	at java.base/java.util.concurrent.Executors$RunnableAdapter.call(Executors.java:515)
	at java.base/java.util.concurrent.FutureTask.run(FutureTask.java:264)
	at java.base/java.util.concurrent.ThreadPoolExecutor.runWorker(ThreadPoolExecutor.java:1128)
	at java.base/java.util.concurrent.ThreadPoolExecutor$Worker.run(ThreadPoolExecutor.java:628)
	at java.base/java.lang.Thread.run(Thread.java:829)
Caused by: org.apache.commons.exec.ExecuteException: While executing (sources); [bash, ./gradlew, compileJava] (Exit value: 1. Caused by org.apache.commons.exec.ExecuteException: Process exited with an error: 1 (Exit value: 1))
	at org.dstadler.commons.exec.ExecutionHelper.execute(ExecutionHelper.java:153)
	at org.dstadler.commons.exec.ExecutionHelper.getCommandResultIntoStream(ExecutionHelper.java:127)
	at org.apache.poi.benchmark.suite.BaseBenchmark.runGradleTarget(BaseBenchmark.java:194)
	... 16 more
Caused by: org.apache.commons.exec.ExecuteException: Process exited with an error: 1 (Exit value: 1)
	at org.apache.commons.exec.DefaultExecutor.executeInternal(DefaultExecutor.java:404)
	at org.apache.commons.exec.DefaultExecutor.execute(DefaultExecutor.java:166)
	at org.dstadler.commons.exec.ExecutionHelper.execute(ExecutionHelper.java:148)
	... 18 more


# JMH version: 1.33
# VM version: JDK 11.0.11, OpenJDK 64-Bit Server VM, 11.0.11+9-Ubuntu-0ubuntu2.20.04
# VM invoker: /usr/lib/jvm/java-11-openjdk-amd64/bin/java
# VM options: -Xmx8m -agentpath:/opt/dynatrace/oneagent/agent/bin/1.227.116.20211005-151037/linux-x86-64/liboneagentloader.so=loglevelcon=none,datastorage=/var/lib/dynatrace/oneagent/datastorage,logdir=/var/log/dynatrace/oneagent
# Blackhole mode: full + dont-inline hint (default, use -Djmh.blackhole.autoDetect=true to auto-detect)
# Warmup: <none>
# Measurement: 1 iterations, single-shot each
# Timeout: 10 min per iteration
# Threads: 1 thread
# Benchmark mode: Single shot invocation time
# Benchmark: org.apache.poi.benchmark.suite.SSPerformanceBenchmarks.benchmarkHSSFPerformance

# Run progress: 10.00% complete, ETA 00:56:46
# Fork: N/A, test runs in the host VM
# *** WARNING: Non-forked runs may silently omit JVM options, mess up profilers, disable compiler hints, etc. ***
# *** WARNING: Use non-forked runs only for debugging purposes, not for actual performance runs. ***
Iteration   1: <failure>

java.io.IOException: Log-Tail: [> Task :poi-excelant:compileJava UP-TO-DATE, > Task :poi-integration:compileJava NO-SOURCE, > Task :poi-examples:compileJava9 UP-TO-DATE, > Task :poi-examples:cacheJava9 UP-TO-DATE, > Task :poi-examples:processResources NO-SOURCE, > Task :poi-examples:classes UP-TO-DATE, > Task :poi-examples:jar UP-TO-DATE, > Task :poi:compileTestJava UP-TO-DATE, > Task :poi:compileTest9 UP-TO-DATE, > Task :poi:cacheTest9 UP-TO-DATE, > Task :poi:processTestResources UP-TO-DATE, > Task :poi:testClasses UP-TO-DATE, > Task :poi:testJar UP-TO-DATE, > Task :poi-integration:processResources NO-SOURCE, > Task :poi-integration:classes UP-TO-DATE, > Task :poi-ooxml-lite-agent:compileJava UP-TO-DATE, > Task :poi-ooxml-lite-agent:compileJava9 UP-TO-DATE, > Task :poi-ooxml-lite-agent:cacheJava9 UP-TO-DATE, > Task :poi-ooxml-lite-agent:processResources NO-SOURCE, > Task :poi-ooxml-lite-agent:classes UP-TO-DATE, > Task :poi-ooxml-lite-agent:jar UP-TO-DATE, > Task :poi-scratchpad:compileTestJava UP-TO-DATE, > Task :poi-scratchpad:compileTest9 UP-TO-DATE, > Task :poi-scratchpad:cacheTest9 UP-TO-DATE, > Task :poi-scratchpad:processTestResources NO-SOURCE, > Task :poi-scratchpad:testClasses UP-TO-DATE, > Task :poi-scratchpad:testJar UP-TO-DATE, > Task :poi-ooxml:compileTestJava UP-TO-DATE, > Task :poi-ooxml:compileTest9 UP-TO-DATE, > Task :poi-ooxml:cacheTest9 UP-TO-DATE, > Task :poi-ooxml:processTestResources UP-TO-DATE, > Task :poi-ooxml:testClasses UP-TO-DATE, > Task :poi-ooxml:testJar UP-TO-DATE, > Task :poi-integration:compileTestJava UP-TO-DATE, > Task :poi-integration:compileTest9 UP-TO-DATE, > Task :poi-integration:cacheTest9 UP-TO-DATE, > Task :poi-integration:processTestResources UP-TO-DATE, > Task :poi-integration:testClasses UP-TO-DATE, > Task :poi-integration:testJar UP-TO-DATE, > Task :poi-excelant:compileJava9 UP-TO-DATE, > Task :poi-excelant:cacheJava9 UP-TO-DATE, > Task :poi-excelant:processResources UP-TO-DATE, > Task :poi-excelant:classes UP-TO-DATE, > Task :poi-excelant:jar UP-TO-DATE, > Task :poi-excelant:javadoc UP-TO-DATE, > Task :poi-excelant:javadocJar UP-TO-DATE, > Task :poi-excelant:sourcesJar UP-TO-DATE, > Task :poi-excelant:assemble UP-TO-DATE, > Task :poi-excelant:forbiddenApisMain UP-TO-DATE, > Task :poi-excelant:compileTestJava UP-TO-DATE, > Task :poi-excelant:compileTest9 UP-TO-DATE, > Task :poi-excelant:cacheTest9 UP-TO-DATE, > Task :poi-excelant:processTestResources UP-TO-DATE, > Task :poi-excelant:testClasses UP-TO-DATE, > Task :poi-excelant:forbiddenApisTest UP-TO-DATE, > Task :poi-excelant:forbiddenApis UP-TO-DATE, > Task :poi-excelant:testJar UP-TO-DATE, > Task :poi-excelant:test, SLF4J: Failed to load class "org.slf4j.impl.StaticLoggerBinder"., SLF4J: Defaulting to no-operation (NOP) logger implementation, SLF4J: See http://www.slf4j.org/codes.html#StaticLoggerBinder for further details., > Task :poi-excelant:test FAILED, > Task :poi-excelant:spotbugsMain, > Task :poi-excelant:spotbugsTest, > Task :poi-excelant:spotbugsMain FAILED, > Task :poi-excelant:spotbugsTest FAILED, 69 actionable tasks: 3 executed, 66 up-to-date, FAILURE: Build completed with 3 failures., 1: Task failed with an exception., -----------, * What went wrong:, Execution failed for task ':poi-excelant:test'., > Process 'Gradle Test Executor 6' finished with non-zero exit value 137,   This problem might be caused by incorrect test process configuration.,   Please refer to the test execution section in the User Manual at https://docs.gradle.org/7.2/userguide/java_testing.html#sec:test_execution, * Try:, Run with --stacktrace option to get the stack trace. Run with --info or --debug option to get more log output. Run with --scan to get full insights., ==============================================================================, 2: Task failed with an exception., -----------, * What went wrong:, Execution failed for task ':poi-excelant:spotbugsMain'., > A failure occurred while executing com.github.spotbugs.snom.internal.SpotBugsRunnerForWorker$SpotBugsExecutor,    > Failed to run Gradle Worker Daemon,       > Process 'Gradle Worker Daemon 4' finished with non-zero exit value 137, * Try:, Run with --stacktrace option to get the stack trace. Run with --info or --debug option to get more log output. Run with --scan to get full insights., ==============================================================================, 3: Task failed with an exception., -----------, * What went wrong:, Execution failed for task ':poi-excelant:spotbugsTest'., > A failure occurred while executing com.github.spotbugs.snom.internal.SpotBugsRunnerForWorker$SpotBugsExecutor,    > Failed to run Gradle Worker Daemon,       > Process 'Gradle Worker Daemon 5' finished with non-zero exit value 137, * Try:, Run with --stacktrace option to get the stack trace. Run with --info or --debug option to get more log output. Run with --scan to get full insights., ==============================================================================, * Get more help at https://help.gradle.org, BUILD FAILED in 57s]
	at org.apache.poi.benchmark.suite.BaseBenchmark.runGradleTarget(BaseBenchmark.java:198)
	at org.apache.poi.benchmark.suite.BaseBenchmark.compileAll(BaseBenchmark.java:150)
	at org.apache.poi.benchmark.suite.SSPerformanceBenchmarks.setUp(SSPerformanceBenchmarks.java:12)
	at org.apache.poi.benchmark.suite.jmh_generated.SSPerformanceBenchmarks_benchmarkHSSFPerformance_jmhTest._jmh_tryInit_f_ssperformancebenchmarks0_0(SSPerformanceBenchmarks_benchmarkHSSFPerformance_jmhTest.java:335)
	at org.apache.poi.benchmark.suite.jmh_generated.SSPerformanceBenchmarks_benchmarkHSSFPerformance_jmhTest.benchmarkHSSFPerformance_SingleShotTime(SSPerformanceBenchmarks_benchmarkHSSFPerformance_jmhTest.java:291)
	at java.base/jdk.internal.reflect.NativeMethodAccessorImpl.invoke0(Native Method)
	at java.base/jdk.internal.reflect.NativeMethodAccessorImpl.invoke(NativeMethodAccessorImpl.java:62)
	at java.base/jdk.internal.reflect.DelegatingMethodAccessorImpl.invoke(DelegatingMethodAccessorImpl.java:43)
	at java.base/java.lang.reflect.Method.invoke(Method.java:566)
	at org.openjdk.jmh.runner.BenchmarkHandler$BenchmarkTask.call(BenchmarkHandler.java:475)
	at org.openjdk.jmh.runner.BenchmarkHandler$BenchmarkTask.call(BenchmarkHandler.java:458)
	at java.base/java.util.concurrent.FutureTask.run(FutureTask.java:264)
	at java.base/java.util.concurrent.Executors$RunnableAdapter.call(Executors.java:515)
	at java.base/java.util.concurrent.FutureTask.run(FutureTask.java:264)
	at java.base/java.util.concurrent.ThreadPoolExecutor.runWorker(ThreadPoolExecutor.java:1128)
	at java.base/java.util.concurrent.ThreadPoolExecutor$Worker.run(ThreadPoolExecutor.java:628)
	at java.base/java.lang.Thread.run(Thread.java:829)
Caused by: org.apache.commons.exec.ExecuteException: While executing (sources); [bash, ./gradlew, compileJava] (Exit value: 1. Caused by org.apache.commons.exec.ExecuteException: Process exited with an error: 1 (Exit value: 1))
	at org.dstadler.commons.exec.ExecutionHelper.execute(ExecutionHelper.java:153)
	at org.dstadler.commons.exec.ExecutionHelper.getCommandResultIntoStream(ExecutionHelper.java:127)
	at org.apache.poi.benchmark.suite.BaseBenchmark.runGradleTarget(BaseBenchmark.java:194)
	... 16 more
Caused by: org.apache.commons.exec.ExecuteException: Process exited with an error: 1 (Exit value: 1)
	at org.apache.commons.exec.DefaultExecutor.executeInternal(DefaultExecutor.java:404)
	at org.apache.commons.exec.DefaultExecutor.execute(DefaultExecutor.java:166)
	at org.dstadler.commons.exec.ExecutionHelper.execute(ExecutionHelper.java:148)
	... 18 more


# JMH version: 1.33
# VM version: JDK 11.0.11, OpenJDK 64-Bit Server VM, 11.0.11+9-Ubuntu-0ubuntu2.20.04
# VM invoker: /usr/lib/jvm/java-11-openjdk-amd64/bin/java
# VM options: -Xmx8m -agentpath:/opt/dynatrace/oneagent/agent/bin/1.227.116.20211005-151037/linux-x86-64/liboneagentloader.so=loglevelcon=none,datastorage=/var/lib/dynatrace/oneagent/datastorage,logdir=/var/log/dynatrace/oneagent
# Blackhole mode: full + dont-inline hint (default, use -Djmh.blackhole.autoDetect=true to auto-detect)
# Warmup: <none>
# Measurement: 1 iterations, single-shot each
# Timeout: 10 min per iteration
# Threads: 1 thread
# Benchmark mode: Single shot invocation time
# Benchmark: org.apache.poi.benchmark.suite.SSPerformanceBenchmarks.benchmarkSXSSFPerformance

# Run progress: 20.00% complete, ETA 00:29:21
# Fork: N/A, test runs in the host VM
# *** WARNING: Non-forked runs may silently omit JVM options, mess up profilers, disable compiler hints, etc. ***
# *** WARNING: Use non-forked runs only for debugging purposes, not for actual performance runs. ***
Iteration   1: <failure>

java.io.IOException: Log-Tail: [> Task :poi-ooxml:classes UP-TO-DATE, > Task :poi-ooxml:jar UP-TO-DATE, > Task :poi-scratchpad:compileJava UP-TO-DATE, > Task :poi-scratchpad:compileJava9 UP-TO-DATE, > Task :poi-scratchpad:cacheJava9 UP-TO-DATE, > Task :poi-scratchpad:processResources UP-TO-DATE, > Task :poi-scratchpad:classes UP-TO-DATE, > Task :poi-scratchpad:jar UP-TO-DATE, > Task :poi-examples:compileJava UP-TO-DATE, > Task :poi-excelant:compileJava UP-TO-DATE, > Task :poi-integration:compileJava NO-SOURCE, > Task :poi-examples:compileJava9 UP-TO-DATE, > Task :poi-examples:cacheJava9 UP-TO-DATE, > Task :poi-examples:processResources NO-SOURCE, > Task :poi-examples:classes UP-TO-DATE, > Task :poi-examples:jar UP-TO-DATE, > Task :poi:compileTestJava UP-TO-DATE, > Task :poi:compileTest9 UP-TO-DATE, > Task :poi:cacheTest9 UP-TO-DATE, > Task :poi:processTestResources UP-TO-DATE, > Task :poi:testClasses UP-TO-DATE, > Task :poi:testJar UP-TO-DATE, > Task :poi-integration:processResources NO-SOURCE, > Task :poi-integration:classes UP-TO-DATE, > Task :poi-ooxml-lite-agent:compileJava UP-TO-DATE, > Task :poi-ooxml-lite-agent:compileJava9 UP-TO-DATE, > Task :poi-ooxml-lite-agent:cacheJava9 UP-TO-DATE, > Task :poi-ooxml-lite-agent:processResources NO-SOURCE, > Task :poi-ooxml-lite-agent:classes UP-TO-DATE, > Task :poi-ooxml-lite-agent:jar UP-TO-DATE, > Task :poi-scratchpad:compileTestJava UP-TO-DATE, > Task :poi-scratchpad:compileTest9 UP-TO-DATE, > Task :poi-scratchpad:cacheTest9 UP-TO-DATE, > Task :poi-scratchpad:processTestResources NO-SOURCE, > Task :poi-scratchpad:testClasses UP-TO-DATE, > Task :poi-scratchpad:testJar UP-TO-DATE, > Task :poi-ooxml:compileTestJava UP-TO-DATE, > Task :poi-ooxml:compileTest9 UP-TO-DATE, > Task :poi-ooxml:cacheTest9 UP-TO-DATE, > Task :poi-ooxml:processTestResources UP-TO-DATE, > Task :poi-ooxml:testClasses UP-TO-DATE, > Task :poi-ooxml:testJar UP-TO-DATE, > Task :poi-integration:compileTestJava UP-TO-DATE, > Task :poi-integration:compileTest9 UP-TO-DATE, > Task :poi-integration:cacheTest9 UP-TO-DATE, > Task :poi-integration:processTestResources UP-TO-DATE, > Task :poi-integration:testClasses UP-TO-DATE, > Task :poi-integration:testJar UP-TO-DATE, > Task :poi-excelant:compileJava9 UP-TO-DATE, > Task :poi-excelant:cacheJava9 UP-TO-DATE, > Task :poi-excelant:processResources UP-TO-DATE, > Task :poi-excelant:classes UP-TO-DATE, > Task :poi-excelant:jar UP-TO-DATE, > Task :poi-excelant:javadoc UP-TO-DATE, > Task :poi-excelant:javadocJar UP-TO-DATE, > Task :poi-excelant:sourcesJar UP-TO-DATE, > Task :poi-excelant:assemble UP-TO-DATE, > Task :poi-excelant:forbiddenApisMain UP-TO-DATE, > Task :poi-excelant:compileTestJava UP-TO-DATE, > Task :poi-excelant:compileTest9 UP-TO-DATE, > Task :poi-excelant:cacheTest9 UP-TO-DATE, > Task :poi-excelant:processTestResources UP-TO-DATE, > Task :poi-excelant:testClasses UP-TO-DATE, > Task :poi-excelant:forbiddenApisTest UP-TO-DATE, > Task :poi-excelant:forbiddenApis UP-TO-DATE, > Task :poi-excelant:testJar UP-TO-DATE, > Task :poi-excelant:test, SLF4J: Failed to load class "org.slf4j.impl.StaticLoggerBinder"., SLF4J: Defaulting to no-operation (NOP) logger implementation, SLF4J: See http://www.slf4j.org/codes.html#StaticLoggerBinder for further details., > Task :poi-excelant:spotbugsMain, > Task :poi-excelant:spotbugsTest, > Task :poi-excelant:test FAILED, > Task :poi-excelant:spotbugsTest FAILED, > Task :poi-excelant:spotbugsMain, 4 SpotBugs violations were found. See the report at: file:///opt/poi-benchmark/sources/poi-excelant/build/reports/spotbugs/main.xml, FAILURE: Build completed with 2 failures., 1: Task failed with an exception., -----------, * What went wrong:, Execution failed for task ':poi-excelant:test'., > Process 'Gradle Test Executor 9' finished with non-zero exit value 137,   This problem might be caused by incorrect test process configuration.,   Please refer to the test execution section in the User Manual at https://docs.gradle.org/7.2/userguide/java_testing.html#sec:test_execution, * Try:, Run with --stacktrace option to get the stack trace. Run with --info or --debug option to get more log output. Run with --scan to get full insights., ==============================================================================, 2: Task failed with an exception., -----------, * What went wrong:, Execution failed for task ':poi-excelant:spotbugsTest'., > A failure occurred while executing com.github.spotbugs.snom.internal.SpotBugsRunnerForWorker$SpotBugsExecutor,    > Failed to run Gradle Worker Daemon,       > Process 'Gradle Worker Daemon 8' finished with non-zero exit value 137, * Try:, Run with --stacktrace option to get the stack trace. Run with --info or --debug option to get more log output. Run with --scan to get full insights., ==============================================================================, * Get more help at https://help.gradle.org, BUILD FAILED in 47s, 69 actionable tasks: 3 executed, 66 up-to-date]
	at org.apache.poi.benchmark.suite.BaseBenchmark.runGradleTarget(BaseBenchmark.java:198)
	at org.apache.poi.benchmark.suite.BaseBenchmark.compileAll(BaseBenchmark.java:150)
	at org.apache.poi.benchmark.suite.SSPerformanceBenchmarks.setUp(SSPerformanceBenchmarks.java:12)
	at org.apache.poi.benchmark.suite.jmh_generated.SSPerformanceBenchmarks_benchmarkSXSSFPerformance_jmhTest._jmh_tryInit_f_ssperformancebenchmarks0_0(SSPerformanceBenchmarks_benchmarkSXSSFPerformance_jmhTest.java:335)
	at org.apache.poi.benchmark.suite.jmh_generated.SSPerformanceBenchmarks_benchmarkSXSSFPerformance_jmhTest.benchmarkSXSSFPerformance_SingleShotTime(SSPerformanceBenchmarks_benchmarkSXSSFPerformance_jmhTest.java:291)
	at java.base/jdk.internal.reflect.NativeMethodAccessorImpl.invoke0(Native Method)
	at java.base/jdk.internal.reflect.NativeMethodAccessorImpl.invoke(NativeMethodAccessorImpl.java:62)
	at java.base/jdk.internal.reflect.DelegatingMethodAccessorImpl.invoke(DelegatingMethodAccessorImpl.java:43)
	at java.base/java.lang.reflect.Method.invoke(Method.java:566)
	at org.openjdk.jmh.runner.BenchmarkHandler$BenchmarkTask.call(BenchmarkHandler.java:475)
	at org.openjdk.jmh.runner.BenchmarkHandler$BenchmarkTask.call(BenchmarkHandler.java:458)
	at java.base/java.util.concurrent.FutureTask.run(FutureTask.java:264)
	at java.base/java.util.concurrent.Executors$RunnableAdapter.call(Executors.java:515)
	at java.base/java.util.concurrent.FutureTask.run(FutureTask.java:264)
	at java.base/java.util.concurrent.ThreadPoolExecutor.runWorker(ThreadPoolExecutor.java:1128)
	at java.base/java.util.concurrent.ThreadPoolExecutor$Worker.run(ThreadPoolExecutor.java:628)
	at java.base/java.lang.Thread.run(Thread.java:829)
Caused by: org.apache.commons.exec.ExecuteException: While executing (sources); [bash, ./gradlew, compileJava] (Exit value: 1. Caused by org.apache.commons.exec.ExecuteException: Process exited with an error: 1 (Exit value: 1))
	at org.dstadler.commons.exec.ExecutionHelper.execute(ExecutionHelper.java:153)
	at org.dstadler.commons.exec.ExecutionHelper.getCommandResultIntoStream(ExecutionHelper.java:127)
	at org.apache.poi.benchmark.suite.BaseBenchmark.runGradleTarget(BaseBenchmark.java:194)
	... 16 more
Caused by: org.apache.commons.exec.ExecuteException: Process exited with an error: 1 (Exit value: 1)
	at org.apache.commons.exec.DefaultExecutor.executeInternal(DefaultExecutor.java:404)
	at org.apache.commons.exec.DefaultExecutor.execute(DefaultExecutor.java:166)
	at org.dstadler.commons.exec.ExecutionHelper.execute(ExecutionHelper.java:148)
	... 18 more


# JMH version: 1.33
# VM version: JDK 11.0.11, OpenJDK 64-Bit Server VM, 11.0.11+9-Ubuntu-0ubuntu2.20.04
# VM invoker: /usr/lib/jvm/java-11-openjdk-amd64/bin/java
# VM options: -Xmx8m -agentpath:/opt/dynatrace/oneagent/agent/bin/1.227.116.20211005-151037/linux-x86-64/liboneagentloader.so=loglevelcon=none,datastorage=/var/lib/dynatrace/oneagent/datastorage,logdir=/var/log/dynatrace/oneagent
# Blackhole mode: full + dont-inline hint (default, use -Djmh.blackhole.autoDetect=true to auto-detect)
# Warmup: <none>
# Measurement: 1 iterations, single-shot each
# Timeout: 10 min per iteration
# Threads: 1 thread
# Benchmark mode: Single shot invocation time
# Benchmark: org.apache.poi.benchmark.suite.SSPerformanceBenchmarks.benchmarkXSSFPerformance

# Run progress: 30.00% complete, ETA 00:19:06
# Fork: N/A, test runs in the host VM
# *** WARNING: Non-forked runs may silently omit JVM options, mess up profilers, disable compiler hints, etc. ***
# *** WARNING: Use non-forked runs only for debugging purposes, not for actual performance runs. ***
Iteration   1: <failure>

java.io.IOException: Log-Tail: [> Task :poi:jar UP-TO-DATE, > Task :poi-ooxml:fixBatik UP-TO-DATE, > Task :poi-ooxml-full:copy_xsds UP-TO-DATE, > Task :poi-ooxml-full:generate_beans UP-TO-DATE, > Task :poi-ooxml-full:compileJava UP-TO-DATE, > Task :poi-ooxml-full:compileJava9 UP-TO-DATE, > Task :poi-ooxml-full:cacheJava9 UP-TO-DATE, > Task :poi-ooxml-full:processResources NO-SOURCE, > Task :poi-ooxml-full:classes UP-TO-DATE, > Task :poi-ooxml-full:sourceJar UP-TO-DATE, > Task :poi-ooxml-full:jar UP-TO-DATE, > Task :poi-ooxml:compileJava UP-TO-DATE, > Task :poi-ooxml:compileJava9 UP-TO-DATE, > Task :poi-ooxml:cacheJava9 UP-TO-DATE, > Task :poi-ooxml:processResources UP-TO-DATE, > Task :poi-ooxml:classes UP-TO-DATE, > Task :poi-ooxml:jar UP-TO-DATE, > Task :poi-scratchpad:compileJava UP-TO-DATE, > Task :poi-scratchpad:compileJava9 UP-TO-DATE, > Task :poi-scratchpad:cacheJava9 UP-TO-DATE, > Task :poi-scratchpad:processResources UP-TO-DATE, > Task :poi-scratchpad:classes UP-TO-DATE, > Task :poi-scratchpad:jar UP-TO-DATE, > Task :poi-examples:compileJava UP-TO-DATE, > Task :poi-excelant:compileJava UP-TO-DATE, > Task :poi-integration:compileJava NO-SOURCE, > Task :poi-examples:compileJava9 UP-TO-DATE, > Task :poi-examples:cacheJava9 UP-TO-DATE, > Task :poi-examples:processResources NO-SOURCE, > Task :poi-examples:classes UP-TO-DATE, > Task :poi-examples:jar UP-TO-DATE, > Task :poi:compileTestJava UP-TO-DATE, > Task :poi:compileTest9 UP-TO-DATE, > Task :poi:cacheTest9 UP-TO-DATE, > Task :poi:processTestResources UP-TO-DATE, > Task :poi:testClasses UP-TO-DATE, > Task :poi:testJar UP-TO-DATE, > Task :poi-integration:processResources NO-SOURCE, > Task :poi-integration:classes UP-TO-DATE, > Task :poi-ooxml-lite-agent:compileJava UP-TO-DATE, > Task :poi-ooxml-lite-agent:compileJava9 UP-TO-DATE, > Task :poi-ooxml-lite-agent:cacheJava9 UP-TO-DATE, > Task :poi-ooxml-lite-agent:processResources NO-SOURCE, > Task :poi-ooxml-lite-agent:classes UP-TO-DATE, > Task :poi-ooxml-lite-agent:jar UP-TO-DATE, > Task :poi-scratchpad:compileTestJava UP-TO-DATE, > Task :poi-scratchpad:compileTest9 UP-TO-DATE, > Task :poi-scratchpad:cacheTest9 UP-TO-DATE, > Task :poi-scratchpad:processTestResources NO-SOURCE, > Task :poi-scratchpad:testClasses UP-TO-DATE, > Task :poi-scratchpad:testJar UP-TO-DATE, > Task :poi-ooxml:compileTestJava UP-TO-DATE, > Task :poi-ooxml:compileTest9 UP-TO-DATE, > Task :poi-ooxml:cacheTest9 UP-TO-DATE, > Task :poi-ooxml:processTestResources UP-TO-DATE, > Task :poi-ooxml:testClasses UP-TO-DATE, > Task :poi-ooxml:testJar UP-TO-DATE, > Task :poi-integration:compileTestJava UP-TO-DATE, > Task :poi-integration:compileTest9 UP-TO-DATE, > Task :poi-integration:cacheTest9 UP-TO-DATE, > Task :poi-integration:processTestResources UP-TO-DATE, > Task :poi-integration:testClasses UP-TO-DATE, > Task :poi-integration:testJar UP-TO-DATE, > Task :poi-excelant:compileJava9 UP-TO-DATE, > Task :poi-excelant:cacheJava9 UP-TO-DATE, > Task :poi-excelant:processResources UP-TO-DATE, > Task :poi-excelant:classes UP-TO-DATE, > Task :poi-excelant:jar UP-TO-DATE, > Task :poi-excelant:javadoc UP-TO-DATE, > Task :poi-excelant:javadocJar UP-TO-DATE, > Task :poi-excelant:sourcesJar UP-TO-DATE, > Task :poi-excelant:assemble UP-TO-DATE, > Task :poi-excelant:forbiddenApisMain UP-TO-DATE, > Task :poi-excelant:compileTestJava UP-TO-DATE, > Task :poi-excelant:compileTest9 UP-TO-DATE, > Task :poi-excelant:cacheTest9 UP-TO-DATE, > Task :poi-excelant:processTestResources UP-TO-DATE, > Task :poi-excelant:testClasses UP-TO-DATE, > Task :poi-excelant:forbiddenApisTest UP-TO-DATE, > Task :poi-excelant:forbiddenApis UP-TO-DATE, > Task :poi-excelant:spotbugsMain UP-TO-DATE, > Task :poi-excelant:testJar UP-TO-DATE, SLF4J: Failed to load class "org.slf4j.impl.StaticLoggerBinder"., SLF4J: Failed to load class "org.slf4j.impl.StaticLoggerBinder"., > Task :poi-excelant:test, SLF4J: Defaulting to no-operation (NOP) logger implementation, SLF4J: See http://www.slf4j.org/codes.html#StaticLoggerBinder for further details., > Task :poi-excelant:spotbugsTest, > Task :poi-excelant:spotbugsTest FAILED, FAILURE: Build failed with an exception., * What went wrong:, Execution failed for task ':poi-excelant:spotbugsTest'., > A failure occurred while executing com.github.spotbugs.snom.internal.SpotBugsRunnerForWorker$SpotBugsExecutor,    > Failed to run Gradle Worker Daemon,       > Process 'Gradle Worker Daemon 10' finished with non-zero exit value 137, * Try:, Run with --stacktrace option to get the stack trace. Run with --info or --debug option to get more log output. Run with --scan to get full insights., * Get more help at https://help.gradle.org, BUILD FAILED in 55s, 69 actionable tasks: 2 executed, 67 up-to-date]
	at org.apache.poi.benchmark.suite.BaseBenchmark.runGradleTarget(BaseBenchmark.java:198)
	at org.apache.poi.benchmark.suite.BaseBenchmark.compileAll(BaseBenchmark.java:150)
	at org.apache.poi.benchmark.suite.SSPerformanceBenchmarks.setUp(SSPerformanceBenchmarks.java:12)
	at org.apache.poi.benchmark.suite.jmh_generated.SSPerformanceBenchmarks_benchmarkXSSFPerformance_jmhTest._jmh_tryInit_f_ssperformancebenchmarks0_0(SSPerformanceBenchmarks_benchmarkXSSFPerformance_jmhTest.java:335)
	at org.apache.poi.benchmark.suite.jmh_generated.SSPerformanceBenchmarks_benchmarkXSSFPerformance_jmhTest.benchmarkXSSFPerformance_SingleShotTime(SSPerformanceBenchmarks_benchmarkXSSFPerformance_jmhTest.java:291)
	at java.base/jdk.internal.reflect.NativeMethodAccessorImpl.invoke0(Native Method)
	at java.base/jdk.internal.reflect.NativeMethodAccessorImpl.invoke(NativeMethodAccessorImpl.java:62)
	at java.base/jdk.internal.reflect.DelegatingMethodAccessorImpl.invoke(DelegatingMethodAccessorImpl.java:43)
	at java.base/java.lang.reflect.Method.invoke(Method.java:566)
	at org.openjdk.jmh.runner.BenchmarkHandler$BenchmarkTask.call(BenchmarkHandler.java:475)
	at org.openjdk.jmh.runner.BenchmarkHandler$BenchmarkTask.call(BenchmarkHandler.java:458)
	at java.base/java.util.concurrent.FutureTask.run(FutureTask.java:264)
	at java.base/java.util.concurrent.Executors$RunnableAdapter.call(Executors.java:515)
	at java.base/java.util.concurrent.FutureTask.run(FutureTask.java:264)
	at java.base/java.util.concurrent.ThreadPoolExecutor.runWorker(ThreadPoolExecutor.java:1128)
	at java.base/java.util.concurrent.ThreadPoolExecutor$Worker.run(ThreadPoolExecutor.java:628)
	at java.base/java.lang.Thread.run(Thread.java:829)
Caused by: org.apache.commons.exec.ExecuteException: While executing (sources); [bash, ./gradlew, compileJava] (Exit value: 1. Caused by org.apache.commons.exec.ExecuteException: Process exited with an error: 1 (Exit value: 1))
	at org.dstadler.commons.exec.ExecutionHelper.execute(ExecutionHelper.java:153)
	at org.dstadler.commons.exec.ExecutionHelper.getCommandResultIntoStream(ExecutionHelper.java:127)
	at org.apache.poi.benchmark.suite.BaseBenchmark.runGradleTarget(BaseBenchmark.java:194)
	... 16 more
Caused by: org.apache.commons.exec.ExecuteException: Process exited with an error: 1 (Exit value: 1)
	at org.apache.commons.exec.DefaultExecutor.executeInternal(DefaultExecutor.java:404)
	at org.apache.commons.exec.DefaultExecutor.execute(DefaultExecutor.java:166)
	at org.dstadler.commons.exec.ExecutionHelper.execute(ExecutionHelper.java:148)
	... 18 more


# JMH version: 1.33
# VM version: JDK 11.0.11, OpenJDK 64-Bit Server VM, 11.0.11+9-Ubuntu-0ubuntu2.20.04
# VM invoker: /usr/lib/jvm/java-11-openjdk-amd64/bin/java
# VM options: -Xmx8m -agentpath:/opt/dynatrace/oneagent/agent/bin/1.227.116.20211005-151037/linux-x86-64/liboneagentloader.so=loglevelcon=none,datastorage=/var/lib/dynatrace/oneagent/datastorage,logdir=/var/log/dynatrace/oneagent
# Blackhole mode: full + dont-inline hint (default, use -Djmh.blackhole.autoDetect=true to auto-detect)
# Warmup: <none>
# Measurement: 1 iterations, single-shot each
# Timeout: 10 min per iteration
# Threads: 1 thread
# Benchmark mode: Single shot invocation time
# Benchmark: org.apache.poi.benchmark.suite.TestBenchmarks.benchmarkTestExcelant

# Run progress: 40.00% complete, ETA 00:13:46
# Fork: N/A, test runs in the host VM
# *** WARNING: Non-forked runs may silently omit JVM options, mess up profilers, disable compiler hints, etc. ***
# *** WARNING: Use non-forked runs only for debugging purposes, not for actual performance runs. ***
Iteration   1: <failure>

java.io.IOException: Log-Tail: [> Task :poi-excelant:assemble UP-TO-DATE, > Task :poi-excelant:forbiddenApisMain UP-TO-DATE, > Task :poi-excelant:compileTestJava UP-TO-DATE, > Task :poi-excelant:compileTest9 UP-TO-DATE, > Task :poi-excelant:cacheTest9 UP-TO-DATE, > Task :poi-excelant:processTestResources UP-TO-DATE, > Task :poi-excelant:testClasses UP-TO-DATE, > Task :poi-excelant:forbiddenApisTest UP-TO-DATE, > Task :poi-excelant:forbiddenApis UP-TO-DATE, > Task :poi-excelant:spotbugsMain UP-TO-DATE, > Task :poi-excelant:testJar UP-TO-DATE, > Task :poi-excelant:test UP-TO-DATE, > Task :poi-integration:jar, > Task :poi-integration:javadoc SKIPPED, > Task :poi-integration:javadocJar SKIPPED, > Task :poi-integration:sourcesJar SKIPPED, > Task :poi-integration:assemble, > Task :poi-integration:forbiddenApisMain NO-SOURCE, > Task :poi-integration:forbiddenApisTest, > Task :poi-integration:forbiddenApis, > Task :poi-integration:spotbugsMain NO-SOURCE, > Task :poi-integration:test, > Task :poi-integration:testSLF4J: Failed to load class "org.slf4j.impl.StaticLoggerBinder"., SLF4J: Defaulting to no-operation (NOP) logger implementation, SLF4J: See http://www.slf4j.org/codes.html#StaticLoggerBinder for further details., > Task :poi-excelant:spotbugsTest, > Task :poi-integration:spotbugsTest, > Task :poi-excelant:spotbugsTest FAILED, > Task :poi-integration:test, SLF4J: Failed to load class "org.slf4j.impl.StaticLoggerBinder"., SLF4J: Defaulting to no-operation (NOP) logger implementation, SLF4J: See http://www.slf4j.org/codes.html#StaticLoggerBinder for further details., > Task :poi-integration:spotbugsTest FAILED, > Task :poi-integration:test, > Task :poi-integration:testOpenJDK 64-Bit Server VM warning: INFO: os::commit_memory(0x00000000b1400000, 293601280, 0) failed; error='Not enough space' (errno=12), #, # There is insufficient memory for the Java Runtime Environment to continue., # Native memory allocation (mmap) failed to map 293601280 bytes for committing reserved memory., # An error report file with more information is saved as:, # /opt/poi-benchmark/sources/poi-integration/hs_err_pid3890955.log, Process 'Gradle Test Executor 15' finished with non-zero exit value 1, This problem might be caused by incorrect test process configuration., Please refer to the test execution section in the User Manual at https://docs.gradle.org/7.2/userguide/java_testing.html#sec:test_execution, org.gradle.process.internal.ExecException: Process 'Gradle Test Executor 15' finished with non-zero exit value 1, This problem might be caused by incorrect test process configuration., Please refer to the test execution section in the User Manual at https://docs.gradle.org/7.2/userguide/java_testing.html#sec:test_execution, 	at org.gradle.api.internal.tasks.testing.worker.ForkingTestClassProcessor.stop(ForkingTestClassProcessor.java:183), 	at org.gradle.api.internal.tasks.testing.processors.RestartEveryNTestClassProcessor.endBatch(RestartEveryNTestClassProcessor.java:77), 	at org.gradle.api.internal.tasks.testing.processors.RestartEveryNTestClassProcessor.stop(RestartEveryNTestClassProcessor.java:62), 	at java.base/jdk.internal.reflect.NativeMethodAccessorImpl.invoke0(Native Method), 	at java.base/jdk.internal.reflect.NativeMethodAccessorImpl.invoke(NativeMethodAccessorImpl.java:62), 	at java.base/jdk.internal.reflect.DelegatingMethodAccessorImpl.invoke(DelegatingMethodAccessorImpl.java:43), 	at java.base/java.lang.reflect.Method.invoke(Method.java:566), 	at org.gradle.internal.dispatch.ReflectionDispatch.dispatch(ReflectionDispatch.java:36), 	at org.gradle.internal.dispatch.ReflectionDispatch.dispatch(ReflectionDispatch.java:24), 	at org.gradle.internal.dispatch.FailureHandlingDispatch.dispatch(FailureHandlingDispatch.java:30), 	at org.gradle.internal.dispatch.AsyncDispatch.dispatchMessages(AsyncDispatch.java:87), 	at org.gradle.internal.dispatch.AsyncDispatch.access$000(AsyncDispatch.java:36), 	at org.gradle.internal.dispatch.AsyncDispatch$1.run(AsyncDispatch.java:71), 	at org.gradle.internal.concurrent.InterruptibleRunnable.run(InterruptibleRunnable.java:42), 	at org.gradle.internal.operations.CurrentBuildOperationPreservingRunnable.run(CurrentBuildOperationPreservingRunnable.java:42), 	at org.gradle.internal.concurrent.ExecutorPolicy$CatchAndRecordFailures.onExecute(ExecutorPolicy.java:64), 	at org.gradle.internal.concurrent.ManagedExecutorImpl$1.run(ManagedExecutorImpl.java:48), 	at java.base/java.util.concurrent.ThreadPoolExecutor.runWorker(ThreadPoolExecutor.java:1128), 	at java.base/java.util.concurrent.ThreadPoolExecutor$Worker.run(ThreadPoolExecutor.java:628), 	at org.gradle.internal.concurrent.ThreadFactoryImpl$ManagedThreadRunnable.run(ThreadFactoryImpl.java:61), 	at java.base/java.lang.Thread.run(Thread.java:829), > Task :poi-integration:test FAILED, 73 actionable tasks: 5 executed, 68 up-to-date, FAILURE: Build completed with 3 failures., 1: Task failed with an exception., -----------, * What went wrong:, Execution failed for task ':poi-excelant:spotbugsTest'., > A failure occurred while executing com.github.spotbugs.snom.internal.SpotBugsRunnerForWorker$SpotBugsExecutor,    > Failed to run Gradle Worker Daemon,       > Process 'Gradle Worker Daemon 12' finished with non-zero exit value 137, * Try:, Run with --stacktrace option to get the stack trace. Run with --info or --debug option to get more log output. Run with --scan to get full insights., ==============================================================================, 2: Task failed with an exception., -----------, * What went wrong:, Execution failed for task ':poi-integration:spotbugsTest'., > A failure occurred while executing com.github.spotbugs.snom.internal.SpotBugsRunnerForWorker$SpotBugsExecutor,    > Failed to run Gradle Worker Daemon,       > Process 'Gradle Worker Daemon 13' finished with non-zero exit value 137, * Try:, Run with --stacktrace option to get the stack trace. Run with --info or --debug option to get more log output. Run with --scan to get full insights., ==============================================================================, 3: Task failed with an exception., -----------, * What went wrong:, Execution failed for task ':poi-integration:test'., > Process 'Gradle Test Executor 14' finished with non-zero exit value 137, * Try:, Run with --stacktrace option to get the stack trace. Run with --info or --debug option to get more log output. Run with --scan to get full insights., ==============================================================================, * Get more help at https://help.gradle.org, BUILD FAILED in 2m 15s]
	at org.apache.poi.benchmark.suite.BaseBenchmark.runGradleTarget(BaseBenchmark.java:198)
	at org.apache.poi.benchmark.suite.BaseBenchmark.compileAll(BaseBenchmark.java:150)
	at org.apache.poi.benchmark.suite.TestBenchmarks.setUp(TestBenchmarks.java:13)
	at org.apache.poi.benchmark.suite.jmh_generated.TestBenchmarks_benchmarkTestExcelant_jmhTest._jmh_tryInit_f_testbenchmarks0_0(TestBenchmarks_benchmarkTestExcelant_jmhTest.java:335)
	at org.apache.poi.benchmark.suite.jmh_generated.TestBenchmarks_benchmarkTestExcelant_jmhTest.benchmarkTestExcelant_SingleShotTime(TestBenchmarks_benchmarkTestExcelant_jmhTest.java:291)
	at java.base/jdk.internal.reflect.NativeMethodAccessorImpl.invoke0(Native Method)
	at java.base/jdk.internal.reflect.NativeMethodAccessorImpl.invoke(NativeMethodAccessorImpl.java:62)
	at java.base/jdk.internal.reflect.DelegatingMethodAccessorImpl.invoke(DelegatingMethodAccessorImpl.java:43)
	at java.base/java.lang.reflect.Method.invoke(Method.java:566)
	at org.openjdk.jmh.runner.BenchmarkHandler$BenchmarkTask.call(BenchmarkHandler.java:475)
	at org.openjdk.jmh.runner.BenchmarkHandler$BenchmarkTask.call(BenchmarkHandler.java:458)
	at java.base/java.util.concurrent.FutureTask.run(FutureTask.java:264)
	at java.base/java.util.concurrent.Executors$RunnableAdapter.call(Executors.java:515)
	at java.base/java.util.concurrent.FutureTask.run(FutureTask.java:264)
	at java.base/java.util.concurrent.ThreadPoolExecutor.runWorker(ThreadPoolExecutor.java:1128)
	at java.base/java.util.concurrent.ThreadPoolExecutor$Worker.run(ThreadPoolExecutor.java:628)
	at java.base/java.lang.Thread.run(Thread.java:829)
Caused by: org.apache.commons.exec.ExecuteException: While executing (sources); [bash, ./gradlew, compileJava] (Exit value: 1. Caused by org.apache.commons.exec.ExecuteException: Process exited with an error: 1 (Exit value: 1))
	at org.dstadler.commons.exec.ExecutionHelper.execute(ExecutionHelper.java:153)
	at org.dstadler.commons.exec.ExecutionHelper.getCommandResultIntoStream(ExecutionHelper.java:127)
	at org.apache.poi.benchmark.suite.BaseBenchmark.runGradleTarget(BaseBenchmark.java:194)
	... 16 more
Caused by: org.apache.commons.exec.ExecuteException: Process exited with an error: 1 (Exit value: 1)
	at org.apache.commons.exec.DefaultExecutor.executeInternal(DefaultExecutor.java:404)
	at org.apache.commons.exec.DefaultExecutor.execute(DefaultExecutor.java:166)
	at org.dstadler.commons.exec.ExecutionHelper.execute(ExecutionHelper.java:148)
	... 18 more


# JMH version: 1.33
# VM version: JDK 11.0.11, OpenJDK 64-Bit Server VM, 11.0.11+9-Ubuntu-0ubuntu2.20.04
# VM invoker: /usr/lib/jvm/java-11-openjdk-amd64/bin/java
# VM options: -Xmx8m -agentpath:/opt/dynatrace/oneagent/agent/bin/1.227.116.20211005-151037/linux-x86-64/liboneagentloader.so=loglevelcon=none,datastorage=/var/lib/dynatrace/oneagent/datastorage,logdir=/var/log/dynatrace/oneagent
# Blackhole mode: full + dont-inline hint (default, use -Djmh.blackhole.autoDetect=true to auto-detect)
# Warmup: <none>
# Measurement: 1 iterations, single-shot each
# Timeout: 3 hr per iteration
# Threads: 1 thread
# Benchmark mode: Single shot invocation time
# Benchmark: org.apache.poi.benchmark.suite.TestBenchmarks.benchmarkTestIntegration

# Run progress: 50.00% complete, ETA 00:11:32
# Fork: N/A, test runs in the host VM
# *** WARNING: Non-forked runs may silently omit JVM options, mess up profilers, disable compiler hints, etc. ***
# *** WARNING: Use non-forked runs only for debugging purposes, not for actual performance runs. ***
Iteration   1: <failure>

java.io.IOException: Log-Tail: [> Task :poi:testJar UP-TO-DATE, > Task :poi-integration:processResources NO-SOURCE, > Task :poi-integration:classes UP-TO-DATE, > Task :poi-ooxml-lite-agent:compileJava UP-TO-DATE, > Task :poi-ooxml-lite-agent:compileJava9 UP-TO-DATE, > Task :poi-ooxml-lite-agent:cacheJava9 UP-TO-DATE, > Task :poi-ooxml-lite-agent:processResources NO-SOURCE, > Task :poi-ooxml-lite-agent:classes UP-TO-DATE, > Task :poi-ooxml-lite-agent:jar UP-TO-DATE, > Task :poi-scratchpad:compileTestJava UP-TO-DATE, > Task :poi-scratchpad:compileTest9 UP-TO-DATE, > Task :poi-scratchpad:cacheTest9 UP-TO-DATE, > Task :poi-scratchpad:processTestResources NO-SOURCE, > Task :poi-scratchpad:testClasses UP-TO-DATE, > Task :poi-scratchpad:testJar UP-TO-DATE, > Task :poi-ooxml:compileTestJava UP-TO-DATE, > Task :poi-ooxml:compileTest9 UP-TO-DATE, > Task :poi-ooxml:cacheTest9 UP-TO-DATE, > Task :poi-ooxml:processTestResources UP-TO-DATE, > Task :poi-ooxml:testClasses UP-TO-DATE, > Task :poi-ooxml:testJar UP-TO-DATE, > Task :poi-integration:compileTestJava UP-TO-DATE, > Task :poi-integration:compileTest9 UP-TO-DATE, > Task :poi-integration:cacheTest9 UP-TO-DATE, > Task :poi-integration:processTestResources UP-TO-DATE, > Task :poi-integration:testClasses UP-TO-DATE, > Task :poi-integration:testJar UP-TO-DATE, > Task :poi-excelant:compileJava9 UP-TO-DATE, > Task :poi-excelant:cacheJava9 UP-TO-DATE, > Task :poi-excelant:processResources UP-TO-DATE, > Task :poi-excelant:classes UP-TO-DATE, > Task :poi-excelant:jar UP-TO-DATE, > Task :poi-excelant:javadoc UP-TO-DATE, > Task :poi-excelant:javadocJar UP-TO-DATE, > Task :poi-excelant:sourcesJar UP-TO-DATE, > Task :poi-excelant:assemble UP-TO-DATE, > Task :poi-excelant:forbiddenApisMain UP-TO-DATE, > Task :poi-excelant:compileTestJava UP-TO-DATE, > Task :poi-excelant:compileTest9 UP-TO-DATE, > Task :poi-excelant:cacheTest9 UP-TO-DATE, > Task :poi-excelant:processTestResources UP-TO-DATE, > Task :poi-excelant:testClasses UP-TO-DATE, > Task :poi-excelant:forbiddenApisTest UP-TO-DATE, > Task :poi-excelant:forbiddenApis UP-TO-DATE, > Task :poi-excelant:spotbugsMain UP-TO-DATE, > Task :poi-excelant:testJar UP-TO-DATE, > Task :poi-excelant:test UP-TO-DATE, > Task :poi-integration:jar UP-TO-DATE, > Task :poi-integration:javadoc SKIPPED, > Task :poi-integration:javadocJar SKIPPED, > Task :poi-integration:sourcesJar SKIPPED, > Task :poi-integration:assemble UP-TO-DATE, > Task :poi-integration:forbiddenApisMain NO-SOURCE, > Task :poi-integration:forbiddenApisTest UP-TO-DATE, > Task :poi-integration:forbiddenApis UP-TO-DATE, > Task :poi-integration:spotbugsMain NO-SOURCE, > Task :poi-integration:test, > Task :poi-integration:testSLF4J: Failed to load class "org.slf4j.impl.StaticLoggerBinder"., SLF4J: Defaulting to no-operation (NOP) logger implementation, SLF4J: See http://www.slf4j.org/codes.html#StaticLoggerBinder for further details., > Task :poi-excelant:spotbugsTest, > Task :poi-integration:spotbugsTest, > Task :poi-integration:spotbugsTest FAILED, > Task :poi-excelant:spotbugsTest FAILED, > Task :poi-integration:test FAILED, > Task :poi-integration:test FAILED, 73 actionable tasks: 3 executed, 70 up-to-date, FAILURE: Build completed with 3 failures., 1: Task failed with an exception., -----------, * What went wrong:, Execution failed for task ':poi-integration:spotbugsTest'., > A failure occurred while executing com.github.spotbugs.snom.internal.SpotBugsRunnerForWorker$SpotBugsExecutor,    > Failed to run Gradle Worker Daemon,       > Process 'Gradle Worker Daemon 17' finished with non-zero exit value 137, * Try:, Run with --stacktrace option to get the stack trace. Run with --info or --debug option to get more log output. Run with --scan to get full insights., ==============================================================================, 2: Task failed with an exception., -----------, * What went wrong:, Execution failed for task ':poi-excelant:spotbugsTest'., > A failure occurred while executing com.github.spotbugs.snom.internal.SpotBugsRunnerForWorker$SpotBugsExecutor,    > Failed to run Gradle Worker Daemon,       > Process 'Gradle Worker Daemon 16' finished with non-zero exit value 137, * Try:, Run with --stacktrace option to get the stack trace. Run with --info or --debug option to get more log output. Run with --scan to get full insights., ==============================================================================, 3: Task failed with an exception., -----------, * What went wrong:, Execution failed for task ':poi-integration:test'., > Process 'Gradle Test Executor 18' finished with non-zero exit value 137,   This problem might be caused by incorrect test process configuration.,   Please refer to the test execution section in the User Manual at https://docs.gradle.org/7.2/userguide/java_testing.html#sec:test_execution, * Try:, Run with --stacktrace option to get the stack trace. Run with --info or --debug option to get more log output. Run with --scan to get full insights., ==============================================================================, * Get more help at https://help.gradle.org, BUILD FAILED in 2m 12s]
	at org.apache.poi.benchmark.suite.BaseBenchmark.runGradleTarget(BaseBenchmark.java:198)
	at org.apache.poi.benchmark.suite.BaseBenchmark.compileAll(BaseBenchmark.java:150)
	at org.apache.poi.benchmark.suite.TestBenchmarks.setUp(TestBenchmarks.java:13)
	at org.apache.poi.benchmark.suite.jmh_generated.TestBenchmarks_benchmarkTestIntegration_jmhTest._jmh_tryInit_f_testbenchmarks0_0(TestBenchmarks_benchmarkTestIntegration_jmhTest.java:335)
	at org.apache.poi.benchmark.suite.jmh_generated.TestBenchmarks_benchmarkTestIntegration_jmhTest.benchmarkTestIntegration_SingleShotTime(TestBenchmarks_benchmarkTestIntegration_jmhTest.java:291)
	at java.base/jdk.internal.reflect.NativeMethodAccessorImpl.invoke0(Native Method)
	at java.base/jdk.internal.reflect.NativeMethodAccessorImpl.invoke(NativeMethodAccessorImpl.java:62)
	at java.base/jdk.internal.reflect.DelegatingMethodAccessorImpl.invoke(DelegatingMethodAccessorImpl.java:43)
	at java.base/java.lang.reflect.Method.invoke(Method.java:566)
	at org.openjdk.jmh.runner.BenchmarkHandler$BenchmarkTask.call(BenchmarkHandler.java:475)
	at org.openjdk.jmh.runner.BenchmarkHandler$BenchmarkTask.call(BenchmarkHandler.java:458)
	at java.base/java.util.concurrent.FutureTask.run(FutureTask.java:264)
	at java.base/java.util.concurrent.Executors$RunnableAdapter.call(Executors.java:515)
	at java.base/java.util.concurrent.FutureTask.run(FutureTask.java:264)
	at java.base/java.util.concurrent.ThreadPoolExecutor.runWorker(ThreadPoolExecutor.java:1128)
	at java.base/java.util.concurrent.ThreadPoolExecutor$Worker.run(ThreadPoolExecutor.java:628)
	at java.base/java.lang.Thread.run(Thread.java:829)
Caused by: org.apache.commons.exec.ExecuteException: While executing (sources); [bash, ./gradlew, compileJava] (Exit value: 1. Caused by org.apache.commons.exec.ExecuteException: Process exited with an error: 1 (Exit value: 1))
	at org.dstadler.commons.exec.ExecutionHelper.execute(ExecutionHelper.java:153)
	at org.dstadler.commons.exec.ExecutionHelper.getCommandResultIntoStream(ExecutionHelper.java:127)
	at org.apache.poi.benchmark.suite.BaseBenchmark.runGradleTarget(BaseBenchmark.java:194)
	... 16 more
Caused by: org.apache.commons.exec.ExecuteException: Process exited with an error: 1 (Exit value: 1)
	at org.apache.commons.exec.DefaultExecutor.executeInternal(DefaultExecutor.java:404)
	at org.apache.commons.exec.DefaultExecutor.execute(DefaultExecutor.java:166)
	at org.dstadler.commons.exec.ExecutionHelper.execute(ExecutionHelper.java:148)
	... 18 more


# JMH version: 1.33
# VM version: JDK 11.0.11, OpenJDK 64-Bit Server VM, 11.0.11+9-Ubuntu-0ubuntu2.20.04
# VM invoker: /usr/lib/jvm/java-11-openjdk-amd64/bin/java
# VM options: -Xmx8m -agentpath:/opt/dynatrace/oneagent/agent/bin/1.227.116.20211005-151037/linux-x86-64/liboneagentloader.so=loglevelcon=none,datastorage=/var/lib/dynatrace/oneagent/datastorage,logdir=/var/log/dynatrace/oneagent
# Blackhole mode: full + dont-inline hint (default, use -Djmh.blackhole.autoDetect=true to auto-detect)
# Warmup: <none>
# Measurement: 1 iterations, single-shot each
# Timeout: 10 min per iteration
# Threads: 1 thread
# Benchmark mode: Single shot invocation time
# Benchmark: org.apache.poi.benchmark.suite.TestBenchmarks.benchmarkTestMain

# Run progress: 60.00% complete, ETA 00:09:13
# Fork: N/A, test runs in the host VM
# *** WARNING: Non-forked runs may silently omit JVM options, mess up profilers, disable compiler hints, etc. ***
# *** WARNING: Use non-forked runs only for debugging purposes, not for actual performance runs. ***
Iteration   1: <failure>

java.io.IOException: Log-Tail: [> Task :poi-excelant:compileJava9 UP-TO-DATE, > Task :poi-excelant:cacheJava9 UP-TO-DATE, > Task :poi-excelant:processResources UP-TO-DATE, > Task :poi-excelant:classes UP-TO-DATE, > Task :poi-excelant:jar UP-TO-DATE, > Task :poi-excelant:javadoc UP-TO-DATE, > Task :poi-excelant:javadocJar UP-TO-DATE, > Task :poi-excelant:sourcesJar UP-TO-DATE, > Task :poi-excelant:assemble UP-TO-DATE, > Task :poi-excelant:forbiddenApisMain UP-TO-DATE, > Task :poi-excelant:compileTestJava UP-TO-DATE, > Task :poi-excelant:compileTest9 UP-TO-DATE, > Task :poi-excelant:cacheTest9 UP-TO-DATE, > Task :poi-excelant:processTestResources UP-TO-DATE, > Task :poi-excelant:testClasses UP-TO-DATE, > Task :poi-excelant:forbiddenApisTest UP-TO-DATE, > Task :poi-excelant:forbiddenApis UP-TO-DATE, > Task :poi-excelant:spotbugsMain UP-TO-DATE, > Task :poi-excelant:testJar UP-TO-DATE, > Task :poi-excelant:test UP-TO-DATE, > Task :poi-integration:jar UP-TO-DATE, > Task :poi-integration:javadoc SKIPPED, > Task :poi-integration:javadocJar SKIPPED, > Task :poi-integration:sourcesJar SKIPPED, > Task :poi-integration:assemble UP-TO-DATE, > Task :poi-integration:forbiddenApisMain NO-SOURCE, > Task :poi-integration:forbiddenApisTest UP-TO-DATE, > Task :poi-integration:forbiddenApis UP-TO-DATE, > Task :poi-integration:spotbugsMain NO-SOURCE, > Task :poi-integration:test, > Task :poi-integration:testSLF4J: Failed to load class "org.slf4j.impl.StaticLoggerBinder"., SLF4J: Defaulting to no-operation (NOP) logger implementation, SLF4J: See http://www.slf4j.org/codes.html#StaticLoggerBinder for further details., > Task :poi-integration:spotbugsTest FAILED, > Task :poi-excelant:spotbugsTest, > Task :poi-excelant:spotbugsTest FAILED, > Task :poi-excelant:spotbugsTest FAILEDSLF4J: Failed to load class "org.slf4j.impl.StaticLoggerBinder"., > Task :poi-integration:test, SLF4J: Defaulting to no-operation (NOP) logger implementation, SLF4J: See http://www.slf4j.org/codes.html#StaticLoggerBinder for further details., Process 'Gradle Test Executor 22' finished with non-zero exit value 137, This problem might be caused by incorrect test process configuration., Please refer to the test execution section in the User Manual at https://docs.gradle.org/7.2/userguide/java_testing.html#sec:test_execution, org.gradle.process.internal.ExecException: Process 'Gradle Test Executor 22' finished with non-zero exit value 137, This problem might be caused by incorrect test process configuration., Please refer to the test execution section in the User Manual at https://docs.gradle.org/7.2/userguide/java_testing.html#sec:test_execution, 	at org.gradle.api.internal.tasks.testing.worker.ForkingTestClassProcessor.stop(ForkingTestClassProcessor.java:183), 	at org.gradle.api.internal.tasks.testing.processors.RestartEveryNTestClassProcessor.endBatch(RestartEveryNTestClassProcessor.java:77), 	at org.gradle.api.internal.tasks.testing.processors.RestartEveryNTestClassProcessor.stop(RestartEveryNTestClassProcessor.java:62), 	at java.base/jdk.internal.reflect.NativeMethodAccessorImpl.invoke0(Native Method), 	at java.base/jdk.internal.reflect.NativeMethodAccessorImpl.invoke(NativeMethodAccessorImpl.java:62), 	at java.base/jdk.internal.reflect.DelegatingMethodAccessorImpl.invoke(DelegatingMethodAccessorImpl.java:43), 	at java.base/java.lang.reflect.Method.invoke(Method.java:566), 	at org.gradle.internal.dispatch.ReflectionDispatch.dispatch(ReflectionDispatch.java:36), 	at org.gradle.internal.dispatch.ReflectionDispatch.dispatch(ReflectionDispatch.java:24), 	at org.gradle.internal.dispatch.FailureHandlingDispatch.dispatch(FailureHandlingDispatch.java:30), 	at org.gradle.internal.dispatch.AsyncDispatch.dispatchMessages(AsyncDispatch.java:87), 	at org.gradle.internal.dispatch.AsyncDispatch.access$000(AsyncDispatch.java:36), 	at org.gradle.internal.dispatch.AsyncDispatch$1.run(AsyncDispatch.java:71), 	at org.gradle.internal.concurrent.InterruptibleRunnable.run(InterruptibleRunnable.java:42), 	at org.gradle.internal.operations.CurrentBuildOperationPreservingRunnable.run(CurrentBuildOperationPreservingRunnable.java:42), 	at org.gradle.internal.concurrent.ExecutorPolicy$CatchAndRecordFailures.onExecute(ExecutorPolicy.java:64), 	at org.gradle.internal.concurrent.ManagedExecutorImpl$1.run(ManagedExecutorImpl.java:48), 	at java.base/java.util.concurrent.ThreadPoolExecutor.runWorker(ThreadPoolExecutor.java:1128), 	at java.base/java.util.concurrent.ThreadPoolExecutor$Worker.run(ThreadPoolExecutor.java:628), 	at org.gradle.internal.concurrent.ThreadFactoryImpl$ManagedThreadRunnable.run(ThreadFactoryImpl.java:61), 	at java.base/java.lang.Thread.run(Thread.java:829), > Task :poi-integration:test FAILED, FAILURE: Build completed with 3 failures., 1: Task failed with an exception., -----------, * What went wrong:, Execution failed for task ':poi-integration:spotbugsTest'., > A failure occurred while executing com.github.spotbugs.snom.internal.SpotBugsRunnerForWorker$SpotBugsExecutor,    > Failed to run Gradle Worker Daemon,       > Process 'Gradle Worker Daemon 20' finished with non-zero exit value 137, * Try:, Run with --stacktrace option to get the stack trace. Run with --info or --debug option to get more log output. Run with --scan to get full insights., ==============================================================================, 2: Task failed with an exception., -----------, * What went wrong:, Execution failed for task ':poi-excelant:spotbugsTest'., > A failure occurred while executing com.github.spotbugs.snom.internal.SpotBugsRunnerForWorker$SpotBugsExecutor,    > Failed to run Gradle Worker Daemon,       > Process 'Gradle Worker Daemon 19' finished with non-zero exit value 137, * Try:, Run with --stacktrace option to get the stack trace. Run with --info or --debug option to get more log output. Run with --scan to get full insights., ==============================================================================, 3: Task failed with an exception., -----------, * What went wrong:, Execution failed for task ':poi-integration:test'., > Process 'Gradle Test Executor 21' finished with non-zero exit value 137, * Try:, Run with --stacktrace option to get the stack trace. Run with --info or --debug option to get more log output. Run with --scan to get full insights., ==============================================================================, * Get more help at https://help.gradle.org, BUILD FAILED in 1m 55s, 73 actionable tasks: 3 executed, 70 up-to-date]
	at org.apache.poi.benchmark.suite.BaseBenchmark.runGradleTarget(BaseBenchmark.java:198)
	at org.apache.poi.benchmark.suite.BaseBenchmark.compileAll(BaseBenchmark.java:150)
	at org.apache.poi.benchmark.suite.TestBenchmarks.setUp(TestBenchmarks.java:13)
	at org.apache.poi.benchmark.suite.jmh_generated.TestBenchmarks_benchmarkTestMain_jmhTest._jmh_tryInit_f_testbenchmarks0_0(TestBenchmarks_benchmarkTestMain_jmhTest.java:335)
	at org.apache.poi.benchmark.suite.jmh_generated.TestBenchmarks_benchmarkTestMain_jmhTest.benchmarkTestMain_SingleShotTime(TestBenchmarks_benchmarkTestMain_jmhTest.java:291)
	at java.base/jdk.internal.reflect.NativeMethodAccessorImpl.invoke0(Native Method)
	at java.base/jdk.internal.reflect.NativeMethodAccessorImpl.invoke(NativeMethodAccessorImpl.java:62)
	at java.base/jdk.internal.reflect.DelegatingMethodAccessorImpl.invoke(DelegatingMethodAccessorImpl.java:43)
	at java.base/java.lang.reflect.Method.invoke(Method.java:566)
	at org.openjdk.jmh.runner.BenchmarkHandler$BenchmarkTask.call(BenchmarkHandler.java:475)
	at org.openjdk.jmh.runner.BenchmarkHandler$BenchmarkTask.call(BenchmarkHandler.java:458)
	at java.base/java.util.concurrent.FutureTask.run(FutureTask.java:264)
	at java.base/java.util.concurrent.Executors$RunnableAdapter.call(Executors.java:515)
	at java.base/java.util.concurrent.FutureTask.run(FutureTask.java:264)
	at java.base/java.util.concurrent.ThreadPoolExecutor.runWorker(ThreadPoolExecutor.java:1128)
	at java.base/java.util.concurrent.ThreadPoolExecutor$Worker.run(ThreadPoolExecutor.java:628)
	at java.base/java.lang.Thread.run(Thread.java:829)
Caused by: org.apache.commons.exec.ExecuteException: While executing (sources); [bash, ./gradlew, compileJava] (Exit value: 1. Caused by org.apache.commons.exec.ExecuteException: Process exited with an error: 1 (Exit value: 1))
	at org.dstadler.commons.exec.ExecutionHelper.execute(ExecutionHelper.java:153)
	at org.dstadler.commons.exec.ExecutionHelper.getCommandResultIntoStream(ExecutionHelper.java:127)
	at org.apache.poi.benchmark.suite.BaseBenchmark.runGradleTarget(BaseBenchmark.java:194)
	... 16 more
Caused by: org.apache.commons.exec.ExecuteException: Process exited with an error: 1 (Exit value: 1)
	at org.apache.commons.exec.DefaultExecutor.executeInternal(DefaultExecutor.java:404)
	at org.apache.commons.exec.DefaultExecutor.execute(DefaultExecutor.java:166)
	at org.dstadler.commons.exec.ExecutionHelper.execute(ExecutionHelper.java:148)
	... 18 more


# JMH version: 1.33
# VM version: JDK 11.0.11, OpenJDK 64-Bit Server VM, 11.0.11+9-Ubuntu-0ubuntu2.20.04
# VM invoker: /usr/lib/jvm/java-11-openjdk-amd64/bin/java
# VM options: -Xmx8m -agentpath:/opt/dynatrace/oneagent/agent/bin/1.227.116.20211005-151037/linux-x86-64/liboneagentloader.so=loglevelcon=none,datastorage=/var/lib/dynatrace/oneagent/datastorage,logdir=/var/log/dynatrace/oneagent
# Blackhole mode: full + dont-inline hint (default, use -Djmh.blackhole.autoDetect=true to auto-detect)
# Warmup: <none>
# Measurement: 1 iterations, single-shot each
# Timeout: 10 min per iteration
# Threads: 1 thread
# Benchmark mode: Single shot invocation time
# Benchmark: org.apache.poi.benchmark.suite.TestBenchmarks.benchmarkTestOOXML

# Run progress: 70.00% complete, ETA 00:06:47
# Fork: N/A, test runs in the host VM
# *** WARNING: Non-forked runs may silently omit JVM options, mess up profilers, disable compiler hints, etc. ***
# *** WARNING: Use non-forked runs only for debugging purposes, not for actual performance runs. ***
Iteration   1: <failure>

java.io.IOException: Log-Tail: [	at java.base/jdk.internal.reflect.DelegatingMethodAccessorImpl.invoke(DelegatingMethodAccessorImpl.java:43), 	at java.base/java.lang.reflect.Method.invoke(Method.java:566), 	at org.gradle.internal.dispatch.ReflectionDispatch.dispatch(ReflectionDispatch.java:36), 	at org.gradle.internal.dispatch.ReflectionDispatch.dispatch(ReflectionDispatch.java:24), 	at org.gradle.internal.event.AbstractBroadcastDispatch.dispatch(AbstractBroadcastDispatch.java:43), 	at org.gradle.internal.event.BroadcastDispatch$SingletonDispatch.dispatch(BroadcastDispatch.java:245), 	at org.gradle.internal.event.BroadcastDispatch$SingletonDispatch.dispatch(BroadcastDispatch.java:157), 	at org.gradle.internal.event.ListenerBroadcast.dispatch(ListenerBroadcast.java:141), 	at org.gradle.internal.event.ListenerBroadcast.dispatch(ListenerBroadcast.java:37), 	at org.gradle.internal.dispatch.ProxyDispatchAdapter$DispatchingInvocationHandler.invoke(ProxyDispatchAdapter.java:94), 	at com.sun.proxy.$Proxy93.executionFinished(Unknown Source), 	at org.gradle.process.internal.DefaultExecHandle.setEndStateInfo(DefaultExecHandle.java:221), 	at org.gradle.process.internal.DefaultExecHandle.finished(DefaultExecHandle.java:354), 	at org.gradle.process.internal.ExecHandleRunner.completed(ExecHandleRunner.java:110), 	at org.gradle.process.internal.ExecHandleRunner.run(ExecHandleRunner.java:84), 	at org.gradle.internal.operations.CurrentBuildOperationPreservingRunnable.run(CurrentBuildOperationPreservingRunnable.java:42), 	at org.gradle.internal.concurrent.ExecutorPolicy$CatchAndRecordFailures.onExecute(ExecutorPolicy.java:64), 	at org.gradle.internal.concurrent.ManagedExecutorImpl$1.run(ManagedExecutorImpl.java:48), 	at java.base/java.util.concurrent.ThreadPoolExecutor.runWorker(ThreadPoolExecutor.java:1128), 	at java.base/java.util.concurrent.ThreadPoolExecutor$Worker.run(ThreadPoolExecutor.java:628), 	at org.gradle.internal.concurrent.ThreadFactoryImpl$ManagedThreadRunnable.run(ThreadFactoryImpl.java:61), 	at java.base/java.lang.Thread.run(Thread.java:829), > Task :poi-excelant:spotbugsTest, 4 SpotBugs violations were found. See the report at: file:///opt/poi-benchmark/sources/poi-excelant/build/reports/spotbugs/test.xml, Unexpected exception thrown., org.gradle.internal.remote.internal.MessageIOException: Could not write '/127.0.0.1:36662'., 	at org.gradle.internal.remote.internal.inet.SocketConnection.flush(SocketConnection.java:140), 	at org.gradle.internal.remote.internal.hub.MessageHub$ConnectionDispatch.run(MessageHub.java:333), 	at org.gradle.internal.concurrent.ExecutorPolicy$CatchAndRecordFailures.onExecute(ExecutorPolicy.java:64), 	at org.gradle.internal.concurrent.ManagedExecutorImpl$1.run(ManagedExecutorImpl.java:48), 	at java.base/java.util.concurrent.ThreadPoolExecutor.runWorker(ThreadPoolExecutor.java:1128), 	at java.base/java.util.concurrent.ThreadPoolExecutor$Worker.run(ThreadPoolExecutor.java:628), 	at org.gradle.internal.concurrent.ThreadFactoryImpl$ManagedThreadRunnable.run(ThreadFactoryImpl.java:61), 	at java.base/java.lang.Thread.run(Thread.java:829), Caused by: java.io.IOException: Broken pipe, 	at java.base/sun.nio.ch.FileDispatcherImpl.write0(Native Method), 	at java.base/sun.nio.ch.SocketDispatcher.write(SocketDispatcher.java:47), 	at java.base/sun.nio.ch.IOUtil.writeFromNativeBuffer(IOUtil.java:113), 	at java.base/sun.nio.ch.IOUtil.write(IOUtil.java:58), 	at java.base/sun.nio.ch.IOUtil.write(IOUtil.java:50), 	at java.base/sun.nio.ch.SocketChannelImpl.write(SocketChannelImpl.java:462), 	at org.gradle.internal.remote.internal.inet.SocketConnection$SocketOutputStream.writeWithNonBlockingRetry(SocketConnection.java:279), 	at org.gradle.internal.remote.internal.inet.SocketConnection$SocketOutputStream.writeBufferToChannel(SocketConnection.java:267), 	at org.gradle.internal.remote.internal.inet.SocketConnection$SocketOutputStream.flush(SocketConnection.java:261), 	at org.gradle.internal.remote.internal.inet.SocketConnection.flush(SocketConnection.java:138), 	... 7 more, > Task :poi-integration:test, SLF4J: Failed to load class "org.slf4j.impl.StaticLoggerBinder"., SLF4J: Defaulting to no-operation (NOP) logger implementation, SLF4J: See http://www.slf4j.org/codes.html#StaticLoggerBinder for further details., Process 'Gradle Test Executor 27' finished with non-zero exit value 137, This problem might be caused by incorrect test process configuration., Please refer to the test execution section in the User Manual at https://docs.gradle.org/7.2/userguide/java_testing.html#sec:test_execution, org.gradle.process.internal.ExecException: Process 'Gradle Test Executor 27' finished with non-zero exit value 137, This problem might be caused by incorrect test process configuration., Please refer to the test execution section in the User Manual at https://docs.gradle.org/7.2/userguide/java_testing.html#sec:test_execution, 	at org.gradle.api.internal.tasks.testing.worker.ForkingTestClassProcessor.stop(ForkingTestClassProcessor.java:183), 	at org.gradle.api.internal.tasks.testing.processors.RestartEveryNTestClassProcessor.endBatch(RestartEveryNTestClassProcessor.java:77), 	at org.gradle.api.internal.tasks.testing.processors.RestartEveryNTestClassProcessor.stop(RestartEveryNTestClassProcessor.java:62), 	at java.base/jdk.internal.reflect.NativeMethodAccessorImpl.invoke0(Native Method), 	at java.base/jdk.internal.reflect.NativeMethodAccessorImpl.invoke(NativeMethodAccessorImpl.java:62), 	at java.base/jdk.internal.reflect.DelegatingMethodAccessorImpl.invoke(DelegatingMethodAccessorImpl.java:43), 	at java.base/java.lang.reflect.Method.invoke(Method.java:566), 	at org.gradle.internal.dispatch.ReflectionDispatch.dispatch(ReflectionDispatch.java:36), 	at org.gradle.internal.dispatch.ReflectionDispatch.dispatch(ReflectionDispatch.java:24), 	at org.gradle.internal.dispatch.FailureHandlingDispatch.dispatch(FailureHandlingDispatch.java:30), 	at org.gradle.internal.dispatch.AsyncDispatch.dispatchMessages(AsyncDispatch.java:87), 	at org.gradle.internal.dispatch.AsyncDispatch.access$000(AsyncDispatch.java:36), 	at org.gradle.internal.dispatch.AsyncDispatch$1.run(AsyncDispatch.java:71), 	at org.gradle.internal.concurrent.InterruptibleRunnable.run(InterruptibleRunnable.java:42), 	at org.gradle.internal.operations.CurrentBuildOperationPreservingRunnable.run(CurrentBuildOperationPreservingRunnable.java:42), 	at org.gradle.internal.concurrent.ExecutorPolicy$CatchAndRecordFailures.onExecute(ExecutorPolicy.java:64), 	at org.gradle.internal.concurrent.ManagedExecutorImpl$1.run(ManagedExecutorImpl.java:48), 	at java.base/java.util.concurrent.ThreadPoolExecutor.runWorker(ThreadPoolExecutor.java:1128), 	at java.base/java.util.concurrent.ThreadPoolExecutor$Worker.run(ThreadPoolExecutor.java:628), 	at org.gradle.internal.concurrent.ThreadFactoryImpl$ManagedThreadRunnable.run(ThreadFactoryImpl.java:61), 	at java.base/java.lang.Thread.run(Thread.java:829), > Task :poi-integration:test FAILED, 73 actionable tasks: 3 executed, 70 up-to-date, FAILURE: Build completed with 2 failures., 1: Task failed with an exception., -----------, * What went wrong:, Execution failed for task ':poi-integration:spotbugsTest'., > A failure occurred while executing com.github.spotbugs.snom.internal.SpotBugsRunnerForWorker$SpotBugsExecutor,    > Failed to run Gradle Worker Daemon,       > Process 'Gradle Worker Daemon 24' finished with non-zero exit value 137, * Try:, Run with --stacktrace option to get the stack trace. Run with --info or --debug option to get more log output. Run with --scan to get full insights., ==============================================================================, 2: Task failed with an exception., -----------, * What went wrong:, Execution failed for task ':poi-integration:test'., > Process 'Gradle Test Executor 25' finished with non-zero exit value 137, * Try:, Run with --stacktrace option to get the stack trace. Run with --info or --debug option to get more log output. Run with --scan to get full insights., ==============================================================================, * Get more help at https://help.gradle.org, BUILD FAILED in 1m 22s]
	at org.apache.poi.benchmark.suite.BaseBenchmark.runGradleTarget(BaseBenchmark.java:198)
	at org.apache.poi.benchmark.suite.BaseBenchmark.compileAll(BaseBenchmark.java:150)
	at org.apache.poi.benchmark.suite.TestBenchmarks.setUp(TestBenchmarks.java:13)
	at org.apache.poi.benchmark.suite.jmh_generated.TestBenchmarks_benchmarkTestOOXML_jmhTest._jmh_tryInit_f_testbenchmarks0_0(TestBenchmarks_benchmarkTestOOXML_jmhTest.java:335)
	at org.apache.poi.benchmark.suite.jmh_generated.TestBenchmarks_benchmarkTestOOXML_jmhTest.benchmarkTestOOXML_SingleShotTime(TestBenchmarks_benchmarkTestOOXML_jmhTest.java:291)
	at java.base/jdk.internal.reflect.NativeMethodAccessorImpl.invoke0(Native Method)
	at java.base/jdk.internal.reflect.NativeMethodAccessorImpl.invoke(NativeMethodAccessorImpl.java:62)
	at java.base/jdk.internal.reflect.DelegatingMethodAccessorImpl.invoke(DelegatingMethodAccessorImpl.java:43)
	at java.base/java.lang.reflect.Method.invoke(Method.java:566)
	at org.openjdk.jmh.runner.BenchmarkHandler$BenchmarkTask.call(BenchmarkHandler.java:475)
	at org.openjdk.jmh.runner.BenchmarkHandler$BenchmarkTask.call(BenchmarkHandler.java:458)
	at java.base/java.util.concurrent.FutureTask.run(FutureTask.java:264)
	at java.base/java.util.concurrent.Executors$RunnableAdapter.call(Executors.java:515)
	at java.base/java.util.concurrent.FutureTask.run(FutureTask.java:264)
	at java.base/java.util.concurrent.ThreadPoolExecutor.runWorker(ThreadPoolExecutor.java:1128)
	at java.base/java.util.concurrent.ThreadPoolExecutor$Worker.run(ThreadPoolExecutor.java:628)
	at java.base/java.lang.Thread.run(Thread.java:829)
Caused by: org.apache.commons.exec.ExecuteException: While executing (sources); [bash, ./gradlew, compileJava] (Exit value: 1. Caused by org.apache.commons.exec.ExecuteException: Process exited with an error: 1 (Exit value: 1))
	at org.dstadler.commons.exec.ExecutionHelper.execute(ExecutionHelper.java:153)
	at org.dstadler.commons.exec.ExecutionHelper.getCommandResultIntoStream(ExecutionHelper.java:127)
	at org.apache.poi.benchmark.suite.BaseBenchmark.runGradleTarget(BaseBenchmark.java:194)
	... 16 more
Caused by: org.apache.commons.exec.ExecuteException: Process exited with an error: 1 (Exit value: 1)
	at org.apache.commons.exec.DefaultExecutor.executeInternal(DefaultExecutor.java:404)
	at org.apache.commons.exec.DefaultExecutor.execute(DefaultExecutor.java:166)
	at org.dstadler.commons.exec.ExecutionHelper.execute(ExecutionHelper.java:148)
	... 18 more


# JMH version: 1.33
# VM version: JDK 11.0.11, OpenJDK 64-Bit Server VM, 11.0.11+9-Ubuntu-0ubuntu2.20.04
# VM invoker: /usr/lib/jvm/java-11-openjdk-amd64/bin/java
# VM options: -Xmx8m -agentpath:/opt/dynatrace/oneagent/agent/bin/1.227.116.20211005-151037/linux-x86-64/liboneagentloader.so=loglevelcon=none,datastorage=/var/lib/dynatrace/oneagent/datastorage,logdir=/var/log/dynatrace/oneagent
# Blackhole mode: full + dont-inline hint (default, use -Djmh.blackhole.autoDetect=true to auto-detect)
# Warmup: <none>
# Measurement: 1 iterations, single-shot each
# Timeout: 10 min per iteration
# Threads: 1 thread
# Benchmark mode: Single shot invocation time
# Benchmark: org.apache.poi.benchmark.suite.TestBenchmarks.benchmarkTestOOXMLLite

# Run progress: 80.00% complete, ETA 00:04:19
# Fork: N/A, test runs in the host VM
# *** WARNING: Non-forked runs may silently omit JVM options, mess up profilers, disable compiler hints, etc. ***
# *** WARNING: Use non-forked runs only for debugging purposes, not for actual performance runs. ***
Iteration   1: <failure>

java.io.IOException: Log-Tail: [> Task :poi:compileTest9 UP-TO-DATE, > Task :poi:cacheTest9 UP-TO-DATE, > Task :poi:processTestResources UP-TO-DATE, > Task :poi:testClasses UP-TO-DATE, > Task :poi:testJar UP-TO-DATE, > Task :poi-integration:processResources NO-SOURCE, > Task :poi-integration:classes UP-TO-DATE, > Task :poi-ooxml-lite-agent:compileJava UP-TO-DATE, > Task :poi-ooxml-lite-agent:compileJava9 UP-TO-DATE, > Task :poi-ooxml-lite-agent:cacheJava9 UP-TO-DATE, > Task :poi-ooxml-lite-agent:processResources NO-SOURCE, > Task :poi-ooxml-lite-agent:classes UP-TO-DATE, > Task :poi-ooxml-lite-agent:jar UP-TO-DATE, > Task :poi-scratchpad:compileTestJava UP-TO-DATE, > Task :poi-scratchpad:compileTest9 UP-TO-DATE, > Task :poi-scratchpad:cacheTest9 UP-TO-DATE, > Task :poi-scratchpad:processTestResources NO-SOURCE, > Task :poi-scratchpad:testClasses UP-TO-DATE, > Task :poi-scratchpad:testJar UP-TO-DATE, > Task :poi-ooxml:compileTestJava UP-TO-DATE, > Task :poi-ooxml:compileTest9 UP-TO-DATE, > Task :poi-ooxml:cacheTest9 UP-TO-DATE, > Task :poi-ooxml:processTestResources UP-TO-DATE, > Task :poi-ooxml:testClasses UP-TO-DATE, > Task :poi-ooxml:testJar UP-TO-DATE, > Task :poi-integration:compileTestJava UP-TO-DATE, > Task :poi-integration:compileTest9 UP-TO-DATE, > Task :poi-integration:cacheTest9 UP-TO-DATE, > Task :poi-integration:processTestResources UP-TO-DATE, > Task :poi-integration:testClasses UP-TO-DATE, > Task :poi-integration:testJar UP-TO-DATE, > Task :poi-excelant:compileJava9 UP-TO-DATE, > Task :poi-excelant:cacheJava9 UP-TO-DATE, > Task :poi-excelant:processResources UP-TO-DATE, > Task :poi-excelant:classes UP-TO-DATE, > Task :poi-excelant:jar UP-TO-DATE, > Task :poi-excelant:javadoc UP-TO-DATE, > Task :poi-excelant:javadocJar UP-TO-DATE, > Task :poi-excelant:sourcesJar UP-TO-DATE, > Task :poi-excelant:assemble UP-TO-DATE, > Task :poi-excelant:forbiddenApisMain UP-TO-DATE, > Task :poi-excelant:compileTestJava UP-TO-DATE, > Task :poi-excelant:compileTest9 UP-TO-DATE, > Task :poi-excelant:cacheTest9 UP-TO-DATE, > Task :poi-excelant:processTestResources UP-TO-DATE, > Task :poi-excelant:testClasses UP-TO-DATE, > Task :poi-excelant:forbiddenApisTest UP-TO-DATE, > Task :poi-excelant:forbiddenApis UP-TO-DATE, > Task :poi-excelant:spotbugsMain UP-TO-DATE, > Task :poi-excelant:spotbugsTest UP-TO-DATE, > Task :poi-excelant:testJar UP-TO-DATE, > Task :poi-excelant:test UP-TO-DATE, > Task :poi-excelant:check UP-TO-DATE, > Task :poi-excelant:build UP-TO-DATE, > Task :poi-integration:jar UP-TO-DATE, > Task :poi-integration:javadoc SKIPPED, > Task :poi-integration:javadocJar SKIPPED, > Task :poi-integration:sourcesJar SKIPPED, > Task :poi-integration:assemble UP-TO-DATE, > Task :poi-integration:forbiddenApisMain NO-SOURCE, > Task :poi-integration:forbiddenApisTest UP-TO-DATE, > Task :poi-integration:forbiddenApis UP-TO-DATE, > Task :poi-integration:spotbugsMain NO-SOURCE, > Task :poi-integration:test, > Task :poi-integration:testSLF4J: Failed to load class "org.slf4j.impl.StaticLoggerBinder"., SLF4J: Defaulting to no-operation (NOP) logger implementation, SLF4J: See http://www.slf4j.org/codes.html#StaticLoggerBinder for further details., OpenJDK 64-Bit Server VM warning: INFO: os::commit_memory(0x00000000e7200000, 167772160, 0) failed; error='Not enough space' (errno=12), OpenJDK 64-Bit Server VM warning: INFO: os::commit_memory(0x00000000e7200000, 167772160, 0) failed; error='Not enough space' (errno=12)#, # There is insufficient memory for the Java Runtime Environment to continue., # Native memory allocation (mmap) failed to map 167772160 bytes for committing reserved memory., # An error report file with more information is saved as:, # /home/preis/.gradle/workers/hs_err_pid3892892.log, > Task :poi-integration:spotbugsTest, FAILURE: Build completed with 2 failures., 1: Task failed with an exception., -----------, * What went wrong:, Execution failed for task ':poi-integration:test'., > Process 'Gradle Test Executor 29' finished with non-zero exit value 137,   This problem might be caused by incorrect test process configuration.,   Please refer to the test execution section in the User Manual at https://docs.gradle.org/7.2/userguide/java_testing.html#sec:test_execution, * Try:, Run with --stacktrace option to get the stack trace. Run with --info or --debug option to get more log output. Run with --scan to get full insights., ==============================================================================, 2: Task failed with an exception., -----------, * What went wrong:, Execution failed for task ':poi-integration:spotbugsTest'., > A failure occurred while executing com.github.spotbugs.snom.internal.SpotBugsRunnerForWorker$SpotBugsExecutor,    > Failed to run Gradle Worker Daemon,       > Process 'Gradle Worker Daemon 28' finished with non-zero exit value 1, * Try:, Run with --stacktrace option to get the stack trace. Run with --info or --debug option to get more log output. Run with --scan to get full insights., ==============================================================================, * Get more help at https://help.gradle.org, BUILD FAILED in 39s, > Task :poi-integration:test FAILED, > Task :poi-integration:spotbugsTest FAILED, 73 actionable tasks: 2 executed, 71 up-to-date]
	at org.apache.poi.benchmark.suite.BaseBenchmark.runGradleTarget(BaseBenchmark.java:198)
	at org.apache.poi.benchmark.suite.BaseBenchmark.compileAll(BaseBenchmark.java:150)
	at org.apache.poi.benchmark.suite.TestBenchmarks.setUp(TestBenchmarks.java:13)
	at org.apache.poi.benchmark.suite.jmh_generated.TestBenchmarks_benchmarkTestOOXMLLite_jmhTest._jmh_tryInit_f_testbenchmarks0_0(TestBenchmarks_benchmarkTestOOXMLLite_jmhTest.java:335)
	at org.apache.poi.benchmark.suite.jmh_generated.TestBenchmarks_benchmarkTestOOXMLLite_jmhTest.benchmarkTestOOXMLLite_SingleShotTime(TestBenchmarks_benchmarkTestOOXMLLite_jmhTest.java:291)
	at java.base/jdk.internal.reflect.NativeMethodAccessorImpl.invoke0(Native Method)
	at java.base/jdk.internal.reflect.NativeMethodAccessorImpl.invoke(NativeMethodAccessorImpl.java:62)
	at java.base/jdk.internal.reflect.DelegatingMethodAccessorImpl.invoke(DelegatingMethodAccessorImpl.java:43)
	at java.base/java.lang.reflect.Method.invoke(Method.java:566)
	at org.openjdk.jmh.runner.BenchmarkHandler$BenchmarkTask.call(BenchmarkHandler.java:475)
	at org.openjdk.jmh.runner.BenchmarkHandler$BenchmarkTask.call(BenchmarkHandler.java:458)
	at java.base/java.util.concurrent.FutureTask.run(FutureTask.java:264)
	at java.base/java.util.concurrent.Executors$RunnableAdapter.call(Executors.java:515)
	at java.base/java.util.concurrent.FutureTask.run(FutureTask.java:264)
	at java.base/java.util.concurrent.ThreadPoolExecutor.runWorker(ThreadPoolExecutor.java:1128)
	at java.base/java.util.concurrent.ThreadPoolExecutor$Worker.run(ThreadPoolExecutor.java:628)
	at java.base/java.lang.Thread.run(Thread.java:829)
Caused by: org.apache.commons.exec.ExecuteException: While executing (sources); [bash, ./gradlew, compileJava] (Exit value: 1. Caused by org.apache.commons.exec.ExecuteException: Process exited with an error: 1 (Exit value: 1))
	at org.dstadler.commons.exec.ExecutionHelper.execute(ExecutionHelper.java:153)
	at org.dstadler.commons.exec.ExecutionHelper.getCommandResultIntoStream(ExecutionHelper.java:127)
	at org.apache.poi.benchmark.suite.BaseBenchmark.runGradleTarget(BaseBenchmark.java:194)
	... 16 more
Caused by: org.apache.commons.exec.ExecuteException: Process exited with an error: 1 (Exit value: 1)
	at org.apache.commons.exec.DefaultExecutor.executeInternal(DefaultExecutor.java:404)
	at org.apache.commons.exec.DefaultExecutor.execute(DefaultExecutor.java:166)
	at org.dstadler.commons.exec.ExecutionHelper.execute(ExecutionHelper.java:148)
	... 18 more


# JMH version: 1.33
# VM version: JDK 11.0.11, OpenJDK 64-Bit Server VM, 11.0.11+9-Ubuntu-0ubuntu2.20.04
# VM invoker: /usr/lib/jvm/java-11-openjdk-amd64/bin/java
# VM options: -Xmx8m -agentpath:/opt/dynatrace/oneagent/agent/bin/1.227.116.20211005-151037/linux-x86-64/liboneagentloader.so=loglevelcon=none,datastorage=/var/lib/dynatrace/oneagent/datastorage,logdir=/var/log/dynatrace/oneagent
# Blackhole mode: full + dont-inline hint (default, use -Djmh.blackhole.autoDetect=true to auto-detect)
# Warmup: <none>
# Measurement: 1 iterations, single-shot each
# Timeout: 10 min per iteration
# Threads: 1 thread
# Benchmark mode: Single shot invocation time
# Benchmark: org.apache.poi.benchmark.suite.TestBenchmarks.benchmarkTestScratchpad

# Run progress: 90.00% complete, ETA 00:02:00
# Fork: N/A, test runs in the host VM
# *** WARNING: Non-forked runs may silently omit JVM options, mess up profilers, disable compiler hints, etc. ***
# *** WARNING: Use non-forked runs only for debugging purposes, not for actual performance runs. ***
Iteration   1: <failure>

java.io.IOException: Log-Tail: [> Task :poi-integration:compileJava NO-SOURCE, > Task :poi-examples:compileJava9 UP-TO-DATE, > Task :poi-examples:cacheJava9 UP-TO-DATE, > Task :poi-examples:processResources NO-SOURCE, > Task :poi-examples:classes UP-TO-DATE, > Task :poi-examples:jar UP-TO-DATE, > Task :poi:compileTestJava UP-TO-DATE, > Task :poi:compileTest9 UP-TO-DATE, > Task :poi:cacheTest9 UP-TO-DATE, > Task :poi:processTestResources UP-TO-DATE, > Task :poi:testClasses UP-TO-DATE, > Task :poi:testJar UP-TO-DATE, > Task :poi-integration:processResources NO-SOURCE, > Task :poi-integration:classes UP-TO-DATE, > Task :poi-ooxml-lite-agent:compileJava UP-TO-DATE, > Task :poi-ooxml-lite-agent:compileJava9 UP-TO-DATE, > Task :poi-ooxml-lite-agent:cacheJava9 UP-TO-DATE, > Task :poi-ooxml-lite-agent:processResources NO-SOURCE, > Task :poi-ooxml-lite-agent:classes UP-TO-DATE, > Task :poi-ooxml-lite-agent:jar UP-TO-DATE, > Task :poi-scratchpad:compileTestJava UP-TO-DATE, > Task :poi-scratchpad:compileTest9 UP-TO-DATE, > Task :poi-scratchpad:cacheTest9 UP-TO-DATE, > Task :poi-scratchpad:processTestResources NO-SOURCE, > Task :poi-scratchpad:testClasses UP-TO-DATE, > Task :poi-scratchpad:testJar UP-TO-DATE, > Task :poi-ooxml:compileTestJava UP-TO-DATE, > Task :poi-ooxml:compileTest9 UP-TO-DATE, > Task :poi-ooxml:cacheTest9 UP-TO-DATE, > Task :poi-ooxml:processTestResources UP-TO-DATE, > Task :poi-ooxml:testClasses UP-TO-DATE, > Task :poi-ooxml:testJar UP-TO-DATE, > Task :poi-integration:compileTestJava UP-TO-DATE, > Task :poi-integration:compileTest9 UP-TO-DATE, > Task :poi-integration:cacheTest9 UP-TO-DATE, > Task :poi-integration:processTestResources UP-TO-DATE, > Task :poi-integration:testClasses UP-TO-DATE, > Task :poi-integration:testJar UP-TO-DATE, > Task :poi-excelant:compileJava9 UP-TO-DATE, > Task :poi-excelant:cacheJava9 UP-TO-DATE, > Task :poi-excelant:processResources UP-TO-DATE, > Task :poi-excelant:classes UP-TO-DATE, > Task :poi-excelant:jar UP-TO-DATE, > Task :poi-excelant:javadoc UP-TO-DATE, > Task :poi-excelant:javadocJar UP-TO-DATE, > Task :poi-excelant:sourcesJar UP-TO-DATE, > Task :poi-excelant:assemble UP-TO-DATE, > Task :poi-excelant:forbiddenApisMain UP-TO-DATE, > Task :poi-excelant:compileTestJava UP-TO-DATE, > Task :poi-excelant:compileTest9 UP-TO-DATE, > Task :poi-excelant:cacheTest9 UP-TO-DATE, > Task :poi-excelant:processTestResources UP-TO-DATE, > Task :poi-excelant:testClasses UP-TO-DATE, > Task :poi-excelant:forbiddenApisTest UP-TO-DATE, > Task :poi-excelant:forbiddenApis UP-TO-DATE, > Task :poi-excelant:spotbugsMain UP-TO-DATE, > Task :poi-excelant:spotbugsTest UP-TO-DATE, > Task :poi-excelant:testJar UP-TO-DATE, > Task :poi-excelant:test UP-TO-DATE, > Task :poi-excelant:check UP-TO-DATE, > Task :poi-excelant:build UP-TO-DATE, > Task :poi-integration:jar UP-TO-DATE, > Task :poi-integration:javadoc SKIPPED, > Task :poi-integration:javadocJar SKIPPED, > Task :poi-integration:sourcesJar SKIPPED, > Task :poi-integration:assemble UP-TO-DATE, > Task :poi-integration:forbiddenApisMain NO-SOURCE, > Task :poi-integration:forbiddenApisTest UP-TO-DATE, > Task :poi-integration:forbiddenApis UP-TO-DATE, > Task :poi-integration:spotbugsMain NO-SOURCE, > Task :poi-integration:test, SLF4J: Failed to load class "org.slf4j.impl.StaticLoggerBinder"., SLF4J: Defaulting to no-operation (NOP) logger implementation, SLF4J: See http://www.slf4j.org/codes.html#StaticLoggerBinder for further details., > Task :poi-integration:spotbugsTest FAILED, FAILURE: Build completed with 2 failures., 1: Task failed with an exception., -----------, * What went wrong:, Execution failed for task ':poi-integration:spotbugsTest'., > A failure occurred while executing com.github.spotbugs.snom.internal.SpotBugsRunnerForWorker$SpotBugsExecutor,    > Failed to run Gradle Worker Daemon,       > Process 'Gradle Worker Daemon 30' finished with non-zero exit value 137, * Try:, Run with --stacktrace option to get the stack trace. Run with --info or --debug option to get more log output. Run with --scan to get full insights., ==============================================================================, 2: Task failed with an exception., -----------, > Task :poi-integration:test FAILED, 73 actionable tasks: 2 executed, 71 up-to-date, * What went wrong:, Execution failed for task ':poi-integration:test'., > Process 'Gradle Test Executor 31' finished with non-zero exit value 137,   This problem might be caused by incorrect test process configuration.,   Please refer to the test execution section in the User Manual at https://docs.gradle.org/7.2/userguide/java_testing.html#sec:test_execution, * Try:, Run with --stacktrace option to get the stack trace. Run with --info or --debug option to get more log output. Run with --scan to get full insights., ==============================================================================, * Get more help at https://help.gradle.org, BUILD FAILED in 1m 12s]
	at org.apache.poi.benchmark.suite.BaseBenchmark.runGradleTarget(BaseBenchmark.java:198)
	at org.apache.poi.benchmark.suite.BaseBenchmark.compileAll(BaseBenchmark.java:150)
	at org.apache.poi.benchmark.suite.TestBenchmarks.setUp(TestBenchmarks.java:13)
	at org.apache.poi.benchmark.suite.jmh_generated.TestBenchmarks_benchmarkTestScratchpad_jmhTest._jmh_tryInit_f_testbenchmarks0_0(TestBenchmarks_benchmarkTestScratchpad_jmhTest.java:335)
	at org.apache.poi.benchmark.suite.jmh_generated.TestBenchmarks_benchmarkTestScratchpad_jmhTest.benchmarkTestScratchpad_SingleShotTime(TestBenchmarks_benchmarkTestScratchpad_jmhTest.java:291)
	at java.base/jdk.internal.reflect.NativeMethodAccessorImpl.invoke0(Native Method)
	at java.base/jdk.internal.reflect.NativeMethodAccessorImpl.invoke(NativeMethodAccessorImpl.java:62)
	at java.base/jdk.internal.reflect.DelegatingMethodAccessorImpl.invoke(DelegatingMethodAccessorImpl.java:43)
	at java.base/java.lang.reflect.Method.invoke(Method.java:566)
	at org.openjdk.jmh.runner.BenchmarkHandler$BenchmarkTask.call(BenchmarkHandler.java:475)
	at org.openjdk.jmh.runner.BenchmarkHandler$BenchmarkTask.call(BenchmarkHandler.java:458)
	at java.base/java.util.concurrent.FutureTask.run(FutureTask.java:264)
	at java.base/java.util.concurrent.Executors$RunnableAdapter.call(Executors.java:515)
	at java.base/java.util.concurrent.FutureTask.run(FutureTask.java:264)
	at java.base/java.util.concurrent.ThreadPoolExecutor.runWorker(ThreadPoolExecutor.java:1128)
	at java.base/java.util.concurrent.ThreadPoolExecutor$Worker.run(ThreadPoolExecutor.java:628)
	at java.base/java.lang.Thread.run(Thread.java:829)
Caused by: org.apache.commons.exec.ExecuteException: While executing (sources); [bash, ./gradlew, compileJava] (Exit value: 1. Caused by org.apache.commons.exec.ExecuteException: Process exited with an error: 1 (Exit value: 1))
	at org.dstadler.commons.exec.ExecutionHelper.execute(ExecutionHelper.java:153)
	at org.dstadler.commons.exec.ExecutionHelper.getCommandResultIntoStream(ExecutionHelper.java:127)
	at org.apache.poi.benchmark.suite.BaseBenchmark.runGradleTarget(BaseBenchmark.java:194)
	... 16 more
Caused by: org.apache.commons.exec.ExecuteException: Process exited with an error: 1 (Exit value: 1)
	at org.apache.commons.exec.DefaultExecutor.executeInternal(DefaultExecutor.java:404)
	at org.apache.commons.exec.DefaultExecutor.execute(DefaultExecutor.java:166)
	at org.dstadler.commons.exec.ExecutionHelper.execute(ExecutionHelper.java:148)
	... 18 more


# Run complete. Total time: 00:19:19

REMEMBER: The numbers below are just data. To gain reusable insights, you need to follow up on
why the numbers are the way they are. Use profilers (see -prof, -lprof), design factorial
experiments, perform baseline and negative tests that provide experimental control, make sure
the benchmarking environment is safe on JVM/OS/HW level, ask for reviews from the domain experts.
Do not assume the numbers tell you what you want them to tell.

Benchmark  Mode  Cnt  Score   Error  Units

Benchmark result is saved to build/reports/jmh/results.json
