# JMH version: 1.27
# VM version: JDK 11.0.11, OpenJDK 64-Bit Server VM, 11.0.11+9-Ubuntu-0ubuntu2.20.04
# VM invoker: /usr/lib/jvm/java-11-openjdk-amd64/bin/java
# VM options: -Xmx8m -agentpath:/opt/dynatrace/oneagent/agent/bin/1.221.84.20210706-113445/linux-x86-64/liboneagentloader.so=loglevelcon=none,datastorage=/var/lib/dynatrace/oneagent/datastorage,logdir=/var/log/dynatrace/oneagent
# JMH blackhole mode: full blackhole + dont-inline hint
# Warmup: <none>
# Measurement: 1 iterations, single-shot each
# Timeout: 10 min per iteration
# Threads: 1 thread
# Benchmark mode: Single shot invocation time
# Benchmark: org.apache.poi.benchmark.suite.BuildBenchmarks.benchmarkCompileAll

# Run progress: 0.00% complete, ETA 00:00:00
# Fork: N/A, test runs in the host VM
# *** WARNING: Non-forked runs may silently omit JVM options, mess up profilers, disable compiler hints, etc. ***
# *** WARNING: Use non-forked runs only for debugging purposes, not for actual performance runs. ***
Iteration   1: 165928.498 ms/op


# JMH version: 1.27
# VM version: JDK 11.0.11, OpenJDK 64-Bit Server VM, 11.0.11+9-Ubuntu-0ubuntu2.20.04
# VM invoker: /usr/lib/jvm/java-11-openjdk-amd64/bin/java
# VM options: -Xmx8m -agentpath:/opt/dynatrace/oneagent/agent/bin/1.221.84.20210706-113445/linux-x86-64/liboneagentloader.so=loglevelcon=none,datastorage=/var/lib/dynatrace/oneagent/datastorage,logdir=/var/log/dynatrace/oneagent
# JMH blackhole mode: full blackhole + dont-inline hint
# Warmup: <none>
# Measurement: 1 iterations, single-shot each
# Timeout: 10 min per iteration
# Threads: 1 thread
# Benchmark mode: Single shot invocation time
# Benchmark: org.apache.poi.benchmark.suite.SSPerformanceBenchmarks.benchmarkHSSFPerformance

# Run progress: 10.00% complete, ETA 00:27:11
# Fork: N/A, test runs in the host VM
# *** WARNING: Non-forked runs may silently omit JVM options, mess up profilers, disable compiler hints, etc. ***
# *** WARNING: Use non-forked runs only for debugging purposes, not for actual performance runs. ***
Iteration   1: 3760.008 ms/op


# JMH version: 1.27
# VM version: JDK 11.0.11, OpenJDK 64-Bit Server VM, 11.0.11+9-Ubuntu-0ubuntu2.20.04
# VM invoker: /usr/lib/jvm/java-11-openjdk-amd64/bin/java
# VM options: -Xmx8m -agentpath:/opt/dynatrace/oneagent/agent/bin/1.221.84.20210706-113445/linux-x86-64/liboneagentloader.so=loglevelcon=none,datastorage=/var/lib/dynatrace/oneagent/datastorage,logdir=/var/log/dynatrace/oneagent
# JMH blackhole mode: full blackhole + dont-inline hint
# Warmup: <none>
# Measurement: 1 iterations, single-shot each
# Timeout: 10 min per iteration
# Threads: 1 thread
# Benchmark mode: Single shot invocation time
# Benchmark: org.apache.poi.benchmark.suite.SSPerformanceBenchmarks.benchmarkSXSSFPerformance

# Run progress: 20.00% complete, ETA 00:12:48
# Fork: N/A, test runs in the host VM
# *** WARNING: Non-forked runs may silently omit JVM options, mess up profilers, disable compiler hints, etc. ***
# *** WARNING: Use non-forked runs only for debugging purposes, not for actual performance runs. ***
Iteration   1: 5217.378 ms/op


# JMH version: 1.27
# VM version: JDK 11.0.11, OpenJDK 64-Bit Server VM, 11.0.11+9-Ubuntu-0ubuntu2.20.04
# VM invoker: /usr/lib/jvm/java-11-openjdk-amd64/bin/java
# VM options: -Xmx8m -agentpath:/opt/dynatrace/oneagent/agent/bin/1.221.84.20210706-113445/linux-x86-64/liboneagentloader.so=loglevelcon=none,datastorage=/var/lib/dynatrace/oneagent/datastorage,logdir=/var/log/dynatrace/oneagent
# JMH blackhole mode: full blackhole + dont-inline hint
# Warmup: <none>
# Measurement: 1 iterations, single-shot each
# Timeout: 10 min per iteration
# Threads: 1 thread
# Benchmark mode: Single shot invocation time
# Benchmark: org.apache.poi.benchmark.suite.SSPerformanceBenchmarks.benchmarkXSSFPerformance

# Run progress: 30.00% complete, ETA 00:07:56
# Fork: N/A, test runs in the host VM
# *** WARNING: Non-forked runs may silently omit JVM options, mess up profilers, disable compiler hints, etc. ***
# *** WARNING: Use non-forked runs only for debugging purposes, not for actual performance runs. ***
Iteration   1: 9505.079 ms/op


# JMH version: 1.27
# VM version: JDK 11.0.11, OpenJDK 64-Bit Server VM, 11.0.11+9-Ubuntu-0ubuntu2.20.04
# VM invoker: /usr/lib/jvm/java-11-openjdk-amd64/bin/java
# VM options: -Xmx8m -agentpath:/opt/dynatrace/oneagent/agent/bin/1.221.84.20210706-113445/linux-x86-64/liboneagentloader.so=loglevelcon=none,datastorage=/var/lib/dynatrace/oneagent/datastorage,logdir=/var/log/dynatrace/oneagent
# JMH blackhole mode: full blackhole + dont-inline hint
# Warmup: <none>
# Measurement: 1 iterations, single-shot each
# Timeout: 10 min per iteration
# Threads: 1 thread
# Benchmark mode: Single shot invocation time
# Benchmark: org.apache.poi.benchmark.suite.TestBenchmarks.benchmarkTestExcelant

# Run progress: 40.00% complete, ETA 00:05:30
# Fork: N/A, test runs in the host VM
# *** WARNING: Non-forked runs may silently omit JVM options, mess up profilers, disable compiler hints, etc. ***
# *** WARNING: Use non-forked runs only for debugging purposes, not for actual performance runs. ***
Iteration   1: <failure>

java.io.IOException: Log-Tail: [check-compiled-ooxml-xsds:, compile-ooxml-xsds:, compile-ooxml:,      [echo] Building jar for poi-ooxml, module-name: ooxml with isJava8: false,      [echo] Building test-jar for poi-ooxml, module-name: ooxml with isJava8: false, compile-excelant:,      [echo] Building jar for poi-excelant, module-name: excelant with isJava8: false,      [echo] Building test-jar for poi-excelant, module-name: excelant with isJava8: false, -test-ooxml-check:, jacocotask:,      [echo] Coverage reporting: ${coverage.enabled}, test-ooxml:,     [javac] Compiling 1 source file to /opt/poi-benchmark/sources/poi-excelant/build/poi-ant-contrib, [junitlauncher] , [junitlauncher] Running org.apache.poi.extractor.ooxml.TestExtractorFactory, [junitlauncher] Tests run: 117, Failures: 0, Aborted: 0, Skipped: 0, Time elapsed: 5.473000 sec, [junitlauncher] , [junitlauncher] Running org.apache.poi.ooxml.TestDetectAsOOXML, [junitlauncher] Tests run: 5, Failures: 0, Aborted: 0, Skipped: 0, Time elapsed: 0.049000 sec, [junitlauncher] , [junitlauncher] Running org.apache.poi.ooxml.TestEmbedded, [junitlauncher] Tests run: 3, Failures: 0, Aborted: 0, Skipped: 0, Time elapsed: 0.308000 sec, [junitlauncher] , [junitlauncher] Running org.apache.poi.ooxml.TestNecessaryOOXMLClasses, [junitlauncher] Tests run: 1, Failures: 0, Aborted: 0, Skipped: 0, Time elapsed: 0.006000 sec, [junitlauncher] , [junitlauncher] Running org.apache.poi.ooxml.TestPOIXMLDocument, [junitlauncher] Tests run: 11, Failures: 0, Aborted: 0, Skipped: 0, Time elapsed: 4.334000 sec, [junitlauncher] , [junitlauncher] Running org.apache.poi.ooxml.TestPOIXMLProperties, [junitlauncher] Tests run: 11, Failures: 0, Aborted: 0, Skipped: 1, Time elapsed: 0.251000 sec, [junitlauncher] , [junitlauncher] Running org.apache.poi.ooxml.TestTriggerCoverage, [junitlauncher]    Aborted: [13] /opt/poi-benchmark/sources/test-data/integration/stress025.docx, [junitlauncher] Tests run: 28, Failures: 0, Aborted: 1, Skipped: 1, Time elapsed: 14.283000 sec, [junitlauncher] , [junitlauncher] Running org.apache.poi.ooxml.TestXMLPropertiesTextExtractor, [junitlauncher] Tests run: 5, Failures: 0, Aborted: 0, Skipped: 0, Time elapsed: 0.096000 sec, [junitlauncher] , [junitlauncher] Running org.apache.poi.openxml4j.opc.TestContentType, [junitlauncher] Tests run: 39, Failures: 0, Aborted: 0, Skipped: 0, Time elapsed: 0.042000 sec, [junitlauncher] , [junitlauncher] Running org.apache.poi.openxml4j.opc.TestFileHelper, [junitlauncher] Tests run: 1, Failures: 0, Aborted: 0, Skipped: 0, Time elapsed: 0.000000 sec, [junitlauncher] , [junitlauncher] Running org.apache.poi.openxml4j.opc.TestListParts, [junitlauncher] Tests run: 1, Failures: 0, Aborted: 0, Skipped: 0, Time elapsed: 0.003000 sec, [junitlauncher] , [junitlauncher] Running org.apache.poi.openxml4j.opc.TestPackage, [junitlauncher] Tests run: 43, Failures: 0, Aborted: 0, Skipped: 1, Time elapsed: 1.336000 sec, [junitlauncher] , [junitlauncher] Running org.apache.poi.openxml4j.opc.TestPackageCoreProperties, [junitlauncher] Tests run: 7, Failures: 0, Aborted: 0, Skipped: 0, Time elapsed: 0.066000 sec, [junitlauncher] , [junitlauncher] Running org.apache.poi.openxml4j.opc.TestPackagePartName, [junitlauncher] Tests run: 1, Failures: 0, Aborted: 0, Skipped: 0, Time elapsed: 0.000000 sec, [junitlauncher] , [junitlauncher] Running org.apache.poi.openxml4j.opc.TestPackageThumbnail, [junitlauncher] Tests run: 1, Failures: 0, Aborted: 0, Skipped: 0, Time elapsed: 0.016000 sec, [junitlauncher] , [junitlauncher] Running org.apache.poi.openxml4j.opc.TestPackagingURIHelper, [junitlauncher] Tests run: 5, Failures: 0, Aborted: 0, Skipped: 0, Time elapsed: 0.003000 sec, [junitlauncher] , [junitlauncher] Running org.apache.poi.openxml4j.opc.TestRelationships, [junitlauncher] Tests run: 9, Failures: 0, Aborted: 0, Skipped: 0, Time elapsed: 0.074000 sec, [junitlauncher] , [junitlauncher] Running org.apache.poi.openxml4j.opc.compliance.TestOPCComplianceCoreProperties, [junitlauncher] Tests run: 11, Failures: 0, Aborted: 0, Skipped: 0, Time elapsed: 0.075000 sec, [junitlauncher] , [junitlauncher] Running org.apache.poi.openxml4j.opc.compliance.TestOPCCompliancePackageModel, [junitlauncher] Tests run: 6, Failures: 0, Aborted: 0, Skipped: 0, Time elapsed: 0.017000 sec, [junitlauncher] , [junitlauncher] Running org.apache.poi.openxml4j.opc.compliance.TestOPCCompliancePartName, [junitlauncher] Tests run: 10, Failures: 0, Aborted: 0, Skipped: 0, Time elapsed: 0.004000 sec, [junitlauncher] , [junitlauncher] Running org.apache.poi.openxml4j.opc.internal.TestContentTypeManager, [junitlauncher] Tests run: 4, Failures: 0, Aborted: 0, Skipped: 0, Time elapsed: 0.114000 sec, [junitlauncher] , [junitlauncher] Running org.apache.poi.openxml4j.opc.internal.marshallers.TestZipPackagePropertiesMarshaller, [junitlauncher] Tests run: 3, Failures: 0, Aborted: 0, Skipped: 0, Time elapsed: 0.003000 sec, [junitlauncher] , [junitlauncher] Running org.apache.poi.openxml4j.util.TestZipSecureFile, [junitlauncher] Tests run: 1, Failures: 0, Aborted: 0, Skipped: 0, Time elapsed: 0.001000 sec, [junitlauncher] , [junitlauncher] Running org.apache.poi.poifs.crypt.dsig.TestSignatureConfig, [junitlauncher] Tests run: 2, Failures: 0, Aborted: 0, Skipped: 1, Time elapsed: 0.013000 sec, [junitlauncher] , [junitlauncher] Running org.apache.poi.poifs.crypt.dsig.TestSignatureInfo, [junitlauncher]    Failed: testSignatureImage(), [junitlauncher]    Failed: bug58630(), [junitlauncher]    Failed: bug65214(), [junitlauncher]    Failed: testSignSpreadsheetWithSignatureInfo(), [junitlauncher]    Failed: testSignEnvelopingDocument(), [junitlauncher]    Failed: testNonSha1(), [junitlauncher] Tests run: 28, Failures: 6, Aborted: 0, Skipped: 1, Time elapsed: 2.574000 sec, BUILD FAILED, /opt/poi-benchmark/sources/build.xml:1794: The following error occurred while executing this line:, /opt/poi-benchmark/sources/build.xml:1766: The following error occurred while executing this line:, /opt/poi-benchmark/sources/build.xml:1382: Some test(s) have failure(s), Total time: 42 seconds]
	at org.apache.poi.benchmark.suite.BaseBenchmark.runAntTarget(BaseBenchmark.java:213)
	at org.apache.poi.benchmark.suite.BaseBenchmark.testExcelant(BaseBenchmark.java:196)
	at org.apache.poi.benchmark.suite.TestBenchmarks.benchmarkTestExcelant(TestBenchmarks.java:38)
	at org.apache.poi.benchmark.suite.jmh_generated.TestBenchmarks_benchmarkTestExcelant_jmhTest.benchmarkTestExcelant_ss_jmhStub(TestBenchmarks_benchmarkTestExcelant_jmhTest.java:320)
	at org.apache.poi.benchmark.suite.jmh_generated.TestBenchmarks_benchmarkTestExcelant_jmhTest.benchmarkTestExcelant_SingleShotTime(TestBenchmarks_benchmarkTestExcelant_jmhTest.java:299)
	at java.base/jdk.internal.reflect.NativeMethodAccessorImpl.invoke0(Native Method)
	at java.base/jdk.internal.reflect.NativeMethodAccessorImpl.invoke(NativeMethodAccessorImpl.java:62)
	at java.base/jdk.internal.reflect.DelegatingMethodAccessorImpl.invoke(DelegatingMethodAccessorImpl.java:43)
	at java.base/java.lang.reflect.Method.invoke(Method.java:566)
	at org.openjdk.jmh.runner.BenchmarkHandler$BenchmarkTask.call(BenchmarkHandler.java:453)
	at org.openjdk.jmh.runner.BenchmarkHandler$BenchmarkTask.call(BenchmarkHandler.java:437)
	at java.base/java.util.concurrent.FutureTask.run(FutureTask.java:264)
	at java.base/java.util.concurrent.Executors$RunnableAdapter.call(Executors.java:515)
	at java.base/java.util.concurrent.FutureTask.run(FutureTask.java:264)
	at java.base/java.util.concurrent.ThreadPoolExecutor.runWorker(ThreadPoolExecutor.java:1128)
	at java.base/java.util.concurrent.ThreadPoolExecutor$Worker.run(ThreadPoolExecutor.java:628)
	at java.base/java.lang.Thread.run(Thread.java:829)
Caused by: org.apache.commons.exec.ExecuteException: While executing (sources); [ant, test-excelant] (Exit value: 1. Caused by org.apache.commons.exec.ExecuteException: Process exited with an error: 1 (Exit value: 1))
	at org.dstadler.commons.exec.ExecutionHelper.execute(ExecutionHelper.java:153)
	at org.dstadler.commons.exec.ExecutionHelper.getCommandResultIntoStream(ExecutionHelper.java:127)
	at org.apache.poi.benchmark.suite.BaseBenchmark.runAntTarget(BaseBenchmark.java:209)
	... 16 more
Caused by: org.apache.commons.exec.ExecuteException: Process exited with an error: 1 (Exit value: 1)
	at org.apache.commons.exec.DefaultExecutor.executeInternal(DefaultExecutor.java:404)
	at org.apache.commons.exec.DefaultExecutor.execute(DefaultExecutor.java:166)
	at org.dstadler.commons.exec.ExecutionHelper.execute(ExecutionHelper.java:148)
	... 18 more


# JMH version: 1.27
# VM version: JDK 11.0.11, OpenJDK 64-Bit Server VM, 11.0.11+9-Ubuntu-0ubuntu2.20.04
# VM invoker: /usr/lib/jvm/java-11-openjdk-amd64/bin/java
# VM options: -Xmx8m -agentpath:/opt/dynatrace/oneagent/agent/bin/1.221.84.20210706-113445/linux-x86-64/liboneagentloader.so=loglevelcon=none,datastorage=/var/lib/dynatrace/oneagent/datastorage,logdir=/var/log/dynatrace/oneagent
# JMH blackhole mode: full blackhole + dont-inline hint
# Warmup: <none>
# Measurement: 1 iterations, single-shot each
# Timeout: 3 hr per iteration
# Threads: 1 thread
# Benchmark mode: Single shot invocation time
# Benchmark: org.apache.poi.benchmark.suite.TestBenchmarks.benchmarkTestIntegration

# Run progress: 50.00% complete, ETA 00:04:33
# Fork: N/A, test runs in the host VM
# *** WARNING: Non-forked runs may silently omit JVM options, mess up profilers, disable compiler hints, etc. ***
# *** WARNING: Use non-forked runs only for debugging purposes, not for actual performance runs. ***
Iteration   1: 143739.733 ms/op


# JMH version: 1.27
# VM version: JDK 11.0.11, OpenJDK 64-Bit Server VM, 11.0.11+9-Ubuntu-0ubuntu2.20.04
# VM invoker: /usr/lib/jvm/java-11-openjdk-amd64/bin/java
# VM options: -Xmx8m -agentpath:/opt/dynatrace/oneagent/agent/bin/1.221.84.20210706-113445/linux-x86-64/liboneagentloader.so=loglevelcon=none,datastorage=/var/lib/dynatrace/oneagent/datastorage,logdir=/var/log/dynatrace/oneagent
# JMH blackhole mode: full blackhole + dont-inline hint
# Warmup: <none>
# Measurement: 1 iterations, single-shot each
# Timeout: 10 min per iteration
# Threads: 1 thread
# Benchmark mode: Single shot invocation time
# Benchmark: org.apache.poi.benchmark.suite.TestBenchmarks.benchmarkTestMain

# Run progress: 60.00% complete, ETA 00:04:43
# Fork: N/A, test runs in the host VM
# *** WARNING: Non-forked runs may silently omit JVM options, mess up profilers, disable compiler hints, etc. ***
# *** WARNING: Use non-forked runs only for debugging purposes, not for actual performance runs. ***
Iteration   1: 213129.404 ms/op


# JMH version: 1.27
# VM version: JDK 11.0.11, OpenJDK 64-Bit Server VM, 11.0.11+9-Ubuntu-0ubuntu2.20.04
# VM invoker: /usr/lib/jvm/java-11-openjdk-amd64/bin/java
# VM options: -Xmx8m -agentpath:/opt/dynatrace/oneagent/agent/bin/1.221.84.20210706-113445/linux-x86-64/liboneagentloader.so=loglevelcon=none,datastorage=/var/lib/dynatrace/oneagent/datastorage,logdir=/var/log/dynatrace/oneagent
# JMH blackhole mode: full blackhole + dont-inline hint
# Warmup: <none>
# Measurement: 1 iterations, single-shot each
# Timeout: 10 min per iteration
# Threads: 1 thread
# Benchmark mode: Single shot invocation time
# Benchmark: org.apache.poi.benchmark.suite.TestBenchmarks.benchmarkTestOOXML

# Run progress: 70.00% complete, ETA 00:04:36
# Fork: N/A, test runs in the host VM
# *** WARNING: Non-forked runs may silently omit JVM options, mess up profilers, disable compiler hints, etc. ***
# *** WARNING: Use non-forked runs only for debugging purposes, not for actual performance runs. ***
Iteration   1: <failure>

java.io.IOException: Log-Tail: [     [echo] Building test-jar for poi, module-name: poi with isJava8: false, compile-scratchpad:,      [echo] Building jar for poi-scratchpad, module-name: scratchpad with isJava8: false,      [echo] Building test-jar for poi-scratchpad, module-name: scratchpad with isJava8: false, check-compiled-ooxml-xsds:, compile-ooxml-xsds:, compile-ooxml:,      [echo] Building jar for poi-ooxml, module-name: ooxml with isJava8: false,      [echo] Building test-jar for poi-ooxml, module-name: ooxml with isJava8: false, -test-ooxml-check:, jacocotask:,      [echo] Coverage reporting: ${coverage.enabled}, test-ooxml:, [junitlauncher] , [junitlauncher] Running org.apache.poi.extractor.ooxml.TestExtractorFactory, [junitlauncher] Tests run: 117, Failures: 0, Aborted: 0, Skipped: 0, Time elapsed: 5.262000 sec, [junitlauncher] , [junitlauncher] Running org.apache.poi.ooxml.TestDetectAsOOXML, [junitlauncher] Tests run: 5, Failures: 0, Aborted: 0, Skipped: 0, Time elapsed: 0.093000 sec, [junitlauncher] , [junitlauncher] Running org.apache.poi.ooxml.TestEmbedded, [junitlauncher] Tests run: 3, Failures: 0, Aborted: 0, Skipped: 0, Time elapsed: 0.395000 sec, [junitlauncher] , [junitlauncher] Running org.apache.poi.ooxml.TestNecessaryOOXMLClasses, [junitlauncher] Tests run: 1, Failures: 0, Aborted: 0, Skipped: 0, Time elapsed: 0.001000 sec, [junitlauncher] , [junitlauncher] Running org.apache.poi.ooxml.TestPOIXMLDocument, [junitlauncher] Tests run: 11, Failures: 0, Aborted: 0, Skipped: 0, Time elapsed: 3.584000 sec, [junitlauncher] , [junitlauncher] Running org.apache.poi.ooxml.TestPOIXMLProperties, [junitlauncher] Tests run: 11, Failures: 0, Aborted: 0, Skipped: 1, Time elapsed: 0.285000 sec, [junitlauncher] , [junitlauncher] Running org.apache.poi.ooxml.TestTriggerCoverage, [junitlauncher]    Aborted: [13] /opt/poi-benchmark/sources/test-data/integration/stress025.docx, [junitlauncher] Tests run: 28, Failures: 0, Aborted: 1, Skipped: 1, Time elapsed: 12.879000 sec, [junitlauncher] , [junitlauncher] Running org.apache.poi.ooxml.TestXMLPropertiesTextExtractor, [junitlauncher] Tests run: 5, Failures: 0, Aborted: 0, Skipped: 0, Time elapsed: 0.060000 sec, [junitlauncher] , [junitlauncher] Running org.apache.poi.openxml4j.opc.TestContentType, [junitlauncher] Tests run: 39, Failures: 0, Aborted: 0, Skipped: 0, Time elapsed: 0.060000 sec, [junitlauncher] , [junitlauncher] Running org.apache.poi.openxml4j.opc.TestFileHelper, [junitlauncher] Tests run: 1, Failures: 0, Aborted: 0, Skipped: 0, Time elapsed: 0.000000 sec, [junitlauncher] , [junitlauncher] Running org.apache.poi.openxml4j.opc.TestListParts, [junitlauncher] Tests run: 1, Failures: 0, Aborted: 0, Skipped: 0, Time elapsed: 0.002000 sec, [junitlauncher] , [junitlauncher] Running org.apache.poi.openxml4j.opc.TestPackage, [junitlauncher] Tests run: 43, Failures: 0, Aborted: 0, Skipped: 1, Time elapsed: 1.418000 sec, [junitlauncher] , [junitlauncher] Running org.apache.poi.openxml4j.opc.TestPackageCoreProperties, [junitlauncher] Tests run: 7, Failures: 0, Aborted: 0, Skipped: 0, Time elapsed: 0.046000 sec, [junitlauncher] , [junitlauncher] Running org.apache.poi.openxml4j.opc.TestPackagePartName, [junitlauncher] Tests run: 1, Failures: 0, Aborted: 0, Skipped: 0, Time elapsed: 0.000000 sec, [junitlauncher] , [junitlauncher] Running org.apache.poi.openxml4j.opc.TestPackageThumbnail, [junitlauncher] Tests run: 1, Failures: 0, Aborted: 0, Skipped: 0, Time elapsed: 0.022000 sec, [junitlauncher] , [junitlauncher] Running org.apache.poi.openxml4j.opc.TestPackagingURIHelper, [junitlauncher] Tests run: 5, Failures: 0, Aborted: 0, Skipped: 0, Time elapsed: 0.002000 sec, [junitlauncher] , [junitlauncher] Running org.apache.poi.openxml4j.opc.TestRelationships, [junitlauncher] Tests run: 9, Failures: 0, Aborted: 0, Skipped: 0, Time elapsed: 0.067000 sec, [junitlauncher] , [junitlauncher] Running org.apache.poi.openxml4j.opc.compliance.TestOPCComplianceCoreProperties, [junitlauncher] Tests run: 11, Failures: 0, Aborted: 0, Skipped: 0, Time elapsed: 0.085000 sec, [junitlauncher] , [junitlauncher] Running org.apache.poi.openxml4j.opc.compliance.TestOPCCompliancePackageModel, [junitlauncher] Tests run: 6, Failures: 0, Aborted: 0, Skipped: 0, Time elapsed: 0.021000 sec, [junitlauncher] , [junitlauncher] Running org.apache.poi.openxml4j.opc.compliance.TestOPCCompliancePartName, [junitlauncher] Tests run: 10, Failures: 0, Aborted: 0, Skipped: 0, Time elapsed: 0.005000 sec, [junitlauncher] , [junitlauncher] Running org.apache.poi.openxml4j.opc.internal.TestContentTypeManager, [junitlauncher] Tests run: 4, Failures: 0, Aborted: 0, Skipped: 0, Time elapsed: 0.074000 sec, [junitlauncher] , [junitlauncher] Running org.apache.poi.openxml4j.opc.internal.marshallers.TestZipPackagePropertiesMarshaller, [junitlauncher] Tests run: 3, Failures: 0, Aborted: 0, Skipped: 0, Time elapsed: 0.002000 sec, [junitlauncher] , [junitlauncher] Running org.apache.poi.openxml4j.util.TestZipSecureFile, [junitlauncher] Tests run: 1, Failures: 0, Aborted: 0, Skipped: 0, Time elapsed: 0.001000 sec, [junitlauncher] , [junitlauncher] Running org.apache.poi.poifs.crypt.dsig.TestSignatureConfig, [junitlauncher] Tests run: 2, Failures: 0, Aborted: 0, Skipped: 1, Time elapsed: 0.004000 sec, [junitlauncher] , [junitlauncher] Running org.apache.poi.poifs.crypt.dsig.TestSignatureInfo, [junitlauncher]    Failed: testSignatureImage(), [junitlauncher]    Failed: bug58630(), [junitlauncher]    Failed: bug65214(), [junitlauncher]    Failed: testSignSpreadsheetWithSignatureInfo(), [junitlauncher]    Failed: testSignEnvelopingDocument(), [junitlauncher]    Failed: testNonSha1(), [junitlauncher] Tests run: 28, Failures: 6, Aborted: 0, Skipped: 1, Time elapsed: 2.225000 sec, BUILD FAILED, /opt/poi-benchmark/sources/build.xml:1794: The following error occurred while executing this line:, /opt/poi-benchmark/sources/build.xml:1766: The following error occurred while executing this line:, /opt/poi-benchmark/sources/build.xml:1382: Some test(s) have failure(s), Total time: 37 seconds]
	at org.apache.poi.benchmark.suite.BaseBenchmark.runAntTarget(BaseBenchmark.java:213)
	at org.apache.poi.benchmark.suite.BaseBenchmark.testOOXML(BaseBenchmark.java:179)
	at org.apache.poi.benchmark.suite.TestBenchmarks.benchmarkTestOOXML(TestBenchmarks.java:28)
	at org.apache.poi.benchmark.suite.jmh_generated.TestBenchmarks_benchmarkTestOOXML_jmhTest.benchmarkTestOOXML_ss_jmhStub(TestBenchmarks_benchmarkTestOOXML_jmhTest.java:320)
	at org.apache.poi.benchmark.suite.jmh_generated.TestBenchmarks_benchmarkTestOOXML_jmhTest.benchmarkTestOOXML_SingleShotTime(TestBenchmarks_benchmarkTestOOXML_jmhTest.java:299)
	at java.base/jdk.internal.reflect.NativeMethodAccessorImpl.invoke0(Native Method)
	at java.base/jdk.internal.reflect.NativeMethodAccessorImpl.invoke(NativeMethodAccessorImpl.java:62)
	at java.base/jdk.internal.reflect.DelegatingMethodAccessorImpl.invoke(DelegatingMethodAccessorImpl.java:43)
	at java.base/java.lang.reflect.Method.invoke(Method.java:566)
	at org.openjdk.jmh.runner.BenchmarkHandler$BenchmarkTask.call(BenchmarkHandler.java:453)
	at org.openjdk.jmh.runner.BenchmarkHandler$BenchmarkTask.call(BenchmarkHandler.java:437)
	at java.base/java.util.concurrent.FutureTask.run(FutureTask.java:264)
	at java.base/java.util.concurrent.Executors$RunnableAdapter.call(Executors.java:515)
	at java.base/java.util.concurrent.FutureTask.run(FutureTask.java:264)
	at java.base/java.util.concurrent.ThreadPoolExecutor.runWorker(ThreadPoolExecutor.java:1128)
	at java.base/java.util.concurrent.ThreadPoolExecutor$Worker.run(ThreadPoolExecutor.java:628)
	at java.base/java.lang.Thread.run(Thread.java:829)
Caused by: org.apache.commons.exec.ExecuteException: While executing (sources); [ant, test-ooxml] (Exit value: 1. Caused by org.apache.commons.exec.ExecuteException: Process exited with an error: 1 (Exit value: 1))
	at org.dstadler.commons.exec.ExecutionHelper.execute(ExecutionHelper.java:153)
	at org.dstadler.commons.exec.ExecutionHelper.getCommandResultIntoStream(ExecutionHelper.java:127)
	at org.apache.poi.benchmark.suite.BaseBenchmark.runAntTarget(BaseBenchmark.java:209)
	... 16 more
Caused by: org.apache.commons.exec.ExecuteException: Process exited with an error: 1 (Exit value: 1)
	at org.apache.commons.exec.DefaultExecutor.executeInternal(DefaultExecutor.java:404)
	at org.apache.commons.exec.DefaultExecutor.execute(DefaultExecutor.java:166)
	at org.dstadler.commons.exec.ExecutionHelper.execute(ExecutionHelper.java:148)
	... 18 more


# JMH version: 1.27
# VM version: JDK 11.0.11, OpenJDK 64-Bit Server VM, 11.0.11+9-Ubuntu-0ubuntu2.20.04
# VM invoker: /usr/lib/jvm/java-11-openjdk-amd64/bin/java
# VM options: -Xmx8m -agentpath:/opt/dynatrace/oneagent/agent/bin/1.221.84.20210706-113445/linux-x86-64/liboneagentloader.so=loglevelcon=none,datastorage=/var/lib/dynatrace/oneagent/datastorage,logdir=/var/log/dynatrace/oneagent
# JMH blackhole mode: full blackhole + dont-inline hint
# Warmup: <none>
# Measurement: 1 iterations, single-shot each
# Timeout: 10 min per iteration
# Threads: 1 thread
# Benchmark mode: Single shot invocation time
# Benchmark: org.apache.poi.benchmark.suite.TestBenchmarks.benchmarkTestOOXMLLite

# Run progress: 80.00% complete, ETA 00:02:52
# Fork: N/A, test runs in the host VM
# *** WARNING: Non-forked runs may silently omit JVM options, mess up profilers, disable compiler hints, etc. ***
# *** WARNING: Use non-forked runs only for debugging purposes, not for actual performance runs. ***
Iteration   1: <failure>

java.io.IOException: Log-Tail: [compile-main:,      [echo] Building jar for poi, module-name: poi with isJava8: false,      [echo] Building test-jar for poi, module-name: poi with isJava8: false, compile-scratchpad:,      [echo] Building jar for poi-scratchpad, module-name: scratchpad with isJava8: false,      [echo] Building test-jar for poi-scratchpad, module-name: scratchpad with isJava8: false, check-compiled-ooxml-xsds:, compile-ooxml-xsds:, compile-ooxml:,      [echo] Building jar for poi-ooxml, module-name: ooxml with isJava8: false,      [echo] Building test-jar for poi-ooxml, module-name: ooxml with isJava8: false, -test-ooxml-check:, test-ooxml:, [junitlauncher] , [junitlauncher] Running org.apache.poi.extractor.ooxml.TestExtractorFactory, [junitlauncher] Tests run: 117, Failures: 0, Aborted: 0, Skipped: 0, Time elapsed: 5.994000 sec, [junitlauncher] , [junitlauncher] Running org.apache.poi.ooxml.TestDetectAsOOXML, [junitlauncher] Tests run: 5, Failures: 0, Aborted: 0, Skipped: 0, Time elapsed: 0.057000 sec, [junitlauncher] , [junitlauncher] Running org.apache.poi.ooxml.TestEmbedded, [junitlauncher] Tests run: 3, Failures: 0, Aborted: 0, Skipped: 0, Time elapsed: 0.319000 sec, [junitlauncher] , [junitlauncher] Running org.apache.poi.ooxml.TestNecessaryOOXMLClasses, [junitlauncher] Tests run: 1, Failures: 0, Aborted: 0, Skipped: 0, Time elapsed: 0.001000 sec, [junitlauncher] , [junitlauncher] Running org.apache.poi.ooxml.TestPOIXMLDocument, [junitlauncher] Tests run: 11, Failures: 0, Aborted: 0, Skipped: 0, Time elapsed: 4.063000 sec, [junitlauncher] , [junitlauncher] Running org.apache.poi.ooxml.TestPOIXMLProperties, [junitlauncher] Tests run: 11, Failures: 0, Aborted: 0, Skipped: 1, Time elapsed: 0.300000 sec, [junitlauncher] , [junitlauncher] Running org.apache.poi.ooxml.TestTriggerCoverage, [junitlauncher]    Aborted: [13] /opt/poi-benchmark/sources/test-data/integration/stress025.docx, [junitlauncher] Tests run: 28, Failures: 0, Aborted: 1, Skipped: 1, Time elapsed: 15.141000 sec, [junitlauncher] , [junitlauncher] Running org.apache.poi.ooxml.TestXMLPropertiesTextExtractor, [junitlauncher] Tests run: 5, Failures: 0, Aborted: 0, Skipped: 0, Time elapsed: 0.168000 sec, [junitlauncher] , [junitlauncher] Running org.apache.poi.openxml4j.opc.TestContentType, [junitlauncher] Tests run: 39, Failures: 0, Aborted: 0, Skipped: 0, Time elapsed: 0.119000 sec, [junitlauncher] , [junitlauncher] Running org.apache.poi.openxml4j.opc.TestFileHelper, [junitlauncher] Tests run: 1, Failures: 0, Aborted: 0, Skipped: 0, Time elapsed: 0.001000 sec, [junitlauncher] , [junitlauncher] Running org.apache.poi.openxml4j.opc.TestListParts, [junitlauncher] Tests run: 1, Failures: 0, Aborted: 0, Skipped: 0, Time elapsed: 0.002000 sec, [junitlauncher] , [junitlauncher] Running org.apache.poi.openxml4j.opc.TestPackage, [junitlauncher] Tests run: 43, Failures: 0, Aborted: 0, Skipped: 1, Time elapsed: 1.500000 sec, [junitlauncher] , [junitlauncher] Running org.apache.poi.openxml4j.opc.TestPackageCoreProperties, [junitlauncher] Tests run: 7, Failures: 0, Aborted: 0, Skipped: 0, Time elapsed: 0.083000 sec, [junitlauncher] , [junitlauncher] Running org.apache.poi.openxml4j.opc.TestPackagePartName, [junitlauncher] Tests run: 1, Failures: 0, Aborted: 0, Skipped: 0, Time elapsed: 0.000000 sec, [junitlauncher] , [junitlauncher] Running org.apache.poi.openxml4j.opc.TestPackageThumbnail, [junitlauncher] Tests run: 1, Failures: 0, Aborted: 0, Skipped: 0, Time elapsed: 0.019000 sec, [junitlauncher] , [junitlauncher] Running org.apache.poi.openxml4j.opc.TestPackagingURIHelper, [junitlauncher] Tests run: 5, Failures: 0, Aborted: 0, Skipped: 0, Time elapsed: 0.002000 sec, [junitlauncher] , [junitlauncher] Running org.apache.poi.openxml4j.opc.TestRelationships, [junitlauncher] Tests run: 9, Failures: 0, Aborted: 0, Skipped: 0, Time elapsed: 0.076000 sec, [junitlauncher] , [junitlauncher] Running org.apache.poi.openxml4j.opc.compliance.TestOPCComplianceCoreProperties, [junitlauncher] Tests run: 11, Failures: 0, Aborted: 0, Skipped: 0, Time elapsed: 0.052000 sec, [junitlauncher] , [junitlauncher] Running org.apache.poi.openxml4j.opc.compliance.TestOPCCompliancePackageModel, [junitlauncher] Tests run: 6, Failures: 0, Aborted: 0, Skipped: 0, Time elapsed: 0.017000 sec, [junitlauncher] , [junitlauncher] Running org.apache.poi.openxml4j.opc.compliance.TestOPCCompliancePartName, [junitlauncher] Tests run: 10, Failures: 0, Aborted: 0, Skipped: 0, Time elapsed: 0.005000 sec, [junitlauncher] , [junitlauncher] Running org.apache.poi.openxml4j.opc.internal.TestContentTypeManager, [junitlauncher] Tests run: 4, Failures: 0, Aborted: 0, Skipped: 0, Time elapsed: 0.080000 sec, [junitlauncher] , [junitlauncher] Running org.apache.poi.openxml4j.opc.internal.marshallers.TestZipPackagePropertiesMarshaller, [junitlauncher] Tests run: 3, Failures: 0, Aborted: 0, Skipped: 0, Time elapsed: 0.003000 sec, [junitlauncher] , [junitlauncher] Running org.apache.poi.openxml4j.util.TestZipSecureFile, [junitlauncher] Tests run: 1, Failures: 0, Aborted: 0, Skipped: 0, Time elapsed: 0.001000 sec, [junitlauncher] , [junitlauncher] Running org.apache.poi.poifs.crypt.dsig.TestSignatureConfig, [junitlauncher] Tests run: 2, Failures: 0, Aborted: 0, Skipped: 1, Time elapsed: 0.004000 sec, [junitlauncher] , [junitlauncher] Running org.apache.poi.poifs.crypt.dsig.TestSignatureInfo, [junitlauncher]    Failed: testSignatureImage(), [junitlauncher]    Failed: bug58630(), [junitlauncher]    Failed: bug65214(), [junitlauncher]    Failed: testSignSpreadsheetWithSignatureInfo(), [junitlauncher]    Failed: testSignEnvelopingDocument(), [junitlauncher]    Failed: testNonSha1(), [junitlauncher] Tests run: 28, Failures: 6, Aborted: 0, Skipped: 1, Time elapsed: 2.004000 sec, BUILD FAILED, /opt/poi-benchmark/sources/build.xml:1794: The following error occurred while executing this line:, /opt/poi-benchmark/sources/build.xml:1766: The following error occurred while executing this line:, /opt/poi-benchmark/sources/build.xml:1382: Some test(s) have failure(s), Total time: 42 seconds]
	at org.apache.poi.benchmark.suite.BaseBenchmark.runAntTarget(BaseBenchmark.java:213)
	at org.apache.poi.benchmark.suite.BaseBenchmark.testOOXMLLite(BaseBenchmark.java:192)
	at org.apache.poi.benchmark.suite.TestBenchmarks.benchmarkTestOOXMLLite(TestBenchmarks.java:33)
	at org.apache.poi.benchmark.suite.jmh_generated.TestBenchmarks_benchmarkTestOOXMLLite_jmhTest.benchmarkTestOOXMLLite_ss_jmhStub(TestBenchmarks_benchmarkTestOOXMLLite_jmhTest.java:320)
	at org.apache.poi.benchmark.suite.jmh_generated.TestBenchmarks_benchmarkTestOOXMLLite_jmhTest.benchmarkTestOOXMLLite_SingleShotTime(TestBenchmarks_benchmarkTestOOXMLLite_jmhTest.java:299)
	at java.base/jdk.internal.reflect.NativeMethodAccessorImpl.invoke0(Native Method)
	at java.base/jdk.internal.reflect.NativeMethodAccessorImpl.invoke(NativeMethodAccessorImpl.java:62)
	at java.base/jdk.internal.reflect.DelegatingMethodAccessorImpl.invoke(DelegatingMethodAccessorImpl.java:43)
	at java.base/java.lang.reflect.Method.invoke(Method.java:566)
	at org.openjdk.jmh.runner.BenchmarkHandler$BenchmarkTask.call(BenchmarkHandler.java:453)
	at org.openjdk.jmh.runner.BenchmarkHandler$BenchmarkTask.call(BenchmarkHandler.java:437)
	at java.base/java.util.concurrent.FutureTask.run(FutureTask.java:264)
	at java.base/java.util.concurrent.Executors$RunnableAdapter.call(Executors.java:515)
	at java.base/java.util.concurrent.FutureTask.run(FutureTask.java:264)
	at java.base/java.util.concurrent.ThreadPoolExecutor.runWorker(ThreadPoolExecutor.java:1128)
	at java.base/java.util.concurrent.ThreadPoolExecutor$Worker.run(ThreadPoolExecutor.java:628)
	at java.base/java.lang.Thread.run(Thread.java:829)
Caused by: org.apache.commons.exec.ExecuteException: While executing (sources); [ant, test-ooxml-lite] (Exit value: 1. Caused by org.apache.commons.exec.ExecuteException: Process exited with an error: 1 (Exit value: 1))
	at org.dstadler.commons.exec.ExecutionHelper.execute(ExecutionHelper.java:153)
	at org.dstadler.commons.exec.ExecutionHelper.getCommandResultIntoStream(ExecutionHelper.java:127)
	at org.apache.poi.benchmark.suite.BaseBenchmark.runAntTarget(BaseBenchmark.java:209)
	... 16 more
Caused by: org.apache.commons.exec.ExecuteException: Process exited with an error: 1 (Exit value: 1)
	at org.apache.commons.exec.DefaultExecutor.executeInternal(DefaultExecutor.java:404)
	at org.apache.commons.exec.DefaultExecutor.execute(DefaultExecutor.java:166)
	at org.dstadler.commons.exec.ExecutionHelper.execute(ExecutionHelper.java:148)
	... 18 more


# JMH version: 1.27
# VM version: JDK 11.0.11, OpenJDK 64-Bit Server VM, 11.0.11+9-Ubuntu-0ubuntu2.20.04
# VM invoker: /usr/lib/jvm/java-11-openjdk-amd64/bin/java
# VM options: -Xmx8m -agentpath:/opt/dynatrace/oneagent/agent/bin/1.221.84.20210706-113445/linux-x86-64/liboneagentloader.so=loglevelcon=none,datastorage=/var/lib/dynatrace/oneagent/datastorage,logdir=/var/log/dynatrace/oneagent
# JMH blackhole mode: full blackhole + dont-inline hint
# Warmup: <none>
# Measurement: 1 iterations, single-shot each
# Timeout: 10 min per iteration
# Threads: 1 thread
# Benchmark mode: Single shot invocation time
# Benchmark: org.apache.poi.benchmark.suite.TestBenchmarks.benchmarkTestScratchpad

# Run progress: 90.00% complete, ETA 00:01:22
# Fork: N/A, test runs in the host VM
# *** WARNING: Non-forked runs may silently omit JVM options, mess up profilers, disable compiler hints, etc. ***
# *** WARNING: Use non-forked runs only for debugging purposes, not for actual performance runs. ***
Iteration   1: 64923.231 ms/op


# Run complete. Total time: 00:13:36

REMEMBER: The numbers below are just data. To gain reusable insights, you need to follow up on
why the numbers are the way they are. Use profilers (see -prof, -lprof), design factorial
experiments, perform baseline and negative tests that provide experimental control, make sure
the benchmarking environment is safe on JVM/OS/HW level, ask for reviews from the domain experts.
Do not assume the numbers tell you what you want them to tell.

Benchmark                                          Mode  Cnt       Score   Error  Units
BuildBenchmarks.benchmarkCompileAll                  ss       165928.498          ms/op
SSPerformanceBenchmarks.benchmarkHSSFPerformance     ss         3760.008          ms/op
SSPerformanceBenchmarks.benchmarkSXSSFPerformance    ss         5217.378          ms/op
SSPerformanceBenchmarks.benchmarkXSSFPerformance     ss         9505.079          ms/op
TestBenchmarks.benchmarkTestIntegration              ss       143739.733          ms/op
TestBenchmarks.benchmarkTestMain                     ss       213129.404          ms/op
TestBenchmarks.benchmarkTestScratchpad               ss        64923.231          ms/op

Benchmark result is saved to build/reports/jmh/results.json
