# JMH version: 1.33
# VM version: JDK 11.0.11, OpenJDK 64-Bit Server VM, 11.0.11+9-Ubuntu-0ubuntu2.20.04
# VM invoker: /usr/lib/jvm/java-11-openjdk-amd64/bin/java
# VM options: -Xmx8m -agentpath:/opt/dynatrace/oneagent/agent/bin/1.231.159.20211126-105013/linux-x86-64/liboneagentloader.so=loglevelcon=none,datastorage=/var/lib/dynatrace/oneagent/datastorage,logdir=/var/log/dynatrace/oneagent
# Blackhole mode: full + dont-inline hint (default, use -Djmh.blackhole.autoDetect=true to auto-detect)
# Warmup: <none>
# Measurement: 1 iterations, single-shot each
# Timeout: 10 min per iteration
# Threads: 1 thread
# Benchmark mode: Single shot invocation time
# Benchmark: org.apache.poi.benchmark.suite.BuildBenchmarks.benchmarkCompileAll

# Run progress: 0.00% complete, ETA 00:00:00
# Fork: N/A, test runs in the host VM
# *** WARNING: Non-forked runs may silently omit JVM options, mess up profilers, disable compiler hints, etc. ***
# *** WARNING: Use non-forked runs only for debugging purposes, not for actual performance runs. ***
Iteration   1: <failure>

java.io.IOException: Log-Tail: [> Task :poi-integration:cacheTest9 UP-TO-DATE, > Task :poi-integration:testClasses, > Task :poi-integration:testJar, > Task :poi-excelant:javadoc, > Task :poi-excelant:javadocJar, > Task :poi-excelant:assemble, > Task :poi-excelant:forbiddenApisMain, > Task :poi-integration:forbiddenApisTest, > Task :poi-integration:forbiddenApis, > Task :poi-excelant:compileTestJava, > Task :poi-excelant:compileTest9, > Task :poi-excelant:cacheTest9 UP-TO-DATE, > Task :poi-excelant:testClasses, > Task :poi-excelant:forbiddenApisTest, > Task :poi-excelant:forbiddenApis, SLF4J: Failed to load class "org.slf4j.impl.StaticLoggerBinder"., SLF4J: Failed to load class "org.slf4j.impl.StaticLoggerBinder"., SLF4J: Defaulting to no-operation (NOP) logger implementation, SLF4J: See http://www.slf4j.org/codes.html#StaticLoggerBinder for further details., > Task :poi-integration:test, > Task :poi-ooxml:javadoc, > Task :poi-excelant:spotbugsMain, 5 SpotBugs violations were found.See the report at: file:///opt/poi-benchmark/sources/poi-excelant/build/reports/spotbugs/main.xml, > Task :poi-integration:spotbugsTest, 6 SpotBugs violations were found.See the report at: file:///opt/poi-benchmark/sources/poi-integration/build/reports/spotbugs/test.xml, > Task :poi-excelant:testJar, > Task :poi-excelant:spotbugsTest, > Task :poi-excelant:test, SLF4J: Failed to load class "org.slf4j.impl.StaticLoggerBinder"., SLF4J: Defaulting to no-operation (NOP) logger implementation, SLF4J: See http://www.slf4j.org/codes.html#StaticLoggerBinder for further details., > Task :poi-ooxml:javadocJar, > Task :poi-ooxml:assemble, > Task :poi-ooxml:forbiddenApisMain, > Task :poi-ooxml:forbiddenApisTest, > Task :poi-ooxml:forbiddenApis, > Task :poi-excelant:check, > Task :poi-excelant:build, > Task :poi-ooxml:test, SLF4J: Failed to load class "org.slf4j.impl.StaticLoggerBinder"., SLF4J: Defaulting to no-operation (NOP) logger implementation, SLF4J: See http://www.slf4j.org/codes.html#StaticLoggerBinder for further details., > Task :poi-ooxml:spotbugsMain, > Task :poi-ooxml:spotbugsTest, > Task :poi-integration:test FAILED, > Task :poi-ooxml:spotbugsTest FAILED, > Task :poi-ooxml:spotbugsMain FAILED, > Task :poi-ooxml:test FAILED, FAILURE: Build completed with 4 failures., 1: Task failed with an exception., -----------, * What went wrong:, Execution failed for task ':poi-integration:test'., > Process 'Gradle Test Executor 2' finished with non-zero exit value 137,   This problem might be caused by incorrect test process configuration., 81 actionable tasks: 69 executed, 12 up-to-date,   Please refer to the test execution section in the User Manual at https://docs.gradle.org/7.3/userguide/java_testing.html#sec:test_execution, * Try:, > Run with --stacktrace option to get the stack trace., > Run with --info or --debug option to get more log output., > Run with --scan to get full insights., ==============================================================================, 2: Task failed with an exception., -----------, * What went wrong:, Execution failed for task ':poi-ooxml:spotbugsTest'., > A failure occurred while executing com.github.spotbugs.snom.internal.SpotBugsRunnerForWorker$SpotBugsExecutor,    > Failed to run Gradle Worker Daemon,       > Process 'Gradle Worker Daemon 6' finished with non-zero exit value 137, * Try:, > Run with --stacktrace option to get the stack trace., > Run with --info or --debug option to get more log output., > Run with --scan to get full insights., ==============================================================================, 3: Task failed with an exception., -----------, * What went wrong:, Execution failed for task ':poi-ooxml:spotbugsMain'., > A failure occurred while executing com.github.spotbugs.snom.internal.SpotBugsRunnerForWorker$SpotBugsExecutor,    > Failed to run Gradle Worker Daemon,       > Process 'Gradle Worker Daemon 5' finished with non-zero exit value 137, * Try:, > Run with --stacktrace option to get the stack trace., > Run with --info or --debug option to get more log output., > Run with --scan to get full insights., ==============================================================================, 4: Task failed with an exception., -----------, * What went wrong:, Execution failed for task ':poi-ooxml:test'., > Process 'Gradle Test Executor 7' finished with non-zero exit value 137,   This problem might be caused by incorrect test process configuration.,   Please refer to the test execution section in the User Manual at https://docs.gradle.org/7.3/userguide/java_testing.html#sec:test_execution, * Try:, > Run with --stacktrace option to get the stack trace., > Run with --info or --debug option to get more log output., > Run with --scan to get full insights., ==============================================================================, * Get more help at https://help.gradle.org, BUILD FAILED in 5m 47s]
	at org.apache.poi.benchmark.suite.BaseBenchmark.runGradleTarget(BaseBenchmark.java:198)
	at org.apache.poi.benchmark.suite.BaseBenchmark.compileAll(BaseBenchmark.java:150)
	at org.apache.poi.benchmark.suite.BuildBenchmarks.benchmarkCompileAll(BuildBenchmarks.java:16)
	at org.apache.poi.benchmark.suite.jmh_generated.BuildBenchmarks_benchmarkCompileAll_jmhTest.benchmarkCompileAll_ss_jmhStub(BuildBenchmarks_benchmarkCompileAll_jmhTest.java:320)
	at org.apache.poi.benchmark.suite.jmh_generated.BuildBenchmarks_benchmarkCompileAll_jmhTest.benchmarkCompileAll_SingleShotTime(BuildBenchmarks_benchmarkCompileAll_jmhTest.java:299)
	at java.base/jdk.internal.reflect.NativeMethodAccessorImpl.invoke0(Native Method)
	at java.base/jdk.internal.reflect.NativeMethodAccessorImpl.invoke(NativeMethodAccessorImpl.java:62)
	at java.base/jdk.internal.reflect.DelegatingMethodAccessorImpl.invoke(DelegatingMethodAccessorImpl.java:43)
	at java.base/java.lang.reflect.Method.invoke(Method.java:566)
	at org.openjdk.jmh.runner.BenchmarkHandler$BenchmarkTask.call(BenchmarkHandler.java:475)
	at org.openjdk.jmh.runner.BenchmarkHandler$BenchmarkTask.call(BenchmarkHandler.java:458)
	at java.base/java.util.concurrent.FutureTask.run(FutureTask.java:264)
	at java.base/java.util.concurrent.Executors$RunnableAdapter.call(Executors.java:515)
	at java.base/java.util.concurrent.FutureTask.run(FutureTask.java:264)
	at java.base/java.util.concurrent.ThreadPoolExecutor.runWorker(ThreadPoolExecutor.java:1128)
	at java.base/java.util.concurrent.ThreadPoolExecutor$Worker.run(ThreadPoolExecutor.java:628)
	at java.base/java.lang.Thread.run(Thread.java:829)
Caused by: org.apache.commons.exec.ExecuteException: While executing (sources); [bash, ./gradlew, compileJava] (Exit value: 1. Caused by org.apache.commons.exec.ExecuteException: Process exited with an error: 1 (Exit value: 1))
	at org.dstadler.commons.exec.ExecutionHelper.execute(ExecutionHelper.java:153)
	at org.dstadler.commons.exec.ExecutionHelper.getCommandResultIntoStream(ExecutionHelper.java:127)
	at org.apache.poi.benchmark.suite.BaseBenchmark.runGradleTarget(BaseBenchmark.java:194)
	... 16 more
Caused by: org.apache.commons.exec.ExecuteException: Process exited with an error: 1 (Exit value: 1)
	at org.apache.commons.exec.DefaultExecutor.executeInternal(DefaultExecutor.java:404)
	at org.apache.commons.exec.DefaultExecutor.execute(DefaultExecutor.java:166)
	at org.dstadler.commons.exec.ExecutionHelper.execute(ExecutionHelper.java:148)
	... 18 more


# JMH version: 1.33
# VM version: JDK 11.0.11, OpenJDK 64-Bit Server VM, 11.0.11+9-Ubuntu-0ubuntu2.20.04
# VM invoker: /usr/lib/jvm/java-11-openjdk-amd64/bin/java
# VM options: -Xmx8m -agentpath:/opt/dynatrace/oneagent/agent/bin/1.231.159.20211126-105013/linux-x86-64/liboneagentloader.so=loglevelcon=none,datastorage=/var/lib/dynatrace/oneagent/datastorage,logdir=/var/log/dynatrace/oneagent
# Blackhole mode: full + dont-inline hint (default, use -Djmh.blackhole.autoDetect=true to auto-detect)
# Warmup: <none>
# Measurement: 1 iterations, single-shot each
# Timeout: 10 min per iteration
# Threads: 1 thread
# Benchmark mode: Single shot invocation time
# Benchmark: org.apache.poi.benchmark.suite.SSPerformanceBenchmarks.benchmarkHSSFPerformance

# Run progress: 10.00% complete, ETA 01:02:21
# Fork: N/A, test runs in the host VM
# *** WARNING: Non-forked runs may silently omit JVM options, mess up profilers, disable compiler hints, etc. ***
# *** WARNING: Use non-forked runs only for debugging purposes, not for actual performance runs. ***
Iteration   1: <failure>

java.io.IOException: Log-Tail: [> Task :poi-scratchpad:testClasses UP-TO-DATE, > Task :poi-scratchpad:testJar UP-TO-DATE, > Task :poi-ooxml:javadoc UP-TO-DATE, > Task :poi-examples:compileJava UP-TO-DATE, > Task :poi-examples:compileJava9 UP-TO-DATE, > Task :poi-examples:cacheJava9 UP-TO-DATE, > Task :poi-examples:classes UP-TO-DATE, > Task :poi-examples:jar UP-TO-DATE, > Task :poi-excelant:compileJava UP-TO-DATE, > Task :poi-excelant:compileJava9 UP-TO-DATE, > Task :poi-excelant:cacheJava9 UP-TO-DATE, > Task :poi-excelant:classes UP-TO-DATE, > Task :poi-excelant:jar UP-TO-DATE, > Task :poi-ooxml:compileTestJava UP-TO-DATE, > Task :poi-ooxml:compileTest9 UP-TO-DATE, > Task :poi-excelant:javadoc UP-TO-DATE, > Task :poi-ooxml:cacheTest9 UP-TO-DATE, > Task :poi-ooxml:testClasses UP-TO-DATE, > Task :poi-ooxml:testJar UP-TO-DATE, > Task :poi-excelant:javadocJar UP-TO-DATE, > Task :poi-excelant:assemble UP-TO-DATE, > Task :poi-excelant:forbiddenApisMain UP-TO-DATE, > Task :poi-integration:compileTestJava UP-TO-DATE, > Task :poi-ooxml:javadocJar UP-TO-DATE, > Task :poi-ooxml:assemble UP-TO-DATE, > Task :poi-ooxml:forbiddenApisMain UP-TO-DATE, > Task :poi-integration:compileTest9 UP-TO-DATE, > Task :poi-integration:cacheTest9 UP-TO-DATE, > Task :poi-integration:testClasses UP-TO-DATE, > Task :poi-ooxml:forbiddenApisTest UP-TO-DATE, > Task :poi-ooxml:forbiddenApis UP-TO-DATE, > Task :poi-integration:testJar UP-TO-DATE, > Task :poi-excelant:compileTestJava UP-TO-DATE, > Task :poi-integration:forbiddenApisTest UP-TO-DATE, > Task :poi-integration:forbiddenApis UP-TO-DATE, > Task :poi-excelant:compileTest9 UP-TO-DATE, > Task :poi-excelant:cacheTest9 UP-TO-DATE, > Task :poi-integration:spotbugsTest UP-TO-DATE, > Task :poi-excelant:testClasses UP-TO-DATE, > Task :poi-excelant:forbiddenApisTest UP-TO-DATE, > Task :poi-excelant:forbiddenApis UP-TO-DATE, > Task :poi-excelant:spotbugsMain UP-TO-DATE, > Task :poi-excelant:spotbugsTest UP-TO-DATE, > Task :poi-excelant:testJar UP-TO-DATE, > Task :poi-excelant:test UP-TO-DATE, > Task :poi-excelant:check UP-TO-DATE, > Task :poi-excelant:build UP-TO-DATE, > Task :poi-integration:test, SLF4J: Failed to load class "org.slf4j.impl.StaticLoggerBinder"., SLF4J: Defaulting to no-operation (NOP) logger implementation, SLF4J: See http://www.slf4j.org/codes.html#StaticLoggerBinder for further details., > Task :poi-ooxml:spotbugsMain, > Task :poi-ooxml:spotbugsTest, > Task :poi-ooxml:test, SLF4J: Failed to load class "org.slf4j.impl.StaticLoggerBinder"., SLF4J: Defaulting to no-operation (NOP) logger implementation, SLF4J: See http://www.slf4j.org/codes.html#StaticLoggerBinder for further details., > Task :poi-ooxml:spotbugsMain FAILED, > Task :poi-ooxml:spotbugsTest FAILED, > Task :poi-integration:test FAILED, 81 actionable tasks: 4 executed, 77 up-to-date, 81 actionable tasks: 4 executed, 77 up-to-dateFAILURE: Build completed with 3 failures., 1: Task failed with an exception., -----------, * What went wrong:, Execution failed for task ':poi-ooxml:spotbugsMain'., > A failure occurred while executing com.github.spotbugs.snom.internal.SpotBugsRunnerForWorker$SpotBugsExecutor,    > Failed to run Gradle Worker Daemon,       > Process 'Gradle Worker Daemon 9' finished with non-zero exit value 137, * Try:, > Run with --stacktrace option to get the stack trace., > Run with --info or --debug option to get more log output., > Run with --scan to get full insights., ==============================================================================, 2: Task failed with an exception., -----------, * What went wrong:, Execution failed for task ':poi-ooxml:spotbugsTest'., > A failure occurred while executing com.github.spotbugs.snom.internal.SpotBugsRunnerForWorker$SpotBugsExecutor,    > Failed to run Gradle Worker Daemon,       > Process 'Gradle Worker Daemon 10' finished with non-zero exit value 137, * Try:, > Run with --stacktrace option to get the stack trace., > Run with --info or --debug option to get more log output., > Run with --scan to get full insights., ==============================================================================, 3: Task failed with an exception., -----------, * What went wrong:, Execution failed for task ':poi-integration:test'., > Process 'Gradle Test Executor 8' finished with non-zero exit value 137,   This problem might be caused by incorrect test process configuration.,   Please refer to the test execution section in the User Manual at https://docs.gradle.org/7.3/userguide/java_testing.html#sec:test_execution, * Try:, > Run with --stacktrace option to get the stack trace., > Run with --info or --debug option to get more log output., > Run with --scan to get full insights., ==============================================================================, * Get more help at https://help.gradle.org, BUILD FAILED in 4m 43s]
	at org.apache.poi.benchmark.suite.BaseBenchmark.runGradleTarget(BaseBenchmark.java:198)
	at org.apache.poi.benchmark.suite.BaseBenchmark.compileAll(BaseBenchmark.java:150)
	at org.apache.poi.benchmark.suite.SSPerformanceBenchmarks.setUp(SSPerformanceBenchmarks.java:12)
	at org.apache.poi.benchmark.suite.jmh_generated.SSPerformanceBenchmarks_benchmarkHSSFPerformance_jmhTest._jmh_tryInit_f_ssperformancebenchmarks0_0(SSPerformanceBenchmarks_benchmarkHSSFPerformance_jmhTest.java:335)
	at org.apache.poi.benchmark.suite.jmh_generated.SSPerformanceBenchmarks_benchmarkHSSFPerformance_jmhTest.benchmarkHSSFPerformance_SingleShotTime(SSPerformanceBenchmarks_benchmarkHSSFPerformance_jmhTest.java:291)
	at java.base/jdk.internal.reflect.NativeMethodAccessorImpl.invoke0(Native Method)
	at java.base/jdk.internal.reflect.NativeMethodAccessorImpl.invoke(NativeMethodAccessorImpl.java:62)
	at java.base/jdk.internal.reflect.DelegatingMethodAccessorImpl.invoke(DelegatingMethodAccessorImpl.java:43)
	at java.base/java.lang.reflect.Method.invoke(Method.java:566)
	at org.openjdk.jmh.runner.BenchmarkHandler$BenchmarkTask.call(BenchmarkHandler.java:475)
	at org.openjdk.jmh.runner.BenchmarkHandler$BenchmarkTask.call(BenchmarkHandler.java:458)
	at java.base/java.util.concurrent.FutureTask.run(FutureTask.java:264)
	at java.base/java.util.concurrent.Executors$RunnableAdapter.call(Executors.java:515)
	at java.base/java.util.concurrent.FutureTask.run(FutureTask.java:264)
	at java.base/java.util.concurrent.ThreadPoolExecutor.runWorker(ThreadPoolExecutor.java:1128)
	at java.base/java.util.concurrent.ThreadPoolExecutor$Worker.run(ThreadPoolExecutor.java:628)
	at java.base/java.lang.Thread.run(Thread.java:829)
Caused by: org.apache.commons.exec.ExecuteException: While executing (sources); [bash, ./gradlew, compileJava] (Exit value: 1. Caused by org.apache.commons.exec.ExecuteException: Process exited with an error: 1 (Exit value: 1))
	at org.dstadler.commons.exec.ExecutionHelper.execute(ExecutionHelper.java:153)
	at org.dstadler.commons.exec.ExecutionHelper.getCommandResultIntoStream(ExecutionHelper.java:127)
	at org.apache.poi.benchmark.suite.BaseBenchmark.runGradleTarget(BaseBenchmark.java:194)
	... 16 more
Caused by: org.apache.commons.exec.ExecuteException: Process exited with an error: 1 (Exit value: 1)
	at org.apache.commons.exec.DefaultExecutor.executeInternal(DefaultExecutor.java:404)
	at org.apache.commons.exec.DefaultExecutor.execute(DefaultExecutor.java:166)
	at org.dstadler.commons.exec.ExecutionHelper.execute(ExecutionHelper.java:148)
	... 18 more


# JMH version: 1.33
# VM version: JDK 11.0.11, OpenJDK 64-Bit Server VM, 11.0.11+9-Ubuntu-0ubuntu2.20.04
# VM invoker: /usr/lib/jvm/java-11-openjdk-amd64/bin/java
# VM options: -Xmx8m -agentpath:/opt/dynatrace/oneagent/agent/bin/1.231.159.20211126-105013/linux-x86-64/liboneagentloader.so=loglevelcon=none,datastorage=/var/lib/dynatrace/oneagent/datastorage,logdir=/var/log/dynatrace/oneagent
# Blackhole mode: full + dont-inline hint (default, use -Djmh.blackhole.autoDetect=true to auto-detect)
# Warmup: <none>
# Measurement: 1 iterations, single-shot each
# Timeout: 10 min per iteration
# Threads: 1 thread
# Benchmark mode: Single shot invocation time
# Benchmark: org.apache.poi.benchmark.suite.SSPerformanceBenchmarks.benchmarkSXSSFPerformance

# Run progress: 20.00% complete, ETA 00:46:59
# Fork: N/A, test runs in the host VM
# *** WARNING: Non-forked runs may silently omit JVM options, mess up profilers, disable compiler hints, etc. ***
# *** WARNING: Use non-forked runs only for debugging purposes, not for actual performance runs. ***
Iteration   1: <failure>

java.io.IOException: Log-Tail: [> Task :poi-ooxml:compileJava UP-TO-DATE, > Task :poi-ooxml:compileJava9 UP-TO-DATE, > Task :poi-ooxml:cacheJava9 UP-TO-DATE, > Task :poi-ooxml:classes UP-TO-DATE, > Task :poi-ooxml:jar UP-TO-DATE, > Task :poi-excelant:compileJava UP-TO-DATE, > Task :poi-excelant:compileJava9 UP-TO-DATE, > Task :poi-examples:compileJava UP-TO-DATE, > Task :poi-excelant:cacheJava9 UP-TO-DATE, > Task :poi-excelant:classes UP-TO-DATE, > Task :poi-examples:compileJava9 UP-TO-DATE, > Task :poi-examples:cacheJava9 UP-TO-DATE, > Task :poi-examples:classes UP-TO-DATE, > Task :poi-excelant:jar UP-TO-DATE, > Task :poi-excelant:javadoc UP-TO-DATE, > Task :poi-ooxml:compileTestJava UP-TO-DATE, > Task :poi-excelant:javadocJar UP-TO-DATE, > Task :poi-excelant:assemble UP-TO-DATE, > Task :poi-examples:jar UP-TO-DATE, > Task :poi-excelant:forbiddenApisMain UP-TO-DATE, > Task :poi-ooxml:compileTest9 UP-TO-DATE, > Task :poi-excelant:spotbugsMain UP-TO-DATE, > Task :poi-ooxml:cacheTest9 UP-TO-DATE, > Task :poi-ooxml:testClasses UP-TO-DATE, > Task :poi-ooxml:testJar UP-TO-DATE, > Task :poi-integration:compileTestJava UP-TO-DATE, > Task :poi-ooxml:javadoc UP-TO-DATE, > Task :poi-integration:compileTest9 UP-TO-DATE, > Task :poi-integration:cacheTest9 UP-TO-DATE, > Task :poi-integration:testClasses UP-TO-DATE, > Task :poi-ooxml:javadocJar UP-TO-DATE, > Task :poi-ooxml:assemble UP-TO-DATE, > Task :poi-integration:testJar UP-TO-DATE, > Task :poi-ooxml:forbiddenApisMain UP-TO-DATE, > Task :poi-integration:forbiddenApisTest UP-TO-DATE, > Task :poi-integration:forbiddenApis UP-TO-DATE, > Task :poi-ooxml:forbiddenApisTest UP-TO-DATE, > Task :poi-ooxml:forbiddenApis UP-TO-DATE, > Task :poi-excelant:compileTestJava UP-TO-DATE, > Task :poi-excelant:compileTest9 UP-TO-DATE, > Task :poi-excelant:cacheTest9 UP-TO-DATE, > Task :poi-excelant:testClasses UP-TO-DATE, > Task :poi-integration:spotbugsTest UP-TO-DATE, > Task :poi-excelant:forbiddenApisTest UP-TO-DATE, > Task :poi-excelant:forbiddenApis UP-TO-DATE, > Task :poi-excelant:spotbugsTest UP-TO-DATE, > Task :poi-excelant:testJar UP-TO-DATE, > Task :poi-excelant:test UP-TO-DATE, > Task :poi-excelant:check UP-TO-DATE, > Task :poi-excelant:build UP-TO-DATE, > Task :poi-ooxml:test UP-TO-DATE, > Task :poi-integration:test, SLF4J: Failed to load class "org.slf4j.impl.StaticLoggerBinder"., SLF4J: Defaulting to no-operation (NOP) logger implementation, SLF4J: See http://www.slf4j.org/codes.html#StaticLoggerBinder for further details., > Task :poi-ooxml:spotbugsMain, > Task :poi-ooxml:spotbugsTest, > Task :poi-ooxml:spotbugsMain FAILED, > Task :poi-ooxml:spotbugsTest FAILED, FAILURE: Build completed with 3 failures., 1: Task failed with an exception., -----------, * What went wrong:, Execution failed for task ':poi-ooxml:spotbugsMain'., > A failure occurred while executing com.github.spotbugs.snom.internal.SpotBugsRunnerForWorker$SpotBugsExecutor,    > Failed to run Gradle Worker Daemon,       > Process 'Gradle Worker Daemon 13' finished with non-zero exit value 137, * Try:, > Run with --stacktrace option to get the stack trace., > Run with --info or --debug option to get more log output., > Run with --scan to get full insights., ==============================================================================, 2: Task failed with an exception., -----------, * What went wrong:, Execution failed for task ':poi-ooxml:spotbugsTest'., > A failure occurred while executing com.github.spotbugs.snom.internal.SpotBugsRunnerForWorker$SpotBugsExecutor,    > Failed to run Gradle Worker Daemon,       > Process 'Gradle Worker Daemon 14' finished with non-zero exit value 137, * Try:, > Run with --stacktrace option to get the stack trace., > Run with --info or --debug option to get more log output., > Run with --scan to get full insights., ==============================================================================, 3: Task failed with an exception., -----------, * What went wrong:, Execution failed for task ':poi-integration:test'., > Process 'Gradle Test Executor 12' finished with non-zero exit value 137,   This problem might be caused by incorrect test process configuration.,   Please refer to the test execution section in the User Manual at https://docs.gradle.org/7.3/userguide/java_testing.html#sec:test_execution, * Try:, > Run with --stacktrace option to get the stack trace., > Run with --info or --debug option to get more log output., > Run with --scan to get full insights., ==============================================================================, * Get more help at https://help.gradle.org, BUILD FAILED in 1m 24s, > Task :poi-integration:test FAILED, 81 actionable tasks: 3 executed, 78 up-to-date]
	at org.apache.poi.benchmark.suite.BaseBenchmark.runGradleTarget(BaseBenchmark.java:198)
	at org.apache.poi.benchmark.suite.BaseBenchmark.compileAll(BaseBenchmark.java:150)
	at org.apache.poi.benchmark.suite.SSPerformanceBenchmarks.setUp(SSPerformanceBenchmarks.java:12)
	at org.apache.poi.benchmark.suite.jmh_generated.SSPerformanceBenchmarks_benchmarkSXSSFPerformance_jmhTest._jmh_tryInit_f_ssperformancebenchmarks0_0(SSPerformanceBenchmarks_benchmarkSXSSFPerformance_jmhTest.java:335)
	at org.apache.poi.benchmark.suite.jmh_generated.SSPerformanceBenchmarks_benchmarkSXSSFPerformance_jmhTest.benchmarkSXSSFPerformance_SingleShotTime(SSPerformanceBenchmarks_benchmarkSXSSFPerformance_jmhTest.java:291)
	at java.base/jdk.internal.reflect.NativeMethodAccessorImpl.invoke0(Native Method)
	at java.base/jdk.internal.reflect.NativeMethodAccessorImpl.invoke(NativeMethodAccessorImpl.java:62)
	at java.base/jdk.internal.reflect.DelegatingMethodAccessorImpl.invoke(DelegatingMethodAccessorImpl.java:43)
	at java.base/java.lang.reflect.Method.invoke(Method.java:566)
	at org.openjdk.jmh.runner.BenchmarkHandler$BenchmarkTask.call(BenchmarkHandler.java:475)
	at org.openjdk.jmh.runner.BenchmarkHandler$BenchmarkTask.call(BenchmarkHandler.java:458)
	at java.base/java.util.concurrent.FutureTask.run(FutureTask.java:264)
	at java.base/java.util.concurrent.Executors$RunnableAdapter.call(Executors.java:515)
	at java.base/java.util.concurrent.FutureTask.run(FutureTask.java:264)
	at java.base/java.util.concurrent.ThreadPoolExecutor.runWorker(ThreadPoolExecutor.java:1128)
	at java.base/java.util.concurrent.ThreadPoolExecutor$Worker.run(ThreadPoolExecutor.java:628)
	at java.base/java.lang.Thread.run(Thread.java:829)
Caused by: org.apache.commons.exec.ExecuteException: While executing (sources); [bash, ./gradlew, compileJava] (Exit value: 1. Caused by org.apache.commons.exec.ExecuteException: Process exited with an error: 1 (Exit value: 1))
	at org.dstadler.commons.exec.ExecutionHelper.execute(ExecutionHelper.java:153)
	at org.dstadler.commons.exec.ExecutionHelper.getCommandResultIntoStream(ExecutionHelper.java:127)
	at org.apache.poi.benchmark.suite.BaseBenchmark.runGradleTarget(BaseBenchmark.java:194)
	... 16 more
Caused by: org.apache.commons.exec.ExecuteException: Process exited with an error: 1 (Exit value: 1)
	at org.apache.commons.exec.DefaultExecutor.executeInternal(DefaultExecutor.java:404)
	at org.apache.commons.exec.DefaultExecutor.execute(DefaultExecutor.java:166)
	at org.dstadler.commons.exec.ExecutionHelper.execute(ExecutionHelper.java:148)
	... 18 more


# JMH version: 1.33
# VM version: JDK 11.0.11, OpenJDK 64-Bit Server VM, 11.0.11+9-Ubuntu-0ubuntu2.20.04
# VM invoker: /usr/lib/jvm/java-11-openjdk-amd64/bin/java
# VM options: -Xmx8m -agentpath:/opt/dynatrace/oneagent/agent/bin/1.231.159.20211126-105013/linux-x86-64/liboneagentloader.so=loglevelcon=none,datastorage=/var/lib/dynatrace/oneagent/datastorage,logdir=/var/log/dynatrace/oneagent
# Blackhole mode: full + dont-inline hint (default, use -Djmh.blackhole.autoDetect=true to auto-detect)
# Warmup: <none>
# Measurement: 1 iterations, single-shot each
# Timeout: 10 min per iteration
# Threads: 1 thread
# Benchmark mode: Single shot invocation time
# Benchmark: org.apache.poi.benchmark.suite.SSPerformanceBenchmarks.benchmarkXSSFPerformance

# Run progress: 30.00% complete, ETA 00:30:55
# Fork: N/A, test runs in the host VM
# *** WARNING: Non-forked runs may silently omit JVM options, mess up profilers, disable compiler hints, etc. ***
# *** WARNING: Use non-forked runs only for debugging purposes, not for actual performance runs. ***
Iteration   1: <failure>

java.io.IOException: Log-Tail: [> Task :poi-scratchpad:jar UP-TO-DATE, > Task :poi-ooxml:compileJava UP-TO-DATE, > Task :poi:compileTest9 UP-TO-DATE, > Task :poi:cacheTest9 UP-TO-DATE, > Task :poi:processTestResources UP-TO-DATE, > Task :poi:testClasses UP-TO-DATE, > Task :poi-ooxml:compileJava9 UP-TO-DATE, > Task :poi:testJar UP-TO-DATE, > Task :poi-ooxml:cacheJava9 UP-TO-DATE, > Task :poi-ooxml:classes UP-TO-DATE, > Task :poi-scratchpad:compileTestJava UP-TO-DATE, > Task :poi-scratchpad:compileTest9 UP-TO-DATE, > Task :poi-scratchpad:cacheTest9 UP-TO-DATE, > Task :poi-scratchpad:testClasses UP-TO-DATE, > Task :poi-ooxml:jar UP-TO-DATE, > Task :poi-scratchpad:testJar UP-TO-DATE, > Task :poi-examples:compileJava UP-TO-DATE, > Task :poi-examples:compileJava9 UP-TO-DATE, > Task :poi-examples:cacheJava9 UP-TO-DATE, > Task :poi-examples:classes UP-TO-DATE, > Task :poi-excelant:compileJava UP-TO-DATE, > Task :poi-excelant:compileJava9 UP-TO-DATE, > Task :poi-excelant:cacheJava9 UP-TO-DATE, > Task :poi-excelant:classes UP-TO-DATE, > Task :poi-examples:jar UP-TO-DATE, > Task :poi-excelant:jar UP-TO-DATE, > Task :poi-excelant:javadoc UP-TO-DATE, > Task :poi-excelant:javadocJar UP-TO-DATE, > Task :poi-excelant:assemble UP-TO-DATE, > Task :poi-ooxml:compileTestJava UP-TO-DATE, > Task :poi-ooxml:compileTest9 UP-TO-DATE, > Task :poi-excelant:forbiddenApisMain UP-TO-DATE, > Task :poi-ooxml:cacheTest9 UP-TO-DATE, > Task :poi-ooxml:testClasses UP-TO-DATE, > Task :poi-ooxml:testJar UP-TO-DATE, > Task :poi-excelant:spotbugsMain UP-TO-DATE, > Task :poi-excelant:compileTestJava UP-TO-DATE, > Task :poi-integration:compileTestJava UP-TO-DATE, > Task :poi-integration:compileTest9 UP-TO-DATE, > Task :poi-excelant:compileTest9 UP-TO-DATE, > Task :poi-integration:cacheTest9 UP-TO-DATE, > Task :poi-integration:testClasses UP-TO-DATE, > Task :poi-ooxml:javadoc UP-TO-DATE, > Task :poi-integration:testJar UP-TO-DATE, > Task :poi-excelant:cacheTest9 UP-TO-DATE, > Task :poi-excelant:testClasses UP-TO-DATE, > Task :poi-integration:forbiddenApisTest UP-TO-DATE, > Task :poi-ooxml:javadocJar UP-TO-DATE, > Task :poi-integration:forbiddenApis UP-TO-DATE, > Task :poi-ooxml:assemble UP-TO-DATE, > Task :poi-excelant:forbiddenApisTest UP-TO-DATE, > Task :poi-excelant:forbiddenApis UP-TO-DATE, > Task :poi-excelant:spotbugsTest UP-TO-DATE, > Task :poi-excelant:testJar UP-TO-DATE, > Task :poi-ooxml:forbiddenApisMain UP-TO-DATE, > Task :poi-excelant:test UP-TO-DATE, > Task :poi-excelant:check UP-TO-DATE, > Task :poi-excelant:build UP-TO-DATE, > Task :poi-integration:spotbugsTest UP-TO-DATE, > Task :poi-ooxml:forbiddenApisTest UP-TO-DATE, > Task :poi-ooxml:forbiddenApis UP-TO-DATE, > Task :poi-ooxml:test UP-TO-DATE, > Task :poi-integration:test, SLF4J: Failed to load class "org.slf4j.impl.StaticLoggerBinder"., SLF4J: Defaulting to no-operation (NOP) logger implementation, SLF4J: See http://www.slf4j.org/codes.html#StaticLoggerBinder for further details., > Task :poi-ooxml:spotbugsMain, > Task :poi-ooxml:spotbugsTest, > Task :poi-ooxml:spotbugsMain FAILED, > Task :poi-integration:test FAILED, FAILURE: Build completed with 2 failures., 1: Task failed with an exception., -----------, * What went wrong:, Execution failed for task ':poi-ooxml:spotbugsMain'., > A failure occurred while executing com.github.spotbugs.snom.internal.SpotBugsRunnerForWorker$SpotBugsExecutor,    > Failed to run Gradle Worker Daemon,       > Process 'Gradle Worker Daemon 16' finished with non-zero exit value 137, * Try:, > Run with --stacktrace option to get the stack trace., > Run with --info or --debug option to get more log output., > Run with --scan to get full insights., ==============================================================================, 2: Task failed with an exception., -----------, * What went wrong:, Execution failed for task ':poi-integration:test'., > Process 'Gradle Test Executor 15' finished with non-zero exit value 137,   This problem might be caused by incorrect test process configuration.,   Please refer to the test execution section in the User Manual at https://docs.gradle.org/7.3/userguide/java_testing.html#sec:test_execution, * Try:, > Run with --stacktrace option to get the stack trace., > Run with --info or --debug option to get more log output., > Run with --scan to get full insights., ==============================================================================, * Get more help at https://help.gradle.org, BUILD FAILED in 1m 44s, > Task :poi-ooxml:spotbugsTest, 90 SpotBugs violations were found.See the report at: file:///opt/poi-benchmark/sources/poi-ooxml/build/reports/spotbugs/test.xml, 81 actionable tasks: 3 executed, 78 up-to-date]
	at org.apache.poi.benchmark.suite.BaseBenchmark.runGradleTarget(BaseBenchmark.java:198)
	at org.apache.poi.benchmark.suite.BaseBenchmark.compileAll(BaseBenchmark.java:150)
	at org.apache.poi.benchmark.suite.SSPerformanceBenchmarks.setUp(SSPerformanceBenchmarks.java:12)
	at org.apache.poi.benchmark.suite.jmh_generated.SSPerformanceBenchmarks_benchmarkXSSFPerformance_jmhTest._jmh_tryInit_f_ssperformancebenchmarks0_0(SSPerformanceBenchmarks_benchmarkXSSFPerformance_jmhTest.java:335)
	at org.apache.poi.benchmark.suite.jmh_generated.SSPerformanceBenchmarks_benchmarkXSSFPerformance_jmhTest.benchmarkXSSFPerformance_SingleShotTime(SSPerformanceBenchmarks_benchmarkXSSFPerformance_jmhTest.java:291)
	at java.base/jdk.internal.reflect.NativeMethodAccessorImpl.invoke0(Native Method)
	at java.base/jdk.internal.reflect.NativeMethodAccessorImpl.invoke(NativeMethodAccessorImpl.java:62)
	at java.base/jdk.internal.reflect.DelegatingMethodAccessorImpl.invoke(DelegatingMethodAccessorImpl.java:43)
	at java.base/java.lang.reflect.Method.invoke(Method.java:566)
	at org.openjdk.jmh.runner.BenchmarkHandler$BenchmarkTask.call(BenchmarkHandler.java:475)
	at org.openjdk.jmh.runner.BenchmarkHandler$BenchmarkTask.call(BenchmarkHandler.java:458)
	at java.base/java.util.concurrent.FutureTask.run(FutureTask.java:264)
	at java.base/java.util.concurrent.Executors$RunnableAdapter.call(Executors.java:515)
	at java.base/java.util.concurrent.FutureTask.run(FutureTask.java:264)
	at java.base/java.util.concurrent.ThreadPoolExecutor.runWorker(ThreadPoolExecutor.java:1128)
	at java.base/java.util.concurrent.ThreadPoolExecutor$Worker.run(ThreadPoolExecutor.java:628)
	at java.base/java.lang.Thread.run(Thread.java:829)
Caused by: org.apache.commons.exec.ExecuteException: While executing (sources); [bash, ./gradlew, compileJava] (Exit value: 1. Caused by org.apache.commons.exec.ExecuteException: Process exited with an error: 1 (Exit value: 1))
	at org.dstadler.commons.exec.ExecutionHelper.execute(ExecutionHelper.java:153)
	at org.dstadler.commons.exec.ExecutionHelper.getCommandResultIntoStream(ExecutionHelper.java:127)
	at org.apache.poi.benchmark.suite.BaseBenchmark.runGradleTarget(BaseBenchmark.java:194)
	... 16 more
Caused by: org.apache.commons.exec.ExecuteException: Process exited with an error: 1 (Exit value: 1)
	at org.apache.commons.exec.DefaultExecutor.executeInternal(DefaultExecutor.java:404)
	at org.apache.commons.exec.DefaultExecutor.execute(DefaultExecutor.java:166)
	at org.dstadler.commons.exec.ExecutionHelper.execute(ExecutionHelper.java:148)
	... 18 more


# JMH version: 1.33
# VM version: JDK 11.0.11, OpenJDK 64-Bit Server VM, 11.0.11+9-Ubuntu-0ubuntu2.20.04
# VM invoker: /usr/lib/jvm/java-11-openjdk-amd64/bin/java
# VM options: -Xmx8m -agentpath:/opt/dynatrace/oneagent/agent/bin/1.231.159.20211126-105013/linux-x86-64/liboneagentloader.so=loglevelcon=none,datastorage=/var/lib/dynatrace/oneagent/datastorage,logdir=/var/log/dynatrace/oneagent
# Blackhole mode: full + dont-inline hint (default, use -Djmh.blackhole.autoDetect=true to auto-detect)
# Warmup: <none>
# Measurement: 1 iterations, single-shot each
# Timeout: 10 min per iteration
# Threads: 1 thread
# Benchmark mode: Single shot invocation time
# Benchmark: org.apache.poi.benchmark.suite.TestBenchmarks.benchmarkTestExcelant

# Run progress: 40.00% complete, ETA 00:22:37
# Fork: N/A, test runs in the host VM
# *** WARNING: Non-forked runs may silently omit JVM options, mess up profilers, disable compiler hints, etc. ***
# *** WARNING: Use non-forked runs only for debugging purposes, not for actual performance runs. ***
Iteration   1: <failure>

java.io.IOException: Log-Tail: [> Task :poi-integration:spotbugsMain NO-SOURCE, > Task :poi-ooxml:sourcesJar UP-TO-DATE, > Task :poi-ooxml-full:sourceJar UP-TO-DATE, > Task :poi:cacheTest9 UP-TO-DATE, > Task :poi:processTestResources UP-TO-DATE, > Task :poi:testClasses UP-TO-DATE, > Task :poi:testJar UP-TO-DATE, > Task :poi-ooxml-full:jar UP-TO-DATE, > Task :poi-scratchpad:compileTestJava UP-TO-DATE, > Task :poi-scratchpad:compileTest9 UP-TO-DATE, > Task :poi-scratchpad:cacheTest9 UP-TO-DATE, > Task :poi-scratchpad:testClasses UP-TO-DATE, > Task :poi-scratchpad:testJar UP-TO-DATE, > Task :poi-ooxml:compileJava UP-TO-DATE, > Task :poi-ooxml:compileJava9 UP-TO-DATE, > Task :poi-ooxml:cacheJava9 UP-TO-DATE, > Task :poi-ooxml:classes UP-TO-DATE, > Task :poi-ooxml:jar UP-TO-DATE, > Task :poi-examples:compileJava UP-TO-DATE, > Task :poi-excelant:compileJava UP-TO-DATE, > Task :poi-excelant:compileJava9 UP-TO-DATE, > Task :poi-examples:compileJava9 UP-TO-DATE, > Task :poi-excelant:cacheJava9 UP-TO-DATE, > Task :poi-excelant:classes UP-TO-DATE, > Task :poi-ooxml:compileTestJava UP-TO-DATE, > Task :poi-examples:cacheJava9 UP-TO-DATE, > Task :poi-examples:classes UP-TO-DATE, > Task :poi-ooxml:compileTest9 UP-TO-DATE, > Task :poi-excelant:jar UP-TO-DATE, > Task :poi-examples:jar UP-TO-DATE, > Task :poi-ooxml:cacheTest9 UP-TO-DATE, > Task :poi-ooxml:testClasses UP-TO-DATE, > Task :poi-excelant:javadoc UP-TO-DATE, > Task :poi-excelant:javadocJar UP-TO-DATE, > Task :poi-excelant:assemble UP-TO-DATE, > Task :poi-ooxml:testJar UP-TO-DATE, > Task :poi-integration:compileTestJava UP-TO-DATE, > Task :poi-integration:compileTest9 UP-TO-DATE, > Task :poi-integration:cacheTest9 UP-TO-DATE, > Task :poi-integration:testClasses UP-TO-DATE, > Task :poi-ooxml:javadoc UP-TO-DATE, > Task :poi-integration:testJar UP-TO-DATE, > Task :poi-excelant:forbiddenApisMain UP-TO-DATE, > Task :poi-ooxml:javadocJar UP-TO-DATE, > Task :poi-ooxml:assemble UP-TO-DATE, > Task :poi-integration:forbiddenApisTest UP-TO-DATE, > Task :poi-integration:forbiddenApis UP-TO-DATE, > Task :poi-integration:spotbugsTest UP-TO-DATE, > Task :poi-excelant:compileTestJava UP-TO-DATE, > Task :poi-excelant:compileTest9 UP-TO-DATE, > Task :poi-excelant:cacheTest9 UP-TO-DATE, > Task :poi-excelant:testClasses UP-TO-DATE, > Task :poi-excelant:forbiddenApisTest UP-TO-DATE, > Task :poi-excelant:forbiddenApis UP-TO-DATE, > Task :poi-ooxml:forbiddenApisMain UP-TO-DATE, > Task :poi-excelant:spotbugsMain UP-TO-DATE, > Task :poi-excelant:spotbugsTest UP-TO-DATE, > Task :poi-excelant:testJar UP-TO-DATE, > Task :poi-ooxml:forbiddenApisTest UP-TO-DATE, > Task :poi-ooxml:forbiddenApis UP-TO-DATE, > Task :poi-excelant:test UP-TO-DATE, > Task :poi-excelant:check UP-TO-DATE, > Task :poi-excelant:build UP-TO-DATE, > Task :poi-ooxml:spotbugsTest UP-TO-DATE, > Task :poi-ooxml:test UP-TO-DATE, > Task :poi-integration:test, SLF4J: Failed to load class "org.slf4j.impl.StaticLoggerBinder"., SLF4J: Defaulting to no-operation (NOP) logger implementation, SLF4J: See http://www.slf4j.org/codes.html#StaticLoggerBinder for further details., > Task :poi-ooxml:spotbugsMain, > Task :poi-ooxml:spotbugsMain FAILED, FAILURE: Build completed with 2 failures., 1: Task failed with an exception., -----------, * What went wrong:, Execution failed for task ':poi-ooxml:spotbugsMain'., > A failure occurred while executing com.github.spotbugs.snom.internal.SpotBugsRunnerForWorker$SpotBugsExecutor,    > Failed to run Gradle Worker Daemon,       > Process 'Gradle Worker Daemon 17' finished with non-zero exit value 137, * Try:, > Run with --stacktrace option to get the stack trace., > Run with --info or --debug option to get more log output., > Run with --scan to get full insights., ==============================================================================, 2: Task failed with an exception., -----------, * What went wrong:, Execution failed for task ':poi-integration:test'., > Process 'Gradle Test Executor 18' finished with non-zero exit value 137,   This problem might be caused by incorrect test process configuration.,   Please refer to the test execution section in the User Manual at https://docs.gradle.org/7.3/userguide/java_testing.html#sec:test_execution, * Try:, > Run with --stacktrace option to get the stack trace., > Run with --info or --debug option to get more log output., > Run with --scan to get full insights., ==============================================================================, * Get more help at https://help.gradle.org, BUILD FAILED in 1m 7s, > Task :poi-integration:test FAILED, 81 actionable tasks: 2 executed, 79 up-to-date]
	at org.apache.poi.benchmark.suite.BaseBenchmark.runGradleTarget(BaseBenchmark.java:198)
	at org.apache.poi.benchmark.suite.BaseBenchmark.compileAll(BaseBenchmark.java:150)
	at org.apache.poi.benchmark.suite.TestBenchmarks.setUp(TestBenchmarks.java:13)
	at org.apache.poi.benchmark.suite.jmh_generated.TestBenchmarks_benchmarkTestExcelant_jmhTest._jmh_tryInit_f_testbenchmarks0_0(TestBenchmarks_benchmarkTestExcelant_jmhTest.java:335)
	at org.apache.poi.benchmark.suite.jmh_generated.TestBenchmarks_benchmarkTestExcelant_jmhTest.benchmarkTestExcelant_SingleShotTime(TestBenchmarks_benchmarkTestExcelant_jmhTest.java:291)
	at java.base/jdk.internal.reflect.NativeMethodAccessorImpl.invoke0(Native Method)
	at java.base/jdk.internal.reflect.NativeMethodAccessorImpl.invoke(NativeMethodAccessorImpl.java:62)
	at java.base/jdk.internal.reflect.DelegatingMethodAccessorImpl.invoke(DelegatingMethodAccessorImpl.java:43)
	at java.base/java.lang.reflect.Method.invoke(Method.java:566)
	at org.openjdk.jmh.runner.BenchmarkHandler$BenchmarkTask.call(BenchmarkHandler.java:475)
	at org.openjdk.jmh.runner.BenchmarkHandler$BenchmarkTask.call(BenchmarkHandler.java:458)
	at java.base/java.util.concurrent.FutureTask.run(FutureTask.java:264)
	at java.base/java.util.concurrent.Executors$RunnableAdapter.call(Executors.java:515)
	at java.base/java.util.concurrent.FutureTask.run(FutureTask.java:264)
	at java.base/java.util.concurrent.ThreadPoolExecutor.runWorker(ThreadPoolExecutor.java:1128)
	at java.base/java.util.concurrent.ThreadPoolExecutor$Worker.run(ThreadPoolExecutor.java:628)
	at java.base/java.lang.Thread.run(Thread.java:829)
Caused by: org.apache.commons.exec.ExecuteException: While executing (sources); [bash, ./gradlew, compileJava] (Exit value: 1. Caused by org.apache.commons.exec.ExecuteException: Process exited with an error: 1 (Exit value: 1))
	at org.dstadler.commons.exec.ExecutionHelper.execute(ExecutionHelper.java:153)
	at org.dstadler.commons.exec.ExecutionHelper.getCommandResultIntoStream(ExecutionHelper.java:127)
	at org.apache.poi.benchmark.suite.BaseBenchmark.runGradleTarget(BaseBenchmark.java:194)
	... 16 more
Caused by: org.apache.commons.exec.ExecuteException: Process exited with an error: 1 (Exit value: 1)
	at org.apache.commons.exec.DefaultExecutor.executeInternal(DefaultExecutor.java:404)
	at org.apache.commons.exec.DefaultExecutor.execute(DefaultExecutor.java:166)
	at org.dstadler.commons.exec.ExecutionHelper.execute(ExecutionHelper.java:148)
	... 18 more


# JMH version: 1.33
# VM version: JDK 11.0.11, OpenJDK 64-Bit Server VM, 11.0.11+9-Ubuntu-0ubuntu2.20.04
# VM invoker: /usr/lib/jvm/java-11-openjdk-amd64/bin/java
# VM options: -Xmx8m -agentpath:/opt/dynatrace/oneagent/agent/bin/1.231.159.20211126-105013/linux-x86-64/liboneagentloader.so=loglevelcon=none,datastorage=/var/lib/dynatrace/oneagent/datastorage,logdir=/var/log/dynatrace/oneagent
# Blackhole mode: full + dont-inline hint (default, use -Djmh.blackhole.autoDetect=true to auto-detect)
# Warmup: <none>
# Measurement: 1 iterations, single-shot each
# Timeout: 3 hr per iteration
# Threads: 1 thread
# Benchmark mode: Single shot invocation time
# Benchmark: org.apache.poi.benchmark.suite.TestBenchmarks.benchmarkTestIntegration

# Run progress: 50.00% complete, ETA 00:16:17
# Fork: N/A, test runs in the host VM
# *** WARNING: Non-forked runs may silently omit JVM options, mess up profilers, disable compiler hints, etc. ***
# *** WARNING: Use non-forked runs only for debugging purposes, not for actual performance runs. ***
Iteration   1: <failure>

java.io.IOException: Log-Tail: [> Task :poi:compileJava9 UP-TO-DATE, > Task :poi-ooxml-full:compileJava9 UP-TO-DATE, > Task :poi:cacheJava9 UP-TO-DATE, > Task :poi:processResources UP-TO-DATE, > Task :poi:classes UP-TO-DATE, > Task :poi-ooxml-full:cacheJava9 UP-TO-DATE, > Task :poi-ooxml-full:processResources NO-SOURCE, > Task :poi-ooxml-full:classes UP-TO-DATE, > Task :poi:jar UP-TO-DATE, > Task :poi-scratchpad:compileJava UP-TO-DATE, > Task :poi-scratchpad:compileJava9 UP-TO-DATE, > Task :poi-scratchpad:cacheJava9 UP-TO-DATE, > Task :poi-scratchpad:classes UP-TO-DATE, > Task :poi:compileTestJava UP-TO-DATE, > Task :poi-ooxml-full:sourceJar UP-TO-DATE, > Task :poi:compileTest9 UP-TO-DATE, > Task :poi:cacheTest9 UP-TO-DATE, > Task :poi:processTestResources UP-TO-DATE, > Task :poi:testClasses UP-TO-DATE, > Task :poi-scratchpad:jar UP-TO-DATE, > Task :poi:testJar UP-TO-DATE, > Task :poi-ooxml-full:jar UP-TO-DATE, > Task :poi-scratchpad:compileTestJava UP-TO-DATE, > Task :poi-scratchpad:compileTest9 UP-TO-DATE, > Task :poi-scratchpad:cacheTest9 UP-TO-DATE, > Task :poi-scratchpad:testClasses UP-TO-DATE, > Task :poi-ooxml:compileJava UP-TO-DATE, > Task :poi-ooxml:compileJava9 UP-TO-DATE, > Task :poi-ooxml:cacheJava9 UP-TO-DATE, > Task :poi-ooxml:classes UP-TO-DATE, > Task :poi-scratchpad:testJar UP-TO-DATE, > Task :poi-ooxml:jar UP-TO-DATE, > Task :poi-excelant:compileJava UP-TO-DATE, > Task :poi-excelant:compileJava9 UP-TO-DATE, > Task :poi-excelant:cacheJava9 UP-TO-DATE, > Task :poi-excelant:classes UP-TO-DATE, > Task :poi-excelant:jar UP-TO-DATE, > Task :poi-ooxml:compileTestJava UP-TO-DATE, > Task :poi-excelant:javadoc UP-TO-DATE, > Task :poi-ooxml:compileTest9 UP-TO-DATE, > Task :poi-excelant:javadocJar UP-TO-DATE, > Task :poi-excelant:assemble UP-TO-DATE, > Task :poi-examples:compileJava UP-TO-DATE, > Task :poi-excelant:forbiddenApisMain UP-TO-DATE, > Task :poi-examples:compileJava9 UP-TO-DATE, > Task :poi-examples:cacheJava9 UP-TO-DATE, > Task :poi-examples:classes UP-TO-DATE, > Task :poi-ooxml:cacheTest9 UP-TO-DATE, > Task :poi-ooxml:testClasses UP-TO-DATE, > Task :poi-examples:jar UP-TO-DATE, > Task :poi-ooxml:testJar UP-TO-DATE, > Task :poi-ooxml:javadoc UP-TO-DATE, > Task :poi-integration:compileTestJava UP-TO-DATE, > Task :poi-integration:compileTest9 UP-TO-DATE, > Task :poi-excelant:spotbugsMain UP-TO-DATE, > Task :poi-integration:cacheTest9 UP-TO-DATE, > Task :poi-integration:testClasses UP-TO-DATE, > Task :poi-ooxml:javadocJar UP-TO-DATE, > Task :poi-ooxml:assemble UP-TO-DATE, > Task :poi-ooxml:forbiddenApisMain UP-TO-DATE, > Task :poi-integration:testJar UP-TO-DATE, > Task :poi-ooxml:forbiddenApisTest UP-TO-DATE, > Task :poi-ooxml:forbiddenApis UP-TO-DATE, > Task :poi-integration:forbiddenApisTest UP-TO-DATE, > Task :poi-integration:forbiddenApis UP-TO-DATE, > Task :poi-excelant:compileTestJava UP-TO-DATE, > Task :poi-excelant:compileTest9 UP-TO-DATE, > Task :poi-excelant:cacheTest9 UP-TO-DATE, > Task :poi-excelant:testClasses UP-TO-DATE, > Task :poi-integration:spotbugsTest UP-TO-DATE, > Task :poi-excelant:forbiddenApisTest UP-TO-DATE, > Task :poi-excelant:forbiddenApis UP-TO-DATE, > Task :poi-excelant:spotbugsTest UP-TO-DATE, > Task :poi-excelant:testJar UP-TO-DATE, > Task :poi-excelant:test UP-TO-DATE, > Task :poi-excelant:check UP-TO-DATE, > Task :poi-excelant:build UP-TO-DATE, > Task :poi-ooxml:spotbugsTest UP-TO-DATE, > Task :poi-ooxml:test UP-TO-DATE, > Task :poi-integration:test, SLF4J: Failed to load class "org.slf4j.impl.StaticLoggerBinder"., SLF4J: Defaulting to no-operation (NOP) logger implementation, SLF4J: See http://www.slf4j.org/codes.html#StaticLoggerBinder for further details., > Task :poi-ooxml:spotbugsMain, > Task :poi-integration:test FAILED, > Task :poi-ooxml:spotbugsMain, 572 SpotBugs violations were found.See the report at: file:///opt/poi-benchmark/sources/poi-ooxml/build/reports/spotbugs/main.xml, FAILURE: Build failed with an exception., * What went wrong:, Execution failed for task ':poi-integration:test'., > Process 'Gradle Test Executor 19' finished with non-zero exit value 137,   This problem might be caused by incorrect test process configuration.,   Please refer to the test execution section in the User Manual at https://docs.gradle.org/7.3/userguide/java_testing.html#sec:test_execution, * Try:, > Run with --stacktrace option to get the stack trace., > Run with --info or --debug option to get more log output., > Run with --scan to get full insights., * Get more help at https://help.gradle.org, BUILD FAILED in 1m 29s, 81 actionable tasks: 2 executed, 79 up-to-date]
	at org.apache.poi.benchmark.suite.BaseBenchmark.runGradleTarget(BaseBenchmark.java:198)
	at org.apache.poi.benchmark.suite.BaseBenchmark.compileAll(BaseBenchmark.java:150)
	at org.apache.poi.benchmark.suite.TestBenchmarks.setUp(TestBenchmarks.java:13)
	at org.apache.poi.benchmark.suite.jmh_generated.TestBenchmarks_benchmarkTestIntegration_jmhTest._jmh_tryInit_f_testbenchmarks0_0(TestBenchmarks_benchmarkTestIntegration_jmhTest.java:335)
	at org.apache.poi.benchmark.suite.jmh_generated.TestBenchmarks_benchmarkTestIntegration_jmhTest.benchmarkTestIntegration_SingleShotTime(TestBenchmarks_benchmarkTestIntegration_jmhTest.java:291)
	at java.base/jdk.internal.reflect.NativeMethodAccessorImpl.invoke0(Native Method)
	at java.base/jdk.internal.reflect.NativeMethodAccessorImpl.invoke(NativeMethodAccessorImpl.java:62)
	at java.base/jdk.internal.reflect.DelegatingMethodAccessorImpl.invoke(DelegatingMethodAccessorImpl.java:43)
	at java.base/java.lang.reflect.Method.invoke(Method.java:566)
	at org.openjdk.jmh.runner.BenchmarkHandler$BenchmarkTask.call(BenchmarkHandler.java:475)
	at org.openjdk.jmh.runner.BenchmarkHandler$BenchmarkTask.call(BenchmarkHandler.java:458)
	at java.base/java.util.concurrent.FutureTask.run(FutureTask.java:264)
	at java.base/java.util.concurrent.Executors$RunnableAdapter.call(Executors.java:515)
	at java.base/java.util.concurrent.FutureTask.run(FutureTask.java:264)
	at java.base/java.util.concurrent.ThreadPoolExecutor.runWorker(ThreadPoolExecutor.java:1128)
	at java.base/java.util.concurrent.ThreadPoolExecutor$Worker.run(ThreadPoolExecutor.java:628)
	at java.base/java.lang.Thread.run(Thread.java:829)
Caused by: org.apache.commons.exec.ExecuteException: While executing (sources); [bash, ./gradlew, compileJava] (Exit value: 1. Caused by org.apache.commons.exec.ExecuteException: Process exited with an error: 1 (Exit value: 1))
	at org.dstadler.commons.exec.ExecutionHelper.execute(ExecutionHelper.java:153)
	at org.dstadler.commons.exec.ExecutionHelper.getCommandResultIntoStream(ExecutionHelper.java:127)
	at org.apache.poi.benchmark.suite.BaseBenchmark.runGradleTarget(BaseBenchmark.java:194)
	... 16 more
Caused by: org.apache.commons.exec.ExecuteException: Process exited with an error: 1 (Exit value: 1)
	at org.apache.commons.exec.DefaultExecutor.executeInternal(DefaultExecutor.java:404)
	at org.apache.commons.exec.DefaultExecutor.execute(DefaultExecutor.java:166)
	at org.dstadler.commons.exec.ExecutionHelper.execute(ExecutionHelper.java:148)
	... 18 more


# JMH version: 1.33
# VM version: JDK 11.0.11, OpenJDK 64-Bit Server VM, 11.0.11+9-Ubuntu-0ubuntu2.20.04
# VM invoker: /usr/lib/jvm/java-11-openjdk-amd64/bin/java
# VM options: -Xmx8m -agentpath:/opt/dynatrace/oneagent/agent/bin/1.231.159.20211126-105013/linux-x86-64/liboneagentloader.so=loglevelcon=none,datastorage=/var/lib/dynatrace/oneagent/datastorage,logdir=/var/log/dynatrace/oneagent
# Blackhole mode: full + dont-inline hint (default, use -Djmh.blackhole.autoDetect=true to auto-detect)
# Warmup: <none>
# Measurement: 1 iterations, single-shot each
# Timeout: 10 min per iteration
# Threads: 1 thread
# Benchmark mode: Single shot invocation time
# Benchmark: org.apache.poi.benchmark.suite.TestBenchmarks.benchmarkTestMain

# Run progress: 60.00% complete, ETA 00:11:55
# Fork: N/A, test runs in the host VM
# *** WARNING: Non-forked runs may silently omit JVM options, mess up profilers, disable compiler hints, etc. ***
# *** WARNING: Use non-forked runs only for debugging purposes, not for actual performance runs. ***
Iteration   1: <failure>

java.io.IOException: Log-Tail: [Configuration on demand is an incubating feature., > Configure project :, Trying to override old definition of datatype junit, > Task :poi:generateVersionJava UP-TO-DATE, > Task :poi:compileJava UP-TO-DATE, > Task :poi:compileJava9 UP-TO-DATE, > Task :poi:cacheJava9 UP-TO-DATE, > Task :poi:processResources UP-TO-DATE, > Task :poi:classes UP-TO-DATE, > Task :poi:forbiddenApisMain, > Task :poi:compileTestJava UP-TO-DATE, > Task :poi:compileTest9 UP-TO-DATE, > Task :poi:cacheTest9 UP-TO-DATE, > Task :poi:processTestResources UP-TO-DATE, > Task :poi:testClasses UP-TO-DATE, > Task :poi:forbiddenApisTest, > Task :poi:forbiddenApis, > Task :poi:testJar UP-TO-DATE, WARNING: Unknown module: org.junit.platform.commons specified to --add-exports, WARNING: Unknown module: org.junit.platform.commons specified to --add-exports, > Task :poi:test, > Task :poi:spotbugsMain, > Task :poi:spotbugsTest, > Task :poi:spotbugsMain FAILED, > Task :poi:test FAILED, > Task :poi:spotbugsTest, 447 SpotBugs violations were found.See the report at: file:///opt/poi-benchmark/sources/poi/build/reports/spotbugs/test.xml, 15 actionable tasks: 5 executed, 10 up-to-date, FAILURE: Build completed with 2 failures., 1: Task failed with an exception., -----------, * What went wrong:, Execution failed for task ':poi:spotbugsMain'., > A failure occurred while executing com.github.spotbugs.snom.internal.SpotBugsRunnerForWorker$SpotBugsExecutor,    > Failed to run Gradle Worker Daemon,       > Process 'Gradle Worker Daemon 22' finished with non-zero exit value 137, * Try:, > Run with --stacktrace option to get the stack trace., > Run with --info or --debug option to get more log output., > Run with --scan to get full insights., ==============================================================================, 2: Task failed with an exception., -----------, * What went wrong:, Execution failed for task ':poi:test'., > Process 'Gradle Test Executor 24' finished with non-zero exit value 137,   This problem might be caused by incorrect test process configuration.,   Please refer to the test execution section in the User Manual at https://docs.gradle.org/7.3/userguide/java_testing.html#sec:test_execution, * Try:, > Run with --stacktrace option to get the stack trace., > Run with --info or --debug option to get more log output., > Run with --scan to get full insights., ==============================================================================, * Get more help at https://help.gradle.org, BUILD FAILED in 1m 17s]
	at org.apache.poi.benchmark.suite.BaseBenchmark.runGradleTarget(BaseBenchmark.java:198)
	at org.apache.poi.benchmark.suite.BaseBenchmark.testMain(BaseBenchmark.java:155)
	at org.apache.poi.benchmark.suite.TestBenchmarks.benchmarkTestMain(TestBenchmarks.java:18)
	at org.apache.poi.benchmark.suite.jmh_generated.TestBenchmarks_benchmarkTestMain_jmhTest.benchmarkTestMain_ss_jmhStub(TestBenchmarks_benchmarkTestMain_jmhTest.java:320)
	at org.apache.poi.benchmark.suite.jmh_generated.TestBenchmarks_benchmarkTestMain_jmhTest.benchmarkTestMain_SingleShotTime(TestBenchmarks_benchmarkTestMain_jmhTest.java:299)
	at java.base/jdk.internal.reflect.NativeMethodAccessorImpl.invoke0(Native Method)
	at java.base/jdk.internal.reflect.NativeMethodAccessorImpl.invoke(NativeMethodAccessorImpl.java:62)
	at java.base/jdk.internal.reflect.DelegatingMethodAccessorImpl.invoke(DelegatingMethodAccessorImpl.java:43)
	at java.base/java.lang.reflect.Method.invoke(Method.java:566)
	at org.openjdk.jmh.runner.BenchmarkHandler$BenchmarkTask.call(BenchmarkHandler.java:475)
	at org.openjdk.jmh.runner.BenchmarkHandler$BenchmarkTask.call(BenchmarkHandler.java:458)
	at java.base/java.util.concurrent.FutureTask.run(FutureTask.java:264)
	at java.base/java.util.concurrent.Executors$RunnableAdapter.call(Executors.java:515)
	at java.base/java.util.concurrent.FutureTask.run(FutureTask.java:264)
	at java.base/java.util.concurrent.ThreadPoolExecutor.runWorker(ThreadPoolExecutor.java:1128)
	at java.base/java.util.concurrent.ThreadPoolExecutor$Worker.run(ThreadPoolExecutor.java:628)
	at java.base/java.lang.Thread.run(Thread.java:829)
Caused by: org.apache.commons.exec.ExecuteException: While executing (sources); [bash, ./gradlew, :poi:check] (Exit value: 1. Caused by org.apache.commons.exec.ExecuteException: Process exited with an error: 1 (Exit value: 1))
	at org.dstadler.commons.exec.ExecutionHelper.execute(ExecutionHelper.java:153)
	at org.dstadler.commons.exec.ExecutionHelper.getCommandResultIntoStream(ExecutionHelper.java:127)
	at org.apache.poi.benchmark.suite.BaseBenchmark.runGradleTarget(BaseBenchmark.java:194)
	... 16 more
Caused by: org.apache.commons.exec.ExecuteException: Process exited with an error: 1 (Exit value: 1)
	at org.apache.commons.exec.DefaultExecutor.executeInternal(DefaultExecutor.java:404)
	at org.apache.commons.exec.DefaultExecutor.execute(DefaultExecutor.java:166)
	at org.dstadler.commons.exec.ExecutionHelper.execute(ExecutionHelper.java:148)
	... 18 more


# JMH version: 1.33
# VM version: JDK 11.0.11, OpenJDK 64-Bit Server VM, 11.0.11+9-Ubuntu-0ubuntu2.20.04
# VM invoker: /usr/lib/jvm/java-11-openjdk-amd64/bin/java
# VM options: -Xmx8m -agentpath:/opt/dynatrace/oneagent/agent/bin/1.231.159.20211126-105013/linux-x86-64/liboneagentloader.so=loglevelcon=none,datastorage=/var/lib/dynatrace/oneagent/datastorage,logdir=/var/log/dynatrace/oneagent
# Blackhole mode: full + dont-inline hint (default, use -Djmh.blackhole.autoDetect=true to auto-detect)
# Warmup: <none>
# Measurement: 1 iterations, single-shot each
# Timeout: 10 min per iteration
# Threads: 1 thread
# Benchmark mode: Single shot invocation time
# Benchmark: org.apache.poi.benchmark.suite.TestBenchmarks.benchmarkTestOOXML

# Run progress: 70.00% complete, ETA 00:11:45
# Fork: N/A, test runs in the host VM
# *** WARNING: Non-forked runs may silently omit JVM options, mess up profilers, disable compiler hints, etc. ***
# *** WARNING: Use non-forked runs only for debugging purposes, not for actual performance runs. ***
Iteration   1: 3191.839 ms/op


# JMH version: 1.33
# VM version: JDK 11.0.11, OpenJDK 64-Bit Server VM, 11.0.11+9-Ubuntu-0ubuntu2.20.04
# VM invoker: /usr/lib/jvm/java-11-openjdk-amd64/bin/java
# VM options: -Xmx8m -agentpath:/opt/dynatrace/oneagent/agent/bin/1.231.159.20211126-105013/linux-x86-64/liboneagentloader.so=loglevelcon=none,datastorage=/var/lib/dynatrace/oneagent/datastorage,logdir=/var/log/dynatrace/oneagent
# Blackhole mode: full + dont-inline hint (default, use -Djmh.blackhole.autoDetect=true to auto-detect)
# Warmup: <none>
# Measurement: 1 iterations, single-shot each
# Timeout: 10 min per iteration
# Threads: 1 thread
# Benchmark mode: Single shot invocation time
# Benchmark: org.apache.poi.benchmark.suite.TestBenchmarks.benchmarkTestOOXMLLite

# Run progress: 80.00% complete, ETA 00:07:21
# Fork: N/A, test runs in the host VM
# *** WARNING: Non-forked runs may silently omit JVM options, mess up profilers, disable compiler hints, etc. ***
# *** WARNING: Use non-forked runs only for debugging purposes, not for actual performance runs. ***
Iteration   1: 54057.312 ms/op


# JMH version: 1.33
# VM version: JDK 11.0.11, OpenJDK 64-Bit Server VM, 11.0.11+9-Ubuntu-0ubuntu2.20.04
# VM invoker: /usr/lib/jvm/java-11-openjdk-amd64/bin/java
# VM options: -Xmx8m -agentpath:/opt/dynatrace/oneagent/agent/bin/1.231.159.20211126-105013/linux-x86-64/liboneagentloader.so=loglevelcon=none,datastorage=/var/lib/dynatrace/oneagent/datastorage,logdir=/var/log/dynatrace/oneagent
# Blackhole mode: full + dont-inline hint (default, use -Djmh.blackhole.autoDetect=true to auto-detect)
# Warmup: <none>
# Measurement: 1 iterations, single-shot each
# Timeout: 10 min per iteration
# Threads: 1 thread
# Benchmark mode: Single shot invocation time
# Benchmark: org.apache.poi.benchmark.suite.TestBenchmarks.benchmarkTestScratchpad

# Run progress: 90.00% complete, ETA 00:03:34
# Fork: N/A, test runs in the host VM
# *** WARNING: Non-forked runs may silently omit JVM options, mess up profilers, disable compiler hints, etc. ***
# *** WARNING: Use non-forked runs only for debugging purposes, not for actual performance runs. ***
Iteration   1: <failure>

java.io.IOException: Log-Tail: [Configuration on demand is an incubating feature., > Configure project :, Trying to override old definition of datatype junit, > Task :poi:generateVersionJava UP-TO-DATE, > Task :poi:compileJava UP-TO-DATE, > Task :poi-scratchpad:processResources UP-TO-DATE, > Task :poi-scratchpad:processTestResources NO-SOURCE, > Task :poi:compileJava9 UP-TO-DATE, > Task :poi:cacheJava9 UP-TO-DATE, > Task :poi:processResources UP-TO-DATE, > Task :poi:classes UP-TO-DATE, > Task :poi:jar UP-TO-DATE, > Task :poi-scratchpad:compileJava UP-TO-DATE, > Task :poi-scratchpad:compileJava9 UP-TO-DATE, > Task :poi-scratchpad:cacheJava9 UP-TO-DATE, > Task :poi-scratchpad:classes UP-TO-DATE, > Task :poi:compileTestJava UP-TO-DATE, > Task :poi:compileTest9 UP-TO-DATE, > Task :poi:cacheTest9 UP-TO-DATE, > Task :poi:processTestResources UP-TO-DATE, > Task :poi:testClasses UP-TO-DATE, > Task :poi:testJar UP-TO-DATE, > Task :poi-scratchpad:forbiddenApisMain, > Task :poi-scratchpad:compileTestJava UP-TO-DATE, > Task :poi-scratchpad:compileTest9 UP-TO-DATE, > Task :poi-scratchpad:cacheTest9 UP-TO-DATE, > Task :poi-scratchpad:testClasses UP-TO-DATE, > Task :poi-scratchpad:forbiddenApisTest, > Task :poi-scratchpad:forbiddenApis, > Task :poi-scratchpad:testJar UP-TO-DATE, > Task :poi-scratchpad:spotbugsMain, > Task :poi-scratchpad:spotbugsTest, > Task :poi-scratchpad:test, > Task :poi-scratchpad:spotbugsTest FAILED, The message received from the daemon indicates that the daemon has disappeared., Build request sent: Build{id=59656647-3cfd-4dd0-b1b1-1c1f3822bb23, currentDir=/opt/poi-benchmark/sources}, Attempting to read last messages from the daemon log..., Daemon pid: 2195336,   log file: /home/preis/.gradle/daemon/7.3/daemon-2195336.out.log, ----- Last  20 lines from daemon log file - daemon-2195336.out.log -----, 2021-11-28T01:35:28.741+0100 [INFO] [org.gradle.launcher.daemon.server.DefaultIncomingConnectionHandler] Received command: Build{id=59656647-3cfd-4dd0-b1b1-1c1f3822bb23, currentDir=/opt/poi-benchmark/sources}., 2021-11-28T01:35:28.741+0100 [DEBUG] [org.gradle.launcher.daemon.server.DefaultIncomingConnectionHandler] Starting executing command: Build{id=59656647-3cfd-4dd0-b1b1-1c1f3822bb23, currentDir=/opt/poi-benchmark/sources} with connection: socket connection from /127.0.0.1:34427 to /127.0.0.1:37448., 2021-11-28T01:35:28.741+0100 [DEBUG] [org.gradle.launcher.daemon.server.DaemonStateCoordinator] Command execution: started DaemonCommandExecution[command = Build{id=59656647-3cfd-4dd0-b1b1-1c1f3822bb23, currentDir=/opt/poi-benchmark/sources}, connection = DefaultDaemonConnection: socket connection from /127.0.0.1:34427 to /127.0.0.1:37448] after 0.0 minutes of idle, 2021-11-28T01:35:28.741+0100 [INFO] [org.gradle.launcher.daemon.server.DaemonRegistryUpdater] Marking the daemon as busy, address: [6684da7a-d893-4072-a29d-e9f05bde11bb port:34427, addresses:[localhost/127.0.0.1]], 2021-11-28T01:35:28.741+0100 [DEBUG] [org.gradle.launcher.daemon.registry.PersistentDaemonRegistry] Marking busy by address: [6684da7a-d893-4072-a29d-e9f05bde11bb port:34427, addresses:[localhost/127.0.0.1]], 2021-11-28T01:35:28.742+0100 [DEBUG] [org.gradle.cache.internal.DefaultFileLockManager] Waiting to acquire exclusive lock on daemon addresses registry., 2021-11-28T01:35:28.742+0100 [DEBUG] [org.gradle.cache.internal.DefaultFileLockManager] Lock acquired on daemon addresses registry., 2021-11-28T01:35:28.742+0100 [DEBUG] [org.gradle.cache.internal.DefaultFileLockManager] Releasing lock on daemon addresses registry., 2021-11-28T01:35:28.742+0100 [DEBUG] [org.gradle.launcher.daemon.server.DaemonStateCoordinator] resetting idle timer, 2021-11-28T01:35:28.742+0100 [DEBUG] [org.gradle.launcher.daemon.server.DaemonStateCoordinator] daemon is running. Sleeping until state changes., 2021-11-28T01:35:28.742+0100 [INFO] [org.gradle.launcher.daemon.server.exec.StartBuildOrRespondWithBusy] Daemon is about to start building Build{id=59656647-3cfd-4dd0-b1b1-1c1f3822bb23, currentDir=/opt/poi-benchmark/sources}. Dispatching build started information..., 2021-11-28T01:35:28.742+0100 [DEBUG] [org.gradle.launcher.daemon.server.SynchronizedDispatchConnection] thread 28: dispatching org.gradle.launcher.daemon.protocol.BuildStarted@7e14f4cb, 2021-11-28T01:35:28.743+0100 [DEBUG] [org.gradle.launcher.daemon.server.exec.EstablishBuildEnvironment] Configuring env variables: [PWD, SHLVL], 2021-11-28T01:35:28.743+0100 [DEBUG] [org.gradle.launcher.daemon.server.exec.LogToClient] About to start relaying all logs to the client via the connection., 2021-11-28T01:35:28.743+0100 [INFO] [org.gradle.launcher.daemon.server.exec.LogToClient] The client will now receive all logging from the daemon (pid: 2195336). The daemon log file: /home/preis/.gradle/daemon/7.3/daemon-2195336.out.log, 2021-11-28T01:35:28.744+0100 [INFO] [org.gradle.launcher.daemon.server.exec.LogAndCheckHealth] Starting 19th build in daemon [uptime: 33 mins 37.201 secs, performance: 99%], 2021-11-28T01:35:28.744+0100 [DEBUG] [org.gradle.launcher.daemon.server.exec.ExecuteBuild] The daemon has started executing the build., 2021-11-28T01:35:28.744+0100 [DEBUG] [org.gradle.launcher.daemon.server.exec.ExecuteBuild] Executing build with daemon context: DefaultDaemonContext[uid=b70e0864-0397-4fb3-ad88-8f73d1154c31,javaHome=/usr/lib/jvm/java-11-openjdk-amd64,daemonRegistryDir=/home/preis/.gradle/daemon,pid=2195336,idleTimeout=10800000,priority=NORMAL,daemonOpts=--add-opens,java.base/java.util=ALL-UNNAMED,--add-opens,java.base/java.lang=ALL-UNNAMED,--add-opens,java.base/java.lang.invoke=ALL-UNNAMED,--add-opens,java.base/java.util=ALL-UNNAMED,--add-opens,java.prefs/java.util.prefs=ALL-UNNAMED,--add-opens,java.prefs/java.util.prefs=ALL-UNNAMED,--add-opens,java.base/java.nio.charset=ALL-UNNAMED,--add-opens,java.base/java.net=ALL-UNNAMED,--add-opens,java.base/java.util.concurrent.atomic=ALL-UNNAMED,-Xmx2G,-Dfile.encoding=UTF-8,-Duser.country=US,-Duser.language=en,-Duser.variant], Configuration on demand is an incubating feature., Trying to override old definition of datatype junit, ----- End of the daemon log -----, FAILURE: Build failed with an exception., * What went wrong:, Gradle build daemon disappeared unexpectedly (it may have been killed or may have crashed), * Try:, > Run with --stacktrace option to get the stack trace., > Run with --info or --debug option to get more log output., > Run with --scan to get full insights., * Get more help at https://help.gradle.org]
	at org.apache.poi.benchmark.suite.BaseBenchmark.runGradleTarget(BaseBenchmark.java:198)
	at org.apache.poi.benchmark.suite.BaseBenchmark.testScratchpad(BaseBenchmark.java:159)
	at org.apache.poi.benchmark.suite.TestBenchmarks.benchmarkTestScratchpad(TestBenchmarks.java:23)
	at org.apache.poi.benchmark.suite.jmh_generated.TestBenchmarks_benchmarkTestScratchpad_jmhTest.benchmarkTestScratchpad_ss_jmhStub(TestBenchmarks_benchmarkTestScratchpad_jmhTest.java:320)
	at org.apache.poi.benchmark.suite.jmh_generated.TestBenchmarks_benchmarkTestScratchpad_jmhTest.benchmarkTestScratchpad_SingleShotTime(TestBenchmarks_benchmarkTestScratchpad_jmhTest.java:299)
	at java.base/jdk.internal.reflect.NativeMethodAccessorImpl.invoke0(Native Method)
	at java.base/jdk.internal.reflect.NativeMethodAccessorImpl.invoke(NativeMethodAccessorImpl.java:62)
	at java.base/jdk.internal.reflect.DelegatingMethodAccessorImpl.invoke(DelegatingMethodAccessorImpl.java:43)
	at java.base/java.lang.reflect.Method.invoke(Method.java:566)
	at org.openjdk.jmh.runner.BenchmarkHandler$BenchmarkTask.call(BenchmarkHandler.java:475)
	at org.openjdk.jmh.runner.BenchmarkHandler$BenchmarkTask.call(BenchmarkHandler.java:458)
	at java.base/java.util.concurrent.FutureTask.run(FutureTask.java:264)
	at java.base/java.util.concurrent.Executors$RunnableAdapter.call(Executors.java:515)
	at java.base/java.util.concurrent.FutureTask.run(FutureTask.java:264)
	at java.base/java.util.concurrent.ThreadPoolExecutor.runWorker(ThreadPoolExecutor.java:1128)
	at java.base/java.util.concurrent.ThreadPoolExecutor$Worker.run(ThreadPoolExecutor.java:628)
	at java.base/java.lang.Thread.run(Thread.java:829)
Caused by: org.apache.commons.exec.ExecuteException: While executing (sources); [bash, ./gradlew, :poi-scratchpad:check] (Exit value: 1. Caused by org.apache.commons.exec.ExecuteException: Process exited with an error: 1 (Exit value: 1))
	at org.dstadler.commons.exec.ExecutionHelper.execute(ExecutionHelper.java:153)
	at org.dstadler.commons.exec.ExecutionHelper.getCommandResultIntoStream(ExecutionHelper.java:127)
	at org.apache.poi.benchmark.suite.BaseBenchmark.runGradleTarget(BaseBenchmark.java:194)
	... 16 more
Caused by: org.apache.commons.exec.ExecuteException: Process exited with an error: 1 (Exit value: 1)
	at org.apache.commons.exec.DefaultExecutor.executeInternal(DefaultExecutor.java:404)
	at org.apache.commons.exec.DefaultExecutor.execute(DefaultExecutor.java:166)
	at org.dstadler.commons.exec.ExecutionHelper.execute(ExecutionHelper.java:148)
	... 18 more


# Run complete. Total time: 00:35:27

REMEMBER: The numbers below are just data. To gain reusable insights, you need to follow up on
why the numbers are the way they are. Use profilers (see -prof, -lprof), design factorial
experiments, perform baseline and negative tests that provide experimental control, make sure
the benchmarking environment is safe on JVM/OS/HW level, ask for reviews from the domain experts.
Do not assume the numbers tell you what you want them to tell.

Benchmark                              Mode  Cnt      Score   Error  Units
TestBenchmarks.benchmarkTestOOXML        ss        3191.839          ms/op
TestBenchmarks.benchmarkTestOOXMLLite    ss       54057.312          ms/op

Benchmark result is saved to build/reports/jmh/results.json
