# JMH version: 1.27
# VM version: JDK 11.0.11, OpenJDK 64-Bit Server VM, 11.0.11+9-Ubuntu-0ubuntu2.20.04
# VM invoker: /usr/lib/jvm/java-11-openjdk-amd64/bin/java
# VM options: -Xmx8m -agentpath:/opt/dynatrace/oneagent/agent/bin/1.223.93.20210812-183551/linux-x86-64/liboneagentloader.so=loglevelcon=none,datastorage=/var/lib/dynatrace/oneagent/datastorage,logdir=/var/log/dynatrace/oneagent
# JMH blackhole mode: full blackhole + dont-inline hint
# Warmup: <none>
# Measurement: 1 iterations, single-shot each
# Timeout: 10 min per iteration
# Threads: 1 thread
# Benchmark mode: Single shot invocation time
# Benchmark: org.apache.poi.benchmark.suite.BuildBenchmarks.benchmarkCompileAll

# Run progress: 0.00% complete, ETA 00:00:00
# Fork: N/A, test runs in the host VM
# *** WARNING: Non-forked runs may silently omit JVM options, mess up profilers, disable compiler hints, etc. ***
# *** WARNING: Use non-forked runs only for debugging purposes, not for actual performance runs. ***
Iteration   1: 187970.219 ms/op


# JMH version: 1.27
# VM version: JDK 11.0.11, OpenJDK 64-Bit Server VM, 11.0.11+9-Ubuntu-0ubuntu2.20.04
# VM invoker: /usr/lib/jvm/java-11-openjdk-amd64/bin/java
# VM options: -Xmx8m -agentpath:/opt/dynatrace/oneagent/agent/bin/1.223.93.20210812-183551/linux-x86-64/liboneagentloader.so=loglevelcon=none,datastorage=/var/lib/dynatrace/oneagent/datastorage,logdir=/var/log/dynatrace/oneagent
# JMH blackhole mode: full blackhole + dont-inline hint
# Warmup: <none>
# Measurement: 1 iterations, single-shot each
# Timeout: 10 min per iteration
# Threads: 1 thread
# Benchmark mode: Single shot invocation time
# Benchmark: org.apache.poi.benchmark.suite.SSPerformanceBenchmarks.benchmarkHSSFPerformance

# Run progress: 10.00% complete, ETA 00:30:25
# Fork: N/A, test runs in the host VM
# *** WARNING: Non-forked runs may silently omit JVM options, mess up profilers, disable compiler hints, etc. ***
# *** WARNING: Use non-forked runs only for debugging purposes, not for actual performance runs. ***
Iteration   1: 4072.540 ms/op


# JMH version: 1.27
# VM version: JDK 11.0.11, OpenJDK 64-Bit Server VM, 11.0.11+9-Ubuntu-0ubuntu2.20.04
# VM invoker: /usr/lib/jvm/java-11-openjdk-amd64/bin/java
# VM options: -Xmx8m -agentpath:/opt/dynatrace/oneagent/agent/bin/1.223.93.20210812-183551/linux-x86-64/liboneagentloader.so=loglevelcon=none,datastorage=/var/lib/dynatrace/oneagent/datastorage,logdir=/var/log/dynatrace/oneagent
# JMH blackhole mode: full blackhole + dont-inline hint
# Warmup: <none>
# Measurement: 1 iterations, single-shot each
# Timeout: 10 min per iteration
# Threads: 1 thread
# Benchmark mode: Single shot invocation time
# Benchmark: org.apache.poi.benchmark.suite.SSPerformanceBenchmarks.benchmarkSXSSFPerformance

# Run progress: 20.00% complete, ETA 00:14:23
# Fork: N/A, test runs in the host VM
# *** WARNING: Non-forked runs may silently omit JVM options, mess up profilers, disable compiler hints, etc. ***
# *** WARNING: Use non-forked runs only for debugging purposes, not for actual performance runs. ***
Iteration   1: 5281.802 ms/op


# JMH version: 1.27
# VM version: JDK 11.0.11, OpenJDK 64-Bit Server VM, 11.0.11+9-Ubuntu-0ubuntu2.20.04
# VM invoker: /usr/lib/jvm/java-11-openjdk-amd64/bin/java
# VM options: -Xmx8m -agentpath:/opt/dynatrace/oneagent/agent/bin/1.223.93.20210812-183551/linux-x86-64/liboneagentloader.so=loglevelcon=none,datastorage=/var/lib/dynatrace/oneagent/datastorage,logdir=/var/log/dynatrace/oneagent
# JMH blackhole mode: full blackhole + dont-inline hint
# Warmup: <none>
# Measurement: 1 iterations, single-shot each
# Timeout: 10 min per iteration
# Threads: 1 thread
# Benchmark mode: Single shot invocation time
# Benchmark: org.apache.poi.benchmark.suite.SSPerformanceBenchmarks.benchmarkXSSFPerformance

# Run progress: 30.00% complete, ETA 00:08:59
# Fork: N/A, test runs in the host VM
# *** WARNING: Non-forked runs may silently omit JVM options, mess up profilers, disable compiler hints, etc. ***
# *** WARNING: Use non-forked runs only for debugging purposes, not for actual performance runs. ***
Iteration   1: 9294.508 ms/op


# JMH version: 1.27
# VM version: JDK 11.0.11, OpenJDK 64-Bit Server VM, 11.0.11+9-Ubuntu-0ubuntu2.20.04
# VM invoker: /usr/lib/jvm/java-11-openjdk-amd64/bin/java
# VM options: -Xmx8m -agentpath:/opt/dynatrace/oneagent/agent/bin/1.223.93.20210812-183551/linux-x86-64/liboneagentloader.so=loglevelcon=none,datastorage=/var/lib/dynatrace/oneagent/datastorage,logdir=/var/log/dynatrace/oneagent
# JMH blackhole mode: full blackhole + dont-inline hint
# Warmup: <none>
# Measurement: 1 iterations, single-shot each
# Timeout: 10 min per iteration
# Threads: 1 thread
# Benchmark mode: Single shot invocation time
# Benchmark: org.apache.poi.benchmark.suite.TestBenchmarks.benchmarkTestExcelant

# Run progress: 40.00% complete, ETA 00:06:13
# Fork: N/A, test runs in the host VM
# *** WARNING: Non-forked runs may silently omit JVM options, mess up profilers, disable compiler hints, etc. ***
# *** WARNING: Use non-forked runs only for debugging purposes, not for actual performance runs. ***
Iteration   1: <failure>

java.io.IOException: Log-Tail: [[junitlauncher]    Aborted: [274] Register, 1119, 1120, [junitlauncher]    Aborted: [275] Registerid, 1123, 1124, [junitlauncher]    Aborted: [276] Relref, 1127, 1128, [junitlauncher]    Aborted: [277] Renamecommand, 1131, 1132, [junitlauncher]    Aborted: [282] Resettoolbar, 1151, 1152, [junitlauncher]    Aborted: [283] Restart, 1155, 1156, [junitlauncher]    Aborted: [285] Resume, 1163, 1164, [junitlauncher]    Aborted: [292] Row, 1191, 1192, [junitlauncher]    Aborted: [295] Savedialog, 1203, 1204, [junitlauncher]    Aborted: [296] Savetoolbar, 1207, 1208, [junitlauncher]    Aborted: [297] Scenarioget, 1211, 1212, [junitlauncher]    Aborted: [303] Setname, 1235, 1236, [junitlauncher]    Aborted: [304] Setvalue, 1239, 1240, [junitlauncher]    Aborted: [305] Showbar, 1243, 1244, [junitlauncher]    Aborted: [313] Spellingcheck, 1275, 1276, [junitlauncher]    Aborted: [322] Substitute, 1311, 1312, [junitlauncher]    Aborted: [336] Terminate, 1367, 1368, [junitlauncher]    Aborted: [338] Textbox, 1375, 1376, [junitlauncher]    Aborted: [339] Textref, 1379, 1380, [junitlauncher]    Aborted: [340] Time, 1383, 1384, [junitlauncher]    Aborted: [346] Trim, 1407, 1408, [junitlauncher]    Aborted: [352] Unregister, 1431, 1432, [junitlauncher]    Aborted: [355] Value, 1443, 1444, [junitlauncher]    Aborted: [361] Viewget, 1467, 1468, [junitlauncher]    Aborted: [366] Windows, 1487, 1488, [junitlauncher]    Aborted: [367] Windowtitle, 1491, 1492, [junitlauncher] Tests run: 369, Failures: 0, Aborted: 90, Skipped: 0, Time elapsed: 4.275000 sec, [junitlauncher] Running org.apache.poi.xssf.usermodel.TestMatrixFormulasFromXMLSpreadsheet, [junitlauncher] , [junitlauncher] Running org.apache.poi.xssf.usermodel.TestMatrixFormulasFromXMLSpreadsheet, [junitlauncher] Tests run: 34, Failures: 0, Aborted: 0, Skipped: 0, Time elapsed: 0.125000 sec, [junitlauncher] Running org.apache.poi.xssf.usermodel.TestMissingWorkbookOnXSSF, [junitlauncher] , [junitlauncher] Running org.apache.poi.xssf.usermodel.TestMissingWorkbookOnXSSF, [junitlauncher] Tests run: 3, Failures: 0, Aborted: 0, Skipped: 0, Time elapsed: 0.023000 sec, [junitlauncher] Running org.apache.poi.xssf.usermodel.TestMultiSheetFormulaEvaluatorOnXSSF, [junitlauncher] , [junitlauncher] Running org.apache.poi.xssf.usermodel.TestMultiSheetFormulaEvaluatorOnXSSF, [junitlauncher] Tests run: 2, Failures: 0, Aborted: 0, Skipped: 0, Time elapsed: 0.011000 sec, [junitlauncher] Running org.apache.poi.xssf.usermodel.TestSXSSFBugs, [junitlauncher] , [junitlauncher] Running org.apache.poi.xssf.usermodel.TestSXSSFBugs, [junitlauncher]    Aborted: bug59393_commentsCanHaveSameAnchor(), [junitlauncher] Tests run: 39, Failures: 0, Aborted: 1, Skipped: 2, Time elapsed: 3.227000 sec, [junitlauncher] Running org.apache.poi.xssf.usermodel.TestSXSSFSheetAutosizeColumn, [junitlauncher] , [junitlauncher] Running org.apache.poi.xssf.usermodel.TestSXSSFSheetAutosizeColumn, [junitlauncher] Tests run: 8, Failures: 0, Aborted: 0, Skipped: 0, Time elapsed: 0.034000 sec, [junitlauncher] Running org.apache.poi.xssf.usermodel.TestSheetHiding, [junitlauncher] , [junitlauncher] Running org.apache.poi.xssf.usermodel.TestSheetHiding, [junitlauncher] Tests run: 5, Failures: 0, Aborted: 0, Skipped: 0, Time elapsed: 0.063000 sec, [junitlauncher] Running org.apache.poi.xssf.usermodel.TestTableStyles, [junitlauncher] , [junitlauncher] Running org.apache.poi.xssf.usermodel.TestTableStyles, [junitlauncher] Tests run: 2, Failures: 0, Aborted: 0, Skipped: 0, Time elapsed: 0.260000 sec, [junitlauncher] Running org.apache.poi.xssf.usermodel.TestXSSFBugs, [junitlauncher] , [junitlauncher] Running org.apache.poi.xssf.usermodel.TestXSSFBugs, [junitlauncher]    Aborted: bug59393_commentsCanHaveSameAnchor(), [junitlauncher] Tests run: 172, Failures: 0, Aborted: 1, Skipped: 7, Time elapsed: 11.325000 sec, [junitlauncher] Running org.apache.poi.xssf.usermodel.TestXSSFCell, [junitlauncher] , [junitlauncher] Running org.apache.poi.xssf.usermodel.TestXSSFCell, [junitlauncher] Tests run: 77, Failures: 0, Aborted: 0, Skipped: 0, Time elapsed: 0.593000 sec, [junitlauncher] Running org.apache.poi.xssf.usermodel.TestXSSFCellStyle, [junitlauncher] , [junitlauncher] Running org.apache.poi.xssf.usermodel.TestXSSFCellStyle, [junitlauncher] Tests run: 43, Failures: 0, Aborted: 0, Skipped: 0, Time elapsed: 0.195000 sec, [junitlauncher] Running org.apache.poi.xssf.usermodel.TestXSSFChart, [junitlauncher] , [junitlauncher] Running org.apache.poi.xssf.usermodel.TestXSSFChart, [junitlauncher] Tests run: 3, Failures: 0, Aborted: 0, Skipped: 0, Time elapsed: 0.061000 sec, [junitlauncher] Running org.apache.poi.xssf.usermodel.TestXSSFChartSheet, [junitlauncher] , [junitlauncher] Running org.apache.poi.xssf.usermodel.TestXSSFChartSheet, [junitlauncher] Tests run: 3, Failures: 0, Aborted: 0, Skipped: 0, Time elapsed: 0.019000 sec, [junitlauncher] Running org.apache.poi.xssf.usermodel.TestXSSFColGrouping, [junitlauncher] , [junitlauncher] Running org.apache.poi.xssf.usermodel.TestXSSFColGrouping, [junitlauncher] Tests run: 6, Failures: 0, Aborted: 0, Skipped: 0, Time elapsed: 0.054000 sec, [junitlauncher] Running org.apache.poi.xssf.usermodel.TestXSSFColor, [junitlauncher] , [junitlauncher] Running org.apache.poi.xssf.usermodel.TestXSSFColor, [junitlauncher] Tests run: 4, Failures: 0, Aborted: 0, Skipped: 0, Time elapsed: 0.068000 sec, [junitlauncher] Running org.apache.poi.xssf.usermodel.TestXSSFComment, [junitlauncher] , [junitlauncher] Running org.apache.poi.xssf.usermodel.TestXSSFComment, [junitlauncher] Tests run: 18, Failures: 0, Aborted: 0, Skipped: 0, Time elapsed: 0.129000 sec, [junitlauncher] Running org.apache.poi.xssf.usermodel.TestXSSFConditionalFormatting, [junitlauncher] , [junitlauncher] Running org.apache.poi.xssf.usermodel.TestXSSFConditionalFormatting, [junitlauncher]    Failed: testCreateDataBarFormatting(), [junitlauncher]    Failed: testReadOffice2007(), [junitlauncher] Tests run: 23, Failures: 2, Aborted: 0, Skipped: 0, Time elapsed: 0.180000 sec, BUILD FAILED, /opt/poi-benchmark/sources/build.xml:1795: The following error occurred while executing this line:, /opt/poi-benchmark/sources/build.xml:1767: The following error occurred while executing this line:, /opt/poi-benchmark/sources/build.xml:1383: Some test(s) have failure(s), Total time: 3 minutes 10 seconds]
	at org.apache.poi.benchmark.suite.BaseBenchmark.runAntTarget(BaseBenchmark.java:214)
	at org.apache.poi.benchmark.suite.BaseBenchmark.testExcelant(BaseBenchmark.java:197)
	at org.apache.poi.benchmark.suite.TestBenchmarks.benchmarkTestExcelant(TestBenchmarks.java:38)
	at org.apache.poi.benchmark.suite.jmh_generated.TestBenchmarks_benchmarkTestExcelant_jmhTest.benchmarkTestExcelant_ss_jmhStub(TestBenchmarks_benchmarkTestExcelant_jmhTest.java:320)
	at org.apache.poi.benchmark.suite.jmh_generated.TestBenchmarks_benchmarkTestExcelant_jmhTest.benchmarkTestExcelant_SingleShotTime(TestBenchmarks_benchmarkTestExcelant_jmhTest.java:299)
	at java.base/jdk.internal.reflect.NativeMethodAccessorImpl.invoke0(Native Method)
	at java.base/jdk.internal.reflect.NativeMethodAccessorImpl.invoke(NativeMethodAccessorImpl.java:62)
	at java.base/jdk.internal.reflect.DelegatingMethodAccessorImpl.invoke(DelegatingMethodAccessorImpl.java:43)
	at java.base/java.lang.reflect.Method.invoke(Method.java:566)
	at org.openjdk.jmh.runner.BenchmarkHandler$BenchmarkTask.call(BenchmarkHandler.java:453)
	at org.openjdk.jmh.runner.BenchmarkHandler$BenchmarkTask.call(BenchmarkHandler.java:437)
	at java.base/java.util.concurrent.FutureTask.run(FutureTask.java:264)
	at java.base/java.util.concurrent.Executors$RunnableAdapter.call(Executors.java:515)
	at java.base/java.util.concurrent.FutureTask.run(FutureTask.java:264)
	at java.base/java.util.concurrent.ThreadPoolExecutor.runWorker(ThreadPoolExecutor.java:1128)
	at java.base/java.util.concurrent.ThreadPoolExecutor$Worker.run(ThreadPoolExecutor.java:628)
	at java.base/java.lang.Thread.run(Thread.java:829)
Caused by: org.apache.commons.exec.ExecuteException: While executing (sources); [ant, test-excelant] (Exit value: 1. Caused by org.apache.commons.exec.ExecuteException: Process exited with an error: 1 (Exit value: 1))
	at org.dstadler.commons.exec.ExecutionHelper.execute(ExecutionHelper.java:153)
	at org.dstadler.commons.exec.ExecutionHelper.getCommandResultIntoStream(ExecutionHelper.java:127)
	at org.apache.poi.benchmark.suite.BaseBenchmark.runAntTarget(BaseBenchmark.java:210)
	... 16 more
Caused by: org.apache.commons.exec.ExecuteException: Process exited with an error: 1 (Exit value: 1)
	at org.apache.commons.exec.DefaultExecutor.executeInternal(DefaultExecutor.java:404)
	at org.apache.commons.exec.DefaultExecutor.execute(DefaultExecutor.java:166)
	at org.dstadler.commons.exec.ExecutionHelper.execute(ExecutionHelper.java:148)
	... 18 more


# JMH version: 1.27
# VM version: JDK 11.0.11, OpenJDK 64-Bit Server VM, 11.0.11+9-Ubuntu-0ubuntu2.20.04
# VM invoker: /usr/lib/jvm/java-11-openjdk-amd64/bin/java
# VM options: -Xmx8m -agentpath:/opt/dynatrace/oneagent/agent/bin/1.223.93.20210812-183551/linux-x86-64/liboneagentloader.so=loglevelcon=none,datastorage=/var/lib/dynatrace/oneagent/datastorage,logdir=/var/log/dynatrace/oneagent
# JMH blackhole mode: full blackhole + dont-inline hint
# Warmup: <none>
# Measurement: 1 iterations, single-shot each
# Timeout: 3 hr per iteration
# Threads: 1 thread
# Benchmark mode: Single shot invocation time
# Benchmark: org.apache.poi.benchmark.suite.TestBenchmarks.benchmarkTestIntegration

# Run progress: 50.00% complete, ETA 00:07:30
# Fork: N/A, test runs in the host VM
# *** WARNING: Non-forked runs may silently omit JVM options, mess up profilers, disable compiler hints, etc. ***
# *** WARNING: Use non-forked runs only for debugging purposes, not for actual performance runs. ***
Iteration   1: 277412.591 ms/op


# JMH version: 1.27
# VM version: JDK 11.0.11, OpenJDK 64-Bit Server VM, 11.0.11+9-Ubuntu-0ubuntu2.20.04
# VM invoker: /usr/lib/jvm/java-11-openjdk-amd64/bin/java
# VM options: -Xmx8m -agentpath:/opt/dynatrace/oneagent/agent/bin/1.223.93.20210812-183551/linux-x86-64/liboneagentloader.so=loglevelcon=none,datastorage=/var/lib/dynatrace/oneagent/datastorage,logdir=/var/log/dynatrace/oneagent
# JMH blackhole mode: full blackhole + dont-inline hint
# Warmup: <none>
# Measurement: 1 iterations, single-shot each
# Timeout: 10 min per iteration
# Threads: 1 thread
# Benchmark mode: Single shot invocation time
# Benchmark: org.apache.poi.benchmark.suite.TestBenchmarks.benchmarkTestMain

# Run progress: 60.00% complete, ETA 00:08:11
# Fork: N/A, test runs in the host VM
# *** WARNING: Non-forked runs may silently omit JVM options, mess up profilers, disable compiler hints, etc. ***
# *** WARNING: Use non-forked runs only for debugging purposes, not for actual performance runs. ***
Iteration   1: 238724.357 ms/op


# JMH version: 1.27
# VM version: JDK 11.0.11, OpenJDK 64-Bit Server VM, 11.0.11+9-Ubuntu-0ubuntu2.20.04
# VM invoker: /usr/lib/jvm/java-11-openjdk-amd64/bin/java
# VM options: -Xmx8m -agentpath:/opt/dynatrace/oneagent/agent/bin/1.223.93.20210812-183551/linux-x86-64/liboneagentloader.so=loglevelcon=none,datastorage=/var/lib/dynatrace/oneagent/datastorage,logdir=/var/log/dynatrace/oneagent
# JMH blackhole mode: full blackhole + dont-inline hint
# Warmup: <none>
# Measurement: 1 iterations, single-shot each
# Timeout: 10 min per iteration
# Threads: 1 thread
# Benchmark mode: Single shot invocation time
# Benchmark: org.apache.poi.benchmark.suite.TestBenchmarks.benchmarkTestOOXML

# Run progress: 70.00% complete, ETA 00:07:02
# Fork: N/A, test runs in the host VM
# *** WARNING: Non-forked runs may silently omit JVM options, mess up profilers, disable compiler hints, etc. ***
# *** WARNING: Use non-forked runs only for debugging purposes, not for actual performance runs. ***
Iteration   1: <failure>

java.io.IOException: Log-Tail: [[junitlauncher]    Aborted: [274] Register, 1119, 1120, [junitlauncher]    Aborted: [275] Registerid, 1123, 1124, [junitlauncher]    Aborted: [276] Relref, 1127, 1128, [junitlauncher]    Aborted: [277] Renamecommand, 1131, 1132, [junitlauncher]    Aborted: [282] Resettoolbar, 1151, 1152, [junitlauncher]    Aborted: [283] Restart, 1155, 1156, [junitlauncher]    Aborted: [285] Resume, 1163, 1164, [junitlauncher]    Aborted: [292] Row, 1191, 1192, [junitlauncher]    Aborted: [295] Savedialog, 1203, 1204, [junitlauncher]    Aborted: [296] Savetoolbar, 1207, 1208, [junitlauncher]    Aborted: [297] Scenarioget, 1211, 1212, [junitlauncher]    Aborted: [303] Setname, 1235, 1236, [junitlauncher]    Aborted: [304] Setvalue, 1239, 1240, [junitlauncher]    Aborted: [305] Showbar, 1243, 1244, [junitlauncher]    Aborted: [313] Spellingcheck, 1275, 1276, [junitlauncher]    Aborted: [322] Substitute, 1311, 1312, [junitlauncher]    Aborted: [336] Terminate, 1367, 1368, [junitlauncher]    Aborted: [338] Textbox, 1375, 1376, [junitlauncher]    Aborted: [339] Textref, 1379, 1380, [junitlauncher]    Aborted: [340] Time, 1383, 1384, [junitlauncher]    Aborted: [346] Trim, 1407, 1408, [junitlauncher]    Aborted: [352] Unregister, 1431, 1432, [junitlauncher]    Aborted: [355] Value, 1443, 1444, [junitlauncher]    Aborted: [361] Viewget, 1467, 1468, [junitlauncher]    Aborted: [366] Windows, 1487, 1488, [junitlauncher]    Aborted: [367] Windowtitle, 1491, 1492, [junitlauncher] Tests run: 369, Failures: 0, Aborted: 90, Skipped: 0, Time elapsed: 4.271000 sec, [junitlauncher] Running org.apache.poi.xssf.usermodel.TestMatrixFormulasFromXMLSpreadsheet, [junitlauncher] , [junitlauncher] Running org.apache.poi.xssf.usermodel.TestMatrixFormulasFromXMLSpreadsheet, [junitlauncher] Tests run: 34, Failures: 0, Aborted: 0, Skipped: 0, Time elapsed: 0.138000 sec, [junitlauncher] Running org.apache.poi.xssf.usermodel.TestMissingWorkbookOnXSSF, [junitlauncher] , [junitlauncher] Running org.apache.poi.xssf.usermodel.TestMissingWorkbookOnXSSF, [junitlauncher] Tests run: 3, Failures: 0, Aborted: 0, Skipped: 0, Time elapsed: 0.022000 sec, [junitlauncher] Running org.apache.poi.xssf.usermodel.TestMultiSheetFormulaEvaluatorOnXSSF, [junitlauncher] , [junitlauncher] Running org.apache.poi.xssf.usermodel.TestMultiSheetFormulaEvaluatorOnXSSF, [junitlauncher] Tests run: 2, Failures: 0, Aborted: 0, Skipped: 0, Time elapsed: 0.012000 sec, [junitlauncher] Running org.apache.poi.xssf.usermodel.TestSXSSFBugs, [junitlauncher] , [junitlauncher] Running org.apache.poi.xssf.usermodel.TestSXSSFBugs, [junitlauncher]    Aborted: bug59393_commentsCanHaveSameAnchor(), [junitlauncher] Tests run: 39, Failures: 0, Aborted: 1, Skipped: 2, Time elapsed: 2.865000 sec, [junitlauncher] Running org.apache.poi.xssf.usermodel.TestSXSSFSheetAutosizeColumn, [junitlauncher] , [junitlauncher] Running org.apache.poi.xssf.usermodel.TestSXSSFSheetAutosizeColumn, [junitlauncher] Tests run: 8, Failures: 0, Aborted: 0, Skipped: 0, Time elapsed: 0.049000 sec, [junitlauncher] Running org.apache.poi.xssf.usermodel.TestSheetHiding, [junitlauncher] , [junitlauncher] Running org.apache.poi.xssf.usermodel.TestSheetHiding, [junitlauncher] Tests run: 5, Failures: 0, Aborted: 0, Skipped: 0, Time elapsed: 0.066000 sec, [junitlauncher] Running org.apache.poi.xssf.usermodel.TestTableStyles, [junitlauncher] , [junitlauncher] Running org.apache.poi.xssf.usermodel.TestTableStyles, [junitlauncher] Tests run: 2, Failures: 0, Aborted: 0, Skipped: 0, Time elapsed: 0.303000 sec, [junitlauncher] Running org.apache.poi.xssf.usermodel.TestXSSFBugs, [junitlauncher] , [junitlauncher] Running org.apache.poi.xssf.usermodel.TestXSSFBugs, [junitlauncher]    Aborted: bug59393_commentsCanHaveSameAnchor(), [junitlauncher] Tests run: 172, Failures: 0, Aborted: 1, Skipped: 7, Time elapsed: 10.013000 sec, [junitlauncher] Running org.apache.poi.xssf.usermodel.TestXSSFCell, [junitlauncher] , [junitlauncher] Running org.apache.poi.xssf.usermodel.TestXSSFCell, [junitlauncher] Tests run: 77, Failures: 0, Aborted: 0, Skipped: 0, Time elapsed: 0.527000 sec, [junitlauncher] Running org.apache.poi.xssf.usermodel.TestXSSFCellStyle, [junitlauncher] , [junitlauncher] Running org.apache.poi.xssf.usermodel.TestXSSFCellStyle, [junitlauncher] Tests run: 43, Failures: 0, Aborted: 0, Skipped: 0, Time elapsed: 0.120000 sec, [junitlauncher] Running org.apache.poi.xssf.usermodel.TestXSSFChart, [junitlauncher] , [junitlauncher] Running org.apache.poi.xssf.usermodel.TestXSSFChart, [junitlauncher] Tests run: 3, Failures: 0, Aborted: 0, Skipped: 0, Time elapsed: 0.054000 sec, [junitlauncher] Running org.apache.poi.xssf.usermodel.TestXSSFChartSheet, [junitlauncher] , [junitlauncher] Running org.apache.poi.xssf.usermodel.TestXSSFChartSheet, [junitlauncher] Tests run: 3, Failures: 0, Aborted: 0, Skipped: 0, Time elapsed: 0.019000 sec, [junitlauncher] Running org.apache.poi.xssf.usermodel.TestXSSFColGrouping, [junitlauncher] , [junitlauncher] Running org.apache.poi.xssf.usermodel.TestXSSFColGrouping, [junitlauncher] Tests run: 6, Failures: 0, Aborted: 0, Skipped: 0, Time elapsed: 0.038000 sec, [junitlauncher] Running org.apache.poi.xssf.usermodel.TestXSSFColor, [junitlauncher] , [junitlauncher] Running org.apache.poi.xssf.usermodel.TestXSSFColor, [junitlauncher] Tests run: 4, Failures: 0, Aborted: 0, Skipped: 0, Time elapsed: 0.045000 sec, [junitlauncher] Running org.apache.poi.xssf.usermodel.TestXSSFComment, [junitlauncher] , [junitlauncher] Running org.apache.poi.xssf.usermodel.TestXSSFComment, [junitlauncher] Tests run: 18, Failures: 0, Aborted: 0, Skipped: 0, Time elapsed: 0.158000 sec, [junitlauncher] Running org.apache.poi.xssf.usermodel.TestXSSFConditionalFormatting, [junitlauncher] , [junitlauncher] Running org.apache.poi.xssf.usermodel.TestXSSFConditionalFormatting, [junitlauncher]    Failed: testCreateDataBarFormatting(), [junitlauncher]    Failed: testReadOffice2007(), [junitlauncher] Tests run: 23, Failures: 2, Aborted: 0, Skipped: 0, Time elapsed: 0.121000 sec, BUILD FAILED, /opt/poi-benchmark/sources/build.xml:1795: The following error occurred while executing this line:, /opt/poi-benchmark/sources/build.xml:1767: The following error occurred while executing this line:, /opt/poi-benchmark/sources/build.xml:1383: Some test(s) have failure(s), Total time: 3 minutes 4 seconds]
	at org.apache.poi.benchmark.suite.BaseBenchmark.runAntTarget(BaseBenchmark.java:214)
	at org.apache.poi.benchmark.suite.BaseBenchmark.testOOXML(BaseBenchmark.java:180)
	at org.apache.poi.benchmark.suite.TestBenchmarks.benchmarkTestOOXML(TestBenchmarks.java:28)
	at org.apache.poi.benchmark.suite.jmh_generated.TestBenchmarks_benchmarkTestOOXML_jmhTest.benchmarkTestOOXML_ss_jmhStub(TestBenchmarks_benchmarkTestOOXML_jmhTest.java:320)
	at org.apache.poi.benchmark.suite.jmh_generated.TestBenchmarks_benchmarkTestOOXML_jmhTest.benchmarkTestOOXML_SingleShotTime(TestBenchmarks_benchmarkTestOOXML_jmhTest.java:299)
	at java.base/jdk.internal.reflect.NativeMethodAccessorImpl.invoke0(Native Method)
	at java.base/jdk.internal.reflect.NativeMethodAccessorImpl.invoke(NativeMethodAccessorImpl.java:62)
	at java.base/jdk.internal.reflect.DelegatingMethodAccessorImpl.invoke(DelegatingMethodAccessorImpl.java:43)
	at java.base/java.lang.reflect.Method.invoke(Method.java:566)
	at org.openjdk.jmh.runner.BenchmarkHandler$BenchmarkTask.call(BenchmarkHandler.java:453)
	at org.openjdk.jmh.runner.BenchmarkHandler$BenchmarkTask.call(BenchmarkHandler.java:437)
	at java.base/java.util.concurrent.FutureTask.run(FutureTask.java:264)
	at java.base/java.util.concurrent.Executors$RunnableAdapter.call(Executors.java:515)
	at java.base/java.util.concurrent.FutureTask.run(FutureTask.java:264)
	at java.base/java.util.concurrent.ThreadPoolExecutor.runWorker(ThreadPoolExecutor.java:1128)
	at java.base/java.util.concurrent.ThreadPoolExecutor$Worker.run(ThreadPoolExecutor.java:628)
	at java.base/java.lang.Thread.run(Thread.java:829)
Caused by: org.apache.commons.exec.ExecuteException: While executing (sources); [ant, test-ooxml] (Exit value: 1. Caused by org.apache.commons.exec.ExecuteException: Process exited with an error: 1 (Exit value: 1))
	at org.dstadler.commons.exec.ExecutionHelper.execute(ExecutionHelper.java:153)
	at org.dstadler.commons.exec.ExecutionHelper.getCommandResultIntoStream(ExecutionHelper.java:127)
	at org.apache.poi.benchmark.suite.BaseBenchmark.runAntTarget(BaseBenchmark.java:210)
	... 16 more
Caused by: org.apache.commons.exec.ExecuteException: Process exited with an error: 1 (Exit value: 1)
	at org.apache.commons.exec.DefaultExecutor.executeInternal(DefaultExecutor.java:404)
	at org.apache.commons.exec.DefaultExecutor.execute(DefaultExecutor.java:166)
	at org.dstadler.commons.exec.ExecutionHelper.execute(ExecutionHelper.java:148)
	... 18 more


# JMH version: 1.27
# VM version: JDK 11.0.11, OpenJDK 64-Bit Server VM, 11.0.11+9-Ubuntu-0ubuntu2.20.04
# VM invoker: /usr/lib/jvm/java-11-openjdk-amd64/bin/java
# VM options: -Xmx8m -agentpath:/opt/dynatrace/oneagent/agent/bin/1.223.93.20210812-183551/linux-x86-64/liboneagentloader.so=loglevelcon=none,datastorage=/var/lib/dynatrace/oneagent/datastorage,logdir=/var/log/dynatrace/oneagent
# JMH blackhole mode: full blackhole + dont-inline hint
# Warmup: <none>
# Measurement: 1 iterations, single-shot each
# Timeout: 10 min per iteration
# Threads: 1 thread
# Benchmark mode: Single shot invocation time
# Benchmark: org.apache.poi.benchmark.suite.TestBenchmarks.benchmarkTestOOXMLLite

# Run progress: 80.00% complete, ETA 00:04:55
# Fork: N/A, test runs in the host VM
# *** WARNING: Non-forked runs may silently omit JVM options, mess up profilers, disable compiler hints, etc. ***
# *** WARNING: Use non-forked runs only for debugging purposes, not for actual performance runs. ***
Iteration   1: <failure>

java.io.IOException: Log-Tail: [[junitlauncher]    Aborted: [274] Register, 1119, 1120, [junitlauncher]    Aborted: [275] Registerid, 1123, 1124, [junitlauncher]    Aborted: [276] Relref, 1127, 1128, [junitlauncher]    Aborted: [277] Renamecommand, 1131, 1132, [junitlauncher]    Aborted: [282] Resettoolbar, 1151, 1152, [junitlauncher]    Aborted: [283] Restart, 1155, 1156, [junitlauncher]    Aborted: [285] Resume, 1163, 1164, [junitlauncher]    Aborted: [292] Row, 1191, 1192, [junitlauncher]    Aborted: [295] Savedialog, 1203, 1204, [junitlauncher]    Aborted: [296] Savetoolbar, 1207, 1208, [junitlauncher]    Aborted: [297] Scenarioget, 1211, 1212, [junitlauncher]    Aborted: [303] Setname, 1235, 1236, [junitlauncher]    Aborted: [304] Setvalue, 1239, 1240, [junitlauncher]    Aborted: [305] Showbar, 1243, 1244, [junitlauncher]    Aborted: [313] Spellingcheck, 1275, 1276, [junitlauncher]    Aborted: [322] Substitute, 1311, 1312, [junitlauncher]    Aborted: [336] Terminate, 1367, 1368, [junitlauncher]    Aborted: [338] Textbox, 1375, 1376, [junitlauncher]    Aborted: [339] Textref, 1379, 1380, [junitlauncher]    Aborted: [340] Time, 1383, 1384, [junitlauncher]    Aborted: [346] Trim, 1407, 1408, [junitlauncher]    Aborted: [352] Unregister, 1431, 1432, [junitlauncher]    Aborted: [355] Value, 1443, 1444, [junitlauncher]    Aborted: [361] Viewget, 1467, 1468, [junitlauncher]    Aborted: [366] Windows, 1487, 1488, [junitlauncher]    Aborted: [367] Windowtitle, 1491, 1492, [junitlauncher] Tests run: 369, Failures: 0, Aborted: 90, Skipped: 0, Time elapsed: 4.234000 sec, [junitlauncher] Running org.apache.poi.xssf.usermodel.TestMatrixFormulasFromXMLSpreadsheet, [junitlauncher] , [junitlauncher] Running org.apache.poi.xssf.usermodel.TestMatrixFormulasFromXMLSpreadsheet, [junitlauncher] Tests run: 34, Failures: 0, Aborted: 0, Skipped: 0, Time elapsed: 0.119000 sec, [junitlauncher] Running org.apache.poi.xssf.usermodel.TestMissingWorkbookOnXSSF, [junitlauncher] , [junitlauncher] Running org.apache.poi.xssf.usermodel.TestMissingWorkbookOnXSSF, [junitlauncher] Tests run: 3, Failures: 0, Aborted: 0, Skipped: 0, Time elapsed: 0.021000 sec, [junitlauncher] Running org.apache.poi.xssf.usermodel.TestMultiSheetFormulaEvaluatorOnXSSF, [junitlauncher] , [junitlauncher] Running org.apache.poi.xssf.usermodel.TestMultiSheetFormulaEvaluatorOnXSSF, [junitlauncher] Tests run: 2, Failures: 0, Aborted: 0, Skipped: 0, Time elapsed: 0.065000 sec, [junitlauncher] Running org.apache.poi.xssf.usermodel.TestSXSSFBugs, [junitlauncher] , [junitlauncher] Running org.apache.poi.xssf.usermodel.TestSXSSFBugs, [junitlauncher]    Aborted: bug59393_commentsCanHaveSameAnchor(), [junitlauncher] Tests run: 39, Failures: 0, Aborted: 1, Skipped: 2, Time elapsed: 3.829000 sec, [junitlauncher] Running org.apache.poi.xssf.usermodel.TestSXSSFSheetAutosizeColumn, [junitlauncher] , [junitlauncher] Running org.apache.poi.xssf.usermodel.TestSXSSFSheetAutosizeColumn, [junitlauncher] Tests run: 8, Failures: 0, Aborted: 0, Skipped: 0, Time elapsed: 0.031000 sec, [junitlauncher] Running org.apache.poi.xssf.usermodel.TestSheetHiding, [junitlauncher] , [junitlauncher] Running org.apache.poi.xssf.usermodel.TestSheetHiding, [junitlauncher] Tests run: 5, Failures: 0, Aborted: 0, Skipped: 0, Time elapsed: 0.057000 sec, [junitlauncher] Running org.apache.poi.xssf.usermodel.TestTableStyles, [junitlauncher] , [junitlauncher] Running org.apache.poi.xssf.usermodel.TestTableStyles, [junitlauncher] Tests run: 2, Failures: 0, Aborted: 0, Skipped: 0, Time elapsed: 0.198000 sec, [junitlauncher] Running org.apache.poi.xssf.usermodel.TestXSSFBugs, [junitlauncher] , [junitlauncher] Running org.apache.poi.xssf.usermodel.TestXSSFBugs, [junitlauncher]    Aborted: bug59393_commentsCanHaveSameAnchor(), [junitlauncher] Tests run: 172, Failures: 0, Aborted: 1, Skipped: 7, Time elapsed: 10.459000 sec, [junitlauncher] Running org.apache.poi.xssf.usermodel.TestXSSFCell, [junitlauncher] , [junitlauncher] Running org.apache.poi.xssf.usermodel.TestXSSFCell, [junitlauncher] Tests run: 77, Failures: 0, Aborted: 0, Skipped: 0, Time elapsed: 0.678000 sec, [junitlauncher] Running org.apache.poi.xssf.usermodel.TestXSSFCellStyle, [junitlauncher] , [junitlauncher] Running org.apache.poi.xssf.usermodel.TestXSSFCellStyle, [junitlauncher] Tests run: 43, Failures: 0, Aborted: 0, Skipped: 0, Time elapsed: 0.133000 sec, [junitlauncher] Running org.apache.poi.xssf.usermodel.TestXSSFChart, [junitlauncher] , [junitlauncher] Running org.apache.poi.xssf.usermodel.TestXSSFChart, [junitlauncher] Tests run: 3, Failures: 0, Aborted: 0, Skipped: 0, Time elapsed: 0.056000 sec, [junitlauncher] Running org.apache.poi.xssf.usermodel.TestXSSFChartSheet, [junitlauncher] , [junitlauncher] Running org.apache.poi.xssf.usermodel.TestXSSFChartSheet, [junitlauncher] Tests run: 3, Failures: 0, Aborted: 0, Skipped: 0, Time elapsed: 0.024000 sec, [junitlauncher] Running org.apache.poi.xssf.usermodel.TestXSSFColGrouping, [junitlauncher] , [junitlauncher] Running org.apache.poi.xssf.usermodel.TestXSSFColGrouping, [junitlauncher] Tests run: 6, Failures: 0, Aborted: 0, Skipped: 0, Time elapsed: 0.040000 sec, [junitlauncher] Running org.apache.poi.xssf.usermodel.TestXSSFColor, [junitlauncher] , [junitlauncher] Running org.apache.poi.xssf.usermodel.TestXSSFColor, [junitlauncher] Tests run: 4, Failures: 0, Aborted: 0, Skipped: 0, Time elapsed: 0.045000 sec, [junitlauncher] Running org.apache.poi.xssf.usermodel.TestXSSFComment, [junitlauncher] , [junitlauncher] Running org.apache.poi.xssf.usermodel.TestXSSFComment, [junitlauncher] Tests run: 18, Failures: 0, Aborted: 0, Skipped: 0, Time elapsed: 0.167000 sec, [junitlauncher] Running org.apache.poi.xssf.usermodel.TestXSSFConditionalFormatting, [junitlauncher] , [junitlauncher] Running org.apache.poi.xssf.usermodel.TestXSSFConditionalFormatting, [junitlauncher]    Failed: testCreateDataBarFormatting(), [junitlauncher]    Failed: testReadOffice2007(), [junitlauncher] Tests run: 23, Failures: 2, Aborted: 0, Skipped: 0, Time elapsed: 0.123000 sec, BUILD FAILED, /opt/poi-benchmark/sources/build.xml:1795: The following error occurred while executing this line:, /opt/poi-benchmark/sources/build.xml:1767: The following error occurred while executing this line:, /opt/poi-benchmark/sources/build.xml:1383: Some test(s) have failure(s), Total time: 3 minutes 9 seconds]
	at org.apache.poi.benchmark.suite.BaseBenchmark.runAntTarget(BaseBenchmark.java:214)
	at org.apache.poi.benchmark.suite.BaseBenchmark.testOOXMLLite(BaseBenchmark.java:193)
	at org.apache.poi.benchmark.suite.TestBenchmarks.benchmarkTestOOXMLLite(TestBenchmarks.java:33)
	at org.apache.poi.benchmark.suite.jmh_generated.TestBenchmarks_benchmarkTestOOXMLLite_jmhTest.benchmarkTestOOXMLLite_ss_jmhStub(TestBenchmarks_benchmarkTestOOXMLLite_jmhTest.java:320)
	at org.apache.poi.benchmark.suite.jmh_generated.TestBenchmarks_benchmarkTestOOXMLLite_jmhTest.benchmarkTestOOXMLLite_SingleShotTime(TestBenchmarks_benchmarkTestOOXMLLite_jmhTest.java:299)
	at java.base/jdk.internal.reflect.NativeMethodAccessorImpl.invoke0(Native Method)
	at java.base/jdk.internal.reflect.NativeMethodAccessorImpl.invoke(NativeMethodAccessorImpl.java:62)
	at java.base/jdk.internal.reflect.DelegatingMethodAccessorImpl.invoke(DelegatingMethodAccessorImpl.java:43)
	at java.base/java.lang.reflect.Method.invoke(Method.java:566)
	at org.openjdk.jmh.runner.BenchmarkHandler$BenchmarkTask.call(BenchmarkHandler.java:453)
	at org.openjdk.jmh.runner.BenchmarkHandler$BenchmarkTask.call(BenchmarkHandler.java:437)
	at java.base/java.util.concurrent.FutureTask.run(FutureTask.java:264)
	at java.base/java.util.concurrent.Executors$RunnableAdapter.call(Executors.java:515)
	at java.base/java.util.concurrent.FutureTask.run(FutureTask.java:264)
	at java.base/java.util.concurrent.ThreadPoolExecutor.runWorker(ThreadPoolExecutor.java:1128)
	at java.base/java.util.concurrent.ThreadPoolExecutor$Worker.run(ThreadPoolExecutor.java:628)
	at java.base/java.lang.Thread.run(Thread.java:829)
Caused by: org.apache.commons.exec.ExecuteException: While executing (sources); [ant, test-ooxml-lite] (Exit value: 1. Caused by org.apache.commons.exec.ExecuteException: Process exited with an error: 1 (Exit value: 1))
	at org.dstadler.commons.exec.ExecutionHelper.execute(ExecutionHelper.java:153)
	at org.dstadler.commons.exec.ExecutionHelper.getCommandResultIntoStream(ExecutionHelper.java:127)
	at org.apache.poi.benchmark.suite.BaseBenchmark.runAntTarget(BaseBenchmark.java:210)
	... 16 more
Caused by: org.apache.commons.exec.ExecuteException: Process exited with an error: 1 (Exit value: 1)
	at org.apache.commons.exec.DefaultExecutor.executeInternal(DefaultExecutor.java:404)
	at org.apache.commons.exec.DefaultExecutor.execute(DefaultExecutor.java:166)
	at org.dstadler.commons.exec.ExecutionHelper.execute(ExecutionHelper.java:148)
	... 18 more


# JMH version: 1.27
# VM version: JDK 11.0.11, OpenJDK 64-Bit Server VM, 11.0.11+9-Ubuntu-0ubuntu2.20.04
# VM invoker: /usr/lib/jvm/java-11-openjdk-amd64/bin/java
# VM options: -Xmx8m -agentpath:/opt/dynatrace/oneagent/agent/bin/1.223.93.20210812-183551/linux-x86-64/liboneagentloader.so=loglevelcon=none,datastorage=/var/lib/dynatrace/oneagent/datastorage,logdir=/var/log/dynatrace/oneagent
# JMH blackhole mode: full blackhole + dont-inline hint
# Warmup: <none>
# Measurement: 1 iterations, single-shot each
# Timeout: 10 min per iteration
# Threads: 1 thread
# Benchmark mode: Single shot invocation time
# Benchmark: org.apache.poi.benchmark.suite.TestBenchmarks.benchmarkTestScratchpad

# Run progress: 90.00% complete, ETA 00:02:33
# Fork: N/A, test runs in the host VM
# *** WARNING: Non-forked runs may silently omit JVM options, mess up profilers, disable compiler hints, etc. ***
# *** WARNING: Use non-forked runs only for debugging purposes, not for actual performance runs. ***
Iteration   1: 68518.451 ms/op


# Run complete. Total time: 00:24:22

REMEMBER: The numbers below are just data. To gain reusable insights, you need to follow up on
why the numbers are the way they are. Use profilers (see -prof, -lprof), design factorial
experiments, perform baseline and negative tests that provide experimental control, make sure
the benchmarking environment is safe on JVM/OS/HW level, ask for reviews from the domain experts.
Do not assume the numbers tell you what you want them to tell.

Benchmark                                          Mode  Cnt       Score   Error  Units
BuildBenchmarks.benchmarkCompileAll                  ss       187970.219          ms/op
SSPerformanceBenchmarks.benchmarkHSSFPerformance     ss         4072.540          ms/op
SSPerformanceBenchmarks.benchmarkSXSSFPerformance    ss         5281.802          ms/op
SSPerformanceBenchmarks.benchmarkXSSFPerformance     ss         9294.508          ms/op
TestBenchmarks.benchmarkTestIntegration              ss       277412.591          ms/op
TestBenchmarks.benchmarkTestMain                     ss       238724.357          ms/op
TestBenchmarks.benchmarkTestScratchpad               ss        68518.451          ms/op

Benchmark result is saved to build/reports/jmh/results.json
