# JMH version: 1.35
# VM version: JDK 1.8.0_292, OpenJDK 64-Bit Server VM, 25.292-b10
# VM invoker: /usr/lib/jvm/adoptopenjdk-8-hotspot-amd64/jre/bin/java
# VM options: -Xmx8m
# Blackhole mode: full + dont-inline hint (auto-detected, use -Djmh.blackhole.autoDetect=false to disable)
# Warmup: <none>
# Measurement: 1 iterations, single-shot each
# Timeout: 10 min per iteration
# Threads: 1 thread
# Benchmark mode: Single shot invocation time
# Benchmark: org.apache.poi.benchmark.suite.BuildBenchmarks.benchmarkCompileAll

# Run progress: 0.00% complete, ETA 00:00:00
# Fork: N/A, test runs in the host VM
# *** WARNING: Non-forked runs may silently omit JVM options, mess up profilers, disable compiler hints, etc. ***
# *** WARNING: Use non-forked runs only for debugging purposes, not for actual performance runs. ***
Iteration   1: <failure>

java.io.IOException: Log-Tail: 
Log: Configuration on demand is an incubating feature.
    Log: > Configure project :
    Log: Trying to override old definition of datatype junit
    Log: Run with reduced parallelism for CI build
    Log: Run with reduced parallelism for CI build
    Log: Run with reduced parallelism for CI build
    Log: Run with reduced parallelism for CI build
    Log: Run with reduced parallelism for CI build
    Log: Run with reduced parallelism for CI build
    Log: Run with reduced parallelism for CI build
    Log: Run with reduced parallelism for CI build
    Log: Run with reduced parallelism for CI build
    Log: > Task :poi-examples:processResources NO-SOURCE
    Log: > Task :poi-integration:compileJava NO-SOURCE
    Log: > Task :poi-integration:processResources NO-SOURCE
    Log: > Task :poi-integration:classes UP-TO-DATE
    Log: > Task :poi-integration:getDeps NO-SOURCE
    Log: > Task :poi-ooxml-lite:generateModuleInfo UP-TO-DATE
    Log: > Task :poi:generateVersionJava
    Log: > Task :poi-excelant:processResources
    Log: > Task :poi-scratchpad:processResources
    Log: > Task :poi-scratchpad:processTestResources NO-SOURCE
    Log: > Task :poi-ooxml-full:copy_xsds
    Log: > Task :poi-ooxml:fixBatik
    Log: > Task :poi-ooxml:processResources
    Log: > Task :poi-ooxml:processTestResources
    Log: > Task :poi-ooxml-lite-agent:compileJava FAILED
    Log: [ant:xmlbean] /home/centic/poi-benchmark/sources/poi-ooxml-lite-agent/src/main/java/org/apache/poi/ooxml/lite/OOXMLLiteAgent.java:62: error: incompatible types: incompatible parameter types in lambda expression
    Log: [ant:xmlbean]             .transform((builder, type, cl, m) ->
    Log: [ant:xmlbean]                        ^
    Log: [ant:xmlbean] Note: Some messages have been simplified; recompile with -Xdiags:verbose to get full output
    Log: [ant:xmlbean] 1 error
    Log: > Task :poi:compileJava
    Log: [ant:xmlbean] /home/centic/poi-benchmark/sources/poi/src/main/java/org/apache/poi/util/GenericRecordUtil.java:132: warning: [unchecked] unchecked cast
    Log: [ant:xmlbean]                 m.putAll((Map<String,Supplier<?>>)baseMap);
    Log: [ant:xmlbean]                                                   ^
    Log: [ant:xmlbean]   required: java.util.Map<java.lang.String,java.util.function.Supplier<?>>
    Log: [ant:xmlbean]   found:    java.lang.Object
    Log: [ant:xmlbean] /home/centic/poi-benchmark/sources/poi/src/main/java/org/apache/poi/hssf/record/NameRecord.java:466: warning: [deprecation] readAllContinuedRemainder() in org.apache.poi.hssf.record.RecordInputStream has been deprecated
    Log: [ant:xmlbean]         byte[] remainder = ris.readAllContinuedRemainder();
    Log: [ant:xmlbean]                               ^
    Log: [ant:xmlbean] /home/centic/poi-benchmark/sources/poi/src/main/java/org/apache/poi/hssf/record/AbstractEscherHolderRecord.java:62: warning: [deprecation] readAllContinuedRemainder() in org.apache.poi.hssf.record.RecordInputStream has been deprecated
    Log: [ant:xmlbean]             byte[] data = in.readAllContinuedRemainder();
    Log: [ant:xmlbean]                             ^
    Log: [ant:xmlbean] /home/centic/poi-benchmark/sources/poi/src/main/java/org/apache/poi/ss/usermodel/CellBase.java:39: warning: [deprecation] setCellType(org.apache.poi.ss.usermodel.CellType) in org.apache.poi.ss.usermodel.Cell has been deprecated
    Log: [ant:xmlbean]     public final void setCellType(CellType cellType) {
    Log: [ant:xmlbean]                       ^
    Log: [ant:xmlbean] /home/centic/poi-benchmark/sources/poi/src/main/java/org/apache/poi/ss/formula/BaseFormulaEvaluator.java:225: warning: [deprecation] setCellType(org.apache.poi.ss.usermodel.CellType) in org.apache.poi.ss.usermodel.Cell has been deprecated
    Log: [ant:xmlbean]         cell.setCellType(cellType);
    Log: [ant:xmlbean]             ^
    Log: > Task :poi-ooxml-full:generate_beans
    Log: [ant:xmlbean] ERROR StatusLogger Log4j2 could not find a logging implementation. Please add log4j-core to the classpath. Using SimpleLogger to log to the console...
    Log: Time to build schema type system: 1.093 seconds
    Log: Time to generate code: 2.534 seconds
    Log: > Task :poi:compileJava
    Log: /home/centic/poi-benchmark/sources/poi/src/main/java/org/apache/poi/hssf/record/RecordFactoryInputStream.java:335: warning: [deprecation] processContinueRecord(byte[]) in org.apache.poi.hssf.record.DrawingRecord has been deprecated
    Log:                 _lastDrawingRecord.processContinueRecord(contRec.getData());
    Log:                                   ^
    Log: 6 warnings
    Log: FAILURE: Build failed with an exception.
    Log: * What went wrong:
    Log: Execution failed for task ':poi-ooxml-lite-agent:compileJava'.
    Log: > Compilation failed; see the compiler error output for details.
    Log: * Try:
    Log: > Run with --stacktrace option to get the stack trace.
    Log: > Run with --info or --debug option to get more log output.
    Log: > Run with --scan to get full insights.
    Log: * Get more help at https://help.gradle.org
    Log: BUILD FAILED in 5s
    Log: 11 actionable tasks: 10 executed, 1 up-to-date
	at org.apache.poi.benchmark.suite.BaseBenchmark.runGradleTarget(BaseBenchmark.java:260)
	at org.apache.poi.benchmark.suite.BaseBenchmark.compileAll(BaseBenchmark.java:211)
	at org.apache.poi.benchmark.suite.BuildBenchmarks.benchmarkCompileAll(BuildBenchmarks.java:16)
	at org.apache.poi.benchmark.suite.jmh_generated.BuildBenchmarks_benchmarkCompileAll_jmhTest.benchmarkCompileAll_ss_jmhStub(BuildBenchmarks_benchmarkCompileAll_jmhTest.java:320)
	at org.apache.poi.benchmark.suite.jmh_generated.BuildBenchmarks_benchmarkCompileAll_jmhTest.benchmarkCompileAll_SingleShotTime(BuildBenchmarks_benchmarkCompileAll_jmhTest.java:299)
	at sun.reflect.NativeMethodAccessorImpl.invoke0(Native Method)
	at sun.reflect.NativeMethodAccessorImpl.invoke(NativeMethodAccessorImpl.java:62)
	at sun.reflect.DelegatingMethodAccessorImpl.invoke(DelegatingMethodAccessorImpl.java:43)
	at java.lang.reflect.Method.invoke(Method.java:498)
	at org.openjdk.jmh.runner.BenchmarkHandler$BenchmarkTask.call(BenchmarkHandler.java:475)
	at org.openjdk.jmh.runner.BenchmarkHandler$BenchmarkTask.call(BenchmarkHandler.java:458)
	at java.util.concurrent.FutureTask.run(FutureTask.java:266)
	at java.util.concurrent.Executors$RunnableAdapter.call(Executors.java:511)
	at java.util.concurrent.FutureTask.run(FutureTask.java:266)
	at java.util.concurrent.ThreadPoolExecutor.runWorker(ThreadPoolExecutor.java:1149)
	at java.util.concurrent.ThreadPoolExecutor$Worker.run(ThreadPoolExecutor.java:624)
	at java.lang.Thread.run(Thread.java:748)
Caused by: org.apache.commons.exec.ExecuteException: While executing (sources); [bash, ./gradlew, compileJava, compileTestJava, getDeps] (Exit value: 1. Caused by org.apache.commons.exec.ExecuteException: Process exited with an error: 1 (Exit value: 1))
	at org.dstadler.commons.exec.ExecutionHelper.execute(ExecutionHelper.java:156)
	at org.dstadler.commons.exec.ExecutionHelper.getCommandResultIntoStream(ExecutionHelper.java:130)
	at org.apache.poi.benchmark.suite.BaseBenchmark.runGradleTarget(BaseBenchmark.java:256)
	... 16 more
Caused by: org.apache.commons.exec.ExecuteException: Process exited with an error: 1 (Exit value: 1)
	at org.apache.commons.exec.DefaultExecutor.executeInternal(DefaultExecutor.java:404)
	at org.apache.commons.exec.DefaultExecutor.execute(DefaultExecutor.java:166)
	at org.dstadler.commons.exec.ExecutionHelper.execute(ExecutionHelper.java:151)
	... 18 more


# JMH version: 1.35
# VM version: JDK 1.8.0_292, OpenJDK 64-Bit Server VM, 25.292-b10
# VM invoker: /usr/lib/jvm/adoptopenjdk-8-hotspot-amd64/jre/bin/java
# VM options: -Xmx8m
# Blackhole mode: full + dont-inline hint (auto-detected, use -Djmh.blackhole.autoDetect=false to disable)
# Warmup: <none>
# Measurement: 1 iterations, single-shot each
# Timeout: 10 min per iteration
# Threads: 1 thread
# Benchmark mode: Single shot invocation time
# Benchmark: org.apache.poi.benchmark.suite.SSPerformanceBenchmarks.benchmarkHSSFPerformance

# Run progress: 10.00% complete, ETA 00:02:24
# Fork: N/A, test runs in the host VM
# *** WARNING: Non-forked runs may silently omit JVM options, mess up profilers, disable compiler hints, etc. ***
# *** WARNING: Use non-forked runs only for debugging purposes, not for actual performance runs. ***
Iteration   1: <failure>

java.io.IOException: Log-Tail: 
Log: Configuration on demand is an incubating feature.
    Log: > Configure project :
    Log: Trying to override old definition of datatype junit
    Log: Run with reduced parallelism for CI build
    Log: Run with reduced parallelism for CI build
    Log: Run with reduced parallelism for CI build
    Log: Run with reduced parallelism for CI build
    Log: Run with reduced parallelism for CI build
    Log: Run with reduced parallelism for CI build
    Log: Run with reduced parallelism for CI build
    Log: Run with reduced parallelism for CI build
    Log: Run with reduced parallelism for CI build
    Log: > Task :poi-ooxml:fixBatik UP-TO-DATE
    Log: > Task :poi-examples:processResources NO-SOURCE
    Log: > Task :poi-ooxml-lite:generateModuleInfo UP-TO-DATE
    Log: > Task :poi-integration:compileJava NO-SOURCE
    Log: > Task :poi-scratchpad:processResources UP-TO-DATE
    Log: > Task :poi-excelant:processResources UP-TO-DATE
    Log: > Task :poi-ooxml:processResources UP-TO-DATE
    Log: > Task :poi:generateVersionJava UP-TO-DATE
    Log: > Task :poi-scratchpad:processTestResources NO-SOURCE
    Log: > Task :poi-integration:processResources NO-SOURCE
    Log: > Task :poi-integration:classes UP-TO-DATE
    Log: > Task :poi-integration:getDeps NO-SOURCE
    Log: > Task :poi-ooxml-full:copy_xsds UP-TO-DATE
    Log: > Task :poi-ooxml-full:generate_beans UP-TO-DATE
    Log: > Task :poi-ooxml:processTestResources UP-TO-DATE
    Log: > Task :poi:compileJava UP-TO-DATE
    Log: > Task :poi-ooxml-lite-agent:compileJava FAILED
    Log: /home/centic/poi-benchmark/sources/poi-ooxml-lite-agent/src/main/java/org/apache/poi/ooxml/lite/OOXMLLiteAgent.java:62: error: incompatible types: incompatible parameter types in lambda expression
    Log:             .transform((builder, type, cl, m) ->
    Log:                        ^
    Log: Note: Some messages have been simplified; recompile with -Xdiags:verbose to get full output
    Log: 1 error
    Log: > Task :poi:compileJava9
    Log: > Task :poi-ooxml-lite:compileOoxmlLite
    Log: Execution optimizations have been disabled for task ':poi-ooxml-lite:compileOoxmlLite' to ensure correctness due to the following reasons:
    Log:   - Gradle detected a problem with the following location: '/home/centic/poi-benchmark/sources/poi-ooxml-full/build'. Reason: Task ':poi-ooxml-lite:compileOoxmlLite' uses this output of task ':poi-ooxml-full:compileJava' without declaring an explicit or implicit dependency. This can lead to incorrect results being produced, depending on what order the tasks are executed. Please refer to https://docs.gradle.org/7.5/userguide/validation_problems.html#implicit_dependency for more details about this problem.
    Log: > Task :poi-ooxml-full:compileJava
    Log: > Task :poi-ooxml-full:compileJava
    Log: FAILURE: Build failed with an exception.
    Log: * What went wrong:
    Log: Execution failed for task ':poi-ooxml-lite-agent:compileJava'.
    Log: > Compilation failed; see the compiler error output for details.
    Log: * Try:
    Log: > Run with --stacktrace option to get the stack trace.
    Log: > Run with --info or --debug option to get more log output.
    Log: > Run with --scan to get full insights.
    Log: * Get more help at https://help.gradle.org
    Log: Deprecated Gradle features were used in this build, making it incompatible with Gradle 8.0.
    Log: You can use '--warning-mode all' to show the individual deprecation warnings and determine if they come from your own scripts or plugins.
    Log: See https://docs.gradle.org/7.5/userguide/command_line_interface.html#sec:command_line_warnings
    Log: Execution optimizations have been disabled for 1 invalid unit(s) of work during this build to ensure correctness.
    Log: Please consult deprecation warnings for more details.
    Log: BUILD FAILED in 17s
    Log: 14 actionable tasks: 4 executed, 10 up-to-date
	at org.apache.poi.benchmark.suite.BaseBenchmark.runGradleTarget(BaseBenchmark.java:260)
	at org.apache.poi.benchmark.suite.BaseBenchmark.compileAll(BaseBenchmark.java:211)
	at org.apache.poi.benchmark.suite.SSPerformanceBenchmarks.setUp(SSPerformanceBenchmarks.java:12)
	at org.apache.poi.benchmark.suite.jmh_generated.SSPerformanceBenchmarks_benchmarkHSSFPerformance_jmhTest._jmh_tryInit_f_ssperformancebenchmarks0_0(SSPerformanceBenchmarks_benchmarkHSSFPerformance_jmhTest.java:335)
	at org.apache.poi.benchmark.suite.jmh_generated.SSPerformanceBenchmarks_benchmarkHSSFPerformance_jmhTest.benchmarkHSSFPerformance_SingleShotTime(SSPerformanceBenchmarks_benchmarkHSSFPerformance_jmhTest.java:291)
	at sun.reflect.NativeMethodAccessorImpl.invoke0(Native Method)
	at sun.reflect.NativeMethodAccessorImpl.invoke(NativeMethodAccessorImpl.java:62)
	at sun.reflect.DelegatingMethodAccessorImpl.invoke(DelegatingMethodAccessorImpl.java:43)
	at java.lang.reflect.Method.invoke(Method.java:498)
	at org.openjdk.jmh.runner.BenchmarkHandler$BenchmarkTask.call(BenchmarkHandler.java:475)
	at org.openjdk.jmh.runner.BenchmarkHandler$BenchmarkTask.call(BenchmarkHandler.java:458)
	at java.util.concurrent.FutureTask.run(FutureTask.java:266)
	at java.util.concurrent.Executors$RunnableAdapter.call(Executors.java:511)
	at java.util.concurrent.FutureTask.run(FutureTask.java:266)
	at java.util.concurrent.ThreadPoolExecutor.runWorker(ThreadPoolExecutor.java:1149)
	at java.util.concurrent.ThreadPoolExecutor$Worker.run(ThreadPoolExecutor.java:624)
	at java.lang.Thread.run(Thread.java:748)
Caused by: org.apache.commons.exec.ExecuteException: While executing (sources); [bash, ./gradlew, compileJava, compileTestJava, getDeps] (Exit value: 1. Caused by org.apache.commons.exec.ExecuteException: Process exited with an error: 1 (Exit value: 1))
	at org.dstadler.commons.exec.ExecutionHelper.execute(ExecutionHelper.java:156)
	at org.dstadler.commons.exec.ExecutionHelper.getCommandResultIntoStream(ExecutionHelper.java:130)
	at org.apache.poi.benchmark.suite.BaseBenchmark.runGradleTarget(BaseBenchmark.java:256)
	... 16 more
Caused by: org.apache.commons.exec.ExecuteException: Process exited with an error: 1 (Exit value: 1)
	at org.apache.commons.exec.DefaultExecutor.executeInternal(DefaultExecutor.java:404)
	at org.apache.commons.exec.DefaultExecutor.execute(DefaultExecutor.java:166)
	at org.dstadler.commons.exec.ExecutionHelper.execute(ExecutionHelper.java:151)
	... 18 more


# JMH version: 1.35
# VM version: JDK 1.8.0_292, OpenJDK 64-Bit Server VM, 25.292-b10
# VM invoker: /usr/lib/jvm/adoptopenjdk-8-hotspot-amd64/jre/bin/java
# VM options: -Xmx8m
# Blackhole mode: full + dont-inline hint (auto-detected, use -Djmh.blackhole.autoDetect=false to disable)
# Warmup: <none>
# Measurement: 1 iterations, single-shot each
# Timeout: 10 min per iteration
# Threads: 1 thread
# Benchmark mode: Single shot invocation time
# Benchmark: org.apache.poi.benchmark.suite.SSPerformanceBenchmarks.benchmarkSXSSFPerformance

# Run progress: 20.00% complete, ETA 00:02:20
# Fork: N/A, test runs in the host VM
# *** WARNING: Non-forked runs may silently omit JVM options, mess up profilers, disable compiler hints, etc. ***
# *** WARNING: Use non-forked runs only for debugging purposes, not for actual performance runs. ***
Iteration   1: <failure>

java.io.IOException: Log-Tail: 
Log: Configuration on demand is an incubating feature.
    Log: > Configure project :
    Log: Trying to override old definition of datatype junit
    Log: Run with reduced parallelism for CI build
    Log: Run with reduced parallelism for CI build
    Log: Run with reduced parallelism for CI build
    Log: Run with reduced parallelism for CI build
    Log: Run with reduced parallelism for CI build
    Log: Run with reduced parallelism for CI build
    Log: Run with reduced parallelism for CI build
    Log: Run with reduced parallelism for CI build
    Log: Run with reduced parallelism for CI build
    Log: > Task :poi-examples:processResources NO-SOURCE
    Log: > Task :poi-ooxml:fixBatik UP-TO-DATE
    Log: > Task :poi-integration:compileJava NO-SOURCE
    Log: > Task :poi-ooxml-lite:generateModuleInfo UP-TO-DATE
    Log: > Task :poi:generateVersionJava UP-TO-DATE
    Log: > Task :poi-ooxml-full:copy_xsds UP-TO-DATE
    Log: > Task :poi-ooxml-full:generate_beans UP-TO-DATE
    Log: > Task :poi-scratchpad:processResources UP-TO-DATE
    Log: > Task :poi-excelant:processResources UP-TO-DATE
    Log: > Task :poi-scratchpad:processTestResources NO-SOURCE
    Log: > Task :poi-ooxml:processResources UP-TO-DATE
    Log: > Task :poi-integration:processResources NO-SOURCE
    Log: > Task :poi-integration:classes UP-TO-DATE
    Log: > Task :poi-ooxml:processTestResources UP-TO-DATE
    Log: > Task :poi-integration:getDeps NO-SOURCE
    Log: > Task :poi:compileJava UP-TO-DATE
    Log: > Task :poi:compileJava9 UP-TO-DATE
    Log: > Task :poi-ooxml-full:compileJava UP-TO-DATE
    Log: > Task :poi-ooxml-full:processResources NO-SOURCE
    Log: > Task :poi-ooxml-full:classes UP-TO-DATE
    Log: > Task :poi:cacheJava9
    Log: > Task :poi:processResources
    Log: > Task :poi:classes
    Log: > Task :poi-ooxml-lite-agent:compileJava FAILED
    Log: /home/centic/poi-benchmark/sources/poi-ooxml-lite-agent/src/main/java/org/apache/poi/ooxml/lite/OOXMLLiteAgent.java:62: error: incompatible types: incompatible parameter types in lambda expression
    Log:             .transform((builder, type, cl, m) ->
    Log:                        ^
    Log: Note: Some messages have been simplified; recompile with -Xdiags:verbose to get full output
    Log: 1 error
    Log: > Task :poi:jar
    Log: > Task :poi-ooxml-full:sourceJar
    Log: > Task :poi-ooxml-lite:compileOoxmlLite
    Log: Execution optimizations have been disabled for task ':poi-ooxml-lite:compileOoxmlLite' to ensure correctness due to the following reasons:
    Log:   - Gradle detected a problem with the following location: '/home/centic/poi-benchmark/sources/poi-ooxml-full/build'. Reason: Task ':poi-ooxml-lite:compileOoxmlLite' uses this output of task ':poi-ooxml-full:compileJava' without declaring an explicit or implicit dependency. This can lead to incorrect results being produced, depending on what order the tasks are executed. Please refer to https://docs.gradle.org/7.5/userguide/validation_problems.html#implicit_dependency for more details about this problem.
    Log: FAILURE: Build failed with an exception.
    Log: * What went wrong:
    Log: Execution failed for task ':poi-ooxml-lite-agent:compileJava'.
    Log: > Compilation failed; see the compiler error output for details.
    Log: * Try:
    Log: > Run with --stacktrace option to get the stack trace.
    Log: > Run with 
    Log: Deprecated Gradle features were used in this build, making it incompatible with Gradle 8.0.
    Log: You can use '--warning-mode all' to show the individual deprecation warnings and determine if they come from your own scripts or plugins.
    Log: See https://docs.gradle.org/7.5/userguide/command_line_interface.html#sec:command_line_warnings--info or --debug option to get more log output.
    Log: > Run with --scan to get full insights.
    Log: * Get more help at https://help.gradle.org
    Log: Execution optimizations have been disabled for 1 invalid unit(s) of work during this build to ensure correctness.
    Log: Please consult deprecation warnings for more details.
    Log: BUILD FAILED in 3s
    Log: 18 actionable tasks: 6 executed, 12 up-to-date
	at org.apache.poi.benchmark.suite.BaseBenchmark.runGradleTarget(BaseBenchmark.java:260)
	at org.apache.poi.benchmark.suite.BaseBenchmark.compileAll(BaseBenchmark.java:211)
	at org.apache.poi.benchmark.suite.SSPerformanceBenchmarks.setUp(SSPerformanceBenchmarks.java:12)
	at org.apache.poi.benchmark.suite.jmh_generated.SSPerformanceBenchmarks_benchmarkSXSSFPerformance_jmhTest._jmh_tryInit_f_ssperformancebenchmarks0_0(SSPerformanceBenchmarks_benchmarkSXSSFPerformance_jmhTest.java:335)
	at org.apache.poi.benchmark.suite.jmh_generated.SSPerformanceBenchmarks_benchmarkSXSSFPerformance_jmhTest.benchmarkSXSSFPerformance_SingleShotTime(SSPerformanceBenchmarks_benchmarkSXSSFPerformance_jmhTest.java:291)
	at sun.reflect.NativeMethodAccessorImpl.invoke0(Native Method)
	at sun.reflect.NativeMethodAccessorImpl.invoke(NativeMethodAccessorImpl.java:62)
	at sun.reflect.DelegatingMethodAccessorImpl.invoke(DelegatingMethodAccessorImpl.java:43)
	at java.lang.reflect.Method.invoke(Method.java:498)
	at org.openjdk.jmh.runner.BenchmarkHandler$BenchmarkTask.call(BenchmarkHandler.java:475)
	at org.openjdk.jmh.runner.BenchmarkHandler$BenchmarkTask.call(BenchmarkHandler.java:458)
	at java.util.concurrent.FutureTask.run(FutureTask.java:266)
	at java.util.concurrent.Executors$RunnableAdapter.call(Executors.java:511)
	at java.util.concurrent.FutureTask.run(FutureTask.java:266)
	at java.util.concurrent.ThreadPoolExecutor.runWorker(ThreadPoolExecutor.java:1149)
	at java.util.concurrent.ThreadPoolExecutor$Worker.run(ThreadPoolExecutor.java:624)
	at java.lang.Thread.run(Thread.java:748)
Caused by: org.apache.commons.exec.ExecuteException: While executing (sources); [bash, ./gradlew, compileJava, compileTestJava, getDeps] (Exit value: 1. Caused by org.apache.commons.exec.ExecuteException: Process exited with an error: 1 (Exit value: 1))
	at org.dstadler.commons.exec.ExecutionHelper.execute(ExecutionHelper.java:156)
	at org.dstadler.commons.exec.ExecutionHelper.getCommandResultIntoStream(ExecutionHelper.java:130)
	at org.apache.poi.benchmark.suite.BaseBenchmark.runGradleTarget(BaseBenchmark.java:256)
	... 16 more
Caused by: org.apache.commons.exec.ExecuteException: Process exited with an error: 1 (Exit value: 1)
	at org.apache.commons.exec.DefaultExecutor.executeInternal(DefaultExecutor.java:404)
	at org.apache.commons.exec.DefaultExecutor.execute(DefaultExecutor.java:166)
	at org.dstadler.commons.exec.ExecutionHelper.execute(ExecutionHelper.java:151)
	... 18 more


# JMH version: 1.35
# VM version: JDK 1.8.0_292, OpenJDK 64-Bit Server VM, 25.292-b10
# VM invoker: /usr/lib/jvm/adoptopenjdk-8-hotspot-amd64/jre/bin/java
# VM options: -Xmx8m
# Blackhole mode: full + dont-inline hint (auto-detected, use -Djmh.blackhole.autoDetect=false to disable)
# Warmup: <none>
# Measurement: 1 iterations, single-shot each
# Timeout: 10 min per iteration
# Threads: 1 thread
# Benchmark mode: Single shot invocation time
# Benchmark: org.apache.poi.benchmark.suite.SSPerformanceBenchmarks.benchmarkXSSFPerformance

# Run progress: 30.00% complete, ETA 00:01:35
# Fork: N/A, test runs in the host VM
# *** WARNING: Non-forked runs may silently omit JVM options, mess up profilers, disable compiler hints, etc. ***
# *** WARNING: Use non-forked runs only for debugging purposes, not for actual performance runs. ***
Iteration   1: <failure>

java.io.IOException: Log-Tail: 
Log: Configuration on demand is an incubating feature.
    Log: > Configure project :
    Log: Trying to override old definition of datatype junit
    Log: Run with reduced parallelism for CI build
    Log: Run with reduced parallelism for CI build
    Log: Run with reduced parallelism for CI build
    Log: Run with reduced parallelism for CI build
    Log: Run with reduced parallelism for CI build
    Log: Run with reduced parallelism for CI build
    Log: Run with reduced parallelism for CI build
    Log: Run with reduced parallelism for CI build
    Log: Run with reduced parallelism for CI build
    Log: > Task :poi-examples:processResources NO-SOURCE
    Log: > Task :poi-integration:compileJava NO-SOURCE
    Log: > Task :poi:generateVersionJava UP-TO-DATE
    Log: > Task :poi-excelant:processResources UP-TO-DATE
    Log: > Task :poi-ooxml-lite:generateModuleInfo UP-TO-DATE
    Log: > Task :poi-integration:processResources NO-SOURCE
    Log: > Task :poi-integration:classes UP-TO-DATE
    Log: > Task :poi-ooxml:fixBatik UP-TO-DATE
    Log: > Task :poi-integration:getDeps NO-SOURCE
    Log: > Task :poi-scratchpad:processResources UP-TO-DATE
    Log: > Task :poi-ooxml-full:copy_xsds UP-TO-DATE
    Log: > Task :poi-scratchpad:processTestResources NO-SOURCE
    Log: > Task :poi-ooxml:processResources UP-TO-DATE
    Log: > Task :poi-ooxml:processTestResources UP-TO-DATE
    Log: > Task :poi:compileJava UP-TO-DATE
    Log: > Task :poi-ooxml-lite-agent:compileJava FAILED
    Log: /home/centic/poi-benchmark/sources/poi-ooxml-lite-agent/src/main/java/org/apache/poi/ooxml/lite/OOXMLLiteAgent.java:62: error: incompatible types: incompatible parameter types in lambda expression
    Log:             .transform((builder, type, cl, m) ->
    Log:             .transform((builder, type, cl, m) ->
    Log:                        ^
    Log: Note: Some messages have been simplified; recompile with -Xdiags:verbose to get full output
    Log: 1 error
    Log: > Task :poi:compileJava9 UP-TO-DATE
    Log: > Task :poi-ooxml-full:generate_beans UP-TO-DATE
    Log: FAILURE: Build failed with an exception.
    Log: * What went wrong:
    Log: Execution failed for task ':poi-ooxml-lite-agent:compileJava'.
    Log: > Compilation failed; see the compiler error output for details.
    Log: * Try:
    Log: > Run with --stacktrace option to get the stack trace.
    Log: > Run with --info or --debug option to get more log output.
    Log: > Run with --scan to get full insights.
    Log: * Get more help at https://help.gradle.org
    Log: BUILD FAILED in 679ms
    Log: 12 actionable tasks: 1 executed, 11 up-to-date
	at org.apache.poi.benchmark.suite.BaseBenchmark.runGradleTarget(BaseBenchmark.java:260)
	at org.apache.poi.benchmark.suite.BaseBenchmark.compileAll(BaseBenchmark.java:211)
	at org.apache.poi.benchmark.suite.SSPerformanceBenchmarks.setUp(SSPerformanceBenchmarks.java:12)
	at org.apache.poi.benchmark.suite.jmh_generated.SSPerformanceBenchmarks_benchmarkXSSFPerformance_jmhTest._jmh_tryInit_f_ssperformancebenchmarks0_0(SSPerformanceBenchmarks_benchmarkXSSFPerformance_jmhTest.java:335)
	at org.apache.poi.benchmark.suite.jmh_generated.SSPerformanceBenchmarks_benchmarkXSSFPerformance_jmhTest.benchmarkXSSFPerformance_SingleShotTime(SSPerformanceBenchmarks_benchmarkXSSFPerformance_jmhTest.java:291)
	at sun.reflect.NativeMethodAccessorImpl.invoke0(Native Method)
	at sun.reflect.NativeMethodAccessorImpl.invoke(NativeMethodAccessorImpl.java:62)
	at sun.reflect.DelegatingMethodAccessorImpl.invoke(DelegatingMethodAccessorImpl.java:43)
	at java.lang.reflect.Method.invoke(Method.java:498)
	at org.openjdk.jmh.runner.BenchmarkHandler$BenchmarkTask.call(BenchmarkHandler.java:475)
	at org.openjdk.jmh.runner.BenchmarkHandler$BenchmarkTask.call(BenchmarkHandler.java:458)
	at java.util.concurrent.FutureTask.run(FutureTask.java:266)
	at java.util.concurrent.Executors$RunnableAdapter.call(Executors.java:511)
	at java.util.concurrent.FutureTask.run(FutureTask.java:266)
	at java.util.concurrent.ThreadPoolExecutor.runWorker(ThreadPoolExecutor.java:1149)
	at java.util.concurrent.ThreadPoolExecutor$Worker.run(ThreadPoolExecutor.java:624)
	at java.lang.Thread.run(Thread.java:748)
Caused by: org.apache.commons.exec.ExecuteException: While executing (sources); [bash, ./gradlew, compileJava, compileTestJava, getDeps] (Exit value: 1. Caused by org.apache.commons.exec.ExecuteException: Process exited with an error: 1 (Exit value: 1))
	at org.dstadler.commons.exec.ExecutionHelper.execute(ExecutionHelper.java:156)
	at org.dstadler.commons.exec.ExecutionHelper.getCommandResultIntoStream(ExecutionHelper.java:130)
	at org.apache.poi.benchmark.suite.BaseBenchmark.runGradleTarget(BaseBenchmark.java:256)
	... 16 more
Caused by: org.apache.commons.exec.ExecuteException: Process exited with an error: 1 (Exit value: 1)
	at org.apache.commons.exec.DefaultExecutor.executeInternal(DefaultExecutor.java:404)
	at org.apache.commons.exec.DefaultExecutor.execute(DefaultExecutor.java:166)
	at org.dstadler.commons.exec.ExecutionHelper.execute(ExecutionHelper.java:151)
	... 18 more


# JMH version: 1.35
# VM version: JDK 1.8.0_292, OpenJDK 64-Bit Server VM, 25.292-b10
# VM invoker: /usr/lib/jvm/adoptopenjdk-8-hotspot-amd64/jre/bin/java
# VM options: -Xmx8m
# Blackhole mode: full + dont-inline hint (auto-detected, use -Djmh.blackhole.autoDetect=false to disable)
# Warmup: <none>
# Measurement: 1 iterations, single-shot each
# Timeout: 10 min per iteration
# Threads: 1 thread
# Benchmark mode: Single shot invocation time
# Benchmark: org.apache.poi.benchmark.suite.TestBenchmarks.benchmarkTestExcelant

# Run progress: 40.00% complete, ETA 00:01:04
# Fork: N/A, test runs in the host VM
# *** WARNING: Non-forked runs may silently omit JVM options, mess up profilers, disable compiler hints, etc. ***
# *** WARNING: Use non-forked runs only for debugging purposes, not for actual performance runs. ***
Iteration   1: <failure>

java.io.IOException: Log-Tail: 
Log:             assertEquals(marginBottom, sheet.getMargin(Sheet.BottomMargin), 0.0);
    Log:                                             ^
    Log: /home/centic/poi-benchmark/sources/poi/src/test/java/org/apache/poi/ss/usermodel/BaseTestSheet.java:828: warning: [deprecation] setMargin(short,double) in org.apache.poi.ss.usermodel.Sheet has been deprecated
    Log:             sheet.setMargin(Sheet.RightMargin, 11.0);
    Log:                  ^
    Log: /home/centic/poi-benchmark/sources/poi/src/test/java/org/apache/poi/ss/usermodel/BaseTestSheet.java:829: warning: [deprecation] getMargin(short) in org.apache.poi.ss.usermodel.Sheet has been deprecated
    Log:             assertEquals(11.0, sheet.getMargin(Sheet.RightMargin), 0.0);
    Log:                                     ^
    Log: /home/centic/poi-benchmark/sources/poi/src/test/java/org/apache/poi/ss/usermodel/BaseTestSheet.java:830: warning: [deprecation] setMargin(short,double) in org.apache.poi.ss.usermodel.Sheet has been deprecated
    Log:             sheet.setMargin(Sheet.TopMargin, 12.0);
    Log:                  ^
    Log: /home/centic/poi-benchmark/sources/poi/src/test/java/org/apache/poi/ss/usermodel/BaseTestSheet.java:831: warning: [deprecation] getMargin(short) in org.apache.poi.ss.usermodel.Sheet has been deprecated
    Log:             assertEquals(12.0, sheet.getMargin(Sheet.TopMargin), 0.0);
    Log:                                     ^
    Log: /home/centic/poi-benchmark/sources/poi/src/test/java/org/apache/poi/ss/usermodel/BaseTestSheet.java:832: warning: [deprecation] setMargin(short,double) in org.apache.poi.ss.usermodel.Sheet has been deprecated
    Log:             sheet.setMargin(Sheet.BottomMargin, 13.0);
    Log:                  ^
    Log: /home/centic/poi-benchmark/sources/poi/src/test/java/org/apache/poi/ss/usermodel/BaseTestSheet.java:833: warning: [deprecation] getMargin(short) in org.apache.poi.ss.usermodel.Sheet has been deprecated
    Log:             assertEquals(13.0, sheet.getMargin(Sheet.BottomMargin), 0.0);
    Log:                                     ^
    Log: /home/centic/poi-benchmark/sources/poi/src/test/java/org/apache/poi/ss/usermodel/BaseTestSheet.java:835: warning: [deprecation] setMargin(short,double) in org.apache.poi.ss.usermodel.Sheet has been deprecated
    Log:             sheet.setMargin(Sheet.FooterMargin, 5.6);
    Log:                  ^
    Log: /home/centic/poi-benchmark/sources/poi/src/test/java/org/apache/poi/ss/usermodel/BaseTestSheet.java:836: warning: [deprecation] getMargin(short) in org.apache.poi.ss.usermodel.Sheet has been deprecated
    Log:             assertEquals(5.6, sheet.getMargin(Sheet.FooterMargin), 0.0);
    Log:                                    ^
    Log: /home/centic/poi-benchmark/sources/poi/src/test/java/org/apache/poi/ss/usermodel/BaseTestSheet.java:837: warning: [deprecation] setMargin(short,double) in org.apache.poi.ss.usermodel.Sheet has been deprecated
    Log:             sheet.setMargin(Sheet.HeaderMargin, 11.5);
    Log:                  ^
    Log: /home/centic/poi-benchmark/sources/poi/src/test/java/org/apache/poi/ss/usermodel/BaseTestSheet.java:838: warning: [deprecation] getMargin(short) in org.apache.poi.ss.usermodel.Sheet has been deprecated
    Log:             assertEquals(11.5, sheet.getMargin(Sheet.HeaderMargin), 0.0);
    Log:                                     ^
    Log: /home/centic/poi-benchmark/sources/poi/src/test/java/org/apache/poi/ss/usermodel/BaseTestSheet.java:843: warning: [deprecation] setMargin(short,double) in org.apache.poi.ss.usermodel.Sheet has been deprecated
    Log:                 () -> sheet.setMargin((short) 65, 15)
    Log:                            ^
    Log: /home/centic/poi-benchmark/sources/poi/src/test/java/org/apache/poi/ss/usermodel/BaseTestSheetUpdateArrayFormulas.java:277: warning: [deprecation] setCellType(org.apache.poi.ss.usermodel.CellType) in org.apache.poi.ss.usermodel.Cell has been deprecated
    Log:             scell.setCellType(CellType.STRING);
    Log:                  ^
    Log: /home/centic/poi-benchmark/sources/poi/src/test/java/org/apache/poi/ss/usermodel/BaseTestSheetUpdateArrayFormulas.java:287: warning: [deprecation] setCellType(org.apache.poi.ss.usermodel.CellType) in org.apache.poi.ss.usermodel.Cell has been deprecated
    Log:                 IllegalStateException e = assertThrows(IllegalStateException.class, () -> mcell.setCellType(CellType.NUMERIC));
    Log:                                                                                                ^
    Log: /home/centic/poi-benchmark/sources/poi/src/test/java/org/apache/poi/hssf/model/TestSheet.java:554: warning: [deprecation] setMargin(short,double) in org.apache.poi.hssf.usermodel.HSSFSheet has been deprecated
    Log:         sheet.setMargin(HSSFSheet.LeftMargin, 0.3);
    Log:              ^
    Log: /home/centic/poi-benchmark/sources/poi/src/test/java/org/apache/poi/hssf/usermodel/TestHSSFCell.java:385: warning: [deprecation] setCellType(org.apache.poi.ss.usermodel.CellType) in org.apache.poi.ss.usermodel.Cell has been deprecated
    Log:             cell.setCellType(CellType.STRING);
    Log:                 ^
    Log: /home/centic/poi-benchmark/sources/poi/src/test/java/org/apache/poi/hssf/usermodel/TestHSSFCell.java:389: warning: [deprecation] setCellType(org.apache.poi.ss.usermodel.CellType) in org.apache.poi.ss.usermodel.Cell has been deprecated
    Log:             cell.setCellType(CellType.BOOLEAN);
    Log:                 ^
    Log: /home/centic/poi-benchmark/sources/poi/src/test/java/org/apache/poi/hssf/usermodel/TestHSSFCell.java:391: warning: [deprecation] setCellType(org.apache.poi.ss.usermodel.CellType) in org.apache.poi.ss.usermodel.Cell has been deprecated
    Log:             cell.setCellType(CellType.BOOLEAN);
    Log:                 ^
    Log: /home/centic/poi-benchmark/sources/poi/src/test/java/org/apache/poi/hssf/usermodel/TestHSSFCell.java:394: warning: [deprecation] setCellType(org.apache.poi.ss.usermodel.CellType) in org.apache.poi.ss.usermodel.Cell has been deprecated
    Log:             cell.setCellType(CellType.BOOLEAN);
    Log:                 ^
    Log: /home/centic/poi-benchmark/sources/poi/src/test/java/org/apache/poi/hssf/usermodel/TestHSSFCell.java:398: warning: [deprecation] setCellType(org.apache.poi.ss.usermodel.CellType) in org.apache.poi.ss.usermodel.Cell has been deprecated
    Log:             cell.setCellType(CellType.BOOLEAN);
    Log:                 ^
    Log: /home/centic/poi-benchmark/sources/poi/src/test/java/org/apache/poi/hssf/usermodel/TestHSSFCell.java:399: warning: [deprecation] setCellType(org.apache.poi.ss.usermodel.CellType) in org.apache.poi.ss.usermodel.Cell has been deprecated
    Log:             cell.setCellType(CellType.STRING);
    Log:                 ^
    Log: /home/centic/poi-benchmark/sources/poi/src/test/java/org/apache/poi/hssf/usermodel/TestHSSFCell.java:400: warning: [deprecation] setCellType(org.apache.poi.ss.usermodel.CellType) in org.apache.poi.ss.usermodel.Cell has been deprecated
    Log:             cell.setCellType(CellType.ERROR);
    Log:                 ^
    Log: /home/centic/poi-benchmark/sources/poi/src/test/java/org/apache/poi/hssf/usermodel/TestHSSFCell.java:401: warning: [deprecation] setCellType(org.apache.poi.ss.usermodel.CellType) in org.apache.poi.ss.usermodel.Cell has been deprecated
    Log:             cell.setCellType(CellType.STRING);
    Log:                 ^
    Log: /home/centic/poi-benchmark/sources/poi/src/test/java/org/apache/poi/hssf/usermodel/TestHSSFCell.java:403: warning: [deprecation] setCellType(org.apache.poi.ss.usermodel.CellType) in org.apache.poi.ss.usermodel.Cell has been deprecated
    Log:             cell.setCellType(CellType.STRING);
    Log:                 ^
    Log: /home/centic/poi-benchmark/sources/poi/src/test/java/org/apache/poi/hssf/usermodel/TestHSSFSheet.java:1131: warning: [deprecation] createSplitPane(int,int,int,int,int) in org.apache.poi.hssf.usermodel.HSSFSheet has been deprecated
    Log:             sheet.createSplitPane(4, 8, 12, 12, PaneInformation.PANE_LOWER_RIGHT);
    Log:                  ^
    Log: /home/centic/poi-benchmark/sources/poi/src/test/java/org/apache/poi/hssf/usermodel/TestBugs.java:2362: warning: [deprecation] setCellType(org.apache.poi.ss.usermodel.CellType) in org.apache.poi.ss.usermodel.Cell has been deprecated
    Log:             cell.setCellType(CellType.STRING);
    Log:                 ^
    Log: /home/centic/poi-benchmark/sources/poi/src/test/java/org/apache/poi/hssf/record/TestFormulaRecord.java:90: warning: [deprecation] getCode() in org.apache.poi.ss.usermodel.CellType has been deprecated
    Log:         assertEquals(CellType.ERROR.getCode(), record.getCachedResultType());
    Log:                                    ^
    Log: /home/centic/poi-benchmark/sources/poi/src/test/java/org/apache/poi/hssf/record/TestFormulaRecord.java:90: warning: [deprecation] getCachedResultType() in org.apache.poi.hssf.record.FormulaRecord has been deprecated
    Log:         assertEquals(CellType.ERROR.getCode(), record.getCachedResultType());
    Log:                                                      ^
    Log: 34 warnings
    Log: FAILURE: Build failed with an exception.
    Log: * What went wrong:
    Log: Execution failed for task ':poi-ooxml-lite-agent:compileJava'.
    Log: > Compilation failed; see the compiler error output for details.
    Log: * Try:
    Log: > Run with --stacktrace option to get the stack trace.
    Log: > Run with --info or --debug option to get more log output.
    Log: > Run with --scan to get full insights.
    Log: * Get more help at https://help.gradle.org
    Log: Deprecated Gradle features were used in this build, making it incompatible with Gradle 8.0.
    Log: You can use '--warning-mode all' to show the individual deprecation warnings and determine if they come from your own scripts or plugins.
    Log: See https://docs.gradle.org/7.5/userguide/command_line_interface.html#sec:command_line_warnings
    Log: Execution optimizations have been disabled for 1 invalid unit(s) of work during this build to ensure correctness.
    Log: Please consult deprecation warnings for more details.
    Log: BUILD FAILED in 5s
    Log: 21 actionable tasks: 5 executed, 16 up-to-date
	at org.apache.poi.benchmark.suite.BaseBenchmark.runGradleTarget(BaseBenchmark.java:260)
	at org.apache.poi.benchmark.suite.BaseBenchmark.compileAll(BaseBenchmark.java:211)
	at org.apache.poi.benchmark.suite.TestBenchmarks.setUp(TestBenchmarks.java:13)
	at org.apache.poi.benchmark.suite.jmh_generated.TestBenchmarks_benchmarkTestExcelant_jmhTest._jmh_tryInit_f_testbenchmarks0_0(TestBenchmarks_benchmarkTestExcelant_jmhTest.java:335)
	at org.apache.poi.benchmark.suite.jmh_generated.TestBenchmarks_benchmarkTestExcelant_jmhTest.benchmarkTestExcelant_SingleShotTime(TestBenchmarks_benchmarkTestExcelant_jmhTest.java:291)
	at sun.reflect.NativeMethodAccessorImpl.invoke0(Native Method)
	at sun.reflect.NativeMethodAccessorImpl.invoke(NativeMethodAccessorImpl.java:62)
	at sun.reflect.DelegatingMethodAccessorImpl.invoke(DelegatingMethodAccessorImpl.java:43)
	at java.lang.reflect.Method.invoke(Method.java:498)
	at org.openjdk.jmh.runner.BenchmarkHandler$BenchmarkTask.call(BenchmarkHandler.java:475)
	at org.openjdk.jmh.runner.BenchmarkHandler$BenchmarkTask.call(BenchmarkHandler.java:458)
	at java.util.concurrent.FutureTask.run(FutureTask.java:266)
	at java.util.concurrent.Executors$RunnableAdapter.call(Executors.java:511)
	at java.util.concurrent.FutureTask.run(FutureTask.java:266)
	at java.util.concurrent.ThreadPoolExecutor.runWorker(ThreadPoolExecutor.java:1149)
	at java.util.concurrent.ThreadPoolExecutor$Worker.run(ThreadPoolExecutor.java:624)
	at java.lang.Thread.run(Thread.java:748)
Caused by: org.apache.commons.exec.ExecuteException: While executing (sources); [bash, ./gradlew, compileJava, compileTestJava, getDeps] (Exit value: 1. Caused by org.apache.commons.exec.ExecuteException: Process exited with an error: 1 (Exit value: 1))
	at org.dstadler.commons.exec.ExecutionHelper.execute(ExecutionHelper.java:156)
	at org.dstadler.commons.exec.ExecutionHelper.getCommandResultIntoStream(ExecutionHelper.java:130)
	at org.apache.poi.benchmark.suite.BaseBenchmark.runGradleTarget(BaseBenchmark.java:256)
	... 16 more
Caused by: org.apache.commons.exec.ExecuteException: Process exited with an error: 1 (Exit value: 1)
	at org.apache.commons.exec.DefaultExecutor.executeInternal(DefaultExecutor.java:404)
	at org.apache.commons.exec.DefaultExecutor.execute(DefaultExecutor.java:166)
	at org.dstadler.commons.exec.ExecutionHelper.execute(ExecutionHelper.java:151)
	... 18 more


# JMH version: 1.35
# VM version: JDK 1.8.0_292, OpenJDK 64-Bit Server VM, 25.292-b10
# VM invoker: /usr/lib/jvm/adoptopenjdk-8-hotspot-amd64/jre/bin/java
# VM options: -Xmx8m
# Blackhole mode: full + dont-inline hint (auto-detected, use -Djmh.blackhole.autoDetect=false to disable)
# Warmup: <none>
# Measurement: 1 iterations, single-shot each
# Timeout: 3 hr per iteration
# Threads: 1 thread
# Benchmark mode: Single shot invocation time
# Benchmark: org.apache.poi.benchmark.suite.TestBenchmarks.benchmarkTestIntegration

# Run progress: 50.00% complete, ETA 00:00:50
# Fork: N/A, test runs in the host VM
# *** WARNING: Non-forked runs may silently omit JVM options, mess up profilers, disable compiler hints, etc. ***
# *** WARNING: Use non-forked runs only for debugging purposes, not for actual performance runs. ***
Iteration   1: <failure>

java.io.IOException: Log-Tail: 
Log: Configuration on demand is an incubating feature.
    Log: > Configure project :
    Log: Trying to override old definition of datatype junit
    Log: Run with reduced parallelism for CI build
    Log: Run with reduced parallelism for CI build
    Log: Run with reduced parallelism for CI build
    Log: Run with reduced parallelism for CI build
    Log: Run with reduced parallelism for CI build
    Log: Run with reduced parallelism for CI build
    Log: Run with reduced parallelism for CI build
    Log: Run with reduced parallelism for CI build
    Log: Run with reduced parallelism for CI build
    Log: > Task :poi-examples:processResources NO-SOURCE
    Log: > Task :poi-integration:compileJava NO-SOURCE
    Log: > Task :poi-excelant:processResources UP-TO-DATE
    Log: > Task :poi:generateVersionJava UP-TO-DATE
    Log: > Task :poi-integration:processResources NO-SOURCE
    Log: > Task :poi-ooxml:fixBatik UP-TO-DATE
    Log: > Task :poi-ooxml-lite:generateModuleInfo UP-TO-DATE
    Log: > Task :poi-scratchpad:processResources UP-TO-DATE
    Log: > Task :poi-integration:classes UP-TO-DATE
    Log: > Task :poi-integration:getDeps NO-SOURCE
    Log: > Task :poi-scratchpad:processTestResources NO-SOURCE
    Log: > Task :poi-ooxml-full:copy_xsds UP-TO-DATE
    Log: > Task :poi-ooxml:processResources UP-TO-DATE
    Log: > Task :poi-ooxml:processTestResources UP-TO-DATE
    Log: > Task :poi:compileJava UP-TO-DATE
    Log: > Task :poi:compileJava9 UP-TO-DATE
    Log: > Task :poi:cacheJava9 UP-TO-DATE
    Log: > Task :poi:processResources UP-TO-DATE
    Log: > Task :poi:classes UP-TO-DATE
    Log: > Task :poi:jar UP-TO-DATE
    Log: > Task :poi-scratchpad:compileJava UP-TO-DATE
    Log: > Task :poi-scratchpad:classes UP-TO-DATE
    Log: > Task :poi:compileTestJava UP-TO-DATE
    Log: > Task :poi:compileTest9 SKIPPED
    Log: > Task :poi:cacheTest9 NO-SOURCE
    Log: > Task :poi:processTestResources
    Log: > Task :poi:testClasses
    Log: > Task :poi-ooxml-lite-agent:compileJava FAILED
    Log: /home/centic/poi-benchmark/sources/poi-ooxml-lite-agent/src/main/java/org/apache/poi/ooxml/lite/OOXMLLiteAgent.java:62: error: incompatible types: incompatible parameter types in lambda expression
    Log:             .transform((builder, type, cl, m) ->
    Log:                        ^
    Log: Note: Some messages have been simplified; recompile with -Xdiags:verbose to get full output
    Log: 1 error
    Log: > Task :poi-ooxml-full:generate_beans UP-TO-DATE
    Log: > Task :poi-scratchpad:jar
    Log: > Task :poi:testJar
    Log: FAILURE: Build failed with an exception.
    Log: * What went wrong:
    Log: Execution failed for task ':poi-ooxml-lite-agent:compileJava'.
    Log: > Compilation failed; see the compiler error output for details.
    Log: * Try:
    Log: > Run with --stacktrace option to get the stack trace.
    Log: > Run with --info or --debug option to get more log output.
    Log: > Run with --scan to get full insights.
    Log: * Get more help at https://help.gradle.org
    Log: BUILD FAILED in 1s
    Log: 20 actionable tasks: 4 executed, 16 up-to-date
	at org.apache.poi.benchmark.suite.BaseBenchmark.runGradleTarget(BaseBenchmark.java:260)
	at org.apache.poi.benchmark.suite.BaseBenchmark.compileAll(BaseBenchmark.java:211)
	at org.apache.poi.benchmark.suite.TestBenchmarks.setUp(TestBenchmarks.java:13)
	at org.apache.poi.benchmark.suite.jmh_generated.TestBenchmarks_benchmarkTestIntegration_jmhTest._jmh_tryInit_f_testbenchmarks0_0(TestBenchmarks_benchmarkTestIntegration_jmhTest.java:335)
	at org.apache.poi.benchmark.suite.jmh_generated.TestBenchmarks_benchmarkTestIntegration_jmhTest.benchmarkTestIntegration_SingleShotTime(TestBenchmarks_benchmarkTestIntegration_jmhTest.java:291)
	at sun.reflect.NativeMethodAccessorImpl.invoke0(Native Method)
	at sun.reflect.NativeMethodAccessorImpl.invoke(NativeMethodAccessorImpl.java:62)
	at sun.reflect.DelegatingMethodAccessorImpl.invoke(DelegatingMethodAccessorImpl.java:43)
	at java.lang.reflect.Method.invoke(Method.java:498)
	at org.openjdk.jmh.runner.BenchmarkHandler$BenchmarkTask.call(BenchmarkHandler.java:475)
	at org.openjdk.jmh.runner.BenchmarkHandler$BenchmarkTask.call(BenchmarkHandler.java:458)
	at java.util.concurrent.FutureTask.run(FutureTask.java:266)
	at java.util.concurrent.Executors$RunnableAdapter.call(Executors.java:511)
	at java.util.concurrent.FutureTask.run(FutureTask.java:266)
	at java.util.concurrent.ThreadPoolExecutor.runWorker(ThreadPoolExecutor.java:1149)
	at java.util.concurrent.ThreadPoolExecutor$Worker.run(ThreadPoolExecutor.java:624)
	at java.lang.Thread.run(Thread.java:748)
Caused by: org.apache.commons.exec.ExecuteException: While executing (sources); [bash, ./gradlew, compileJava, compileTestJava, getDeps] (Exit value: 1. Caused by org.apache.commons.exec.ExecuteException: Process exited with an error: 1 (Exit value: 1))
	at org.dstadler.commons.exec.ExecutionHelper.execute(ExecutionHelper.java:156)
	at org.dstadler.commons.exec.ExecutionHelper.getCommandResultIntoStream(ExecutionHelper.java:130)
	at org.apache.poi.benchmark.suite.BaseBenchmark.runGradleTarget(BaseBenchmark.java:256)
	... 16 more
Caused by: org.apache.commons.exec.ExecuteException: Process exited with an error: 1 (Exit value: 1)
	at org.apache.commons.exec.DefaultExecutor.executeInternal(DefaultExecutor.java:404)
	at org.apache.commons.exec.DefaultExecutor.execute(DefaultExecutor.java:166)
	at org.dstadler.commons.exec.ExecutionHelper.execute(ExecutionHelper.java:151)
	... 18 more


# JMH version: 1.35
# VM version: JDK 1.8.0_292, OpenJDK 64-Bit Server VM, 25.292-b10
# VM invoker: /usr/lib/jvm/adoptopenjdk-8-hotspot-amd64/jre/bin/java
# VM options: -Xmx8m
# Blackhole mode: full + dont-inline hint (auto-detected, use -Djmh.blackhole.autoDetect=false to disable)
# Warmup: <none>
# Measurement: 1 iterations, single-shot each
# Timeout: 10 min per iteration
# Threads: 1 thread
# Benchmark mode: Single shot invocation time
# Benchmark: org.apache.poi.benchmark.suite.TestBenchmarks.benchmarkTestMain

# Run progress: 60.00% complete, ETA 00:00:35
# Fork: N/A, test runs in the host VM
# *** WARNING: Non-forked runs may silently omit JVM options, mess up profilers, disable compiler hints, etc. ***
# *** WARNING: Use non-forked runs only for debugging purposes, not for actual performance runs. ***
Iteration   1: <failure>

java.io.IOException: Log-Tail: 
Log: Trying to override old definition of datatype junit
    Log: Run with reduced parallelism for CI build
    Log: Run with reduced parallelism for CI build
    Log: Run with reduced parallelism for CI build
    Log: Run with reduced parallelism for CI build
    Log: Run with reduced parallelism for CI build
    Log: Run with reduced parallelism for CI build
    Log: Run with reduced parallelism for CI build
    Log: Run with reduced parallelism for CI build
    Log: Run with reduced parallelism for CI build
    Log: > Task :poi-examples:processResources NO-SOURCE
    Log: > Task :poi-integration:compileJava NO-SOURCE
    Log: > Task :poi-integration:processResources NO-SOURCE
    Log: > Task :poi-integration:classes UP-TO-DATE
    Log: > Task :poi-integration:getDeps NO-SOURCE
    Log: > Task :poi:generateVersionJava UP-TO-DATE
    Log: > Task :poi-excelant:processResources UP-TO-DATE
    Log: > Task :poi-scratchpad:processResources UP-TO-DATE
    Log: > Task :poi-scratchpad:processTestResources NO-SOURCE
    Log: > Task :poi-ooxml-lite:generateModuleInfo UP-TO-DATE
    Log: > Task :poi-ooxml:fixBatik UP-TO-DATE
    Log: > Task :poi-ooxml-full:copy_xsds UP-TO-DATE
    Log: > Task :poi-ooxml:processResources UP-TO-DATE
    Log: > Task :poi-ooxml:processTestResources UP-TO-DATE
    Log: > Task :poi-ooxml-full:generate_beans UP-TO-DATE
    Log: > Task :poi:compileJava UP-TO-DATE
    Log: > Task :poi:compileJava9 UP-TO-DATE
    Log: > Task :poi:cacheJava9 UP-TO-DATE
    Log: > Task :poi:processResources UP-TO-DATE
    Log: > Task :poi:classes UP-TO-DATE
    Log: > Task :poi:jar UP-TO-DATE
    Log: > Task :poi-scratchpad:compileJava UP-TO-DATE
    Log: > Task :poi-scratchpad:classes UP-TO-DATE
    Log: > Task :poi-scratchpad:jar UP-TO-DATE
    Log: > Task :poi:compileTestJava UP-TO-DATE
    Log: > Task :poi:compileTest9 SKIPPED
    Log: > Task :poi:cacheTest9 NO-SOURCE
    Log: > Task :poi:processTestResources UP-TO-DATE
    Log: > Task :poi:testClasses UP-TO-DATE
    Log: > Task :poi:testJar UP-TO-DATE
    Log: > Task :poi-ooxml-full:compileJava UP-TO-DATE
    Log: > Task :poi-ooxml-full:processResources NO-SOURCE
    Log: > Task :poi-ooxml-full:classes UP-TO-DATE
    Log: > Task :poi-ooxml-full:sourceJar UP-TO-DATE
    Log: > Task :poi-ooxml-full:jar UP-TO-DATE
    Log: > Task :poi-ooxml-full:compileTestJava NO-SOURCE
    Log: > Task :poi-ooxml-lite-agent:compileJava FAILED
    Log: /home/centic/poi-benchmark/sources/poi-ooxml-lite-agent/src/main/java/org/apache/poi/ooxml/lite/OOXMLLiteAgent.java:62: error: incompatible types: incompatible parameter types in lambda expression
    Log:             .transform((builder, type, cl, m) ->
    Log:                        ^
    Log: Note: Some messages have been simplified; recompile with -Xdiags:verbose to get full output
    Log: 1 error
    Log: > Task :poi-scratchpad:getDeps
    Log: > Task :poi:getDeps
    Log: > Task :poi-ooxml-full:getDeps
    Log: > Task :poi-ooxml-lite:compileOoxmlLite
    Log: Execution optimizations have been disabled for task ':poi-ooxml-lite:compileOoxmlLite' to ensure correctness due to the following reasons:
    Log:   - Gradle detected a problem with the following location: '/home/centic/poi-benchmark/sources/poi-ooxml-full/build'. Reason: Task ':poi-ooxml-lite:compileOoxmlLite' uses this output of task ':poi-ooxml-full:compileJava' without declaring an explicit or implicit dependency. This can lead to incorrect results being produced, depending on what order the tasks are executed. Please refer to https://docs.gradle.org/7.5/userguide/validation_problems.html#implicit_dependency for more details about this problem.
    Log: > Task :poi-ooxml:compileJava
    Log: /home/centic/poi-benchmark/sources/poi-ooxml/src/main/java/org/apache/poi/xssf/usermodel/BaseXSSFEvaluationWorkbook.java:170: warning: [deprecation] getNameAt(int) in org.apache.poi.xssf.usermodel.XSSFWorkbook has been deprecated
    Log:             XSSFName nm = _uBook.getNameAt(i);
    Log:                                 ^
    Log: /home/centic/poi-benchmark/sources/poi-ooxml/src/main/java/org/apache/poi/xssf/usermodel/BaseXSSFEvaluationWorkbook.java:214: warning: [deprecation] getNameIndex(java.lang.String) in org.apache.poi.xssf.usermodel.XSSFWorkbook has been deprecated
    Log:             int nameIdx = _uBook.getNameIndex(nameName);
    Log:                                 ^
    Log: /home/centic/poi-benchmark/sources/poi-ooxml/src/main/java/org/apache/poi/xssf/usermodel/BaseXSSFEvaluationWorkbook.java:285: warning: [deprecation] getNameAt(int) in org.apache.poi.xssf.usermodel.XSSFWorkbook has been deprecated
    Log:         XSSFName xname = _uBook.getNameAt(idx);
    Log:                                ^
    Log: /home/centic/poi-benchmark/sources/poi-ooxml/src/main/java/org/apache/poi/xssf/usermodel/BaseXSSFEvaluationWorkbook.java:340: warning: [deprecation] getNameAt(int) in org.apache.poi.xssf.usermodel.XSSFWorkbook has been deprecated
    Log:         return _uBook.getNameAt(namePtg.getIndex()).getNameName();
    Log:                      ^
    Log: /home/centic/poi-benchmark/sources/poi-ooxml/src/main/java/org/apache/poi/xssf/usermodel/BaseXSSFEvaluationWorkbook.java:345: warning: [deprecation] getNameAt(int) in org.apache.poi.xssf.usermodel.XSSFWorkbook has been deprecated
    Log:         return new Name(_uBook.getNameAt(ix), ix, this);
    Log:                               ^
    Log: /home/centic/poi-benchmark/sources/poi-ooxml/src/main/java/org/apache/poi/xssf/usermodel/BaseXSSFFormulaEvaluator.java:137: warning: [deprecation] setCellType(org.apache.poi.ss.usermodel.CellType) in org.apache.poi.ss.usermodel.Cell has been deprecated
    Log:             cell.setCellType(cellType);
    Log:                 ^
    Log: /home/centic/poi-benchmark/sources/poi-ooxml/src/main/java/org/apache/poi/xssf/streaming/StreamingSheetWriter.java:53: warning: [deprecation] createTempFile() in org.apache.poi.xssf.streaming.SheetDataWriter has been deprecated
    Log:     public File createTempFile() throws IOException {
    Log:                 ^
    Log: /home/centic/poi-benchmark/sources/poi-ooxml/src/main/java/org/apache/poi/xssf/streaming/StreamingSheetWriter.java:58: warning: [deprecation] createWriter(java.io.File) in org.apache.poi.xssf.streaming.SheetDataWriter has been deprecated
    Log:     public Writer createWriter(File fd) throws IOException {
    Log:                   ^
    Log: 8 warnings
    Log: FAILURE: Build failed with an exception.
    Log: * What went wrong:
    Log: Execution failed for task ':poi-ooxml-lite-agent:compileJava'.
    Log: > Compilation failed; see the compiler error output for details.
    Log: * Try:
    Log: > Run with --stacktrace option to get the stack trace.
    Log: > Run with --info or --debug option to get more log output.
    Log: > Run with --scan to get full insights.
    Log: * Get more help at https://help.gradle.org
    Log: Deprecated Gradle features were used in this build, making it incompatible with Gradle 8.0.
    Log: You can use '--warning-mode all' to show the individual deprecation warnings and determine if they come from your own scripts or plugins.
    Log: See https://docs.gradle.org/7.5/userguide/command_line_interface.html#sec:command_line_warnings
    Log: Execution optimizations have been disabled for 1 invalid unit(s) of work during this build to ensure correctness.
    Log: Please consult deprecation warnings for more details.
    Log: BUILD FAILED in 4s
    Log: 28 actionable tasks: 6 executed, 22 up-to-date
	at org.apache.poi.benchmark.suite.BaseBenchmark.runGradleTarget(BaseBenchmark.java:260)
	at org.apache.poi.benchmark.suite.BaseBenchmark.compileAll(BaseBenchmark.java:211)
	at org.apache.poi.benchmark.suite.TestBenchmarks.setUp(TestBenchmarks.java:13)
	at org.apache.poi.benchmark.suite.jmh_generated.TestBenchmarks_benchmarkTestMain_jmhTest._jmh_tryInit_f_testbenchmarks0_0(TestBenchmarks_benchmarkTestMain_jmhTest.java:335)
	at org.apache.poi.benchmark.suite.jmh_generated.TestBenchmarks_benchmarkTestMain_jmhTest.benchmarkTestMain_SingleShotTime(TestBenchmarks_benchmarkTestMain_jmhTest.java:291)
	at sun.reflect.NativeMethodAccessorImpl.invoke0(Native Method)
	at sun.reflect.NativeMethodAccessorImpl.invoke(NativeMethodAccessorImpl.java:62)
	at sun.reflect.DelegatingMethodAccessorImpl.invoke(DelegatingMethodAccessorImpl.java:43)
	at java.lang.reflect.Method.invoke(Method.java:498)
	at org.openjdk.jmh.runner.BenchmarkHandler$BenchmarkTask.call(BenchmarkHandler.java:475)
	at org.openjdk.jmh.runner.BenchmarkHandler$BenchmarkTask.call(BenchmarkHandler.java:458)
	at java.util.concurrent.FutureTask.run(FutureTask.java:266)
	at java.util.concurrent.Executors$RunnableAdapter.call(Executors.java:511)
	at java.util.concurrent.FutureTask.run(FutureTask.java:266)
	at java.util.concurrent.ThreadPoolExecutor.runWorker(ThreadPoolExecutor.java:1149)
	at java.util.concurrent.ThreadPoolExecutor$Worker.run(ThreadPoolExecutor.java:624)
	at java.lang.Thread.run(Thread.java:748)
Caused by: org.apache.commons.exec.ExecuteException: While executing (sources); [bash, ./gradlew, compileJava, compileTestJava, getDeps] (Exit value: 1. Caused by org.apache.commons.exec.ExecuteException: Process exited with an error: 1 (Exit value: 1))
	at org.dstadler.commons.exec.ExecutionHelper.execute(ExecutionHelper.java:156)
	at org.dstadler.commons.exec.ExecutionHelper.getCommandResultIntoStream(ExecutionHelper.java:130)
	at org.apache.poi.benchmark.suite.BaseBenchmark.runGradleTarget(BaseBenchmark.java:256)
	... 16 more
Caused by: org.apache.commons.exec.ExecuteException: Process exited with an error: 1 (Exit value: 1)
	at org.apache.commons.exec.DefaultExecutor.executeInternal(DefaultExecutor.java:404)
	at org.apache.commons.exec.DefaultExecutor.execute(DefaultExecutor.java:166)
	at org.dstadler.commons.exec.ExecutionHelper.execute(ExecutionHelper.java:151)
	... 18 more


# JMH version: 1.35
# VM version: JDK 1.8.0_292, OpenJDK 64-Bit Server VM, 25.292-b10
# VM invoker: /usr/lib/jvm/adoptopenjdk-8-hotspot-amd64/jre/bin/java
# VM options: -Xmx8m
# Blackhole mode: full + dont-inline hint (auto-detected, use -Djmh.blackhole.autoDetect=false to disable)
# Warmup: <none>
# Measurement: 1 iterations, single-shot each
# Timeout: 10 min per iteration
# Threads: 1 thread
# Benchmark mode: Single shot invocation time
# Benchmark: org.apache.poi.benchmark.suite.TestBenchmarks.benchmarkTestOOXML

# Run progress: 70.00% complete, ETA 00:00:25
# Fork: N/A, test runs in the host VM
# *** WARNING: Non-forked runs may silently omit JVM options, mess up profilers, disable compiler hints, etc. ***
# *** WARNING: Use non-forked runs only for debugging purposes, not for actual performance runs. ***
Iteration   1: <failure>

java.io.IOException: Log-Tail: 
Log: Configuration on demand is an incubating feature.
    Log: > Configure project :
    Log: Trying to override old definition of datatype junit
    Log: Run with reduced parallelism for CI build
    Log: Run with reduced parallelism for CI build
    Log: Run with reduced parallelism for CI build
    Log: Run with reduced parallelism for CI build
    Log: Run with reduced parallelism for CI build
    Log: Run with reduced parallelism for CI build
    Log: Run with reduced parallelism for CI build
    Log: Run with reduced parallelism for CI build
    Log: Run with reduced parallelism for CI build
    Log: > Task :poi-ooxml:fixBatik UP-TO-DATE
    Log: > Task :poi-ooxml:processResources UP-TO-DATE
    Log: > Task :poi-ooxml:processTestResources UP-TO-DATE
    Log: > Task :poi-integration:compileJava NO-SOURCE
    Log: > Task :poi-examples:processResources NO-SOURCE
    Log: > Task :poi-integration:processResources NO-SOURCE
    Log: > Task :poi-integration:classes UP-TO-DATE
    Log: > Task :poi-ooxml-lite:generateModuleInfo UP-TO-DATE
    Log: > Task :poi-excelant:processResources UP-TO-DATE
    Log: > Task :poi-scratchpad:processResources UP-TO-DATE
    Log: > Task :poi:generateVersionJava UP-TO-DATE
    Log: > Task :poi-integration:getDeps NO-SOURCE
    Log: > Task :poi-scratchpad:processTestResources NO-SOURCE
    Log: > Task :poi-ooxml-full:copy_xsds UP-TO-DATE
    Log: > Task :poi-ooxml-full:generate_beans UP-TO-DATE
    Log: > Task :poi:compileJava UP-TO-DATE
    Log: > Task :poi-ooxml-full:compileJava UP-TO-DATE
    Log: > Task :poi-ooxml-full:processResources NO-SOURCE
    Log: > Task :poi-ooxml-full:classes UP-TO-DATE
    Log: > Task :poi-ooxml-full:sourceJar UP-TO-DATE
    Log: > Task :poi-ooxml-full:jar UP-TO-DATE
    Log: > Task :poi-ooxml-full:compileTestJava NO-SOURCE
    Log: > Task :poi-ooxml-full:getDeps UP-TO-DATE
    Log: > Task :poi-ooxml:compileJava UP-TO-DATE
    Log: > Task :poi-ooxml:classes UP-TO-DATE
    Log: > Task :poi-ooxml-lite-agent:compileJava FAILED
    Log: /home/centic/poi-benchmark/sources/poi-ooxml-lite-agent/src/main/java/org/apache/poi/ooxml/lite/OOXMLLiteAgent.java:62: error: incompatible types: incompatible parameter types in lambda expression
    Log: /home/centic/poi-benchmark/sources/poi-ooxml-lite-agent/src/main/java/org/apache/poi/ooxml/lite/OOXMLLiteAgent.java:62: error: incompatible types: incompatible parameter types in lambda expression
    Log:             .transform((builder, type, cl, m) ->
    Log:             .transform((builder, type, cl, m) ->> Task :poi:compileJava9 UP-TO-DATE
    Log:                        ^
    Log: Note: Some messages have been simplified; recompile with -Xdiags:verbose to get full output
    Log: 1 error
    Log: > Task :poi-ooxml:jar
    Log: > Task :poi-ooxml-lite:compileOoxmlLite
    Log: Execution optimizations have been disabled for task ':poi-ooxml-lite:compileOoxmlLite' to ensure correctness due to the following reasons:
    Log:   - Gradle detected a problem with the following location: '/home/centic/poi-benchmark/sources/poi-ooxml-full/build'. Reason: Task ':poi-ooxml-lite:compileOoxmlLite' uses this output of task ':poi-ooxml-full:compileJava' without declaring an explicit or implicit dependency. This can lead to incorrect results being produced, depending on what order the tasks are executed. Please refer to https://docs.gradle.org/7.5/userguide/validation_problems.html#implicit_dependency for more details about this problem.
    Log: FAILURE: Build failed with an exception.
    Log: * What went wrong:
    Log: Execution failed for task ':poi-ooxml-lite-agent:compileJava'.
    Log: > Compilation failed; see the compiler error output for details.
    Log: * Try:
    Log: > Run with --stacktrace option to get the stack trace.
    Log: > Run with --info or --debug option to get more log output.
    Log: > Run with --scan to get full insights.
    Log: * Get more help at https://help.gradle.org
    Log: Deprecated Gradle features were used in this build, making it incompatible with Gradle 8.0.
    Log: You can use '--warning-mode all' to show the individual deprecation warnings and determine if they come from your own scripts or plugins.
    Log: See https://docs.gradle.org/7.5/userguide/command_line_interface.html#sec:command_line_warnings
    Log: Execution optimizations have been disabled for 1 invalid unit(s) of work during this build to ensure correctness.
    Log: Please consult deprecation warnings for more details.
    Log: BUILD FAILED in 3s
    Log: 19 actionable tasks: 3 executed, 16 up-to-date
	at org.apache.poi.benchmark.suite.BaseBenchmark.runGradleTarget(BaseBenchmark.java:260)
	at org.apache.poi.benchmark.suite.BaseBenchmark.compileAll(BaseBenchmark.java:211)
	at org.apache.poi.benchmark.suite.TestBenchmarks.setUp(TestBenchmarks.java:13)
	at org.apache.poi.benchmark.suite.jmh_generated.TestBenchmarks_benchmarkTestOOXML_jmhTest._jmh_tryInit_f_testbenchmarks0_0(TestBenchmarks_benchmarkTestOOXML_jmhTest.java:335)
	at org.apache.poi.benchmark.suite.jmh_generated.TestBenchmarks_benchmarkTestOOXML_jmhTest.benchmarkTestOOXML_SingleShotTime(TestBenchmarks_benchmarkTestOOXML_jmhTest.java:291)
	at sun.reflect.NativeMethodAccessorImpl.invoke0(Native Method)
	at sun.reflect.NativeMethodAccessorImpl.invoke(NativeMethodAccessorImpl.java:62)
	at sun.reflect.DelegatingMethodAccessorImpl.invoke(DelegatingMethodAccessorImpl.java:43)
	at java.lang.reflect.Method.invoke(Method.java:498)
	at org.openjdk.jmh.runner.BenchmarkHandler$BenchmarkTask.call(BenchmarkHandler.java:475)
	at org.openjdk.jmh.runner.BenchmarkHandler$BenchmarkTask.call(BenchmarkHandler.java:458)
	at java.util.concurrent.FutureTask.run(FutureTask.java:266)
	at java.util.concurrent.Executors$RunnableAdapter.call(Executors.java:511)
	at java.util.concurrent.FutureTask.run(FutureTask.java:266)
	at java.util.concurrent.ThreadPoolExecutor.runWorker(ThreadPoolExecutor.java:1149)
	at java.util.concurrent.ThreadPoolExecutor$Worker.run(ThreadPoolExecutor.java:624)
	at java.lang.Thread.run(Thread.java:748)
Caused by: org.apache.commons.exec.ExecuteException: While executing (sources); [bash, ./gradlew, compileJava, compileTestJava, getDeps] (Exit value: 1. Caused by org.apache.commons.exec.ExecuteException: Process exited with an error: 1 (Exit value: 1))
	at org.dstadler.commons.exec.ExecutionHelper.execute(ExecutionHelper.java:156)
	at org.dstadler.commons.exec.ExecutionHelper.getCommandResultIntoStream(ExecutionHelper.java:130)
	at org.apache.poi.benchmark.suite.BaseBenchmark.runGradleTarget(BaseBenchmark.java:256)
	... 16 more
Caused by: org.apache.commons.exec.ExecuteException: Process exited with an error: 1 (Exit value: 1)
	at org.apache.commons.exec.DefaultExecutor.executeInternal(DefaultExecutor.java:404)
	at org.apache.commons.exec.DefaultExecutor.execute(DefaultExecutor.java:166)
	at org.dstadler.commons.exec.ExecutionHelper.execute(ExecutionHelper.java:151)
	... 18 more


# JMH version: 1.35
# VM version: JDK 1.8.0_292, OpenJDK 64-Bit Server VM, 25.292-b10
# VM invoker: /usr/lib/jvm/adoptopenjdk-8-hotspot-amd64/jre/bin/java
# VM options: -Xmx8m
# Blackhole mode: full + dont-inline hint (auto-detected, use -Djmh.blackhole.autoDetect=false to disable)
# Warmup: <none>
# Measurement: 1 iterations, single-shot each
# Timeout: 10 min per iteration
# Threads: 1 thread
# Benchmark mode: Single shot invocation time
# Benchmark: org.apache.poi.benchmark.suite.TestBenchmarks.benchmarkTestOOXMLLite

# Run progress: 80.00% complete, ETA 00:00:16
# Fork: N/A, test runs in the host VM
# *** WARNING: Non-forked runs may silently omit JVM options, mess up profilers, disable compiler hints, etc. ***
# *** WARNING: Use non-forked runs only for debugging purposes, not for actual performance runs. ***
Iteration   1: <failure>

java.io.IOException: Log-Tail: 
Log: Configuration on demand is an incubating feature.
    Log: > Configure project :
    Log: Trying to override old definition of datatype junit
    Log: Run with reduced parallelism for CI build
    Log: Run with reduced parallelism for CI build
    Log: Run with reduced parallelism for CI build
    Log: Run with reduced parallelism for CI build
    Log: Run with reduced parallelism for CI build
    Log: Run with reduced parallelism for CI build
    Log: Run with reduced parallelism for CI build
    Log: Run with reduced parallelism for CI build
    Log: Run with reduced parallelism for CI build
    Log: > Task :poi-examples:processResources NO-SOURCE
    Log: > Task :poi-integration:compileJava NO-SOURCE
    Log: > Task :poi-integration:processResources NO-SOURCE
    Log: > Task :poi-excelant:processResources UP-TO-DATE
    Log: > Task :poi-integration:classes UP-TO-DATE
    Log: > Task :poi-ooxml-lite:generateModuleInfo UP-TO-DATE
    Log: > Task :poi:generateVersionJava UP-TO-DATE
    Log: > Task :poi-scratchpad:processResources UP-TO-DATE
    Log: > Task :poi-ooxml:fixBatik UP-TO-DATE
    Log: > Task :poi-integration:getDeps NO-SOURCE
    Log: > Task :poi-scratchpad:processTestResources NO-SOURCE
    Log: > Task :poi-ooxml-full:copy_xsds UP-TO-DATE
    Log: > Task :poi-ooxml:processResources UP-TO-DATE
    Log: > Task :poi-ooxml:processTestResources UP-TO-DATE
    Log: > Task :poi:compileJava UP-TO-DATE
    Log: > Task :poi:compileJava9 UP-TO-DATE
    Log: > Task :poi:cacheJava9 UP-TO-DATE
    Log: > Task :poi:processResources UP-TO-DATE
    Log: > Task :poi:classes UP-TO-DATE
    Log: > Task :poi-ooxml-lite-agent:compileJava FAILED
    Log: /home/centic/poi-benchmark/sources/poi-ooxml-lite-agent/src/main/java/org/apache/poi/ooxml/lite/OOXMLLiteAgent.java:62: error: incompatible types: incompatible parameter types in lambda expression
    Log:             .transform((builder, type, cl, m) ->
    Log:                        ^
    Log: Note: Some messages have been simplified; recompile with -Xdiags:verbose to get full output
    Log: 1 error
    Log: > Task :poi:jar UP-TO-DATE
    Log: > Task :poi-ooxml-full:generate_beans UP-TO-DATE
    Log: FAILURE: Build failed with an exception.
    Log: * What went wrong:
    Log: Execution failed for task ':poi-ooxml-lite-agent:compileJava'.
    Log: > Compilation failed; see the compiler error output for details.
    Log: * Try:
    Log: > Run with --stacktrace option to get the stack trace.
    Log: > Run with --info or --debug option to get more log output.
    Log: > Run with --scan to get full insights.
    Log: * Get more help at https://help.gradle.org
    Log: BUILD FAILED in 633ms
    Log: 15 actionable tasks: 1 executed, 14 up-to-date
	at org.apache.poi.benchmark.suite.BaseBenchmark.runGradleTarget(BaseBenchmark.java:260)
	at org.apache.poi.benchmark.suite.BaseBenchmark.compileAll(BaseBenchmark.java:211)
	at org.apache.poi.benchmark.suite.TestBenchmarks.setUp(TestBenchmarks.java:13)
	at org.apache.poi.benchmark.suite.jmh_generated.TestBenchmarks_benchmarkTestOOXMLLite_jmhTest._jmh_tryInit_f_testbenchmarks0_0(TestBenchmarks_benchmarkTestOOXMLLite_jmhTest.java:335)
	at org.apache.poi.benchmark.suite.jmh_generated.TestBenchmarks_benchmarkTestOOXMLLite_jmhTest.benchmarkTestOOXMLLite_SingleShotTime(TestBenchmarks_benchmarkTestOOXMLLite_jmhTest.java:291)
	at sun.reflect.NativeMethodAccessorImpl.invoke0(Native Method)
	at sun.reflect.NativeMethodAccessorImpl.invoke(NativeMethodAccessorImpl.java:62)
	at sun.reflect.DelegatingMethodAccessorImpl.invoke(DelegatingMethodAccessorImpl.java:43)
	at java.lang.reflect.Method.invoke(Method.java:498)
	at org.openjdk.jmh.runner.BenchmarkHandler$BenchmarkTask.call(BenchmarkHandler.java:475)
	at org.openjdk.jmh.runner.BenchmarkHandler$BenchmarkTask.call(BenchmarkHandler.java:458)
	at java.util.concurrent.FutureTask.run(FutureTask.java:266)
	at java.util.concurrent.Executors$RunnableAdapter.call(Executors.java:511)
	at java.util.concurrent.FutureTask.run(FutureTask.java:266)
	at java.util.concurrent.ThreadPoolExecutor.runWorker(ThreadPoolExecutor.java:1149)
	at java.util.concurrent.ThreadPoolExecutor$Worker.run(ThreadPoolExecutor.java:624)
	at java.lang.Thread.run(Thread.java:748)
Caused by: org.apache.commons.exec.ExecuteException: While executing (sources); [bash, ./gradlew, compileJava, compileTestJava, getDeps] (Exit value: 1. Caused by org.apache.commons.exec.ExecuteException: Process exited with an error: 1 (Exit value: 1))
	at org.dstadler.commons.exec.ExecutionHelper.execute(ExecutionHelper.java:156)
	at org.dstadler.commons.exec.ExecutionHelper.getCommandResultIntoStream(ExecutionHelper.java:130)
	at org.apache.poi.benchmark.suite.BaseBenchmark.runGradleTarget(BaseBenchmark.java:256)
	... 16 more
Caused by: org.apache.commons.exec.ExecuteException: Process exited with an error: 1 (Exit value: 1)
	at org.apache.commons.exec.DefaultExecutor.executeInternal(DefaultExecutor.java:404)
	at org.apache.commons.exec.DefaultExecutor.execute(DefaultExecutor.java:166)
	at org.dstadler.commons.exec.ExecutionHelper.execute(ExecutionHelper.java:151)
	... 18 more


# JMH version: 1.35
# VM version: JDK 1.8.0_292, OpenJDK 64-Bit Server VM, 25.292-b10
# VM invoker: /usr/lib/jvm/adoptopenjdk-8-hotspot-amd64/jre/bin/java
# VM options: -Xmx8m
# Blackhole mode: full + dont-inline hint (auto-detected, use -Djmh.blackhole.autoDetect=false to disable)
# Warmup: <none>
# Measurement: 1 iterations, single-shot each
# Timeout: 10 min per iteration
# Threads: 1 thread
# Benchmark mode: Single shot invocation time
# Benchmark: org.apache.poi.benchmark.suite.TestBenchmarks.benchmarkTestScratchpad

# Run progress: 90.00% complete, ETA 00:00:07
# Fork: N/A, test runs in the host VM
# *** WARNING: Non-forked runs may silently omit JVM options, mess up profilers, disable compiler hints, etc. ***
# *** WARNING: Use non-forked runs only for debugging purposes, not for actual performance runs. ***
Iteration   1: <failure>

java.io.IOException: Log-Tail: 
Log: Configuration on demand is an incubating feature.
    Log: > Configure project :
    Log: Trying to override old definition of datatype junit
    Log: Run with reduced parallelism for CI build
    Log: Run with reduced parallelism for CI build
    Log: Run with reduced parallelism for CI build
    Log: Run with reduced parallelism for CI build
    Log: Run with reduced parallelism for CI build
    Log: Run with reduced parallelism for CI build
    Log: Run with reduced parallelism for CI build
    Log: Run with reduced parallelism for CI build
    Log: Run with reduced parallelism for CI build
    Log: > Task :poi-integration:compileJava NO-SOURCE
    Log: > Task :poi-examples:processResources NO-SOURCE
    Log: > Task :poi:generateVersionJava UP-TO-DATE
    Log: > Task :poi-ooxml-lite:generateModuleInfo UP-TO-DATE
    Log: > Task :poi-scratchpad:processResources UP-TO-DATE
    Log: > Task :poi-integration:processResources NO-SOURCE
    Log: > Task :poi-integration:classes UP-TO-DATE
    Log: > Task :poi-ooxml:fixBatik UP-TO-DATE
    Log: > Task :poi-scratchpad:processTestResources NO-SOURCE
    Log: > Task :poi-excelant:processResources UP-TO-DATE
    Log: > Task :poi-ooxml-full:copy_xsds UP-TO-DATE
    Log: > Task :poi-integration:getDeps NO-SOURCE
    Log: > Task :poi-ooxml-full:generate_beans UP-TO-DATE
    Log: > Task :poi-ooxml:processResources UP-TO-DATE
    Log: > Task :poi-ooxml:processTestResources UP-TO-DATE
    Log: > Task :poi:compileJava UP-TO-DATE
    Log: > Task :poi:compileJava9 UP-TO-DATE
    Log: > Task :poi:cacheJava9 UP-TO-DATE
    Log: > Task :poi:processResources UP-TO-DATE
    Log: > Task :poi:classes UP-TO-DATE
    Log: > Task :poi:jar UP-TO-DATE
    Log: > Task :poi-ooxml-full:compileJava UP-TO-DATE
    Log: > Task :poi-ooxml-full:processResources NO-SOURCE
    Log: > Task :poi-ooxml-full:classes UP-TO-DATE
    Log: > Task :poi-ooxml-full:sourceJar UP-TO-DATE
    Log: > Task :poi-ooxml-full:jar UP-TO-DATE
    Log: > Task :poi-ooxml-full:compileTestJava NO-SOURCE
    Log: > Task :poi-ooxml-lite-agent:compileJava FAILED
    Log: /home/centic/poi-benchmark/sources/poi-ooxml-lite-agent/src/main/java/org/apache/poi/ooxml/lite/OOXMLLiteAgent.java:62: error: incompatible types: incompatible parameter types in lambda expression
    Log: /home/centic/poi-benchmark/sources/poi-ooxml-lite-agent/src/main/java/org/apache/poi/ooxml/lite/OOXMLLiteAgent.java:62: error: incompatible types: incompatible parameter types in lambda expression
    Log:             .transform((builder, type, cl, m) ->
    Log:                        ^
    Log: Note: Some messages have been simplified; recompile with -Xdiags:verbose to get full output
    Log: 1 error
    Log: > Task :poi:compileTestJava UP-TO-DATE
    Log: > Task :poi-ooxml-full:getDeps UP-TO-DATE
    Log: > Task :poi-ooxml:compileJava UP-TO-DATE
    Log: > Task :poi-scratchpad:compileJava UP-TO-DATE
    Log: > Task :poi-ooxml-lite:compileOoxmlLite
    Log: Execution optimizations have been disabled for task ':poi-ooxml-lite:compileOoxmlLite' to ensure correctness due to the following reasons:
    Log:   - Gradle detected a problem with the following location: '/home/centic/poi-benchmark/sources/poi-ooxml-full/build'. Reason: Task ':poi-ooxml-lite:compileOoxmlLite' uses this output of task ':poi-ooxml-full:compileJava' without declaring an explicit or implicit dependency. This can lead to incorrect results being produced, depending on what order the tasks are executed. Please refer to https://docs.gradle.org/7.5/userguide/validation_problems.html#implicit_dependency for more details about this problem.
    Log: FAILURE: Build failed with an exception.
    Log: * What went wrong:
    Log: Execution failed for task ':poi-ooxml-lite-agent:compileJava'.
    Log: > Compilation failed; see the compiler error output for details.
    Log: * Try:
    Log: > Run with --stacktrace option to get the stack trace.
    Log: > Run with --info or --debug option to get more log output.
    Log: > Run with --scan to get full insights.
    Log: * Get more help at https://help.gradle.org
    Log: Deprecated Gradle features were used in this build, making it incompatible with Gradle 8.0.
    Log: You can use '--warning-mode all' to show the individual deprecation warnings and determine if they come from your own scripts or plugins.
    Log: See https://docs.gradle.org/7.5/userguide/command_line_interface.html#sec:command_line_warnings
    Log: Execution optimizations have been disabled for 1 invalid unit(s) of work during this build to ensure correctness.
    Log: Please consult deprecation warnings for more details.
    Log: BUILD FAILED in 3s
    Log: 23 actionable tasks: 2 executed, 21 up-to-date
	at org.apache.poi.benchmark.suite.BaseBenchmark.runGradleTarget(BaseBenchmark.java:260)
	at org.apache.poi.benchmark.suite.BaseBenchmark.compileAll(BaseBenchmark.java:211)
	at org.apache.poi.benchmark.suite.TestBenchmarks.setUp(TestBenchmarks.java:13)
	at org.apache.poi.benchmark.suite.jmh_generated.TestBenchmarks_benchmarkTestScratchpad_jmhTest._jmh_tryInit_f_testbenchmarks0_0(TestBenchmarks_benchmarkTestScratchpad_jmhTest.java:335)
	at org.apache.poi.benchmark.suite.jmh_generated.TestBenchmarks_benchmarkTestScratchpad_jmhTest.benchmarkTestScratchpad_SingleShotTime(TestBenchmarks_benchmarkTestScratchpad_jmhTest.java:291)
	at sun.reflect.NativeMethodAccessorImpl.invoke0(Native Method)
	at sun.reflect.NativeMethodAccessorImpl.invoke(NativeMethodAccessorImpl.java:62)
	at sun.reflect.DelegatingMethodAccessorImpl.invoke(DelegatingMethodAccessorImpl.java:43)
	at java.lang.reflect.Method.invoke(Method.java:498)
	at org.openjdk.jmh.runner.BenchmarkHandler$BenchmarkTask.call(BenchmarkHandler.java:475)
	at org.openjdk.jmh.runner.BenchmarkHandler$BenchmarkTask.call(BenchmarkHandler.java:458)
	at java.util.concurrent.FutureTask.run(FutureTask.java:266)
	at java.util.concurrent.Executors$RunnableAdapter.call(Executors.java:511)
	at java.util.concurrent.FutureTask.run(FutureTask.java:266)
	at java.util.concurrent.ThreadPoolExecutor.runWorker(ThreadPoolExecutor.java:1149)
	at java.util.concurrent.ThreadPoolExecutor$Worker.run(ThreadPoolExecutor.java:624)
	at java.lang.Thread.run(Thread.java:748)
Caused by: org.apache.commons.exec.ExecuteException: While executing (sources); [bash, ./gradlew, compileJava, compileTestJava, getDeps] (Exit value: 1. Caused by org.apache.commons.exec.ExecuteException: Process exited with an error: 1 (Exit value: 1))
	at org.dstadler.commons.exec.ExecutionHelper.execute(ExecutionHelper.java:156)
	at org.dstadler.commons.exec.ExecutionHelper.getCommandResultIntoStream(ExecutionHelper.java:130)
	at org.apache.poi.benchmark.suite.BaseBenchmark.runGradleTarget(BaseBenchmark.java:256)
	... 16 more
Caused by: org.apache.commons.exec.ExecuteException: Process exited with an error: 1 (Exit value: 1)
	at org.apache.commons.exec.DefaultExecutor.executeInternal(DefaultExecutor.java:404)
	at org.apache.commons.exec.DefaultExecutor.execute(DefaultExecutor.java:166)
	at org.dstadler.commons.exec.ExecutionHelper.execute(ExecutionHelper.java:151)
	... 18 more


# Run complete. Total time: 00:01:13

REMEMBER: The numbers below are just data. To gain reusable insights, you need to follow up on
why the numbers are the way they are. Use profilers (see -prof, -lprof), design factorial
experiments, perform baseline and negative tests that provide experimental control, make sure
the benchmarking environment is safe on JVM/OS/HW level, ask for reviews from the domain experts.
Do not assume the numbers tell you what you want them to tell.

Benchmark  Mode  Cnt  Score   Error  Units

Benchmark result is saved to build/reports/jmh/results.json
